2025-06-05 17:50:07,614 - INFO - Logging initialized. Log file: office31_amazon_to_webcam.log
2025-06-05 17:50:07,709 - INFO - Using 1 GPU(s)
2025-06-05 17:50:07,709 - INFO - Source domain: amazon, Target domain: webcam
2025-06-05 17:50:09,320 - INFO - Starting incremental learning...
2025-06-05 17:50:09,321 - INFO - Starting incremental stage 1/3
2025-06-05 17:50:13,212 - INFO - Average relation matrix mean: 0.0323
2025-06-05 17:50:13,215 - INFO - Shared classes: [0, 1, 2, 3, 4, 5, 6, 7, 8, 9]
2025-06-05 17:50:13,215 - INFO - Classes meeting probability condition: [0, 1, 2, 3, 5, 6, 7, 8, 9]
2025-06-05 17:50:13,215 - INFO - Classes meeting similarity condition: [0, 1, 2, 3, 4, 5, 6, 7, 8, 9]
2025-06-05 17:50:14,337 - INFO - Starting training for stage 1
2025-06-05 17:50:14,337 - INFO - Epoch 1/30
2025-06-05 17:50:17,291 - INFO - Initial accuracy: 0.9723
2025-06-05 17:50:17,299 - INFO - Unique labels before 5th iteration: tensor([0, 1, 2, 3, 4, 5, 6, 7, 8, 9], device='cuda:0')
2025-06-05 17:50:17,326 - INFO - Updated accuracy: 99.57%
2025-06-05 17:50:23,733 - INFO - Epoch 1: ce loss: 2.721, con loss: 0.310, ptd loss: 0.998, rep loss: 0.000
2025-06-05 17:50:23,733 - INFO - Stage 1, Epoch 1: Accuracy list: [0.172 0.619 0.714 0.25  0.188 0.968 1.    0.056 0.381 0.368]
2025-06-05 17:50:23,733 - INFO - Stage 1, Epoch 1: Mean accuracy: 0.472
2025-06-05 17:50:23,733 - INFO - Stage 1, Epoch 1: Top ten classes mean accuracy: 47.160
2025-06-05 17:50:26,644 - INFO - Initial accuracy: 0.6064
2025-06-05 17:50:26,651 - INFO - Unique labels before 5th iteration: tensor([0, 1, 2, 3, 5, 6, 8, 9], device='cuda:0')
2025-06-05 17:50:26,666 - INFO - Updated accuracy: 81.70%
2025-06-05 17:50:28,404 - INFO - Total mean accuracy: 55.319
2025-06-05 17:50:31,498 - INFO - Epoch 2/30
2025-06-05 17:50:34,141 - INFO - Initial accuracy: 0.9702
2025-06-05 17:50:34,149 - INFO - Unique labels before 5th iteration: tensor([0, 1, 2, 3, 4, 5, 6, 7, 8, 9], device='cuda:0')
2025-06-05 17:50:34,164 - INFO - Updated accuracy: 99.57%
2025-06-05 17:50:40,265 - INFO - Epoch 2: ce loss: 1.019, con loss: 0.552, ptd loss: 0.994, rep loss: 0.000
2025-06-05 17:50:40,266 - INFO - Stage 1, Epoch 2: Accuracy list: [0.931 1.    1.    0.25  0.875 1.    1.    0.389 0.952 0.895]
2025-06-05 17:50:40,266 - INFO - Stage 1, Epoch 2: Mean accuracy: 0.829
2025-06-05 17:50:40,266 - INFO - Stage 1, Epoch 2: Top ten classes mean accuracy: 82.920
2025-06-05 17:50:43,577 - INFO - Initial accuracy: 0.8957
2025-06-05 17:50:43,585 - INFO - Unique labels before 5th iteration: tensor([0, 1, 2, 4, 5, 6, 7, 8, 9], device='cuda:0')
2025-06-05 17:50:43,599 - INFO - Updated accuracy: 94.04%
2025-06-05 17:50:45,477 - INFO - Total mean accuracy: 88.511
2025-06-05 17:50:48,893 - INFO - Epoch 3/30
2025-06-05 17:50:51,454 - INFO - Initial accuracy: 0.9660
2025-06-05 17:50:51,461 - INFO - Unique labels before 5th iteration: tensor([0, 1, 2, 3, 4, 5, 6, 7, 8, 9], device='cuda:0')
2025-06-05 17:50:51,478 - INFO - Updated accuracy: 99.15%
2025-06-05 17:50:57,522 - INFO - Epoch 3: ce loss: 0.284, con loss: 0.196, ptd loss: 0.991, rep loss: 0.000
2025-06-05 17:50:57,523 - INFO - Stage 1, Epoch 3: Accuracy list: [1.    1.    1.    0.333 1.    1.    1.    0.833 1.    1.   ]
2025-06-05 17:50:57,523 - INFO - Stage 1, Epoch 3: Mean accuracy: 0.917
2025-06-05 17:50:57,523 - INFO - Stage 1, Epoch 3: Top ten classes mean accuracy: 91.660
2025-06-05 17:51:00,144 - INFO - Initial accuracy: 0.9574
2025-06-05 17:51:00,151 - INFO - Unique labels before 5th iteration: tensor([0, 1, 2, 3, 4, 5, 6, 7, 8, 9], device='cuda:0')
2025-06-05 17:51:00,165 - INFO - Updated accuracy: 99.79%
2025-06-05 17:51:01,912 - INFO - Total mean accuracy: 95.319
2025-06-05 17:51:05,807 - INFO - Epoch 4/30
2025-06-05 17:51:08,364 - INFO - Initial accuracy: 0.9596
2025-06-05 17:51:08,371 - INFO - Unique labels before 5th iteration: tensor([0, 1, 2, 3, 4, 5, 6, 7, 8, 9], device='cuda:0')
2025-06-05 17:51:08,395 - INFO - Updated accuracy: 99.79%
2025-06-05 17:51:14,570 - INFO - Epoch 4: ce loss: 0.201, con loss: 0.216, ptd loss: 0.987, rep loss: 0.000
2025-06-05 17:51:14,571 - INFO - Stage 1, Epoch 4: Accuracy list: [1.    1.    1.    0.75  1.    1.    1.    0.944 1.    1.   ]
2025-06-05 17:51:14,571 - INFO - Stage 1, Epoch 4: Mean accuracy: 0.969
2025-06-05 17:51:14,571 - INFO - Stage 1, Epoch 4: Top ten classes mean accuracy: 96.940
2025-06-05 17:51:17,186 - INFO - Initial accuracy: 0.9787
2025-06-05 17:51:17,192 - INFO - Unique labels before 5th iteration: tensor([0, 1, 2, 3, 4, 5, 6, 7, 8, 9], device='cuda:0')
2025-06-05 17:51:17,210 - INFO - Updated accuracy: 99.79%
2025-06-05 17:51:18,978 - INFO - Total mean accuracy: 98.298
2025-06-05 17:51:22,316 - INFO - Epoch 5/30
2025-06-05 17:51:24,942 - INFO - Initial accuracy: 0.9723
2025-06-05 17:51:24,949 - INFO - Unique labels before 5th iteration: tensor([0, 1, 2, 3, 4, 5, 6, 7, 8, 9], device='cuda:0')
2025-06-05 17:51:24,966 - INFO - Updated accuracy: 98.72%
2025-06-05 17:51:31,022 - INFO - Epoch 5: ce loss: 0.118, con loss: 0.291, ptd loss: 0.985, rep loss: 0.000
2025-06-05 17:51:31,023 - INFO - Stage 1, Epoch 5: Accuracy list: [1.    1.    1.    0.833 1.    1.    1.    1.    1.    0.947]
2025-06-05 17:51:31,023 - INFO - Stage 1, Epoch 5: Mean accuracy: 0.978
2025-06-05 17:51:31,023 - INFO - Stage 1, Epoch 5: Top ten classes mean accuracy: 97.800
2025-06-05 17:51:33,897 - INFO - Initial accuracy: 0.9766
2025-06-05 17:51:33,904 - INFO - Unique labels before 5th iteration: tensor([0, 1, 2, 3, 4, 5, 6, 7, 8, 9], device='cuda:0')
2025-06-05 17:51:33,918 - INFO - Updated accuracy: 98.30%
2025-06-05 17:51:35,527 - INFO - Total mean accuracy: 98.723
2025-06-05 17:51:38,524 - INFO - Epoch 6/30
2025-06-05 17:51:41,104 - INFO - Initial accuracy: 0.9809
2025-06-05 17:51:41,140 - INFO - Updated accuracy: 97.66%
2025-06-05 17:51:45,912 - INFO - Historical prototype classes: []
2025-06-05 17:51:45,913 - INFO - Current prototype classes: [0, 1, 2, 3, 4, 5, 6, 7, 8, 9]
2025-06-05 17:51:47,219 - INFO - Constructing class 0 exemplar
2025-06-05 17:51:49,159 - INFO - Constructing class 1 exemplar
2025-06-05 17:51:50,901 - INFO - Constructing class 2 exemplar
2025-06-05 17:51:53,186 - INFO - Constructing class 3 exemplar
2025-06-05 17:51:54,733 - INFO - Constructing class 4 exemplar
2025-06-05 17:51:56,705 - INFO - Constructing class 5 exemplar
2025-06-05 17:51:58,645 - INFO - Constructing class 6 exemplar
2025-06-05 17:52:00,434 - INFO - Constructing class 7 exemplar
2025-06-05 17:52:02,554 - INFO - Constructing class 8 exemplar
2025-06-05 17:52:04,194 - INFO - Constructing class 9 exemplar
2025-06-05 17:52:04,549 - INFO - Updated prototype count: 10
2025-06-05 17:52:06,098 - INFO - Epoch 6: ce loss: 0.113, con loss: 0.560, ptd loss: 0.983, rep loss: 0.000
2025-06-05 17:52:06,099 - INFO - Stage 1, Epoch 6: Accuracy list: [1.    1.    1.    0.917 1.    1.    1.    1.    1.    1.   ]
2025-06-05 17:52:06,099 - INFO - Stage 1, Epoch 6: Mean accuracy: 0.992
2025-06-05 17:52:06,099 - INFO - Stage 1, Epoch 6: Top ten classes mean accuracy: 99.170
2025-06-05 17:52:08,664 - INFO - Initial accuracy: 0.9872
2025-06-05 17:52:08,707 - INFO - Updated accuracy: 99.36%
2025-06-05 17:52:10,317 - INFO - Total mean accuracy: 99.574
2025-06-05 17:52:13,704 - INFO - Epoch 7/30
2025-06-05 17:52:16,330 - INFO - Initial accuracy: 0.9787
2025-06-05 17:52:16,369 - INFO - Updated accuracy: 98.72%
2025-06-05 17:52:24,804 - INFO - Epoch 7: ce loss: 0.154, con loss: 0.041, ptd loss: 0.980, rep loss: 0.619
2025-06-05 17:52:24,805 - INFO - Stage 1, Epoch 7: Accuracy list: [1.    1.    1.    0.833 1.    1.    1.    1.    1.    1.   ]
2025-06-05 17:52:24,805 - INFO - Stage 1, Epoch 7: Mean accuracy: 0.983
2025-06-05 17:52:24,805 - INFO - Stage 1, Epoch 7: Top ten classes mean accuracy: 98.330
2025-06-05 17:52:27,998 - INFO - Initial accuracy: 0.9851
2025-06-05 17:52:28,035 - INFO - Updated accuracy: 99.15%
2025-06-05 17:52:29,792 - INFO - Total mean accuracy: 99.149
2025-06-05 17:52:33,024 - INFO - Epoch 8/30
2025-06-05 17:52:35,589 - INFO - Initial accuracy: 0.9872
2025-06-05 17:52:35,627 - INFO - Updated accuracy: 99.36%
2025-06-05 17:52:43,914 - INFO - Epoch 8: ce loss: 0.065, con loss: 0.046, ptd loss: 0.978, rep loss: 0.743
2025-06-05 17:52:43,915 - INFO - Stage 1, Epoch 8: Accuracy list: [0.966 1.    1.    0.917 1.    1.    1.    1.    1.    1.   ]
2025-06-05 17:52:43,915 - INFO - Stage 1, Epoch 8: Mean accuracy: 0.988
2025-06-05 17:52:43,916 - INFO - Stage 1, Epoch 8: Top ten classes mean accuracy: 98.830
2025-06-05 17:52:46,806 - INFO - Initial accuracy: 0.9915
2025-06-05 17:52:46,847 - INFO - Updated accuracy: 99.79%
2025-06-05 17:52:48,650 - INFO - Total mean accuracy: 99.149
2025-06-05 17:52:51,831 - INFO - Epoch 9/30
2025-06-05 17:52:54,414 - INFO - Initial accuracy: 0.9957
2025-06-05 17:52:54,450 - INFO - Updated accuracy: 100.00%
2025-06-05 17:53:03,096 - INFO - Epoch 9: ce loss: 0.087, con loss: 0.329, ptd loss: 0.976, rep loss: 0.574
2025-06-05 17:53:03,097 - INFO - Stage 1, Epoch 9: Accuracy list: [0.966 1.    1.    1.    1.    1.    1.    1.    1.    1.   ]
2025-06-05 17:53:03,097 - INFO - Stage 1, Epoch 9: Mean accuracy: 0.997
2025-06-05 17:53:03,097 - INFO - Stage 1, Epoch 9: Top ten classes mean accuracy: 99.660
2025-06-05 17:53:05,673 - INFO - Initial accuracy: 0.9979
2025-06-05 17:53:05,710 - INFO - Updated accuracy: 100.00%
2025-06-05 17:53:07,346 - INFO - Total mean accuracy: 99.574
2025-06-05 17:53:10,502 - INFO - Epoch 10/30
2025-06-05 17:53:13,062 - INFO - Initial accuracy: 0.9979
2025-06-05 17:53:13,097 - INFO - Updated accuracy: 100.00%
2025-06-05 17:53:21,295 - INFO - Epoch 10: ce loss: 0.060, con loss: 0.008, ptd loss: 0.975, rep loss: 0.744
2025-06-05 17:53:21,296 - INFO - Stage 1, Epoch 10: Accuracy list: [0.966 1.    1.    1.    1.    1.    1.    1.    1.    1.   ]
2025-06-05 17:53:21,296 - INFO - Stage 1, Epoch 10: Mean accuracy: 0.997
2025-06-05 17:53:21,296 - INFO - Stage 1, Epoch 10: Top ten classes mean accuracy: 99.660
2025-06-05 17:53:23,889 - INFO - Initial accuracy: 1.0000
2025-06-05 17:53:23,927 - INFO - Updated accuracy: 100.00%
2025-06-05 17:53:25,507 - INFO - Total mean accuracy: 99.574
2025-06-05 17:53:28,567 - INFO - Epoch 11/30
2025-06-05 17:53:31,100 - INFO - Initial accuracy: 0.9979
2025-06-05 17:53:31,138 - INFO - Updated accuracy: 100.00%
2025-06-05 17:53:37,635 - INFO - Historical prototype classes: [0, 1, 2, 3, 4, 5, 6, 7, 8, 9]
2025-06-05 17:53:37,636 - INFO - Current prototype classes: [0, 1, 2, 3, 4, 5, 6, 7, 8, 9]
2025-06-05 17:53:38,983 - INFO - Constructing class 2 exemplar
2025-06-05 17:53:40,768 - INFO - Constructing class 3 exemplar
2025-06-05 17:53:42,487 - INFO - Constructing class 4 exemplar
2025-06-05 17:53:44,667 - INFO - Constructing class 6 exemplar
2025-06-05 17:53:46,520 - INFO - Constructing class 7 exemplar
2025-06-05 17:53:46,888 - INFO - Updated prototype count: 10
2025-06-05 17:53:48,511 - INFO - Epoch 11: ce loss: 0.043, con loss: 0.172, ptd loss: 0.973, rep loss: 0.593
2025-06-05 17:53:48,512 - INFO - Stage 1, Epoch 11: Accuracy list: [1. 1. 1. 1. 1. 1. 1. 1. 1. 1.]
2025-06-05 17:53:48,512 - INFO - Stage 1, Epoch 11: Mean accuracy: 1.000
2025-06-05 17:53:48,512 - INFO - Stage 1, Epoch 11: Top ten classes mean accuracy: 100.000
2025-06-05 17:53:51,135 - INFO - Initial accuracy: 0.9936
2025-06-05 17:53:51,179 - INFO - Updated accuracy: 99.57%
2025-06-05 17:53:53,463 - INFO - Total mean accuracy: 100.000
2025-06-05 17:53:56,422 - INFO - Epoch 12/30
2025-06-05 17:53:59,089 - INFO - Initial accuracy: 0.9957
2025-06-05 17:53:59,131 - INFO - Updated accuracy: 100.00%
2025-06-05 17:54:07,561 - INFO - Epoch 12: ce loss: 0.185, con loss: 0.160, ptd loss: 0.971, rep loss: 0.468
2025-06-05 17:54:07,562 - INFO - Stage 1, Epoch 12: Accuracy list: [1. 1. 1. 1. 1. 1. 1. 1. 1. 1.]
2025-06-05 17:54:07,562 - INFO - Stage 1, Epoch 12: Mean accuracy: 1.000
2025-06-05 17:54:07,562 - INFO - Stage 1, Epoch 12: Top ten classes mean accuracy: 100.000
2025-06-05 17:54:10,190 - INFO - Initial accuracy: 1.0000
2025-06-05 17:54:10,229 - INFO - Updated accuracy: 99.79%
2025-06-05 17:54:12,047 - INFO - Total mean accuracy: 100.000
2025-06-05 17:54:15,082 - INFO - Epoch 13/30
2025-06-05 17:54:17,665 - INFO - Initial accuracy: 1.0000
2025-06-05 17:54:17,700 - INFO - Updated accuracy: 100.00%
2025-06-05 17:54:26,318 - INFO - Epoch 13: ce loss: 0.103, con loss: 0.142, ptd loss: 0.969, rep loss: 0.605
2025-06-05 17:54:26,318 - INFO - Stage 1, Epoch 13: Accuracy list: [1. 1. 1. 1. 1. 1. 1. 1. 1. 1.]
2025-06-05 17:54:26,319 - INFO - Stage 1, Epoch 13: Mean accuracy: 1.000
2025-06-05 17:54:26,319 - INFO - Stage 1, Epoch 13: Top ten classes mean accuracy: 100.000
2025-06-05 17:54:28,983 - INFO - Initial accuracy: 1.0000
2025-06-05 17:54:29,023 - INFO - Updated accuracy: 100.00%
2025-06-05 17:54:30,871 - INFO - Total mean accuracy: 100.000
2025-06-05 17:54:33,792 - INFO - Epoch 14/30
2025-06-05 17:54:36,431 - INFO - Initial accuracy: 1.0000
2025-06-05 17:54:36,469 - INFO - Updated accuracy: 99.79%
2025-06-05 17:54:45,036 - INFO - Epoch 14: ce loss: 0.120, con loss: 0.037, ptd loss: 0.968, rep loss: 0.535
2025-06-05 17:54:45,037 - INFO - Stage 1, Epoch 14: Accuracy list: [1. 1. 1. 1. 1. 1. 1. 1. 1. 1.]
2025-06-05 17:54:45,037 - INFO - Stage 1, Epoch 14: Mean accuracy: 1.000
2025-06-05 17:54:45,038 - INFO - Stage 1, Epoch 14: Top ten classes mean accuracy: 100.000
2025-06-05 17:54:47,832 - INFO - Initial accuracy: 1.0000
2025-06-05 17:54:47,872 - INFO - Updated accuracy: 100.00%
2025-06-05 17:54:49,655 - INFO - Total mean accuracy: 100.000
2025-06-05 17:54:52,849 - INFO - Epoch 15/30
2025-06-05 17:54:55,389 - INFO - Initial accuracy: 1.0000
2025-06-05 17:54:55,423 - INFO - Updated accuracy: 100.00%
2025-06-05 17:55:03,711 - INFO - Epoch 15: ce loss: 0.072, con loss: 0.234, ptd loss: 0.966, rep loss: 0.299
2025-06-05 17:55:03,712 - INFO - Stage 1, Epoch 15: Accuracy list: [1. 1. 1. 1. 1. 1. 1. 1. 1. 1.]
2025-06-05 17:55:03,713 - INFO - Stage 1, Epoch 15: Mean accuracy: 1.000
2025-06-05 17:55:03,713 - INFO - Stage 1, Epoch 15: Top ten classes mean accuracy: 100.000
2025-06-05 17:55:06,576 - INFO - Initial accuracy: 1.0000
2025-06-05 17:55:06,614 - INFO - Updated accuracy: 100.00%
2025-06-05 17:55:08,523 - INFO - Total mean accuracy: 100.000
2025-06-05 17:55:12,311 - INFO - Epoch 16/30
2025-06-05 17:55:14,869 - INFO - Initial accuracy: 1.0000
2025-06-05 17:55:14,907 - INFO - Updated accuracy: 100.00%
2025-06-05 17:55:23,434 - INFO - Epoch 16: ce loss: 0.035, con loss: 0.110, ptd loss: 0.964, rep loss: 0.456
2025-06-05 17:55:23,435 - INFO - Stage 1, Epoch 16: Accuracy list: [1. 1. 1. 1. 1. 1. 1. 1. 1. 1.]
2025-06-05 17:55:23,435 - INFO - Stage 1, Epoch 16: Mean accuracy: 1.000
2025-06-05 17:55:23,435 - INFO - Stage 1, Epoch 16: Top ten classes mean accuracy: 100.000
2025-06-05 17:55:26,254 - INFO - Initial accuracy: 1.0000
2025-06-05 17:55:26,292 - INFO - Updated accuracy: 100.00%
2025-06-05 17:55:27,881 - INFO - Total mean accuracy: 100.000
2025-06-05 17:55:30,982 - INFO - Epoch 17/30
2025-06-05 17:55:33,651 - INFO - Initial accuracy: 1.0000
2025-06-05 17:55:33,688 - INFO - Updated accuracy: 100.00%
2025-06-05 17:55:42,191 - INFO - Epoch 17: ce loss: 0.045, con loss: 0.169, ptd loss: 0.962, rep loss: 0.439
2025-06-05 17:55:42,192 - INFO - Stage 1, Epoch 17: Accuracy list: [1. 1. 1. 1. 1. 1. 1. 1. 1. 1.]
2025-06-05 17:55:42,192 - INFO - Stage 1, Epoch 17: Mean accuracy: 1.000
2025-06-05 17:55:42,192 - INFO - Stage 1, Epoch 17: Top ten classes mean accuracy: 100.000
2025-06-05 17:55:44,836 - INFO - Initial accuracy: 1.0000
2025-06-05 17:55:44,875 - INFO - Updated accuracy: 100.00%
2025-06-05 17:55:46,690 - INFO - Total mean accuracy: 100.000
2025-06-05 17:55:49,765 - INFO - Epoch 18/30
2025-06-05 17:55:52,300 - INFO - Initial accuracy: 1.0000
2025-06-05 17:55:52,339 - INFO - Updated accuracy: 100.00%
2025-06-05 17:56:01,131 - INFO - Epoch 18: ce loss: 0.030, con loss: 0.054, ptd loss: 0.961, rep loss: 0.502
2025-06-05 17:56:01,131 - INFO - Stage 1, Epoch 18: Accuracy list: [1. 1. 1. 1. 1. 1. 1. 1. 1. 1.]
2025-06-05 17:56:01,131 - INFO - Stage 1, Epoch 18: Mean accuracy: 1.000
2025-06-05 17:56:01,131 - INFO - Stage 1, Epoch 18: Top ten classes mean accuracy: 100.000
2025-06-05 17:56:04,112 - INFO - Initial accuracy: 0.9979
2025-06-05 17:56:04,153 - INFO - Updated accuracy: 100.00%
2025-06-05 17:56:05,995 - INFO - Total mean accuracy: 100.000
2025-06-05 17:56:09,034 - INFO - Epoch 19/30
2025-06-05 17:56:11,748 - INFO - Initial accuracy: 0.9979
2025-06-05 17:56:11,785 - INFO - Updated accuracy: 100.00%
2025-06-05 17:56:20,213 - INFO - Epoch 19: ce loss: 0.024, con loss: 0.134, ptd loss: 0.959, rep loss: 0.426
2025-06-05 17:56:20,214 - INFO - Stage 1, Epoch 19: Accuracy list: [1. 1. 1. 1. 1. 1. 1. 1. 1. 1.]
2025-06-05 17:56:20,214 - INFO - Stage 1, Epoch 19: Mean accuracy: 1.000
2025-06-05 17:56:20,215 - INFO - Stage 1, Epoch 19: Top ten classes mean accuracy: 100.000
2025-06-05 17:56:23,065 - INFO - Initial accuracy: 1.0000
2025-06-05 17:56:23,103 - INFO - Updated accuracy: 100.00%
2025-06-05 17:56:24,990 - INFO - Total mean accuracy: 100.000
2025-06-05 17:56:28,144 - INFO - Epoch 20/30
2025-06-05 17:56:30,802 - INFO - Initial accuracy: 1.0000
2025-06-05 17:56:30,838 - INFO - Updated accuracy: 100.00%
2025-06-05 17:56:39,391 - INFO - Epoch 20: ce loss: 0.112, con loss: 0.134, ptd loss: 0.957, rep loss: 0.353
2025-06-05 17:56:39,392 - INFO - Stage 1, Epoch 20: Accuracy list: [1. 1. 1. 1. 1. 1. 1. 1. 1. 1.]
2025-06-05 17:56:39,392 - INFO - Stage 1, Epoch 20: Mean accuracy: 1.000
2025-06-05 17:56:39,392 - INFO - Stage 1, Epoch 20: Top ten classes mean accuracy: 100.000
2025-06-05 17:56:42,052 - INFO - Initial accuracy: 1.0000
2025-06-05 17:56:42,088 - INFO - Updated accuracy: 100.00%
2025-06-05 17:56:43,836 - INFO - Total mean accuracy: 100.000
2025-06-05 17:56:47,211 - INFO - Epoch 21/30
2025-06-05 17:56:49,797 - INFO - Initial accuracy: 1.0000
2025-06-05 17:56:49,834 - INFO - Updated accuracy: 100.00%
2025-06-05 17:56:56,483 - INFO - Historical prototype classes: [0, 1, 2, 3, 4, 5, 6, 7, 8, 9]
2025-06-05 17:56:56,483 - INFO - Current prototype classes: [0, 1, 2, 3, 4, 5, 6, 7, 8, 9]
2025-06-05 17:56:57,790 - INFO - Constructing class 2 exemplar
2025-06-05 17:56:59,518 - INFO - Constructing class 3 exemplar
2025-06-05 17:57:01,197 - INFO - Constructing class 4 exemplar
2025-06-05 17:57:02,906 - INFO - Constructing class 6 exemplar
2025-06-05 17:57:05,019 - INFO - Constructing class 7 exemplar
2025-06-05 17:57:05,371 - INFO - Updated prototype count: 10
2025-06-05 17:57:07,067 - INFO - Epoch 21: ce loss: 0.044, con loss: 0.025, ptd loss: 0.956, rep loss: 0.428
2025-06-05 17:57:07,068 - INFO - Stage 1, Epoch 21: Accuracy list: [1. 1. 1. 1. 1. 1. 1. 1. 1. 1.]
2025-06-05 17:57:07,068 - INFO - Stage 1, Epoch 21: Mean accuracy: 1.000
2025-06-05 17:57:07,068 - INFO - Stage 1, Epoch 21: Top ten classes mean accuracy: 100.000
2025-06-05 17:57:09,620 - INFO - Initial accuracy: 1.0000
2025-06-05 17:57:09,662 - INFO - Updated accuracy: 100.00%
2025-06-05 17:57:11,359 - INFO - Total mean accuracy: 100.000
2025-06-05 17:57:14,285 - INFO - Epoch 22/30
2025-06-05 17:57:16,913 - INFO - Initial accuracy: 0.9979
2025-06-05 17:57:16,955 - INFO - Updated accuracy: 100.00%
2025-06-05 17:57:25,559 - INFO - Epoch 22: ce loss: 0.022, con loss: 0.267, ptd loss: 0.954, rep loss: 0.317
2025-06-05 17:57:25,560 - INFO - Stage 1, Epoch 22: Accuracy list: [1. 1. 1. 1. 1. 1. 1. 1. 1. 1.]
2025-06-05 17:57:25,560 - INFO - Stage 1, Epoch 22: Mean accuracy: 1.000
2025-06-05 17:57:25,560 - INFO - Stage 1, Epoch 22: Top ten classes mean accuracy: 100.000
2025-06-05 17:57:28,116 - INFO - Initial accuracy: 1.0000
2025-06-05 17:57:28,153 - INFO - Updated accuracy: 99.79%
2025-06-05 17:57:29,751 - INFO - Total mean accuracy: 100.000
2025-06-05 17:57:33,017 - INFO - Epoch 23/30
2025-06-05 17:57:35,761 - INFO - Initial accuracy: 1.0000
2025-06-05 17:57:35,797 - INFO - Updated accuracy: 100.00%
2025-06-05 17:57:44,511 - INFO - Epoch 23: ce loss: 0.049, con loss: 0.021, ptd loss: 0.953, rep loss: 0.410
2025-06-05 17:57:44,512 - INFO - Stage 1, Epoch 23: Accuracy list: [1. 1. 1. 1. 1. 1. 1. 1. 1. 1.]
2025-06-05 17:57:44,512 - INFO - Stage 1, Epoch 23: Mean accuracy: 1.000
2025-06-05 17:57:44,512 - INFO - Stage 1, Epoch 23: Top ten classes mean accuracy: 100.000
2025-06-05 17:57:47,429 - INFO - Initial accuracy: 1.0000
2025-06-05 17:57:47,470 - INFO - Updated accuracy: 100.00%
2025-06-05 17:57:49,099 - INFO - Total mean accuracy: 100.000
2025-06-05 17:57:51,969 - INFO - Epoch 24/30
2025-06-05 17:57:54,594 - INFO - Initial accuracy: 1.0000
2025-06-05 17:57:54,631 - INFO - Updated accuracy: 100.00%
2025-06-05 17:58:03,090 - INFO - Epoch 24: ce loss: 0.022, con loss: 0.280, ptd loss: 0.951, rep loss: 0.303
2025-06-05 17:58:03,090 - INFO - Stage 1, Epoch 24: Accuracy list: [1. 1. 1. 1. 1. 1. 1. 1. 1. 1.]
2025-06-05 17:58:03,090 - INFO - Stage 1, Epoch 24: Mean accuracy: 1.000
2025-06-05 17:58:03,090 - INFO - Stage 1, Epoch 24: Top ten classes mean accuracy: 100.000
2025-06-05 17:58:06,245 - INFO - Initial accuracy: 1.0000
2025-06-05 17:58:06,282 - INFO - Updated accuracy: 99.57%
2025-06-05 17:58:07,882 - INFO - Total mean accuracy: 100.000
2025-06-05 17:58:10,789 - INFO - Epoch 25/30
2025-06-05 17:58:13,497 - INFO - Initial accuracy: 1.0000
2025-06-05 17:58:13,535 - INFO - Updated accuracy: 99.79%
2025-06-05 17:58:21,946 - INFO - Epoch 25: ce loss: 0.028, con loss: 0.084, ptd loss: 0.949, rep loss: 0.419
2025-06-05 17:58:21,947 - INFO - Stage 1, Epoch 25: Accuracy list: [1. 1. 1. 1. 1. 1. 1. 1. 1. 1.]
2025-06-05 17:58:21,947 - INFO - Stage 1, Epoch 25: Mean accuracy: 1.000
2025-06-05 17:58:21,947 - INFO - Stage 1, Epoch 25: Top ten classes mean accuracy: 100.000
2025-06-05 17:58:24,757 - INFO - Initial accuracy: 1.0000
2025-06-05 17:58:24,794 - INFO - Updated accuracy: 100.00%
2025-06-05 17:58:26,371 - INFO - Total mean accuracy: 100.000
2025-06-05 17:58:29,685 - INFO - Epoch 26/30
2025-06-05 17:58:32,315 - INFO - Initial accuracy: 1.0000
2025-06-05 17:58:32,351 - INFO - Updated accuracy: 100.00%
2025-06-05 17:58:40,900 - INFO - Epoch 26: ce loss: 0.026, con loss: 0.102, ptd loss: 0.948, rep loss: 0.456
2025-06-05 17:58:40,900 - INFO - Stage 1, Epoch 26: Accuracy list: [1. 1. 1. 1. 1. 1. 1. 1. 1. 1.]
2025-06-05 17:58:40,901 - INFO - Stage 1, Epoch 26: Mean accuracy: 1.000
2025-06-05 17:58:40,901 - INFO - Stage 1, Epoch 26: Top ten classes mean accuracy: 100.000
2025-06-05 17:58:43,477 - INFO - Initial accuracy: 1.0000
2025-06-05 17:58:43,514 - INFO - Updated accuracy: 100.00%
2025-06-05 17:58:45,150 - INFO - Total mean accuracy: 100.000
2025-06-05 17:58:48,243 - INFO - Epoch 27/30
2025-06-05 17:58:50,953 - INFO - Initial accuracy: 1.0000
2025-06-05 17:58:50,990 - INFO - Updated accuracy: 100.00%
2025-06-05 17:58:59,171 - INFO - Epoch 27: ce loss: 0.033, con loss: 0.213, ptd loss: 0.946, rep loss: 0.479
2025-06-05 17:58:59,171 - INFO - Stage 1, Epoch 27: Accuracy list: [1. 1. 1. 1. 1. 1. 1. 1. 1. 1.]
2025-06-05 17:58:59,172 - INFO - Stage 1, Epoch 27: Mean accuracy: 1.000
2025-06-05 17:58:59,172 - INFO - Stage 1, Epoch 27: Top ten classes mean accuracy: 100.000
2025-06-05 17:59:01,758 - INFO - Initial accuracy: 1.0000
2025-06-05 17:59:01,797 - INFO - Updated accuracy: 100.00%
2025-06-05 17:59:03,534 - INFO - Total mean accuracy: 100.000
2025-06-05 17:59:07,551 - INFO - Epoch 28/30
2025-06-05 17:59:10,206 - INFO - Initial accuracy: 1.0000
2025-06-05 17:59:10,242 - INFO - Updated accuracy: 100.00%
2025-06-05 17:59:18,491 - INFO - Epoch 28: ce loss: 0.020, con loss: 0.139, ptd loss: 0.945, rep loss: 0.397
2025-06-05 17:59:18,492 - INFO - Stage 1, Epoch 28: Accuracy list: [1. 1. 1. 1. 1. 1. 1. 1. 1. 1.]
2025-06-05 17:59:18,493 - INFO - Stage 1, Epoch 28: Mean accuracy: 1.000
2025-06-05 17:59:18,493 - INFO - Stage 1, Epoch 28: Top ten classes mean accuracy: 100.000
2025-06-05 17:59:21,275 - INFO - Initial accuracy: 1.0000
2025-06-05 17:59:21,311 - INFO - Updated accuracy: 100.00%
2025-06-05 17:59:22,848 - INFO - Total mean accuracy: 100.000
2025-06-05 17:59:26,171 - INFO - Epoch 29/30
2025-06-05 17:59:28,751 - INFO - Initial accuracy: 1.0000
2025-06-05 17:59:28,787 - INFO - Updated accuracy: 100.00%
2025-06-05 17:59:37,377 - INFO - Epoch 29: ce loss: 0.016, con loss: 0.171, ptd loss: 0.943, rep loss: 0.301
2025-06-05 17:59:37,378 - INFO - Stage 1, Epoch 29: Accuracy list: [1. 1. 1. 1. 1. 1. 1. 1. 1. 1.]
2025-06-05 17:59:37,379 - INFO - Stage 1, Epoch 29: Mean accuracy: 1.000
2025-06-05 17:59:37,379 - INFO - Stage 1, Epoch 29: Top ten classes mean accuracy: 100.000
2025-06-05 17:59:40,685 - INFO - Initial accuracy: 1.0000
2025-06-05 17:59:40,725 - INFO - Updated accuracy: 100.00%
2025-06-05 17:59:42,312 - INFO - Total mean accuracy: 100.000
2025-06-05 17:59:45,457 - INFO - Epoch 30/30
2025-06-05 17:59:48,114 - INFO - Initial accuracy: 1.0000
2025-06-05 17:59:48,152 - INFO - Updated accuracy: 100.00%
2025-06-05 17:59:56,304 - INFO - Epoch 30: ce loss: 0.037, con loss: 0.034, ptd loss: 0.941, rep loss: 0.373
2025-06-05 17:59:56,304 - INFO - Stage 1, Epoch 30: Accuracy list: [1. 1. 1. 1. 1. 1. 1. 1. 1. 1.]
2025-06-05 17:59:56,305 - INFO - Stage 1, Epoch 30: Mean accuracy: 1.000
2025-06-05 17:59:56,305 - INFO - Stage 1, Epoch 30: Top ten classes mean accuracy: 100.000
2025-06-05 17:59:59,326 - INFO - Initial accuracy: 1.0000
2025-06-05 17:59:59,365 - INFO - Updated accuracy: 100.00%
2025-06-05 18:00:01,238 - INFO - Total mean accuracy: 100.000
2025-06-05 18:00:05,754 - INFO - Stage 1 completed. Best accuracy: 100.000
2025-06-05 18:00:05,754 - INFO - Starting incremental stage 2/3
2025-06-05 18:00:08,560 - INFO - Average relation matrix mean: 0.0323
2025-06-05 18:00:08,563 - INFO - Shared classes: [10, 11, 12, 13, 14, 15, 16, 17, 18, 19, 27]
2025-06-05 18:00:08,563 - INFO - Classes meeting probability condition: [10, 11, 12, 13, 14, 15, 16, 17, 18, 19, 27]
2025-06-05 18:00:08,563 - INFO - Classes meeting similarity condition: [10, 11, 12, 14, 15, 16, 17, 18, 19]
2025-06-05 18:00:08,732 - INFO - Starting training for stage 2
2025-06-05 18:00:08,732 - INFO - Epoch 1/30
2025-06-05 18:00:11,833 - INFO - Initial accuracy: 0.9113
2025-06-05 18:00:11,843 - INFO - Unique labels before 5th iteration: tensor([10, 11, 12, 13, 14, 15, 16, 17, 18, 19, 27], device='cuda:0')
2025-06-05 18:00:11,875 - INFO - Updated accuracy: 97.44%
2025-06-05 18:00:22,443 - INFO - Epoch 1: ce loss: 3.854, con loss: 0.101, ptd loss: 0.991, rep loss: 0.417
2025-06-05 18:00:22,445 - INFO - Stage 2, Epoch 1: Accuracy list: [1.    1.    1.    1.    1.    1.    1.    1.    1.    1.    0.148 0.037
 0.    0.    0.    0.442 0.267 0.778 0.929 0.875]
2025-06-05 18:00:22,445 - INFO - Stage 2, Epoch 1: Mean accuracy: 0.674
2025-06-05 18:00:22,445 - INFO - Stage 2, Epoch 1: Top ten classes mean accuracy: 100.000
2025-06-05 18:00:25,365 - INFO - Initial accuracy: 0.6672
2025-06-05 18:00:25,373 - INFO - Unique labels before 5th iteration: tensor([10, 12, 14, 15, 16, 17, 18, 19], device='cuda:0')
2025-06-05 18:00:25,390 - INFO - Updated accuracy: 79.01%
2025-06-05 18:00:28,073 - INFO - Total mean accuracy: 64.773
2025-06-05 18:00:32,307 - INFO - Epoch 2/30
2025-06-05 18:00:35,285 - INFO - Initial accuracy: 0.9215
2025-06-05 18:00:35,292 - INFO - Unique labels before 5th iteration: tensor([10, 11, 12, 13, 14, 15, 16, 17, 18, 19, 27], device='cuda:0')
2025-06-05 18:00:35,328 - INFO - Updated accuracy: 97.61%
2025-06-05 18:00:45,688 - INFO - Epoch 2: ce loss: 0.817, con loss: 0.002, ptd loss: 0.986, rep loss: 0.540
2025-06-05 18:00:45,689 - INFO - Stage 2, Epoch 2: Accuracy list: [1.    1.    1.    1.    1.    1.    1.    0.944 1.    1.    1.    0.926
 0.933 0.    0.933 0.907 1.    1.    1.    1.   ]
2025-06-05 18:00:45,689 - INFO - Stage 2, Epoch 2: Mean accuracy: 0.932
2025-06-05 18:00:45,690 - INFO - Stage 2, Epoch 2: Top ten classes mean accuracy: 99.440
2025-06-05 18:00:48,585 - INFO - Initial accuracy: 0.9266
2025-06-05 18:00:48,593 - INFO - Unique labels before 5th iteration: tensor([10, 11, 12, 13, 14, 15, 16, 17, 18, 19, 27], device='cuda:0')
2025-06-05 18:00:48,604 - INFO - Updated accuracy: 94.54%
2025-06-05 18:00:51,109 - INFO - Total mean accuracy: 94.318
2025-06-05 18:00:55,161 - INFO - Epoch 3/30
2025-06-05 18:00:58,589 - INFO - Initial accuracy: 0.9147
2025-06-05 18:00:58,596 - INFO - Unique labels before 5th iteration: tensor([10, 11, 12, 13, 14, 15, 16, 17, 18, 19, 27], device='cuda:0')
2025-06-05 18:00:58,617 - INFO - Updated accuracy: 97.44%
2025-06-05 18:01:09,149 - INFO - Epoch 3: ce loss: 1.363, con loss: 0.007, ptd loss: 0.983, rep loss: 0.524
2025-06-05 18:01:09,150 - INFO - Stage 2, Epoch 3: Accuracy list: [1.    1.    1.    1.    1.    1.    1.    0.944 1.    1.    1.    1.
 1.    0.842 1.    0.86  1.    1.    1.    1.   ]
2025-06-05 18:01:09,150 - INFO - Stage 2, Epoch 3: Mean accuracy: 0.982
2025-06-05 18:01:09,150 - INFO - Stage 2, Epoch 3: Top ten classes mean accuracy: 99.440
2025-06-05 18:01:12,076 - INFO - Initial accuracy: 0.9812
2025-06-05 18:01:12,083 - INFO - Unique labels before 5th iteration: tensor([10, 11, 12, 13, 14, 15, 16, 17, 18, 19, 27], device='cuda:0')
2025-06-05 18:01:12,094 - INFO - Updated accuracy: 93.69%
2025-06-05 18:01:14,685 - INFO - Total mean accuracy: 98.106
2025-06-05 18:01:18,523 - INFO - Epoch 4/30
2025-06-05 18:01:21,491 - INFO - Initial accuracy: 0.9147
2025-06-05 18:01:21,498 - INFO - Unique labels before 5th iteration: tensor([10, 11, 12, 13, 14, 15, 16, 17, 18, 19, 27], device='cuda:0')
2025-06-05 18:01:21,539 - INFO - Updated accuracy: 96.93%
2025-06-05 18:01:32,393 - INFO - Epoch 4: ce loss: 0.348, con loss: 0.002, ptd loss: 0.980, rep loss: 0.586
2025-06-05 18:01:32,394 - INFO - Stage 2, Epoch 4: Accuracy list: [1.    1.    1.    1.    1.    1.    1.    1.    1.    1.    1.    1.
 1.    1.    1.    0.837 1.    1.    1.    1.   ]
2025-06-05 18:01:32,395 - INFO - Stage 2, Epoch 4: Mean accuracy: 0.992
2025-06-05 18:01:32,395 - INFO - Stage 2, Epoch 4: Top ten classes mean accuracy: 100.000
2025-06-05 18:01:35,315 - INFO - Initial accuracy: 0.9812
2025-06-05 18:01:35,323 - INFO - Unique labels before 5th iteration: tensor([10, 11, 12, 13, 14, 15, 16, 17, 18, 19, 27], device='cuda:0')
2025-06-05 18:01:35,338 - INFO - Updated accuracy: 96.42%
2025-06-05 18:01:37,797 - INFO - Total mean accuracy: 98.674
2025-06-05 18:01:41,615 - INFO - Epoch 5/30
2025-06-05 18:01:44,509 - INFO - Initial accuracy: 0.9113
2025-06-05 18:01:44,517 - INFO - Unique labels before 5th iteration: tensor([10, 11, 12, 13, 14, 15, 16, 17, 18, 19, 27], device='cuda:0')
2025-06-05 18:01:44,555 - INFO - Updated accuracy: 97.61%
2025-06-05 18:01:55,121 - INFO - Epoch 5: ce loss: 0.061, con loss: 0.000, ptd loss: 0.977, rep loss: 0.419
2025-06-05 18:01:55,122 - INFO - Stage 2, Epoch 5: Accuracy list: [1.    1.    1.    1.    1.    1.    1.    1.    1.    1.    1.    1.
 1.    1.    1.    0.837 1.    1.    1.    1.   ]
2025-06-05 18:01:55,122 - INFO - Stage 2, Epoch 5: Mean accuracy: 0.992
2025-06-05 18:01:55,122 - INFO - Stage 2, Epoch 5: Top ten classes mean accuracy: 100.000
2025-06-05 18:01:58,284 - INFO - Initial accuracy: 0.9846
2025-06-05 18:01:58,291 - INFO - Unique labels before 5th iteration: tensor([10, 11, 12, 13, 14, 15, 16, 17, 18, 19, 27], device='cuda:0')
2025-06-05 18:01:58,304 - INFO - Updated accuracy: 96.93%
2025-06-05 18:02:00,985 - INFO - Total mean accuracy: 98.674
2025-06-05 18:02:04,909 - INFO - Epoch 6/30
2025-06-05 18:02:08,167 - INFO - Initial accuracy: 0.9846
2025-06-05 18:02:08,221 - INFO - Updated accuracy: 97.95%
2025-06-05 18:02:16,357 - INFO - Historical prototype classes: [0, 1, 2, 3, 4, 5, 6, 7, 8, 9]
2025-06-05 18:02:16,357 - INFO - Current prototype classes: [10, 11, 12, 13, 14, 15, 16, 17, 18, 19, 27]
2025-06-05 18:02:17,839 - INFO - Constructing class 10 exemplar
2025-06-05 18:02:19,764 - INFO - Constructing class 11 exemplar
2025-06-05 18:02:21,796 - INFO - Constructing class 12 exemplar
2025-06-05 18:02:23,758 - INFO - Constructing class 13 exemplar
2025-06-05 18:02:25,946 - INFO - Constructing class 14 exemplar
2025-06-05 18:02:28,109 - INFO - Constructing class 15 exemplar
2025-06-05 18:02:30,193 - INFO - Constructing class 16 exemplar
2025-06-05 18:02:32,283 - INFO - Constructing class 17 exemplar
2025-06-05 18:02:34,627 - INFO - Constructing class 18 exemplar
2025-06-05 18:02:36,955 - INFO - Constructing class 19 exemplar
2025-06-05 18:02:39,000 - INFO - Constructing class 27 exemplar
2025-06-05 18:02:39,297 - INFO - Updated prototype count: 21
2025-06-05 18:02:41,775 - INFO - Epoch 6: ce loss: 0.067, con loss: 0.002, ptd loss: 0.975, rep loss: 0.455
2025-06-05 18:02:41,775 - INFO - Stage 2, Epoch 6: Accuracy list: [1.    1.    1.    1.    1.    1.    1.    1.    1.    1.    1.    1.
 1.    1.    1.    0.884 1.    1.    1.    1.   ]
2025-06-05 18:02:41,775 - INFO - Stage 2, Epoch 6: Mean accuracy: 0.994
2025-06-05 18:02:41,775 - INFO - Stage 2, Epoch 6: Top ten classes mean accuracy: 100.000
2025-06-05 18:02:44,902 - INFO - Initial accuracy: 0.9881
2025-06-05 18:02:44,964 - INFO - Updated accuracy: 100.00%
2025-06-05 18:02:47,671 - INFO - Total mean accuracy: 99.053
2025-06-05 18:02:51,459 - INFO - Epoch 7/30
2025-06-05 18:02:54,587 - INFO - Initial accuracy: 0.9881
2025-06-05 18:02:54,648 - INFO - Updated accuracy: 97.95%
2025-06-05 18:03:05,923 - INFO - Epoch 7: ce loss: 0.255, con loss: 0.377, ptd loss: 0.974, rep loss: 0.516
2025-06-05 18:03:05,923 - INFO - Stage 2, Epoch 7: Accuracy list: [1.    1.    1.    1.    1.    1.    1.    1.    1.    1.    1.    1.
 1.    1.    1.    0.837 1.    1.    1.    1.   ]
2025-06-05 18:03:05,923 - INFO - Stage 2, Epoch 7: Mean accuracy: 0.992
2025-06-05 18:03:05,923 - INFO - Stage 2, Epoch 7: Top ten classes mean accuracy: 100.000
2025-06-05 18:03:09,222 - INFO - Initial accuracy: 0.9881
2025-06-05 18:03:09,274 - INFO - Updated accuracy: 100.00%
2025-06-05 18:03:11,733 - INFO - Total mean accuracy: 98.674
2025-06-05 18:03:15,544 - INFO - Epoch 8/30
2025-06-05 18:03:18,594 - INFO - Initial accuracy: 0.9881
2025-06-05 18:03:18,649 - INFO - Updated accuracy: 97.78%
2025-06-05 18:03:30,199 - INFO - Epoch 8: ce loss: 0.060, con loss: 0.042, ptd loss: 0.972, rep loss: 0.415
2025-06-05 18:03:30,200 - INFO - Stage 2, Epoch 8: Accuracy list: [1.    1.    1.    1.    1.    1.    1.    0.944 1.    1.    1.    1.
 1.    1.    1.    0.837 1.    1.    1.    1.   ]
2025-06-05 18:03:30,200 - INFO - Stage 2, Epoch 8: Mean accuracy: 0.989
2025-06-05 18:03:30,200 - INFO - Stage 2, Epoch 8: Top ten classes mean accuracy: 99.440
2025-06-05 18:03:33,118 - INFO - Initial accuracy: 0.9846
2025-06-05 18:03:33,176 - INFO - Updated accuracy: 97.78%
2025-06-05 18:03:35,568 - INFO - Total mean accuracy: 98.485
2025-06-05 18:03:39,339 - INFO - Epoch 9/30
2025-06-05 18:03:42,316 - INFO - Initial accuracy: 0.9778
2025-06-05 18:03:42,371 - INFO - Updated accuracy: 97.44%
2025-06-05 18:03:53,699 - INFO - Epoch 9: ce loss: 0.065, con loss: 0.010, ptd loss: 0.971, rep loss: 0.440
2025-06-05 18:03:53,700 - INFO - Stage 2, Epoch 9: Accuracy list: [1.    1.    1.    1.    1.    1.    1.    1.    1.    1.    1.    1.
 1.    1.    1.    0.837 1.    1.    1.    1.   ]
2025-06-05 18:03:53,700 - INFO - Stage 2, Epoch 9: Mean accuracy: 0.992
2025-06-05 18:03:53,700 - INFO - Stage 2, Epoch 9: Top ten classes mean accuracy: 100.000
2025-06-05 18:03:56,992 - INFO - Initial accuracy: 0.9795
2025-06-05 18:03:57,051 - INFO - Updated accuracy: 97.44%
2025-06-05 18:03:59,690 - INFO - Total mean accuracy: 98.674
2025-06-05 18:04:03,800 - INFO - Epoch 10/30
2025-06-05 18:04:06,918 - INFO - Initial accuracy: 0.9829
2025-06-05 18:04:06,974 - INFO - Updated accuracy: 98.12%
2025-06-05 18:04:18,113 - INFO - Epoch 10: ce loss: 0.035, con loss: 0.001, ptd loss: 0.969, rep loss: 0.574
2025-06-05 18:04:18,114 - INFO - Stage 2, Epoch 10: Accuracy list: [1.   1.   1.   1.   1.   1.   1.   1.   1.   1.   1.   1.   1.   1.
 1.   0.86 1.   1.   1.   1.  ]
2025-06-05 18:04:18,114 - INFO - Stage 2, Epoch 10: Mean accuracy: 0.993
2025-06-05 18:04:18,114 - INFO - Stage 2, Epoch 10: Top ten classes mean accuracy: 100.000
2025-06-05 18:04:21,079 - INFO - Initial accuracy: 0.9829
2025-06-05 18:04:21,137 - INFO - Updated accuracy: 97.78%
2025-06-05 18:04:23,967 - INFO - Total mean accuracy: 98.864
2025-06-05 18:04:28,516 - INFO - Epoch 11/30
2025-06-05 18:04:31,477 - INFO - Initial accuracy: 0.9829
2025-06-05 18:04:31,531 - INFO - Updated accuracy: 98.12%
2025-06-05 18:04:40,221 - INFO - Historical prototype classes: [0, 1, 2, 3, 4, 5, 6, 7, 8, 9, 10, 11, 12, 13, 14, 15, 16, 17, 18, 19, 27]
2025-06-05 18:04:40,221 - INFO - Current prototype classes: [10, 11, 12, 13, 14, 15, 16, 17, 18, 19, 27]
2025-06-05 18:04:41,988 - INFO - Constructing class 10 exemplar
2025-06-05 18:04:44,098 - INFO - Constructing class 12 exemplar
2025-06-05 18:04:46,200 - INFO - Constructing class 13 exemplar
2025-06-05 18:04:48,190 - INFO - Constructing class 14 exemplar
2025-06-05 18:04:50,239 - INFO - Constructing class 15 exemplar
2025-06-05 18:04:52,428 - INFO - Constructing class 16 exemplar
2025-06-05 18:04:55,128 - INFO - Constructing class 18 exemplar
2025-06-05 18:04:57,162 - INFO - Constructing class 27 exemplar
2025-06-05 18:04:57,507 - INFO - Updated prototype count: 21
2025-06-05 18:05:00,062 - INFO - Epoch 11: ce loss: 0.036, con loss: 0.469, ptd loss: 0.967, rep loss: 0.506
2025-06-05 18:05:00,063 - INFO - Stage 2, Epoch 11: Accuracy list: [1.    1.    1.    1.    1.    1.    1.    1.    1.    1.    1.    1.
 1.    1.    1.    0.884 1.    1.    1.    1.   ]
2025-06-05 18:05:00,063 - INFO - Stage 2, Epoch 11: Mean accuracy: 0.994
2025-06-05 18:05:00,063 - INFO - Stage 2, Epoch 11: Top ten classes mean accuracy: 100.000
2025-06-05 18:05:03,096 - INFO - Initial accuracy: 0.9863
2025-06-05 18:05:03,158 - INFO - Updated accuracy: 98.29%
2025-06-05 18:05:05,719 - INFO - Total mean accuracy: 99.053
2025-06-05 18:05:09,723 - INFO - Epoch 12/30
2025-06-05 18:05:12,923 - INFO - Initial accuracy: 0.9846
2025-06-05 18:05:12,982 - INFO - Updated accuracy: 97.44%
2025-06-05 18:05:24,124 - INFO - Epoch 12: ce loss: 0.019, con loss: 0.000, ptd loss: 0.966, rep loss: 0.439
2025-06-05 18:05:24,125 - INFO - Stage 2, Epoch 12: Accuracy list: [1.    1.    1.    1.    1.    1.    1.    1.    1.    1.    1.    1.
 1.    1.    1.    0.884 1.    1.    1.    1.   ]
2025-06-05 18:05:24,125 - INFO - Stage 2, Epoch 12: Mean accuracy: 0.994
2025-06-05 18:05:24,125 - INFO - Stage 2, Epoch 12: Top ten classes mean accuracy: 100.000
2025-06-05 18:05:27,139 - INFO - Initial accuracy: 0.9846
2025-06-05 18:05:27,195 - INFO - Updated accuracy: 97.27%
2025-06-05 18:05:30,000 - INFO - Total mean accuracy: 99.053
2025-06-05 18:05:33,862 - INFO - Epoch 13/30
2025-06-05 18:05:37,300 - INFO - Initial accuracy: 0.9846
2025-06-05 18:05:37,352 - INFO - Updated accuracy: 97.95%
2025-06-05 18:05:48,321 - INFO - Epoch 13: ce loss: 0.027, con loss: 0.000, ptd loss: 0.964, rep loss: 0.530
2025-06-05 18:05:48,322 - INFO - Stage 2, Epoch 13: Accuracy list: [1.    1.    1.    1.    1.    1.    1.    1.    1.    1.    1.    1.
 1.    1.    1.    0.884 1.    1.    1.    1.   ]
2025-06-05 18:05:48,322 - INFO - Stage 2, Epoch 13: Mean accuracy: 0.994
2025-06-05 18:05:48,322 - INFO - Stage 2, Epoch 13: Top ten classes mean accuracy: 100.000
2025-06-05 18:05:51,393 - INFO - Initial accuracy: 0.9846
2025-06-05 18:05:51,448 - INFO - Updated accuracy: 97.44%
2025-06-05 18:05:54,236 - INFO - Total mean accuracy: 99.053
2025-06-05 18:05:58,352 - INFO - Epoch 14/30
2025-06-05 18:06:01,301 - INFO - Initial accuracy: 0.9829
2025-06-05 18:06:01,359 - INFO - Updated accuracy: 98.12%
2025-06-05 18:06:12,774 - INFO - Epoch 14: ce loss: 0.027, con loss: 0.000, ptd loss: 0.963, rep loss: 0.448
2025-06-05 18:06:12,775 - INFO - Stage 2, Epoch 14: Accuracy list: [1.    1.    1.    1.    1.    1.    1.    1.    1.    1.    1.    1.
 1.    1.    1.    0.884 1.    1.    1.    1.   ]
2025-06-05 18:06:12,775 - INFO - Stage 2, Epoch 14: Mean accuracy: 0.994
2025-06-05 18:06:12,775 - INFO - Stage 2, Epoch 14: Top ten classes mean accuracy: 100.000
2025-06-05 18:06:15,810 - INFO - Initial accuracy: 0.9863
2025-06-05 18:06:15,869 - INFO - Updated accuracy: 98.29%
2025-06-05 18:06:18,494 - INFO - Total mean accuracy: 99.053
2025-06-05 18:06:22,129 - INFO - Epoch 15/30
2025-06-05 18:06:25,074 - INFO - Initial accuracy: 0.9863
2025-06-05 18:06:25,128 - INFO - Updated accuracy: 98.12%
2025-06-05 18:06:36,627 - INFO - Epoch 15: ce loss: 0.039, con loss: 0.000, ptd loss: 0.961, rep loss: 0.469
2025-06-05 18:06:36,628 - INFO - Stage 2, Epoch 15: Accuracy list: [1.    1.    1.    1.    1.    1.    1.    1.    1.    1.    1.    1.
 1.    1.    1.    0.884 1.    1.    1.    1.   ]
2025-06-05 18:06:36,628 - INFO - Stage 2, Epoch 15: Mean accuracy: 0.994
2025-06-05 18:06:36,628 - INFO - Stage 2, Epoch 15: Top ten classes mean accuracy: 100.000
2025-06-05 18:06:39,670 - INFO - Initial accuracy: 0.9898
2025-06-05 18:06:39,729 - INFO - Updated accuracy: 97.95%
2025-06-05 18:06:42,398 - INFO - Total mean accuracy: 99.053
2025-06-05 18:06:46,114 - INFO - Epoch 16/30
2025-06-05 18:06:49,118 - INFO - Initial accuracy: 0.9881
2025-06-05 18:06:49,172 - INFO - Updated accuracy: 100.00%
2025-06-05 18:07:01,227 - INFO - Epoch 16: ce loss: 0.031, con loss: 0.009, ptd loss: 0.958, rep loss: 0.387
2025-06-05 18:07:01,228 - INFO - Stage 2, Epoch 16: Accuracy list: [1.    1.    1.    1.    1.    1.    1.    1.    1.    1.    1.    1.
 1.    1.    1.    0.907 1.    1.    1.    1.   ]
2025-06-05 18:07:01,228 - INFO - Stage 2, Epoch 16: Mean accuracy: 0.995
2025-06-05 18:07:01,228 - INFO - Stage 2, Epoch 16: Top ten classes mean accuracy: 100.000
2025-06-05 18:07:04,293 - INFO - Initial accuracy: 1.0000
2025-06-05 18:07:04,348 - INFO - Updated accuracy: 100.00%
2025-06-05 18:07:07,067 - INFO - Total mean accuracy: 99.242
2025-06-05 18:07:10,573 - INFO - Epoch 17/30
2025-06-05 18:07:13,757 - INFO - Initial accuracy: 0.9983
2025-06-05 18:07:13,812 - INFO - Updated accuracy: 99.66%
2025-06-05 18:07:25,085 - INFO - Epoch 17: ce loss: 0.052, con loss: 0.005, ptd loss: 0.957, rep loss: 0.509
2025-06-05 18:07:25,085 - INFO - Stage 2, Epoch 17: Accuracy list: [1.   1.   1.   1.   1.   1.   1.   1.   1.   1.   1.   1.   1.   1.
 1.   0.93 1.   1.   1.   1.  ]
2025-06-05 18:07:25,085 - INFO - Stage 2, Epoch 17: Mean accuracy: 0.996
2025-06-05 18:07:25,085 - INFO - Stage 2, Epoch 17: Top ten classes mean accuracy: 100.000
2025-06-05 18:07:28,379 - INFO - Initial accuracy: 1.0000
2025-06-05 18:07:28,432 - INFO - Updated accuracy: 100.00%
2025-06-05 18:07:30,926 - INFO - Total mean accuracy: 99.432
2025-06-05 18:07:34,465 - INFO - Epoch 18/30
2025-06-05 18:07:37,952 - INFO - Initial accuracy: 1.0000
2025-06-05 18:07:38,008 - INFO - Updated accuracy: 100.00%
2025-06-05 18:07:49,370 - INFO - Epoch 18: ce loss: 0.089, con loss: 0.002, ptd loss: 0.955, rep loss: 0.366
2025-06-05 18:07:49,370 - INFO - Stage 2, Epoch 18: Accuracy list: [1.   1.   1.   1.   1.   1.   1.   1.   1.   1.   1.   1.   1.   1.
 1.   0.93 1.   1.   1.   1.  ]
2025-06-05 18:07:49,370 - INFO - Stage 2, Epoch 18: Mean accuracy: 0.996
2025-06-05 18:07:49,370 - INFO - Stage 2, Epoch 18: Top ten classes mean accuracy: 100.000
2025-06-05 18:07:52,442 - INFO - Initial accuracy: 1.0000
2025-06-05 18:07:52,500 - INFO - Updated accuracy: 100.00%
2025-06-05 18:07:54,963 - INFO - Total mean accuracy: 99.432
2025-06-05 18:07:58,379 - INFO - Epoch 19/30
2025-06-05 18:08:01,391 - INFO - Initial accuracy: 1.0000
2025-06-05 18:08:01,440 - INFO - Updated accuracy: 100.00%
2025-06-05 18:08:13,089 - INFO - Epoch 19: ce loss: 0.045, con loss: 0.000, ptd loss: 0.953, rep loss: 0.493
2025-06-05 18:08:13,090 - INFO - Stage 2, Epoch 19: Accuracy list: [1.   1.   1.   1.   1.   1.   1.   1.   1.   1.   1.   1.   1.   1.
 1.   0.93 1.   1.   1.   1.  ]
2025-06-05 18:08:13,090 - INFO - Stage 2, Epoch 19: Mean accuracy: 0.996
2025-06-05 18:08:13,090 - INFO - Stage 2, Epoch 19: Top ten classes mean accuracy: 100.000
2025-06-05 18:08:16,492 - INFO - Initial accuracy: 1.0000
2025-06-05 18:08:16,546 - INFO - Updated accuracy: 100.00%
2025-06-05 18:08:19,236 - INFO - Total mean accuracy: 99.432
2025-06-05 18:08:23,318 - INFO - Epoch 20/30
2025-06-05 18:08:26,336 - INFO - Initial accuracy: 1.0000
2025-06-05 18:08:26,389 - INFO - Updated accuracy: 99.83%
2025-06-05 18:08:38,108 - INFO - Epoch 20: ce loss: 0.157, con loss: 0.006, ptd loss: 0.952, rep loss: 0.319
2025-06-05 18:08:38,108 - INFO - Stage 2, Epoch 20: Accuracy list: [1.   1.   1.   1.   1.   1.   1.   1.   1.   1.   1.   1.   1.   1.
 1.   0.93 1.   1.   1.   1.  ]
2025-06-05 18:08:38,108 - INFO - Stage 2, Epoch 20: Mean accuracy: 0.996
2025-06-05 18:08:38,108 - INFO - Stage 2, Epoch 20: Top ten classes mean accuracy: 100.000
2025-06-05 18:08:41,125 - INFO - Initial accuracy: 1.0000
2025-06-05 18:08:41,181 - INFO - Updated accuracy: 100.00%
2025-06-05 18:08:43,852 - INFO - Total mean accuracy: 99.432
2025-06-05 18:08:47,500 - INFO - Epoch 21/30
2025-06-05 18:08:50,517 - INFO - Initial accuracy: 0.9966
2025-06-05 18:08:50,572 - INFO - Updated accuracy: 99.66%
2025-06-05 18:08:59,349 - INFO - Historical prototype classes: [0, 1, 2, 3, 4, 5, 6, 7, 8, 9, 10, 11, 12, 13, 14, 15, 16, 17, 18, 19, 27]
2025-06-05 18:08:59,349 - INFO - Current prototype classes: [10, 11, 12, 13, 14, 15, 16, 17, 18, 19]
2025-06-05 18:08:59,349 - INFO - Missing classes compared to historical: [27]
2025-06-05 18:08:59,349 - INFO - Removed prototypes for missing class 27
2025-06-05 18:08:59,349 - INFO - Missing classes compared to historical: [27]
2025-06-05 18:08:59,349 - INFO - Missing classes compared to historical: [27]
2025-06-05 18:08:59,349 - INFO - Missing classes compared to historical: [27]
2025-06-05 18:09:00,950 - INFO - Constructing class 13 exemplar
2025-06-05 18:09:01,334 - INFO - Missing classes compared to historical: [27]
2025-06-05 18:09:01,334 - INFO - Missing classes compared to historical: [27]
2025-06-05 18:09:03,329 - INFO - Constructing class 15 exemplar
2025-06-05 18:09:03,831 - INFO - Missing classes compared to historical: [27]
2025-06-05 18:09:03,832 - INFO - Missing classes compared to historical: [27]
2025-06-05 18:09:03,832 - INFO - Missing classes compared to historical: [27]
2025-06-05 18:09:03,832 - INFO - Missing classes compared to historical: [27]
2025-06-05 18:09:03,832 - INFO - Updated prototype count: 20
2025-06-05 18:09:06,581 - INFO - Epoch 21: ce loss: 0.016, con loss: 0.001, ptd loss: 0.950, rep loss: 0.410
2025-06-05 18:09:06,582 - INFO - Stage 2, Epoch 21: Accuracy list: [1.   1.   1.   1.   1.   1.   1.   1.   1.   1.   1.   1.   1.   1.
 1.   0.93 1.   1.   1.   1.  ]
2025-06-05 18:09:06,582 - INFO - Stage 2, Epoch 21: Mean accuracy: 0.996
2025-06-05 18:09:06,582 - INFO - Stage 2, Epoch 21: Top ten classes mean accuracy: 100.000
2025-06-05 18:09:09,546 - INFO - Initial accuracy: 1.0000
2025-06-05 18:09:09,605 - INFO - Updated accuracy: 100.00%
2025-06-05 18:09:12,282 - INFO - Total mean accuracy: 99.432
2025-06-05 18:09:15,900 - INFO - Epoch 22/30
2025-06-05 18:09:18,984 - INFO - Initial accuracy: 1.0000
2025-06-05 18:09:19,046 - INFO - Updated accuracy: 100.00%
2025-06-05 18:09:30,090 - INFO - Epoch 22: ce loss: 0.018, con loss: 0.171, ptd loss: 0.949, rep loss: 0.429
2025-06-05 18:09:30,091 - INFO - Stage 2, Epoch 22: Accuracy list: [1.   1.   1.   1.   1.   1.   1.   1.   1.   1.   1.   1.   1.   1.
 1.   0.93 1.   1.   1.   1.  ]
2025-06-05 18:09:30,091 - INFO - Stage 2, Epoch 22: Mean accuracy: 0.996
2025-06-05 18:09:30,091 - INFO - Stage 2, Epoch 22: Top ten classes mean accuracy: 100.000
2025-06-05 18:09:33,148 - INFO - Initial accuracy: 1.0000
2025-06-05 18:09:33,205 - INFO - Updated accuracy: 100.00%
2025-06-05 18:09:35,845 - INFO - Total mean accuracy: 99.432
2025-06-05 18:09:39,603 - INFO - Epoch 23/30
2025-06-05 18:09:42,553 - INFO - Initial accuracy: 1.0000
2025-06-05 18:09:42,600 - INFO - Updated accuracy: 100.00%
2025-06-05 18:09:53,684 - INFO - Epoch 23: ce loss: 0.013, con loss: 0.005, ptd loss: 0.947, rep loss: 0.296
2025-06-05 18:09:53,685 - INFO - Stage 2, Epoch 23: Accuracy list: [1.    1.    1.    1.    1.    1.    1.    1.    1.    1.    1.    1.
 1.    1.    1.    0.953 1.    1.    1.    1.   ]
2025-06-05 18:09:53,685 - INFO - Stage 2, Epoch 23: Mean accuracy: 0.998
2025-06-05 18:09:53,685 - INFO - Stage 2, Epoch 23: Top ten classes mean accuracy: 100.000
2025-06-05 18:09:56,997 - INFO - Initial accuracy: 1.0000
2025-06-05 18:09:57,059 - INFO - Updated accuracy: 100.00%
2025-06-05 18:09:59,571 - INFO - Total mean accuracy: 99.621
2025-06-05 18:10:04,200 - INFO - Epoch 24/30
2025-06-05 18:10:07,243 - INFO - Initial accuracy: 1.0000
2025-06-05 18:10:07,295 - INFO - Updated accuracy: 100.00%
2025-06-05 18:10:18,692 - INFO - Epoch 24: ce loss: 0.024, con loss: 0.009, ptd loss: 0.946, rep loss: 0.390
2025-06-05 18:10:18,693 - INFO - Stage 2, Epoch 24: Accuracy list: [1.    1.    1.    1.    1.    1.    1.    0.944 1.    1.    1.    1.
 1.    1.    1.    0.977 1.    1.    1.    1.   ]
2025-06-05 18:10:18,693 - INFO - Stage 2, Epoch 24: Mean accuracy: 0.996
2025-06-05 18:10:18,694 - INFO - Stage 2, Epoch 24: Top ten classes mean accuracy: 99.440
2025-06-05 18:10:22,018 - INFO - Initial accuracy: 1.0000
2025-06-05 18:10:22,067 - INFO - Updated accuracy: 100.00%
2025-06-05 18:10:24,549 - INFO - Total mean accuracy: 99.621
2025-06-05 18:10:29,152 - INFO - Epoch 25/30
2025-06-05 18:10:32,294 - INFO - Initial accuracy: 1.0000
2025-06-05 18:10:32,346 - INFO - Updated accuracy: 100.00%
2025-06-05 18:10:43,460 - INFO - Epoch 25: ce loss: 0.011, con loss: 0.030, ptd loss: 0.944, rep loss: 0.347
2025-06-05 18:10:43,460 - INFO - Stage 2, Epoch 25: Accuracy list: [1.    1.    1.    1.    1.    1.    1.    0.944 1.    1.    1.    1.
 1.    1.    1.    0.977 1.    1.    1.    1.   ]
2025-06-05 18:10:43,461 - INFO - Stage 2, Epoch 25: Mean accuracy: 0.996
2025-06-05 18:10:43,461 - INFO - Stage 2, Epoch 25: Top ten classes mean accuracy: 99.440
2025-06-05 18:10:46,493 - INFO - Initial accuracy: 1.0000
2025-06-05 18:10:46,550 - INFO - Updated accuracy: 100.00%
2025-06-05 18:10:49,263 - INFO - Total mean accuracy: 99.621
2025-06-05 18:10:53,589 - INFO - Epoch 26/30
2025-06-05 18:10:57,143 - INFO - Initial accuracy: 1.0000
2025-06-05 18:10:57,193 - INFO - Updated accuracy: 100.00%
2025-06-05 18:11:08,181 - INFO - Epoch 26: ce loss: 0.022, con loss: 0.004, ptd loss: 0.943, rep loss: 0.365
2025-06-05 18:11:08,182 - INFO - Stage 2, Epoch 26: Accuracy list: [1.    1.    1.    1.    1.    1.    1.    1.    1.    1.    1.    1.
 1.    1.    1.    0.977 1.    1.    1.    1.   ]
2025-06-05 18:11:08,182 - INFO - Stage 2, Epoch 26: Mean accuracy: 0.999
2025-06-05 18:11:08,182 - INFO - Stage 2, Epoch 26: Top ten classes mean accuracy: 100.000
2025-06-05 18:11:11,197 - INFO - Initial accuracy: 1.0000
2025-06-05 18:11:11,250 - INFO - Updated accuracy: 100.00%
2025-06-05 18:11:13,826 - INFO - Total mean accuracy: 99.811
2025-06-05 18:11:17,429 - INFO - Epoch 27/30
2025-06-05 18:11:20,463 - INFO - Initial accuracy: 1.0000
2025-06-05 18:11:20,511 - INFO - Updated accuracy: 100.00%
2025-06-05 18:11:31,851 - INFO - Epoch 27: ce loss: 0.039, con loss: 0.007, ptd loss: 0.941, rep loss: 0.323
2025-06-05 18:11:31,852 - INFO - Stage 2, Epoch 27: Accuracy list: [1.    1.    1.    1.    1.    1.    1.    1.    1.    1.    1.    1.
 1.    1.    1.    0.977 1.    1.    1.    1.   ]
2025-06-05 18:11:31,852 - INFO - Stage 2, Epoch 27: Mean accuracy: 0.999
2025-06-05 18:11:31,852 - INFO - Stage 2, Epoch 27: Top ten classes mean accuracy: 100.000
2025-06-05 18:11:34,861 - INFO - Initial accuracy: 1.0000
2025-06-05 18:11:34,917 - INFO - Updated accuracy: 100.00%
2025-06-05 18:11:37,418 - INFO - Total mean accuracy: 99.811
2025-06-05 18:11:41,171 - INFO - Epoch 28/30
2025-06-05 18:11:44,135 - INFO - Initial accuracy: 1.0000
2025-06-05 18:11:44,190 - INFO - Updated accuracy: 100.00%
2025-06-05 18:11:55,950 - INFO - Epoch 28: ce loss: 0.056, con loss: 0.012, ptd loss: 0.940, rep loss: 0.242
2025-06-05 18:11:55,950 - INFO - Stage 2, Epoch 28: Accuracy list: [1. 1. 1. 1. 1. 1. 1. 1. 1. 1. 1. 1. 1. 1. 1. 1. 1. 1. 1. 1.]
2025-06-05 18:11:55,950 - INFO - Stage 2, Epoch 28: Mean accuracy: 1.000
2025-06-05 18:11:55,950 - INFO - Stage 2, Epoch 28: Top ten classes mean accuracy: 100.000
2025-06-05 18:11:58,994 - INFO - Initial accuracy: 1.0000
2025-06-05 18:11:59,045 - INFO - Updated accuracy: 100.00%
2025-06-05 18:12:01,572 - INFO - Total mean accuracy: 100.000
2025-06-05 18:12:05,088 - INFO - Epoch 29/30
2025-06-05 18:12:08,257 - INFO - Initial accuracy: 1.0000
2025-06-05 18:12:08,309 - INFO - Updated accuracy: 100.00%
2025-06-05 18:12:19,674 - INFO - Epoch 29: ce loss: 0.034, con loss: 0.001, ptd loss: 0.938, rep loss: 0.465
2025-06-05 18:12:19,674 - INFO - Stage 2, Epoch 29: Accuracy list: [1. 1. 1. 1. 1. 1. 1. 1. 1. 1. 1. 1. 1. 1. 1. 1. 1. 1. 1. 1.]
2025-06-05 18:12:19,674 - INFO - Stage 2, Epoch 29: Mean accuracy: 1.000
2025-06-05 18:12:19,675 - INFO - Stage 2, Epoch 29: Top ten classes mean accuracy: 100.000
2025-06-05 18:12:22,720 - INFO - Initial accuracy: 1.0000
2025-06-05 18:12:22,774 - INFO - Updated accuracy: 100.00%
2025-06-05 18:12:25,274 - INFO - Total mean accuracy: 100.000
2025-06-05 18:12:28,750 - INFO - Epoch 30/30
2025-06-05 18:12:32,129 - INFO - Initial accuracy: 1.0000
2025-06-05 18:12:32,180 - INFO - Updated accuracy: 100.00%
2025-06-05 18:12:43,344 - INFO - Epoch 30: ce loss: 0.013, con loss: 0.001, ptd loss: 0.937, rep loss: 0.361
2025-06-05 18:12:43,344 - INFO - Stage 2, Epoch 30: Accuracy list: [1.    1.    1.    1.    1.    1.    1.    1.    1.    1.    1.    1.
 1.    1.    1.    0.977 1.    1.    1.    1.   ]
2025-06-05 18:12:43,345 - INFO - Stage 2, Epoch 30: Mean accuracy: 0.999
2025-06-05 18:12:43,345 - INFO - Stage 2, Epoch 30: Top ten classes mean accuracy: 100.000
2025-06-05 18:12:46,442 - INFO - Initial accuracy: 1.0000
2025-06-05 18:12:46,498 - INFO - Updated accuracy: 100.00%
2025-06-05 18:12:48,961 - INFO - Total mean accuracy: 99.811
2025-06-05 18:12:55,019 - INFO - Stage 2 completed. Best accuracy: 100.000
2025-06-05 18:12:55,019 - INFO - Starting incremental stage 3/3
2025-06-05 18:12:57,487 - INFO - Average relation matrix mean: 0.0323
2025-06-05 18:12:57,490 - INFO - Shared classes: [20, 21, 22, 23, 24, 25, 26, 27, 28, 29]
2025-06-05 18:12:57,491 - INFO - Classes meeting probability condition: [20, 21, 22, 23, 24, 26, 27, 28, 29]
2025-06-05 18:12:57,491 - INFO - Classes meeting similarity condition: [20, 21, 22, 24, 25, 26, 27, 28, 29]
2025-06-05 18:12:57,747 - INFO - Starting training for stage 3
2025-06-05 18:12:57,747 - INFO - Epoch 1/30
2025-06-05 18:13:00,476 - INFO - Initial accuracy: 0.9207
2025-06-05 18:13:00,484 - INFO - Unique labels before 5th iteration: tensor([20, 21, 22, 23, 24, 25, 26, 27, 28, 29], device='cuda:0')
2025-06-05 18:13:00,500 - INFO - Updated accuracy: 95.12%
2025-06-05 18:13:12,010 - INFO - Epoch 1: ce loss: 3.630, con loss: 0.089, ptd loss: 1.005, rep loss: 0.339
2025-06-05 18:13:12,010 - INFO - Stage 3, Epoch 1: Accuracy list: [1.    1.    1.    1.    1.    1.    1.    1.    1.    1.    1.    1.
 1.    1.    1.    0.977 1.    1.    1.    1.    0.    0.    0.    0.
 0.025 0.    0.36  0.033 0.25  0.   ]
2025-06-05 18:13:12,011 - INFO - Stage 3, Epoch 1: Mean accuracy: 0.688
2025-06-05 18:13:12,011 - INFO - Stage 3, Epoch 1: Top ten classes mean accuracy: 100.000
2025-06-05 18:13:15,100 - INFO - Initial accuracy: 0.5407
2025-06-05 18:13:15,107 - INFO - Unique labels before 5th iteration: tensor([20, 21, 22, 24, 26, 27, 28, 29], device='cuda:0')
2025-06-05 18:13:15,125 - INFO - Updated accuracy: 78.66%
2025-06-05 18:13:18,316 - INFO - Total mean accuracy: 70.284
2025-06-05 18:13:20,316 - INFO - Epoch 2/30
2025-06-05 18:13:23,149 - INFO - Initial accuracy: 0.9207
2025-06-05 18:13:23,155 - INFO - Unique labels before 5th iteration: tensor([20, 21, 22, 23, 24, 25, 26, 27, 28, 29], device='cuda:0')
2025-06-05 18:13:23,179 - INFO - Updated accuracy: 97.15%
2025-06-05 18:13:34,616 - INFO - Epoch 2: ce loss: 1.684, con loss: 0.240, ptd loss: 0.997, rep loss: 0.268
2025-06-05 18:13:34,616 - INFO - Stage 3, Epoch 2: Accuracy list: [1.    1.    1.    1.    1.    1.    1.    1.    1.    1.    1.    1.
 1.    1.    1.    0.86  1.    1.    1.    1.    0.625 0.75  0.933 0.037
 1.    0.    1.    1.    1.    0.957]
2025-06-05 18:13:34,617 - INFO - Stage 3, Epoch 2: Mean accuracy: 0.905
2025-06-05 18:13:34,617 - INFO - Stage 3, Epoch 2: Top ten classes mean accuracy: 100.000
2025-06-05 18:13:37,503 - INFO - Initial accuracy: 0.8537
2025-06-05 18:13:37,510 - INFO - Unique labels before 5th iteration: tensor([20, 21, 22, 23, 24, 25, 26, 27, 28, 29], device='cuda:0')
2025-06-05 18:13:37,520 - INFO - Updated accuracy: 91.67%
2025-06-05 18:13:40,713 - INFO - Total mean accuracy: 92.636
2025-06-05 18:13:43,268 - INFO - Epoch 3/30
2025-06-05 18:13:46,175 - INFO - Initial accuracy: 0.9431
2025-06-05 18:13:46,182 - INFO - Unique labels before 5th iteration: tensor([20, 21, 22, 23, 24, 25, 26, 27, 28, 29], device='cuda:0')
2025-06-05 18:13:46,199 - INFO - Updated accuracy: 96.54%
2025-06-05 18:13:57,203 - INFO - Epoch 3: ce loss: 0.714, con loss: 0.243, ptd loss: 0.990, rep loss: 0.411
2025-06-05 18:13:57,204 - INFO - Stage 3, Epoch 3: Accuracy list: [1.    1.    1.    1.    1.    1.    1.    1.    1.    1.    1.    1.
 0.967 0.895 0.967 0.837 1.    1.    1.    1.    0.938 1.    0.967 0.444
 1.    0.455 1.    1.    1.    0.957]
2025-06-05 18:13:57,204 - INFO - Stage 3, Epoch 3: Mean accuracy: 0.948
2025-06-05 18:13:57,204 - INFO - Stage 3, Epoch 3: Top ten classes mean accuracy: 100.000
2025-06-05 18:14:00,025 - INFO - Initial accuracy: 0.9106
2025-06-05 18:14:00,031 - INFO - Unique labels before 5th iteration: tensor([20, 21, 22, 23, 24, 25, 26, 27, 28, 29], device='cuda:0')
2025-06-05 18:14:00,041 - INFO - Updated accuracy: 93.90%
2025-06-05 18:14:03,184 - INFO - Total mean accuracy: 95.478
2025-06-05 18:14:05,601 - INFO - Epoch 4/30
2025-06-05 18:14:08,768 - INFO - Initial accuracy: 0.9370
2025-06-05 18:14:08,775 - INFO - Unique labels before 5th iteration: tensor([20, 21, 22, 23, 24, 25, 26, 27, 28, 29], device='cuda:0')
2025-06-05 18:14:08,795 - INFO - Updated accuracy: 96.95%
2025-06-05 18:14:19,655 - INFO - Epoch 4: ce loss: 0.542, con loss: 0.166, ptd loss: 0.985, rep loss: 0.300
2025-06-05 18:14:19,656 - INFO - Stage 3, Epoch 4: Accuracy list: [1.    1.    1.    1.    1.    1.    1.    1.    0.952 1.    1.    1.
 0.967 0.895 0.933 0.837 0.967 1.    0.929 1.    1.    1.    1.    0.667
 1.    0.909 1.    1.    1.    1.   ]
2025-06-05 18:14:19,656 - INFO - Stage 3, Epoch 4: Mean accuracy: 0.969
2025-06-05 18:14:19,656 - INFO - Stage 3, Epoch 4: Top ten classes mean accuracy: 99.520
2025-06-05 18:14:22,463 - INFO - Initial accuracy: 0.9614
2025-06-05 18:14:22,469 - INFO - Unique labels before 5th iteration: tensor([20, 21, 22, 23, 24, 25, 26, 27, 28, 29], device='cuda:0')
2025-06-05 18:14:22,486 - INFO - Updated accuracy: 95.33%
2025-06-05 18:14:25,786 - INFO - Total mean accuracy: 96.641
2025-06-05 18:14:28,255 - INFO - Epoch 5/30
2025-06-05 18:14:31,110 - INFO - Initial accuracy: 0.9411
2025-06-05 18:14:31,116 - INFO - Unique labels before 5th iteration: tensor([20, 21, 22, 23, 24, 25, 26, 27, 28, 29], device='cuda:0')
2025-06-05 18:14:31,128 - INFO - Updated accuracy: 95.33%
2025-06-05 18:14:42,455 - INFO - Epoch 5: ce loss: 0.117, con loss: 0.165, ptd loss: 0.982, rep loss: 0.496
2025-06-05 18:14:42,456 - INFO - Stage 3, Epoch 5: Accuracy list: [1.    1.    1.    1.    1.    1.    1.    1.    0.952 1.    1.    1.
 1.    0.947 0.967 0.837 0.967 1.    0.929 1.    1.    1.    1.    0.741
 1.    0.909 1.    1.    1.    1.   ]
2025-06-05 18:14:42,456 - INFO - Stage 3, Epoch 5: Mean accuracy: 0.975
2025-06-05 18:14:42,457 - INFO - Stage 3, Epoch 5: Top ten classes mean accuracy: 99.520
2025-06-05 18:14:45,191 - INFO - Initial accuracy: 0.9715
2025-06-05 18:14:45,198 - INFO - Unique labels before 5th iteration: tensor([20, 21, 22, 23, 24, 25, 26, 27, 28, 29], device='cuda:0')
2025-06-05 18:14:45,217 - INFO - Updated accuracy: 96.54%
2025-06-05 18:14:48,426 - INFO - Total mean accuracy: 97.287
2025-06-05 18:14:50,708 - INFO - Epoch 6/30
2025-06-05 18:14:53,604 - INFO - Initial accuracy: 0.9695
2025-06-05 18:14:53,640 - INFO - Updated accuracy: 96.34%
2025-06-05 18:15:01,012 - INFO - Historical prototype classes: [0, 1, 2, 3, 4, 5, 6, 7, 8, 9, 10, 11, 12, 13, 14, 15, 16, 17, 18, 19]
2025-06-05 18:15:01,012 - INFO - Current prototype classes: [20, 21, 22, 23, 24, 25, 26, 27, 28, 29]
2025-06-05 18:15:02,480 - INFO - Constructing class 20 exemplar
2025-06-05 18:15:04,309 - INFO - Constructing class 21 exemplar
2025-06-05 18:15:06,374 - INFO - Constructing class 22 exemplar
2025-06-05 18:15:08,364 - INFO - Constructing class 23 exemplar
2025-06-05 18:15:10,229 - INFO - Constructing class 24 exemplar
2025-06-05 18:15:12,230 - INFO - Constructing class 25 exemplar
2025-06-05 18:15:14,260 - INFO - Constructing class 26 exemplar
2025-06-05 18:15:16,192 - INFO - Constructing class 27 exemplar
2025-06-05 18:15:18,192 - INFO - Constructing class 28 exemplar
2025-06-05 18:15:20,169 - INFO - Constructing class 29 exemplar
2025-06-05 18:15:20,565 - INFO - Updated prototype count: 30
2025-06-05 18:15:23,873 - INFO - Epoch 6: ce loss: 0.169, con loss: 0.081, ptd loss: 0.980, rep loss: 0.456
2025-06-05 18:15:23,874 - INFO - Stage 3, Epoch 6: Accuracy list: [1.    1.    1.    1.    1.    1.    1.    1.    1.    1.    1.    1.
 1.    1.    1.    0.907 1.    1.    0.964 1.    1.    1.    1.    0.741
 1.    1.    1.    1.    1.    1.   ]
2025-06-05 18:15:23,874 - INFO - Stage 3, Epoch 6: Mean accuracy: 0.987
2025-06-05 18:15:23,874 - INFO - Stage 3, Epoch 6: Top ten classes mean accuracy: 100.000
2025-06-05 18:15:27,029 - INFO - Initial accuracy: 0.9715
2025-06-05 18:15:27,075 - INFO - Updated accuracy: 96.95%
2025-06-05 18:15:30,628 - INFO - Total mean accuracy: 98.450
2025-06-05 18:15:33,161 - INFO - Epoch 7/30
2025-06-05 18:15:35,944 - INFO - Initial accuracy: 0.9736
2025-06-05 18:15:35,989 - INFO - Updated accuracy: 96.54%
2025-06-05 18:15:47,012 - INFO - Epoch 7: ce loss: 0.091, con loss: 0.114, ptd loss: 0.978, rep loss: 0.411
2025-06-05 18:15:47,013 - INFO - Stage 3, Epoch 7: Accuracy list: [1.    1.    1.    1.    1.    1.    1.    1.    1.    1.    1.    1.
 1.    1.    1.    0.907 1.    1.    1.    1.    1.    1.    0.967 0.741
 1.    1.    1.    1.    1.    1.   ]
2025-06-05 18:15:47,013 - INFO - Stage 3, Epoch 7: Mean accuracy: 0.987
2025-06-05 18:15:47,014 - INFO - Stage 3, Epoch 7: Top ten classes mean accuracy: 100.000
2025-06-05 18:15:49,784 - INFO - Initial accuracy: 0.9695
2025-06-05 18:15:49,823 - INFO - Updated accuracy: 96.54%
2025-06-05 18:15:53,355 - INFO - Total mean accuracy: 98.450
2025-06-05 18:15:56,040 - INFO - Epoch 8/30
2025-06-05 18:15:58,795 - INFO - Initial accuracy: 0.9675
2025-06-05 18:15:58,835 - INFO - Updated accuracy: 96.34%
2025-06-05 18:16:10,010 - INFO - Epoch 8: ce loss: 0.072, con loss: 0.107, ptd loss: 0.976, rep loss: 0.387
2025-06-05 18:16:10,011 - INFO - Stage 3, Epoch 8: Accuracy list: [1.    1.    1.    1.    1.    1.    1.    1.    1.    1.    1.    1.
 1.    1.    1.    0.93  1.    1.    1.    1.    1.    1.    1.    0.741
 1.    1.    1.    1.    1.    1.   ]
2025-06-05 18:16:10,011 - INFO - Stage 3, Epoch 8: Mean accuracy: 0.989
2025-06-05 18:16:10,011 - INFO - Stage 3, Epoch 8: Top ten classes mean accuracy: 100.000
2025-06-05 18:16:12,926 - INFO - Initial accuracy: 0.9736
2025-06-05 18:16:12,966 - INFO - Updated accuracy: 97.15%
2025-06-05 18:16:16,531 - INFO - Total mean accuracy: 98.708
2025-06-05 18:16:19,684 - INFO - Epoch 9/30
2025-06-05 18:16:22,678 - INFO - Initial accuracy: 0.9736
2025-06-05 18:16:22,718 - INFO - Updated accuracy: 96.54%
2025-06-05 18:16:34,537 - INFO - Epoch 9: ce loss: 0.068, con loss: 0.079, ptd loss: 0.975, rep loss: 0.373
2025-06-05 18:16:34,538 - INFO - Stage 3, Epoch 9: Accuracy list: [1.    1.    1.    1.    1.    1.    1.    1.    1.    1.    1.    1.
 1.    1.    1.    0.93  1.    1.    1.    1.    1.    1.    1.    0.741
 1.    1.    1.    1.    1.    1.   ]
2025-06-05 18:16:34,538 - INFO - Stage 3, Epoch 9: Mean accuracy: 0.989
2025-06-05 18:16:34,538 - INFO - Stage 3, Epoch 9: Top ten classes mean accuracy: 100.000
2025-06-05 18:16:37,290 - INFO - Initial accuracy: 0.9715
2025-06-05 18:16:37,333 - INFO - Updated accuracy: 97.15%
2025-06-05 18:16:40,561 - INFO - Total mean accuracy: 98.708
2025-06-05 18:16:43,003 - INFO - Epoch 10/30
2025-06-05 18:16:45,879 - INFO - Initial accuracy: 0.9695
2025-06-05 18:16:45,918 - INFO - Updated accuracy: 96.95%
2025-06-05 18:16:57,391 - INFO - Epoch 10: ce loss: 0.134, con loss: 0.064, ptd loss: 0.973, rep loss: 0.505
2025-06-05 18:16:57,392 - INFO - Stage 3, Epoch 10: Accuracy list: [1.    1.    1.    1.    1.    1.    1.    1.    1.    1.    1.    1.
 1.    1.    1.    0.93  1.    1.    1.    1.    1.    1.    1.    0.741
 1.    1.    1.    1.    1.    1.   ]
2025-06-05 18:16:57,392 - INFO - Stage 3, Epoch 10: Mean accuracy: 0.989
2025-06-05 18:16:57,392 - INFO - Stage 3, Epoch 10: Top ten classes mean accuracy: 100.000
2025-06-05 18:17:00,196 - INFO - Initial accuracy: 0.9675
2025-06-05 18:17:00,235 - INFO - Updated accuracy: 96.75%
2025-06-05 18:17:03,470 - INFO - Total mean accuracy: 98.708
2025-06-05 18:17:05,949 - INFO - Epoch 11/30
2025-06-05 18:17:08,791 - INFO - Initial accuracy: 0.9715
2025-06-05 18:17:08,829 - INFO - Updated accuracy: 97.56%
2025-06-05 18:17:16,902 - INFO - Historical prototype classes: [0, 1, 2, 3, 4, 5, 6, 7, 8, 9, 10, 11, 12, 13, 14, 15, 16, 17, 18, 19, 20, 21, 22, 23, 24, 25, 26, 27, 28, 29]
2025-06-05 18:17:16,902 - INFO - Current prototype classes: [20, 21, 22, 23, 24, 25, 26, 27, 28, 29]
2025-06-05 18:17:18,361 - INFO - Constructing class 20 exemplar
2025-06-05 18:17:20,566 - INFO - Constructing class 21 exemplar
2025-06-05 18:17:22,510 - INFO - Constructing class 22 exemplar
2025-06-05 18:17:24,449 - INFO - Constructing class 23 exemplar
2025-06-05 18:17:26,303 - INFO - Constructing class 24 exemplar
2025-06-05 18:17:28,473 - INFO - Constructing class 25 exemplar
2025-06-05 18:17:30,308 - INFO - Constructing class 26 exemplar
2025-06-05 18:17:32,107 - INFO - Constructing class 27 exemplar
2025-06-05 18:17:34,295 - INFO - Constructing class 29 exemplar
2025-06-05 18:17:34,693 - INFO - Updated prototype count: 30
2025-06-05 18:17:37,950 - INFO - Epoch 11: ce loss: 0.068, con loss: 0.097, ptd loss: 0.972, rep loss: 0.500
2025-06-05 18:17:37,951 - INFO - Stage 3, Epoch 11: Accuracy list: [1.    1.    1.    1.    1.    1.    1.    1.    1.    1.    1.    1.
 1.    1.    1.    0.93  1.    1.    1.    1.    1.    1.    1.    0.741
 1.    1.    1.    1.    1.    1.   ]
2025-06-05 18:17:37,951 - INFO - Stage 3, Epoch 11: Mean accuracy: 0.989
2025-06-05 18:17:37,951 - INFO - Stage 3, Epoch 11: Top ten classes mean accuracy: 100.000
2025-06-05 18:17:40,786 - INFO - Initial accuracy: 0.9715
2025-06-05 18:17:40,830 - INFO - Updated accuracy: 97.36%
2025-06-05 18:17:44,496 - INFO - Total mean accuracy: 98.708
2025-06-05 18:17:47,525 - INFO - Epoch 12/30
2025-06-05 18:17:50,383 - INFO - Initial accuracy: 0.9695
2025-06-05 18:17:50,427 - INFO - Updated accuracy: 96.54%
2025-06-05 18:18:02,291 - INFO - Epoch 12: ce loss: 0.256, con loss: 0.128, ptd loss: 0.970, rep loss: 0.314
2025-06-05 18:18:02,292 - INFO - Stage 3, Epoch 12: Accuracy list: [1.    1.    1.    1.    1.    1.    1.    1.    1.    1.    1.    1.
 1.    1.    1.    0.93  1.    1.    1.    1.    1.    1.    1.    0.741
 1.    1.    1.    1.    1.    1.   ]
2025-06-05 18:18:02,292 - INFO - Stage 3, Epoch 12: Mean accuracy: 0.989
2025-06-05 18:18:02,292 - INFO - Stage 3, Epoch 12: Top ten classes mean accuracy: 100.000
2025-06-05 18:18:05,218 - INFO - Initial accuracy: 0.9695
2025-06-05 18:18:05,259 - INFO - Updated accuracy: 96.75%
2025-06-05 18:18:08,811 - INFO - Total mean accuracy: 98.708
2025-06-05 18:18:11,766 - INFO - Epoch 13/30
2025-06-05 18:18:14,689 - INFO - Initial accuracy: 0.9695
2025-06-05 18:18:14,731 - INFO - Updated accuracy: 97.15%
2025-06-05 18:18:26,036 - INFO - Epoch 13: ce loss: 0.110, con loss: 0.056, ptd loss: 0.968, rep loss: 0.348
2025-06-05 18:18:26,037 - INFO - Stage 3, Epoch 13: Accuracy list: [1.    1.    1.    1.    1.    1.    1.    1.    1.    1.    1.    1.
 1.    1.    1.    0.93  1.    1.    1.    1.    1.    1.    1.    0.741
 1.    1.    1.    1.    1.    1.   ]
2025-06-05 18:18:26,037 - INFO - Stage 3, Epoch 13: Mean accuracy: 0.989
2025-06-05 18:18:26,037 - INFO - Stage 3, Epoch 13: Top ten classes mean accuracy: 100.000
2025-06-05 18:18:28,863 - INFO - Initial accuracy: 0.9736
2025-06-05 18:18:28,907 - INFO - Updated accuracy: 97.56%
2025-06-05 18:18:32,228 - INFO - Total mean accuracy: 98.708
2025-06-05 18:18:35,257 - INFO - Epoch 14/30
2025-06-05 18:18:38,124 - INFO - Initial accuracy: 0.9695
2025-06-05 18:18:38,162 - INFO - Updated accuracy: 96.75%
2025-06-05 18:18:49,108 - INFO - Epoch 14: ce loss: 0.045, con loss: 0.184, ptd loss: 0.967, rep loss: 0.267
2025-06-05 18:18:49,109 - INFO - Stage 3, Epoch 14: Accuracy list: [1.    1.    1.    1.    1.    1.    1.    1.    1.    1.    1.    1.
 1.    1.    1.    0.93  1.    1.    1.    1.    1.    1.    1.    0.741
 1.    1.    1.    1.    1.    1.   ]
2025-06-05 18:18:49,111 - INFO - Stage 3, Epoch 14: Mean accuracy: 0.989
2025-06-05 18:18:49,111 - INFO - Stage 3, Epoch 14: Top ten classes mean accuracy: 100.000
2025-06-05 18:18:51,855 - INFO - Initial accuracy: 0.9695
2025-06-05 18:18:51,898 - INFO - Updated accuracy: 96.75%
2025-06-05 18:18:55,155 - INFO - Total mean accuracy: 98.708
2025-06-05 18:18:57,724 - INFO - Epoch 15/30
2025-06-05 18:19:00,567 - INFO - Initial accuracy: 0.9715
2025-06-05 18:19:00,607 - INFO - Updated accuracy: 97.15%
2025-06-05 18:19:11,826 - INFO - Epoch 15: ce loss: 0.131, con loss: 0.053, ptd loss: 0.966, rep loss: 0.342
2025-06-05 18:19:11,827 - INFO - Stage 3, Epoch 15: Accuracy list: [1.    1.    1.    1.    1.    1.    1.    1.    1.    1.    1.    1.
 1.    1.    1.    0.953 1.    1.    1.    1.    1.    1.    1.    0.741
 1.    1.    1.    1.    1.    1.   ]
2025-06-05 18:19:11,827 - INFO - Stage 3, Epoch 15: Mean accuracy: 0.990
2025-06-05 18:19:11,827 - INFO - Stage 3, Epoch 15: Top ten classes mean accuracy: 100.000
2025-06-05 18:19:14,622 - INFO - Initial accuracy: 0.9675
2025-06-05 18:19:14,662 - INFO - Updated accuracy: 96.54%
2025-06-05 18:19:17,894 - INFO - Total mean accuracy: 98.837
2025-06-05 18:19:20,224 - INFO - Epoch 16/30
2025-06-05 18:19:23,184 - INFO - Initial accuracy: 0.9675
2025-06-05 18:19:23,228 - INFO - Updated accuracy: 97.15%
2025-06-05 18:19:34,191 - INFO - Epoch 16: ce loss: 0.066, con loss: 0.029, ptd loss: 0.964, rep loss: 0.293
2025-06-05 18:19:34,192 - INFO - Stage 3, Epoch 16: Accuracy list: [1.    1.    1.    1.    1.    1.    1.    1.    1.    1.    1.    1.
 1.    1.    1.    0.953 1.    1.    1.    1.    1.    1.    1.    0.741
 1.    1.    1.    1.    1.    1.   ]
2025-06-05 18:19:34,192 - INFO - Stage 3, Epoch 16: Mean accuracy: 0.990
2025-06-05 18:19:34,192 - INFO - Stage 3, Epoch 16: Top ten classes mean accuracy: 100.000
2025-06-05 18:19:37,000 - INFO - Initial accuracy: 0.9715
2025-06-05 18:19:37,040 - INFO - Updated accuracy: 97.15%
2025-06-05 18:19:40,258 - INFO - Total mean accuracy: 98.837
2025-06-05 18:19:42,660 - INFO - Epoch 17/30
2025-06-05 18:19:45,541 - INFO - Initial accuracy: 0.9715
2025-06-05 18:19:45,580 - INFO - Updated accuracy: 97.56%
2025-06-05 18:19:56,811 - INFO - Epoch 17: ce loss: 0.051, con loss: 0.119, ptd loss: 0.963, rep loss: 0.280
2025-06-05 18:19:56,812 - INFO - Stage 3, Epoch 17: Accuracy list: [1.    1.    1.    1.    1.    1.    1.    1.    1.    1.    1.    1.
 1.    1.    1.    0.953 1.    1.    1.    1.    1.    1.    1.    0.741
 1.    1.    1.    1.    1.    1.   ]
2025-06-05 18:19:56,813 - INFO - Stage 3, Epoch 17: Mean accuracy: 0.990
2025-06-05 18:19:56,813 - INFO - Stage 3, Epoch 17: Top ten classes mean accuracy: 100.000
2025-06-05 18:19:59,646 - INFO - Initial accuracy: 0.9756
2025-06-05 18:19:59,687 - INFO - Updated accuracy: 97.56%
2025-06-05 18:20:02,959 - INFO - Total mean accuracy: 98.837
2025-06-05 18:20:05,304 - INFO - Epoch 18/30
2025-06-05 18:20:08,083 - INFO - Initial accuracy: 0.9715
2025-06-05 18:20:08,124 - INFO - Updated accuracy: 96.95%
2025-06-05 18:20:19,284 - INFO - Epoch 18: ce loss: 0.025, con loss: 0.156, ptd loss: 0.962, rep loss: 0.300
2025-06-05 18:20:19,284 - INFO - Stage 3, Epoch 18: Accuracy list: [1.    1.    1.    1.    1.    1.    1.    1.    1.    1.    1.    1.
 1.    1.    1.    0.953 1.    1.    1.    1.    1.    1.    1.    0.741
 1.    1.    1.    1.    1.    1.   ]
2025-06-05 18:20:19,284 - INFO - Stage 3, Epoch 18: Mean accuracy: 0.990
2025-06-05 18:20:19,284 - INFO - Stage 3, Epoch 18: Top ten classes mean accuracy: 100.000
2025-06-05 18:20:22,076 - INFO - Initial accuracy: 0.9756
2025-06-05 18:20:22,114 - INFO - Updated accuracy: 97.15%
2025-06-05 18:20:25,330 - INFO - Total mean accuracy: 98.837
2025-06-05 18:20:27,815 - INFO - Epoch 19/30
2025-06-05 18:20:30,694 - INFO - Initial accuracy: 0.9756
2025-06-05 18:20:30,736 - INFO - Updated accuracy: 97.36%
2025-06-05 18:20:42,199 - INFO - Epoch 19: ce loss: 0.030, con loss: 0.279, ptd loss: 0.960, rep loss: 0.289
2025-06-05 18:20:42,200 - INFO - Stage 3, Epoch 19: Accuracy list: [1.    1.    1.    1.    1.    1.    1.    1.    1.    1.    1.    1.
 1.    1.    1.    0.953 1.    1.    1.    1.    1.    1.    1.    0.741
 1.    1.    1.    1.    1.    1.   ]
2025-06-05 18:20:42,200 - INFO - Stage 3, Epoch 19: Mean accuracy: 0.990
2025-06-05 18:20:42,200 - INFO - Stage 3, Epoch 19: Top ten classes mean accuracy: 100.000
2025-06-05 18:20:45,089 - INFO - Initial accuracy: 0.9756
2025-06-05 18:20:45,130 - INFO - Updated accuracy: 97.56%
2025-06-05 18:20:48,409 - INFO - Total mean accuracy: 98.837
2025-06-05 18:20:50,913 - INFO - Epoch 20/30
2025-06-05 18:20:53,762 - INFO - Initial accuracy: 0.9756
2025-06-05 18:20:53,803 - INFO - Updated accuracy: 97.36%
2025-06-05 18:21:05,172 - INFO - Epoch 20: ce loss: 0.030, con loss: 0.177, ptd loss: 0.959, rep loss: 0.290
2025-06-05 18:21:05,172 - INFO - Stage 3, Epoch 20: Accuracy list: [1.    1.    1.    1.    1.    1.    1.    1.    1.    1.    1.    1.
 1.    1.    1.    0.953 1.    1.    1.    1.    1.    1.    1.    0.741
 1.    1.    1.    1.    1.    1.   ]
2025-06-05 18:21:05,172 - INFO - Stage 3, Epoch 20: Mean accuracy: 0.990
2025-06-05 18:21:05,172 - INFO - Stage 3, Epoch 20: Top ten classes mean accuracy: 100.000
2025-06-05 18:21:08,252 - INFO - Initial accuracy: 0.9756
2025-06-05 18:21:08,292 - INFO - Updated accuracy: 97.56%
2025-06-05 18:21:11,559 - INFO - Total mean accuracy: 98.837
2025-06-05 18:21:13,910 - INFO - Epoch 21/30
2025-06-05 18:21:16,920 - INFO - Initial accuracy: 0.9756
2025-06-05 18:21:16,961 - INFO - Updated accuracy: 96.95%
2025-06-05 18:21:25,025 - INFO - Historical prototype classes: [0, 1, 2, 3, 4, 5, 6, 7, 8, 9, 10, 11, 12, 13, 14, 15, 16, 17, 18, 19, 20, 21, 22, 23, 24, 25, 26, 27, 28, 29]
2025-06-05 18:21:25,025 - INFO - Current prototype classes: [20, 21, 22, 23, 24, 25, 26, 27, 28, 29]
2025-06-05 18:21:26,587 - INFO - Constructing class 20 exemplar
2025-06-05 18:21:28,405 - INFO - Constructing class 21 exemplar
2025-06-05 18:21:30,385 - INFO - Constructing class 22 exemplar
2025-06-05 18:21:32,422 - INFO - Constructing class 23 exemplar
2025-06-05 18:21:34,431 - INFO - Constructing class 24 exemplar
2025-06-05 18:21:36,460 - INFO - Constructing class 25 exemplar
2025-06-05 18:21:38,326 - INFO - Constructing class 27 exemplar
2025-06-05 18:21:38,764 - INFO - Updated prototype count: 30
2025-06-05 18:21:42,023 - INFO - Epoch 21: ce loss: 0.041, con loss: 0.058, ptd loss: 0.958, rep loss: 0.253
2025-06-05 18:21:42,023 - INFO - Stage 3, Epoch 21: Accuracy list: [1.    1.    1.    1.    1.    1.    1.    1.    1.    1.    1.    1.
 1.    1.    1.    0.953 1.    1.    1.    1.    1.    1.    1.    0.741
 1.    1.    1.    1.    1.    1.   ]
2025-06-05 18:21:42,024 - INFO - Stage 3, Epoch 21: Mean accuracy: 0.990
2025-06-05 18:21:42,024 - INFO - Stage 3, Epoch 21: Top ten classes mean accuracy: 100.000
2025-06-05 18:21:44,976 - INFO - Initial accuracy: 0.9756
2025-06-05 18:21:45,021 - INFO - Updated accuracy: 97.36%
2025-06-05 18:21:48,685 - INFO - Total mean accuracy: 98.837
2025-06-05 18:21:51,092 - INFO - Epoch 22/30
2025-06-05 18:21:54,046 - INFO - Initial accuracy: 0.9756
2025-06-05 18:21:54,090 - INFO - Updated accuracy: 97.56%
2025-06-05 18:22:05,689 - INFO - Epoch 22: ce loss: 0.051, con loss: 0.088, ptd loss: 0.956, rep loss: 0.248
2025-06-05 18:22:05,690 - INFO - Stage 3, Epoch 22: Accuracy list: [1.    1.    1.    1.    1.    1.    1.    1.    1.    1.    1.    1.
 1.    1.    1.    0.953 1.    1.    1.    1.    1.    1.    1.    0.778
 1.    1.    1.    1.    1.    1.   ]
2025-06-05 18:22:05,690 - INFO - Stage 3, Epoch 22: Mean accuracy: 0.991
2025-06-05 18:22:05,690 - INFO - Stage 3, Epoch 22: Top ten classes mean accuracy: 100.000
2025-06-05 18:22:08,707 - INFO - Initial accuracy: 0.9756
2025-06-05 18:22:08,749 - INFO - Updated accuracy: 97.56%
2025-06-05 18:22:12,392 - INFO - Total mean accuracy: 98.966
2025-06-05 18:22:14,869 - INFO - Epoch 23/30
2025-06-05 18:22:17,784 - INFO - Initial accuracy: 0.9756
2025-06-05 18:22:17,824 - INFO - Updated accuracy: 97.56%
2025-06-05 18:22:29,080 - INFO - Epoch 23: ce loss: 0.029, con loss: 0.071, ptd loss: 0.955, rep loss: 0.285
2025-06-05 18:22:29,080 - INFO - Stage 3, Epoch 23: Accuracy list: [1.    1.    1.    1.    1.    1.    1.    1.    1.    1.    1.    1.
 1.    1.    1.    0.953 1.    1.    1.    1.    1.    1.    1.    0.778
 1.    1.    1.    1.    1.    1.   ]
2025-06-05 18:22:29,081 - INFO - Stage 3, Epoch 23: Mean accuracy: 0.991
2025-06-05 18:22:29,081 - INFO - Stage 3, Epoch 23: Top ten classes mean accuracy: 100.000
2025-06-05 18:22:32,028 - INFO - Initial accuracy: 0.9756
2025-06-05 18:22:32,070 - INFO - Updated accuracy: 97.36%
2025-06-05 18:22:35,341 - INFO - Total mean accuracy: 98.966
2025-06-05 18:22:37,767 - INFO - Epoch 24/30
2025-06-05 18:22:40,638 - INFO - Initial accuracy: 0.9756
2025-06-05 18:22:40,679 - INFO - Updated accuracy: 97.56%
2025-06-05 18:22:52,099 - INFO - Epoch 24: ce loss: 0.027, con loss: 0.158, ptd loss: 0.954, rep loss: 0.238
2025-06-05 18:22:52,100 - INFO - Stage 3, Epoch 24: Accuracy list: [1.    1.    1.    1.    1.    1.    1.    1.    1.    1.    1.    1.
 1.    1.    1.    0.953 1.    1.    1.    1.    1.    1.    1.    0.778
 1.    1.    1.    1.    1.    1.   ]
2025-06-05 18:22:52,100 - INFO - Stage 3, Epoch 24: Mean accuracy: 0.991
2025-06-05 18:22:52,101 - INFO - Stage 3, Epoch 24: Top ten classes mean accuracy: 100.000
2025-06-05 18:22:54,878 - INFO - Initial accuracy: 0.9756
2025-06-05 18:22:54,917 - INFO - Updated accuracy: 97.56%
2025-06-05 18:22:58,200 - INFO - Total mean accuracy: 98.966
2025-06-05 18:23:00,658 - INFO - Epoch 25/30
2025-06-05 18:23:03,562 - INFO - Initial accuracy: 0.9756
2025-06-05 18:23:03,603 - INFO - Updated accuracy: 97.15%
2025-06-05 18:23:15,498 - INFO - Epoch 25: ce loss: 0.025, con loss: 0.045, ptd loss: 0.952, rep loss: 0.203
2025-06-05 18:23:15,499 - INFO - Stage 3, Epoch 25: Accuracy list: [1.    1.    1.    1.    1.    1.    1.    1.    1.    1.    1.    1.
 1.    1.    1.    0.953 1.    1.    1.    1.    1.    1.    1.    0.778
 1.    1.    1.    1.    1.    1.   ]
2025-06-05 18:23:15,499 - INFO - Stage 3, Epoch 25: Mean accuracy: 0.991
2025-06-05 18:23:15,499 - INFO - Stage 3, Epoch 25: Top ten classes mean accuracy: 100.000
2025-06-05 18:23:18,522 - INFO - Initial accuracy: 0.9756
2025-06-05 18:23:18,562 - INFO - Updated accuracy: 97.56%
2025-06-05 18:23:21,856 - INFO - Total mean accuracy: 98.966
2025-06-05 18:23:24,447 - INFO - Epoch 26/30
2025-06-05 18:23:27,259 - INFO - Initial accuracy: 0.9756
2025-06-05 18:23:27,299 - INFO - Updated accuracy: 97.36%
2025-06-05 18:23:39,255 - INFO - Epoch 26: ce loss: 0.038, con loss: 0.058, ptd loss: 0.951, rep loss: 0.358
2025-06-05 18:23:39,256 - INFO - Stage 3, Epoch 26: Accuracy list: [1.    1.    1.    1.    1.    1.    1.    1.    1.    1.    1.    1.
 1.    1.    1.    0.93  1.    1.    1.    1.    1.    1.    1.    0.778
 1.    1.    1.    1.    1.    1.   ]
2025-06-05 18:23:39,256 - INFO - Stage 3, Epoch 26: Mean accuracy: 0.990
2025-06-05 18:23:39,256 - INFO - Stage 3, Epoch 26: Top ten classes mean accuracy: 100.000
2025-06-05 18:23:42,196 - INFO - Initial accuracy: 0.9756
2025-06-05 18:23:42,235 - INFO - Updated accuracy: 97.56%
2025-06-05 18:23:45,648 - INFO - Total mean accuracy: 98.837
2025-06-05 18:23:48,891 - INFO - Epoch 27/30
2025-06-05 18:23:51,685 - INFO - Initial accuracy: 0.9756
2025-06-05 18:23:51,723 - INFO - Updated accuracy: 97.56%
2025-06-05 18:24:03,450 - INFO - Epoch 27: ce loss: 0.023, con loss: 0.138, ptd loss: 0.950, rep loss: 0.314
2025-06-05 18:24:03,451 - INFO - Stage 3, Epoch 27: Accuracy list: [1.    1.    1.    1.    1.    1.    1.    1.    1.    1.    1.    1.
 1.    1.    1.    0.93  1.    1.    1.    1.    1.    1.    1.    0.778
 1.    1.    1.    1.    1.    1.   ]
2025-06-05 18:24:03,451 - INFO - Stage 3, Epoch 27: Mean accuracy: 0.990
2025-06-05 18:24:03,451 - INFO - Stage 3, Epoch 27: Top ten classes mean accuracy: 100.000
2025-06-05 18:24:06,409 - INFO - Initial accuracy: 0.9756
2025-06-05 18:24:06,452 - INFO - Updated accuracy: 97.36%
2025-06-05 18:24:09,710 - INFO - Total mean accuracy: 98.837
2025-06-05 18:24:12,495 - INFO - Epoch 28/30
2025-06-05 18:24:15,413 - INFO - Initial accuracy: 0.9756
2025-06-05 18:24:15,452 - INFO - Updated accuracy: 97.56%
2025-06-05 18:24:26,898 - INFO - Epoch 28: ce loss: 0.032, con loss: 0.230, ptd loss: 0.948, rep loss: 0.267
2025-06-05 18:24:26,899 - INFO - Stage 3, Epoch 28: Accuracy list: [1.    1.    1.    1.    1.    1.    1.    1.    1.    1.    1.    1.
 1.    1.    1.    0.93  1.    1.    1.    1.    1.    1.    1.    0.778
 1.    1.    1.    1.    1.    1.   ]
2025-06-05 18:24:26,899 - INFO - Stage 3, Epoch 28: Mean accuracy: 0.990
2025-06-05 18:24:26,899 - INFO - Stage 3, Epoch 28: Top ten classes mean accuracy: 100.000
2025-06-05 18:24:29,836 - INFO - Initial accuracy: 0.9756
2025-06-05 18:24:29,875 - INFO - Updated accuracy: 97.56%
2025-06-05 18:24:33,271 - INFO - Total mean accuracy: 98.837
2025-06-05 18:24:35,780 - INFO - Epoch 29/30
2025-06-05 18:24:38,577 - INFO - Initial accuracy: 0.9756
2025-06-05 18:24:38,615 - INFO - Updated accuracy: 97.56%
2025-06-05 18:24:50,047 - INFO - Epoch 29: ce loss: 0.024, con loss: 0.103, ptd loss: 0.947, rep loss: 0.291
2025-06-05 18:24:50,048 - INFO - Stage 3, Epoch 29: Accuracy list: [1.    1.    1.    1.    1.    1.    1.    1.    1.    1.    1.    1.
 1.    1.    1.    0.953 1.    1.    1.    1.    1.    1.    1.    0.778
 1.    1.    1.    1.    1.    1.   ]
2025-06-05 18:24:50,048 - INFO - Stage 3, Epoch 29: Mean accuracy: 0.991
2025-06-05 18:24:50,048 - INFO - Stage 3, Epoch 29: Top ten classes mean accuracy: 100.000
2025-06-05 18:24:52,915 - INFO - Initial accuracy: 0.9756
2025-06-05 18:24:52,955 - INFO - Updated accuracy: 97.56%
2025-06-05 18:24:56,185 - INFO - Total mean accuracy: 98.966
2025-06-05 18:24:59,241 - INFO - Epoch 30/30
2025-06-05 18:25:01,997 - INFO - Initial accuracy: 0.9756
2025-06-05 18:25:02,038 - INFO - Updated accuracy: 97.56%
2025-06-05 18:25:13,466 - INFO - Epoch 30: ce loss: 0.022, con loss: 0.090, ptd loss: 0.946, rep loss: 0.278
2025-06-05 18:25:13,468 - INFO - Stage 3, Epoch 30: Accuracy list: [1.    1.    1.    1.    1.    1.    1.    1.    1.    1.    1.    1.
 1.    1.    1.    0.953 1.    1.    1.    1.    1.    1.    1.    0.778
 1.    1.    1.    1.    1.    1.   ]
2025-06-05 18:25:13,468 - INFO - Stage 3, Epoch 30: Mean accuracy: 0.991
2025-06-05 18:25:13,468 - INFO - Stage 3, Epoch 30: Top ten classes mean accuracy: 100.000
2025-06-05 18:25:16,500 - INFO - Initial accuracy: 0.9756
2025-06-05 18:25:16,542 - INFO - Updated accuracy: 97.56%
2025-06-05 18:25:19,967 - INFO - Total mean accuracy: 98.966
2025-06-05 18:25:25,780 - INFO - Stage 3 completed. Best accuracy: 98.966
2025-06-05 18:25:25,780 - INFO - From amazon to webcam, best accuracy of different stages:
2025-06-05 18:25:25,780 - INFO - [100.    100.     98.966]
2025-06-05 18:25:25,781 - INFO - From amazon to webcam, last accuracy of different stages:
2025-06-05 18:25:25,781 - INFO - [100.     99.811  98.966]
2025-06-05 18:25:25,781 - INFO - From amazon to webcam, top_ten accuracy of different stages:
2025-06-05 18:25:25,781 - INFO - [100. 100. 100.]
2025-06-05 18:25:25,782 - INFO - Training completed!
