2025-06-05 22:29:26,546 - INFO - Logging initialized. Log file: office31_webcam_to_dslr.log
2025-06-05 22:29:26,639 - INFO - Using 1 GPU(s)
2025-06-05 22:29:26,639 - INFO - Source domain: webcam, Target domain: dslr
2025-06-05 22:29:28,233 - INFO - Starting incremental learning...
2025-06-05 22:29:28,233 - INFO - Starting incremental stage 1/3
2025-06-05 22:29:32,227 - INFO - Average relation matrix mean: 0.0323
2025-06-05 22:29:32,232 - INFO - Shared classes: [0, 1, 2, 3, 4, 5, 6, 7, 8, 9]
2025-06-05 22:29:32,233 - INFO - Classes meeting probability condition: [0, 1, 2, 3, 4, 5, 6, 7, 8, 9]
2025-06-05 22:29:32,233 - INFO - Classes meeting similarity condition: [0, 1, 2, 3, 4, 5, 6, 7, 8, 9]
2025-06-05 22:29:33,451 - INFO - Starting training for stage 1
2025-06-05 22:29:33,451 - INFO - Epoch 1/30
2025-06-05 22:29:35,998 - INFO - Initial accuracy: 1.0000
2025-06-05 22:29:36,006 - INFO - Unique labels before 5th iteration: tensor([0, 1, 2, 3, 4, 5, 6, 7, 8, 9], device='cuda:0')
2025-06-05 22:29:36,018 - INFO - Updated accuracy: 99.03%
2025-06-05 22:29:41,842 - INFO - Epoch 1: ce loss: 3.112, con loss: 0.287, ptd loss: 0.999, rep loss: 0.000
2025-06-05 22:29:41,843 - INFO - Stage 1, Epoch 1: Accuracy list: [0.    0.429 0.542 0.333 0.375 0.083 0.308 0.    0.333 0.467]
2025-06-05 22:29:41,843 - INFO - Stage 1, Epoch 1: Mean accuracy: 0.287
2025-06-05 22:29:41,843 - INFO - Stage 1, Epoch 1: Top ten classes mean accuracy: 28.700
2025-06-05 22:29:44,274 - INFO - Initial accuracy: 0.3604
2025-06-05 22:29:44,279 - INFO - Unique labels before 5th iteration: tensor([0, 1, 2, 3, 4, 6, 7, 8, 9], device='cuda:0')
2025-06-05 22:29:44,291 - INFO - Updated accuracy: 68.51%
2025-06-05 22:29:45,929 - INFO - Total mean accuracy: 31.818
2025-06-05 22:29:46,782 - INFO - Epoch 2/30
2025-06-05 22:29:49,172 - INFO - Initial accuracy: 1.0000
2025-06-05 22:29:49,180 - INFO - Unique labels before 5th iteration: tensor([0, 1, 2, 3, 4, 5, 6, 7, 8, 9], device='cuda:0')
2025-06-05 22:29:49,195 - INFO - Updated accuracy: 99.35%
2025-06-05 22:29:54,468 - INFO - Epoch 2: ce loss: 2.083, con loss: 0.365, ptd loss: 0.995, rep loss: 0.000
2025-06-05 22:29:54,469 - INFO - Stage 1, Epoch 2: Accuracy list: [0.083 1.    1.    0.333 0.875 0.917 0.923 0.286 0.8   0.8  ]
2025-06-05 22:29:54,469 - INFO - Stage 1, Epoch 2: Mean accuracy: 0.702
2025-06-05 22:29:54,470 - INFO - Stage 1, Epoch 2: Top ten classes mean accuracy: 70.170
2025-06-05 22:29:57,270 - INFO - Initial accuracy: 0.7727
2025-06-05 22:29:57,275 - INFO - Unique labels before 5th iteration: tensor([0, 1, 2, 3, 4, 5, 6, 8, 9], device='cuda:0')
2025-06-05 22:29:57,286 - INFO - Updated accuracy: 89.94%
2025-06-05 22:29:58,875 - INFO - Total mean accuracy: 74.675
2025-06-05 22:30:03,792 - INFO - Epoch 3/30
2025-06-05 22:30:06,328 - INFO - Initial accuracy: 1.0000
2025-06-05 22:30:06,333 - INFO - Unique labels before 5th iteration: tensor([0, 1, 2, 3, 4, 5, 6, 7, 8, 9], device='cuda:0')
2025-06-05 22:30:06,349 - INFO - Updated accuracy: 99.35%
2025-06-05 22:30:11,801 - INFO - Epoch 3: ce loss: 1.120, con loss: 0.541, ptd loss: 0.990, rep loss: 0.000
2025-06-05 22:30:11,802 - INFO - Stage 1, Epoch 3: Accuracy list: [0.667 1.    1.    0.583 1.    1.    0.923 0.5   0.933 0.933]
2025-06-05 22:30:11,802 - INFO - Stage 1, Epoch 3: Mean accuracy: 0.854
2025-06-05 22:30:11,802 - INFO - Stage 1, Epoch 3: Top ten classes mean accuracy: 85.390
2025-06-05 22:30:14,140 - INFO - Initial accuracy: 0.9123
2025-06-05 22:30:14,145 - INFO - Unique labels before 5th iteration: tensor([0, 1, 2, 3, 4, 5, 6, 7, 8, 9], device='cuda:0')
2025-06-05 22:30:14,153 - INFO - Updated accuracy: 99.68%
2025-06-05 22:30:15,779 - INFO - Total mean accuracy: 87.662
2025-06-05 22:30:20,892 - INFO - Epoch 4/30
2025-06-05 22:30:23,251 - INFO - Initial accuracy: 1.0000
2025-06-05 22:30:23,256 - INFO - Unique labels before 5th iteration: tensor([0, 1, 2, 3, 4, 5, 6, 7, 8, 9], device='cuda:0')
2025-06-05 22:30:23,270 - INFO - Updated accuracy: 99.03%
2025-06-05 22:30:28,699 - INFO - Epoch 4: ce loss: 0.636, con loss: 0.537, ptd loss: 0.986, rep loss: 0.000
2025-06-05 22:30:28,700 - INFO - Stage 1, Epoch 4: Accuracy list: [1.    1.    1.    0.667 1.    1.    1.    1.    0.933 1.   ]
2025-06-05 22:30:28,700 - INFO - Stage 1, Epoch 4: Mean accuracy: 0.960
2025-06-05 22:30:28,701 - INFO - Stage 1, Epoch 4: Top ten classes mean accuracy: 96.000
2025-06-05 22:30:31,185 - INFO - Initial accuracy: 0.9675
2025-06-05 22:30:31,190 - INFO - Unique labels before 5th iteration: tensor([0, 1, 2, 3, 4, 5, 6, 7, 8, 9], device='cuda:0')
2025-06-05 22:30:31,200 - INFO - Updated accuracy: 98.70%
2025-06-05 22:30:33,043 - INFO - Total mean accuracy: 96.753
2025-06-05 22:30:39,243 - INFO - Epoch 5/30
2025-06-05 22:30:41,692 - INFO - Initial accuracy: 0.9968
2025-06-05 22:30:41,698 - INFO - Unique labels before 5th iteration: tensor([0, 1, 2, 3, 4, 5, 6, 7, 8, 9], device='cuda:0')
2025-06-05 22:30:41,712 - INFO - Updated accuracy: 99.68%
2025-06-05 22:30:47,158 - INFO - Epoch 5: ce loss: 0.343, con loss: 0.697, ptd loss: 0.982, rep loss: 0.000
2025-06-05 22:30:47,159 - INFO - Stage 1, Epoch 5: Accuracy list: [1.    1.    1.    0.667 1.    1.    1.    1.    1.    1.   ]
2025-06-05 22:30:47,159 - INFO - Stage 1, Epoch 5: Mean accuracy: 0.967
2025-06-05 22:30:47,160 - INFO - Stage 1, Epoch 5: Top ten classes mean accuracy: 96.670
2025-06-05 22:30:49,582 - INFO - Initial accuracy: 0.9805
2025-06-05 22:30:49,588 - INFO - Unique labels before 5th iteration: tensor([0, 1, 2, 3, 4, 5, 6, 7, 8, 9], device='cuda:0')
2025-06-05 22:30:49,598 - INFO - Updated accuracy: 100.00%
2025-06-05 22:30:51,511 - INFO - Total mean accuracy: 97.403
2025-06-05 22:30:56,376 - INFO - Epoch 6/30
2025-06-05 22:30:58,928 - INFO - Initial accuracy: 0.9870
2025-06-05 22:30:58,946 - INFO - Updated accuracy: 99.35%
2025-06-05 22:31:02,691 - INFO - Historical prototype classes: []
2025-06-05 22:31:02,692 - INFO - Current prototype classes: [0, 1, 2, 3, 4, 5, 6, 7, 8, 9]
2025-06-05 22:31:04,185 - INFO - Constructing class 0 exemplar
2025-06-05 22:31:06,516 - INFO - Constructing class 1 exemplar
2025-06-05 22:31:08,790 - INFO - Constructing class 2 exemplar
2025-06-05 22:31:11,103 - INFO - Constructing class 3 exemplar
2025-06-05 22:31:12,904 - INFO - Constructing class 4 exemplar
2025-06-05 22:31:15,172 - INFO - Constructing class 5 exemplar
2025-06-05 22:31:16,978 - INFO - Constructing class 6 exemplar
2025-06-05 22:31:18,976 - INFO - Constructing class 7 exemplar
2025-06-05 22:31:21,181 - INFO - Constructing class 8 exemplar
2025-06-05 22:31:23,010 - INFO - Constructing class 9 exemplar
2025-06-05 22:31:23,372 - INFO - Updated prototype count: 10
2025-06-05 22:31:25,254 - INFO - Epoch 6: ce loss: 0.225, con loss: 0.428, ptd loss: 0.979, rep loss: 0.000
2025-06-05 22:31:25,255 - INFO - Stage 1, Epoch 6: Accuracy list: [1.    1.    1.    0.833 1.    1.    1.    1.    1.    1.   ]
2025-06-05 22:31:25,255 - INFO - Stage 1, Epoch 6: Mean accuracy: 0.983
2025-06-05 22:31:25,255 - INFO - Stage 1, Epoch 6: Top ten classes mean accuracy: 98.330
2025-06-05 22:31:27,644 - INFO - Initial accuracy: 0.9935
2025-06-05 22:31:27,672 - INFO - Updated accuracy: 99.35%
2025-06-05 22:31:29,279 - INFO - Total mean accuracy: 98.701
2025-06-05 22:31:34,856 - INFO - Epoch 7/30
2025-06-05 22:31:37,579 - INFO - Initial accuracy: 0.9838
2025-06-05 22:31:37,602 - INFO - Updated accuracy: 99.03%
2025-06-05 22:31:44,523 - INFO - Epoch 7: ce loss: 0.092, con loss: 0.607, ptd loss: 0.976, rep loss: 0.811
2025-06-05 22:31:44,524 - INFO - Stage 1, Epoch 7: Accuracy list: [1.    1.    1.    0.917 1.    1.    1.    1.    1.    1.   ]
2025-06-05 22:31:44,524 - INFO - Stage 1, Epoch 7: Mean accuracy: 0.992
2025-06-05 22:31:44,524 - INFO - Stage 1, Epoch 7: Top ten classes mean accuracy: 99.170
2025-06-05 22:31:46,922 - INFO - Initial accuracy: 1.0000
2025-06-05 22:31:46,942 - INFO - Updated accuracy: 99.68%
2025-06-05 22:31:48,605 - INFO - Total mean accuracy: 99.351
2025-06-05 22:31:53,346 - INFO - Epoch 8/30
2025-06-05 22:31:55,725 - INFO - Initial accuracy: 0.9968
2025-06-05 22:31:55,743 - INFO - Updated accuracy: 99.03%
2025-06-05 22:32:02,286 - INFO - Epoch 8: ce loss: 0.120, con loss: 0.262, ptd loss: 0.974, rep loss: 0.784
2025-06-05 22:32:02,286 - INFO - Stage 1, Epoch 8: Accuracy list: [1. 1. 1. 1. 1. 1. 1. 1. 1. 1.]
2025-06-05 22:32:02,286 - INFO - Stage 1, Epoch 8: Mean accuracy: 1.000
2025-06-05 22:32:02,286 - INFO - Stage 1, Epoch 8: Top ten classes mean accuracy: 100.000
2025-06-05 22:32:04,825 - INFO - Initial accuracy: 0.9968
2025-06-05 22:32:04,844 - INFO - Updated accuracy: 99.35%
2025-06-05 22:32:06,999 - INFO - Total mean accuracy: 100.000
2025-06-05 22:32:12,496 - INFO - Epoch 9/30
2025-06-05 22:32:15,262 - INFO - Initial accuracy: 0.9968
2025-06-05 22:32:15,281 - INFO - Updated accuracy: 98.38%
2025-06-05 22:32:21,854 - INFO - Epoch 9: ce loss: 0.177, con loss: 0.495, ptd loss: 0.973, rep loss: 0.744
2025-06-05 22:32:21,854 - INFO - Stage 1, Epoch 9: Accuracy list: [1. 1. 1. 1. 1. 1. 1. 1. 1. 1.]
2025-06-05 22:32:21,854 - INFO - Stage 1, Epoch 9: Mean accuracy: 1.000
2025-06-05 22:32:21,854 - INFO - Stage 1, Epoch 9: Top ten classes mean accuracy: 100.000
2025-06-05 22:32:24,317 - INFO - Initial accuracy: 1.0000
2025-06-05 22:32:24,336 - INFO - Updated accuracy: 99.68%
2025-06-05 22:32:26,328 - INFO - Total mean accuracy: 100.000
2025-06-05 22:32:31,431 - INFO - Epoch 10/30
2025-06-05 22:32:34,122 - INFO - Initial accuracy: 1.0000
2025-06-05 22:32:34,141 - INFO - Updated accuracy: 100.00%
2025-06-05 22:32:41,542 - INFO - Epoch 10: ce loss: 0.075, con loss: 0.355, ptd loss: 0.971, rep loss: 0.849
2025-06-05 22:32:41,543 - INFO - Stage 1, Epoch 10: Accuracy list: [1. 1. 1. 1. 1. 1. 1. 1. 1. 1.]
2025-06-05 22:32:41,543 - INFO - Stage 1, Epoch 10: Mean accuracy: 1.000
2025-06-05 22:32:41,543 - INFO - Stage 1, Epoch 10: Top ten classes mean accuracy: 100.000
2025-06-05 22:32:44,048 - INFO - Initial accuracy: 1.0000
2025-06-05 22:32:44,066 - INFO - Updated accuracy: 99.68%
2025-06-05 22:32:46,039 - INFO - Total mean accuracy: 100.000
2025-06-05 22:32:51,406 - INFO - Epoch 11/30
2025-06-05 22:32:53,782 - INFO - Initial accuracy: 1.0000
2025-06-05 22:32:53,799 - INFO - Updated accuracy: 100.00%
2025-06-05 22:32:58,704 - INFO - Historical prototype classes: [0, 1, 2, 3, 4, 5, 6, 7, 8, 9]
2025-06-05 22:32:58,704 - INFO - Current prototype classes: [0, 1, 2, 3, 4, 5, 6, 7, 8, 9]
2025-06-05 22:33:00,187 - INFO - Constructing class 0 exemplar
2025-06-05 22:33:02,486 - INFO - Constructing class 2 exemplar
2025-06-05 22:33:04,401 - INFO - Constructing class 3 exemplar
2025-06-05 22:33:06,722 - INFO - Constructing class 4 exemplar
2025-06-05 22:33:08,962 - INFO - Constructing class 5 exemplar
2025-06-05 22:33:11,181 - INFO - Constructing class 6 exemplar
2025-06-05 22:33:13,097 - INFO - Constructing class 7 exemplar
2025-06-05 22:33:15,397 - INFO - Constructing class 8 exemplar
2025-06-05 22:33:17,250 - INFO - Constructing class 9 exemplar
2025-06-05 22:33:17,611 - INFO - Updated prototype count: 10
2025-06-05 22:33:19,322 - INFO - Epoch 11: ce loss: 0.096, con loss: 0.413, ptd loss: 0.969, rep loss: 0.900
2025-06-05 22:33:19,323 - INFO - Stage 1, Epoch 11: Accuracy list: [1. 1. 1. 1. 1. 1. 1. 1. 1. 1.]
2025-06-05 22:33:19,323 - INFO - Stage 1, Epoch 11: Mean accuracy: 1.000
2025-06-05 22:33:19,323 - INFO - Stage 1, Epoch 11: Top ten classes mean accuracy: 100.000
2025-06-05 22:33:21,730 - INFO - Initial accuracy: 0.9968
2025-06-05 22:33:21,753 - INFO - Updated accuracy: 99.68%
2025-06-05 22:33:23,392 - INFO - Total mean accuracy: 100.000
2025-06-05 22:33:29,505 - INFO - Epoch 12/30
2025-06-05 22:33:31,873 - INFO - Initial accuracy: 1.0000
2025-06-05 22:33:31,897 - INFO - Updated accuracy: 99.68%
2025-06-05 22:33:38,384 - INFO - Epoch 12: ce loss: 0.114, con loss: 0.668, ptd loss: 0.968, rep loss: 0.438
2025-06-05 22:33:38,385 - INFO - Stage 1, Epoch 12: Accuracy list: [1. 1. 1. 1. 1. 1. 1. 1. 1. 1.]
2025-06-05 22:33:38,385 - INFO - Stage 1, Epoch 12: Mean accuracy: 1.000
2025-06-05 22:33:38,385 - INFO - Stage 1, Epoch 12: Top ten classes mean accuracy: 100.000
2025-06-05 22:33:40,804 - INFO - Initial accuracy: 1.0000
2025-06-05 22:33:40,824 - INFO - Updated accuracy: 99.68%
2025-06-05 22:33:42,605 - INFO - Total mean accuracy: 100.000
2025-06-05 22:33:47,850 - INFO - Epoch 13/30
2025-06-05 22:33:50,921 - INFO - Initial accuracy: 1.0000
2025-06-05 22:33:50,941 - INFO - Updated accuracy: 100.00%
2025-06-05 22:33:57,828 - INFO - Epoch 13: ce loss: 0.051, con loss: 0.298, ptd loss: 0.967, rep loss: 0.408
2025-06-05 22:33:57,828 - INFO - Stage 1, Epoch 13: Accuracy list: [1. 1. 1. 1. 1. 1. 1. 1. 1. 1.]
2025-06-05 22:33:57,829 - INFO - Stage 1, Epoch 13: Mean accuracy: 1.000
2025-06-05 22:33:57,829 - INFO - Stage 1, Epoch 13: Top ten classes mean accuracy: 100.000
2025-06-05 22:34:00,384 - INFO - Initial accuracy: 1.0000
2025-06-05 22:34:00,403 - INFO - Updated accuracy: 100.00%
2025-06-05 22:34:02,427 - INFO - Total mean accuracy: 100.000
2025-06-05 22:34:07,520 - INFO - Epoch 14/30
2025-06-05 22:34:10,021 - INFO - Initial accuracy: 1.0000
2025-06-05 22:34:10,040 - INFO - Updated accuracy: 99.68%
2025-06-05 22:34:17,042 - INFO - Epoch 14: ce loss: 0.064, con loss: 0.533, ptd loss: 0.966, rep loss: 0.380
2025-06-05 22:34:17,043 - INFO - Stage 1, Epoch 14: Accuracy list: [1. 1. 1. 1. 1. 1. 1. 1. 1. 1.]
2025-06-05 22:34:17,043 - INFO - Stage 1, Epoch 14: Mean accuracy: 1.000
2025-06-05 22:34:17,043 - INFO - Stage 1, Epoch 14: Top ten classes mean accuracy: 100.000
2025-06-05 22:34:19,804 - INFO - Initial accuracy: 1.0000
2025-06-05 22:34:19,823 - INFO - Updated accuracy: 100.00%
2025-06-05 22:34:21,745 - INFO - Total mean accuracy: 100.000
2025-06-05 22:34:26,798 - INFO - Epoch 15/30
2025-06-05 22:34:29,127 - INFO - Initial accuracy: 1.0000
2025-06-05 22:34:29,146 - INFO - Updated accuracy: 100.00%
2025-06-05 22:34:35,683 - INFO - Epoch 15: ce loss: 0.074, con loss: 0.269, ptd loss: 0.964, rep loss: 0.409
2025-06-05 22:34:35,684 - INFO - Stage 1, Epoch 15: Accuracy list: [1. 1. 1. 1. 1. 1. 1. 1. 1. 1.]
2025-06-05 22:34:35,685 - INFO - Stage 1, Epoch 15: Mean accuracy: 1.000
2025-06-05 22:34:35,685 - INFO - Stage 1, Epoch 15: Top ten classes mean accuracy: 100.000
2025-06-05 22:34:38,162 - INFO - Initial accuracy: 1.0000
2025-06-05 22:34:38,182 - INFO - Updated accuracy: 100.00%
2025-06-05 22:34:39,801 - INFO - Total mean accuracy: 100.000
2025-06-05 22:34:45,061 - INFO - Epoch 16/30
2025-06-05 22:34:47,638 - INFO - Initial accuracy: 1.0000
2025-06-05 22:34:47,656 - INFO - Updated accuracy: 100.00%
2025-06-05 22:34:54,132 - INFO - Epoch 16: ce loss: 0.059, con loss: 0.255, ptd loss: 0.963, rep loss: 0.402
2025-06-05 22:34:54,133 - INFO - Stage 1, Epoch 16: Accuracy list: [1. 1. 1. 1. 1. 1. 1. 1. 1. 1.]
2025-06-05 22:34:54,133 - INFO - Stage 1, Epoch 16: Mean accuracy: 1.000
2025-06-05 22:34:54,133 - INFO - Stage 1, Epoch 16: Top ten classes mean accuracy: 100.000
2025-06-05 22:34:56,572 - INFO - Initial accuracy: 1.0000
2025-06-05 22:34:56,591 - INFO - Updated accuracy: 100.00%
2025-06-05 22:34:58,264 - INFO - Total mean accuracy: 100.000
2025-06-05 22:35:03,200 - INFO - Epoch 17/30
2025-06-05 22:35:05,568 - INFO - Initial accuracy: 1.0000
2025-06-05 22:35:05,588 - INFO - Updated accuracy: 100.00%
2025-06-05 22:35:12,495 - INFO - Epoch 17: ce loss: 0.076, con loss: 0.319, ptd loss: 0.962, rep loss: 0.290
2025-06-05 22:35:12,496 - INFO - Stage 1, Epoch 17: Accuracy list: [1. 1. 1. 1. 1. 1. 1. 1. 1. 1.]
2025-06-05 22:35:12,496 - INFO - Stage 1, Epoch 17: Mean accuracy: 1.000
2025-06-05 22:35:12,496 - INFO - Stage 1, Epoch 17: Top ten classes mean accuracy: 100.000
2025-06-05 22:35:14,920 - INFO - Initial accuracy: 1.0000
2025-06-05 22:35:14,939 - INFO - Updated accuracy: 100.00%
2025-06-05 22:35:16,632 - INFO - Total mean accuracy: 100.000
2025-06-05 22:35:21,816 - INFO - Epoch 18/30
2025-06-05 22:35:24,329 - INFO - Initial accuracy: 1.0000
2025-06-05 22:35:24,346 - INFO - Updated accuracy: 100.00%
2025-06-05 22:35:31,130 - INFO - Epoch 18: ce loss: 0.062, con loss: 0.221, ptd loss: 0.961, rep loss: 0.467
2025-06-05 22:35:31,130 - INFO - Stage 1, Epoch 18: Accuracy list: [1. 1. 1. 1. 1. 1. 1. 1. 1. 1.]
2025-06-05 22:35:31,131 - INFO - Stage 1, Epoch 18: Mean accuracy: 1.000
2025-06-05 22:35:31,131 - INFO - Stage 1, Epoch 18: Top ten classes mean accuracy: 100.000
2025-06-05 22:35:33,593 - INFO - Initial accuracy: 1.0000
2025-06-05 22:35:33,611 - INFO - Updated accuracy: 100.00%
2025-06-05 22:35:35,256 - INFO - Total mean accuracy: 100.000
2025-06-05 22:35:41,183 - INFO - Epoch 19/30
2025-06-05 22:35:43,719 - INFO - Initial accuracy: 1.0000
2025-06-05 22:35:43,737 - INFO - Updated accuracy: 100.00%
2025-06-05 22:35:50,330 - INFO - Epoch 19: ce loss: 0.083, con loss: 0.266, ptd loss: 0.960, rep loss: 0.353
2025-06-05 22:35:50,332 - INFO - Stage 1, Epoch 19: Accuracy list: [1. 1. 1. 1. 1. 1. 1. 1. 1. 1.]
2025-06-05 22:35:50,332 - INFO - Stage 1, Epoch 19: Mean accuracy: 1.000
2025-06-05 22:35:50,332 - INFO - Stage 1, Epoch 19: Top ten classes mean accuracy: 100.000
2025-06-05 22:35:53,128 - INFO - Initial accuracy: 1.0000
2025-06-05 22:35:53,148 - INFO - Updated accuracy: 100.00%
2025-06-05 22:35:54,820 - INFO - Total mean accuracy: 100.000
2025-06-05 22:36:00,328 - INFO - Epoch 20/30
2025-06-05 22:36:02,875 - INFO - Initial accuracy: 1.0000
2025-06-05 22:36:02,894 - INFO - Updated accuracy: 100.00%
2025-06-05 22:36:09,868 - INFO - Epoch 20: ce loss: 0.034, con loss: 0.195, ptd loss: 0.958, rep loss: 0.458
2025-06-05 22:36:09,869 - INFO - Stage 1, Epoch 20: Accuracy list: [1. 1. 1. 1. 1. 1. 1. 1. 1. 1.]
2025-06-05 22:36:09,869 - INFO - Stage 1, Epoch 20: Mean accuracy: 1.000
2025-06-05 22:36:09,869 - INFO - Stage 1, Epoch 20: Top ten classes mean accuracy: 100.000
2025-06-05 22:36:12,336 - INFO - Initial accuracy: 1.0000
2025-06-05 22:36:12,354 - INFO - Updated accuracy: 100.00%
2025-06-05 22:36:14,035 - INFO - Total mean accuracy: 100.000
2025-06-05 22:36:19,916 - INFO - Epoch 21/30
2025-06-05 22:36:22,438 - INFO - Initial accuracy: 1.0000
2025-06-05 22:36:22,455 - INFO - Updated accuracy: 100.00%
2025-06-05 22:36:27,635 - INFO - Historical prototype classes: [0, 1, 2, 3, 4, 5, 6, 7, 8, 9]
2025-06-05 22:36:27,636 - INFO - Current prototype classes: [0, 1, 2, 3, 4, 5, 6, 7, 8, 9]
2025-06-05 22:36:29,126 - INFO - Constructing class 0 exemplar
2025-06-05 22:36:30,991 - INFO - Constructing class 2 exemplar
2025-06-05 22:36:32,941 - INFO - Constructing class 3 exemplar
2025-06-05 22:36:35,386 - INFO - Constructing class 4 exemplar
2025-06-05 22:36:37,596 - INFO - Constructing class 5 exemplar
2025-06-05 22:36:39,430 - INFO - Constructing class 6 exemplar
2025-06-05 22:36:41,264 - INFO - Constructing class 7 exemplar
2025-06-05 22:36:43,163 - INFO - Constructing class 8 exemplar
2025-06-05 22:36:43,513 - INFO - Updated prototype count: 10
2025-06-05 22:36:45,237 - INFO - Epoch 21: ce loss: 0.036, con loss: 0.259, ptd loss: 0.957, rep loss: 0.351
2025-06-05 22:36:45,238 - INFO - Stage 1, Epoch 21: Accuracy list: [1. 1. 1. 1. 1. 1. 1. 1. 1. 1.]
2025-06-05 22:36:45,238 - INFO - Stage 1, Epoch 21: Mean accuracy: 1.000
2025-06-05 22:36:45,238 - INFO - Stage 1, Epoch 21: Top ten classes mean accuracy: 100.000
2025-06-05 22:36:47,739 - INFO - Initial accuracy: 1.0000
2025-06-05 22:36:47,763 - INFO - Updated accuracy: 100.00%
2025-06-05 22:36:49,458 - INFO - Total mean accuracy: 100.000
2025-06-05 22:36:54,187 - INFO - Epoch 22/30
2025-06-05 22:36:56,732 - INFO - Initial accuracy: 1.0000
2025-06-05 22:36:56,756 - INFO - Updated accuracy: 100.00%
2025-06-05 22:37:03,713 - INFO - Epoch 22: ce loss: 0.052, con loss: 0.527, ptd loss: 0.956, rep loss: 0.296
2025-06-05 22:37:03,714 - INFO - Stage 1, Epoch 22: Accuracy list: [1. 1. 1. 1. 1. 1. 1. 1. 1. 1.]
2025-06-05 22:37:03,715 - INFO - Stage 1, Epoch 22: Mean accuracy: 1.000
2025-06-05 22:37:03,715 - INFO - Stage 1, Epoch 22: Top ten classes mean accuracy: 100.000
2025-06-05 22:37:06,181 - INFO - Initial accuracy: 1.0000
2025-06-05 22:37:06,200 - INFO - Updated accuracy: 100.00%
2025-06-05 22:37:07,867 - INFO - Total mean accuracy: 100.000
2025-06-05 22:37:12,973 - INFO - Epoch 23/30
2025-06-05 22:37:15,683 - INFO - Initial accuracy: 1.0000
2025-06-05 22:37:15,701 - INFO - Updated accuracy: 100.00%
2025-06-05 22:37:22,367 - INFO - Epoch 23: ce loss: 0.034, con loss: 0.157, ptd loss: 0.955, rep loss: 0.253
2025-06-05 22:37:22,367 - INFO - Stage 1, Epoch 23: Accuracy list: [1. 1. 1. 1. 1. 1. 1. 1. 1. 1.]
2025-06-05 22:37:22,368 - INFO - Stage 1, Epoch 23: Mean accuracy: 1.000
2025-06-05 22:37:22,368 - INFO - Stage 1, Epoch 23: Top ten classes mean accuracy: 100.000
2025-06-05 22:37:24,890 - INFO - Initial accuracy: 1.0000
2025-06-05 22:37:24,911 - INFO - Updated accuracy: 100.00%
2025-06-05 22:37:26,550 - INFO - Total mean accuracy: 100.000
2025-06-05 22:37:32,042 - INFO - Epoch 24/30
2025-06-05 22:37:34,583 - INFO - Initial accuracy: 1.0000
2025-06-05 22:37:34,604 - INFO - Updated accuracy: 100.00%
2025-06-05 22:37:41,567 - INFO - Epoch 24: ce loss: 0.043, con loss: 0.265, ptd loss: 0.954, rep loss: 0.239
2025-06-05 22:37:41,568 - INFO - Stage 1, Epoch 24: Accuracy list: [1. 1. 1. 1. 1. 1. 1. 1. 1. 1.]
2025-06-05 22:37:41,568 - INFO - Stage 1, Epoch 24: Mean accuracy: 1.000
2025-06-05 22:37:41,568 - INFO - Stage 1, Epoch 24: Top ten classes mean accuracy: 100.000
2025-06-05 22:37:44,836 - INFO - Initial accuracy: 1.0000
2025-06-05 22:37:44,854 - INFO - Updated accuracy: 100.00%
2025-06-05 22:37:46,751 - INFO - Total mean accuracy: 100.000
2025-06-05 22:37:51,911 - INFO - Epoch 25/30
2025-06-05 22:37:54,484 - INFO - Initial accuracy: 1.0000
2025-06-05 22:37:54,503 - INFO - Updated accuracy: 100.00%
2025-06-05 22:38:01,234 - INFO - Epoch 25: ce loss: 0.030, con loss: 0.260, ptd loss: 0.953, rep loss: 0.287
2025-06-05 22:38:01,235 - INFO - Stage 1, Epoch 25: Accuracy list: [1. 1. 1. 1. 1. 1. 1. 1. 1. 1.]
2025-06-05 22:38:01,235 - INFO - Stage 1, Epoch 25: Mean accuracy: 1.000
2025-06-05 22:38:01,235 - INFO - Stage 1, Epoch 25: Top ten classes mean accuracy: 100.000
2025-06-05 22:38:03,714 - INFO - Initial accuracy: 1.0000
2025-06-05 22:38:03,733 - INFO - Updated accuracy: 100.00%
2025-06-05 22:38:05,358 - INFO - Total mean accuracy: 100.000
2025-06-05 22:38:11,752 - INFO - Epoch 26/30
2025-06-05 22:38:14,285 - INFO - Initial accuracy: 1.0000
2025-06-05 22:38:14,306 - INFO - Updated accuracy: 100.00%
2025-06-05 22:38:20,843 - INFO - Epoch 26: ce loss: 0.030, con loss: 0.303, ptd loss: 0.952, rep loss: 0.292
2025-06-05 22:38:20,843 - INFO - Stage 1, Epoch 26: Accuracy list: [1. 1. 1. 1. 1. 1. 1. 1. 1. 1.]
2025-06-05 22:38:20,844 - INFO - Stage 1, Epoch 26: Mean accuracy: 1.000
2025-06-05 22:38:20,844 - INFO - Stage 1, Epoch 26: Top ten classes mean accuracy: 100.000
2025-06-05 22:38:23,413 - INFO - Initial accuracy: 1.0000
2025-06-05 22:38:23,431 - INFO - Updated accuracy: 100.00%
2025-06-05 22:38:25,082 - INFO - Total mean accuracy: 100.000
2025-06-05 22:38:30,193 - INFO - Epoch 27/30
2025-06-05 22:38:32,770 - INFO - Initial accuracy: 1.0000
2025-06-05 22:38:32,788 - INFO - Updated accuracy: 100.00%
2025-06-05 22:38:39,875 - INFO - Epoch 27: ce loss: 0.052, con loss: 0.248, ptd loss: 0.951, rep loss: 0.286
2025-06-05 22:38:39,876 - INFO - Stage 1, Epoch 27: Accuracy list: [1. 1. 1. 1. 1. 1. 1. 1. 1. 1.]
2025-06-05 22:38:39,876 - INFO - Stage 1, Epoch 27: Mean accuracy: 1.000
2025-06-05 22:38:39,876 - INFO - Stage 1, Epoch 27: Top ten classes mean accuracy: 100.000
2025-06-05 22:38:42,786 - INFO - Initial accuracy: 1.0000
2025-06-05 22:38:42,805 - INFO - Updated accuracy: 100.00%
2025-06-05 22:38:44,432 - INFO - Total mean accuracy: 100.000
2025-06-05 22:38:50,010 - INFO - Epoch 28/30
2025-06-05 22:38:52,547 - INFO - Initial accuracy: 1.0000
2025-06-05 22:38:52,565 - INFO - Updated accuracy: 100.00%
2025-06-05 22:38:59,330 - INFO - Epoch 28: ce loss: 0.053, con loss: 0.191, ptd loss: 0.950, rep loss: 0.267
2025-06-05 22:38:59,331 - INFO - Stage 1, Epoch 28: Accuracy list: [1. 1. 1. 1. 1. 1. 1. 1. 1. 1.]
2025-06-05 22:38:59,331 - INFO - Stage 1, Epoch 28: Mean accuracy: 1.000
2025-06-05 22:38:59,332 - INFO - Stage 1, Epoch 28: Top ten classes mean accuracy: 100.000
2025-06-05 22:39:01,800 - INFO - Initial accuracy: 1.0000
2025-06-05 22:39:01,818 - INFO - Updated accuracy: 100.00%
2025-06-05 22:39:03,548 - INFO - Total mean accuracy: 100.000
2025-06-05 22:39:08,856 - INFO - Epoch 29/30
2025-06-05 22:39:11,426 - INFO - Initial accuracy: 1.0000
2025-06-05 22:39:11,444 - INFO - Updated accuracy: 100.00%
2025-06-05 22:39:18,142 - INFO - Epoch 29: ce loss: 0.039, con loss: 0.127, ptd loss: 0.949, rep loss: 0.235
2025-06-05 22:39:18,143 - INFO - Stage 1, Epoch 29: Accuracy list: [1. 1. 1. 1. 1. 1. 1. 1. 1. 1.]
2025-06-05 22:39:18,143 - INFO - Stage 1, Epoch 29: Mean accuracy: 1.000
2025-06-05 22:39:18,143 - INFO - Stage 1, Epoch 29: Top ten classes mean accuracy: 100.000
2025-06-05 22:39:20,586 - INFO - Initial accuracy: 1.0000
2025-06-05 22:39:20,605 - INFO - Updated accuracy: 100.00%
2025-06-05 22:39:22,223 - INFO - Total mean accuracy: 100.000
2025-06-05 22:39:27,206 - INFO - Epoch 30/30
2025-06-05 22:39:29,881 - INFO - Initial accuracy: 1.0000
2025-06-05 22:39:29,899 - INFO - Updated accuracy: 100.00%
2025-06-05 22:39:37,111 - INFO - Epoch 30: ce loss: 0.055, con loss: 0.337, ptd loss: 0.947, rep loss: 0.272
2025-06-05 22:39:37,112 - INFO - Stage 1, Epoch 30: Accuracy list: [1. 1. 1. 1. 1. 1. 1. 1. 1. 1.]
2025-06-05 22:39:37,113 - INFO - Stage 1, Epoch 30: Mean accuracy: 1.000
2025-06-05 22:39:37,113 - INFO - Stage 1, Epoch 30: Top ten classes mean accuracy: 100.000
2025-06-05 22:39:39,576 - INFO - Initial accuracy: 1.0000
2025-06-05 22:39:39,594 - INFO - Updated accuracy: 100.00%
2025-06-05 22:39:41,221 - INFO - Total mean accuracy: 100.000
2025-06-05 22:39:48,621 - INFO - Stage 1 completed. Best accuracy: 100.000
2025-06-05 22:39:48,622 - INFO - Starting incremental stage 2/3
2025-06-05 22:39:51,141 - INFO - Average relation matrix mean: 0.0323
2025-06-05 22:39:51,146 - INFO - Shared classes: [10, 11, 12, 13, 14, 15, 16, 17, 18, 19]
2025-06-05 22:39:51,146 - INFO - Classes meeting probability condition: [10, 11, 12, 13, 14, 15, 16, 17, 18, 19]
2025-06-05 22:39:51,146 - INFO - Classes meeting similarity condition: [10, 11, 12, 13, 14, 15, 16, 17, 18, 19]
2025-06-05 22:39:51,532 - INFO - Starting training for stage 2
2025-06-05 22:39:51,532 - INFO - Epoch 1/30
2025-06-05 22:39:54,343 - INFO - Initial accuracy: 1.0000
2025-06-05 22:39:54,351 - INFO - Unique labels before 5th iteration: tensor([10, 11, 12, 13, 14, 15, 16, 17, 18, 19], device='cuda:0')
2025-06-05 22:39:54,364 - INFO - Updated accuracy: 99.04%
2025-06-05 22:40:01,123 - INFO - Epoch 1: ce loss: 4.379, con loss: 0.227, ptd loss: 0.994, rep loss: 0.290
2025-06-05 22:40:01,124 - INFO - Stage 2, Epoch 1: Accuracy list: [1.   1.   1.   1.   1.   1.   1.   1.   1.   1.   0.   0.   0.   0.
 0.   0.   0.   0.25 0.   0.  ]
2025-06-05 22:40:01,124 - INFO - Stage 2, Epoch 1: Mean accuracy: 0.512
2025-06-05 22:40:01,124 - INFO - Stage 2, Epoch 1: Top ten classes mean accuracy: 100.000
2025-06-05 22:40:03,669 - INFO - Initial accuracy: 0.4231
2025-06-05 22:40:03,676 - INFO - Unique labels before 5th iteration: tensor([10, 11, 12, 13, 14, 15, 16, 17, 18, 19], device='cuda:0')
2025-06-05 22:40:03,683 - INFO - Updated accuracy: 89.42%
2025-06-05 22:40:06,019 - INFO - Total mean accuracy: 50.323
2025-06-05 22:40:07,027 - INFO - Epoch 2/30
2025-06-05 22:40:09,595 - INFO - Initial accuracy: 0.9968
2025-06-05 22:40:09,600 - INFO - Unique labels before 5th iteration: tensor([10, 11, 12, 13, 14, 15, 16, 17, 18, 19], device='cuda:0')
2025-06-05 22:40:09,612 - INFO - Updated accuracy: 99.36%
2025-06-05 22:40:16,999 - INFO - Epoch 2: ce loss: 2.738, con loss: 0.319, ptd loss: 0.988, rep loss: 0.311
2025-06-05 22:40:17,000 - INFO - Stage 2, Epoch 2: Accuracy list: [1.    1.    1.    1.    1.    1.    1.    1.    1.    1.    0.385 0.
 0.25  0.062 0.71  0.545 0.25  0.625 0.1   0.7  ]
2025-06-05 22:40:17,000 - INFO - Stage 2, Epoch 2: Mean accuracy: 0.681
2025-06-05 22:40:17,000 - INFO - Stage 2, Epoch 2: Top ten classes mean accuracy: 100.000
2025-06-05 22:40:19,645 - INFO - Initial accuracy: 0.8269
2025-06-05 22:40:19,649 - INFO - Unique labels before 5th iteration: tensor([10, 12, 14, 15, 16, 17, 18, 19], device='cuda:0')
2025-06-05 22:40:19,659 - INFO - Updated accuracy: 82.69%
2025-06-05 22:40:21,783 - INFO - Total mean accuracy: 69.677
2025-06-05 22:40:27,449 - INFO - Epoch 3/30
2025-06-05 22:40:29,865 - INFO - Initial accuracy: 1.0000
2025-06-05 22:40:29,870 - INFO - Unique labels before 5th iteration: tensor([10, 11, 12, 13, 14, 15, 16, 17, 18, 19], device='cuda:0')
2025-06-05 22:40:29,884 - INFO - Updated accuracy: 100.00%
2025-06-05 22:40:36,765 - INFO - Epoch 3: ce loss: 1.128, con loss: 0.210, ptd loss: 0.981, rep loss: 0.425
2025-06-05 22:40:36,765 - INFO - Stage 2, Epoch 3: Accuracy list: [1.    1.    1.    1.    1.    0.583 1.    1.    1.    1.    1.    0.1
 0.875 0.688 1.    0.864 1.    1.    1.    1.   ]
2025-06-05 22:40:36,765 - INFO - Stage 2, Epoch 3: Mean accuracy: 0.905
2025-06-05 22:40:36,765 - INFO - Stage 2, Epoch 3: Top ten classes mean accuracy: 95.830
2025-06-05 22:40:39,330 - INFO - Initial accuracy: 0.9038
2025-06-05 22:40:39,335 - INFO - Unique labels before 5th iteration: tensor([10, 12, 13, 14, 15, 16, 17, 18, 19], device='cuda:0')
2025-06-05 22:40:39,343 - INFO - Updated accuracy: 92.63%
2025-06-05 22:40:41,638 - INFO - Total mean accuracy: 91.935
2025-06-05 22:40:46,049 - INFO - Epoch 4/30
2025-06-05 22:40:48,455 - INFO - Initial accuracy: 0.9968
2025-06-05 22:40:48,461 - INFO - Unique labels before 5th iteration: tensor([10, 11, 12, 13, 14, 15, 16, 17, 18, 19], device='cuda:0')
2025-06-05 22:40:48,470 - INFO - Updated accuracy: 99.68%
2025-06-05 22:40:55,415 - INFO - Epoch 4: ce loss: 0.816, con loss: 0.263, ptd loss: 0.975, rep loss: 0.431
2025-06-05 22:40:55,415 - INFO - Stage 2, Epoch 4: Accuracy list: [1.    1.    1.    1.    1.    0.5   1.    1.    1.    1.    1.    0.2
 0.958 1.    1.    0.909 1.    1.    1.    1.   ]
2025-06-05 22:40:55,416 - INFO - Stage 2, Epoch 4: Mean accuracy: 0.928
2025-06-05 22:40:55,416 - INFO - Stage 2, Epoch 4: Top ten classes mean accuracy: 95.000
2025-06-05 22:40:57,898 - INFO - Initial accuracy: 0.9423
2025-06-05 22:40:57,904 - INFO - Unique labels before 5th iteration: tensor([10, 12, 13, 14, 15, 16, 17, 18, 19], device='cuda:0')
2025-06-05 22:40:57,916 - INFO - Updated accuracy: 92.31%
2025-06-05 22:41:00,261 - INFO - Total mean accuracy: 94.516
2025-06-05 22:41:04,962 - INFO - Epoch 5/30
2025-06-05 22:41:07,315 - INFO - Initial accuracy: 1.0000
2025-06-05 22:41:07,321 - INFO - Unique labels before 5th iteration: tensor([10, 11, 12, 13, 14, 15, 16, 17, 18, 19], device='cuda:0')
2025-06-05 22:41:07,334 - INFO - Updated accuracy: 100.00%
2025-06-05 22:41:14,459 - INFO - Epoch 5: ce loss: 0.443, con loss: 0.315, ptd loss: 0.970, rep loss: 0.330
2025-06-05 22:41:14,460 - INFO - Stage 2, Epoch 5: Accuracy list: [1.    1.    1.    1.    1.    0.833 1.    1.    1.    1.    1.    0.8
 1.    1.    1.    1.    1.    1.    1.    1.   ]
2025-06-05 22:41:14,460 - INFO - Stage 2, Epoch 5: Mean accuracy: 0.982
2025-06-05 22:41:14,460 - INFO - Stage 2, Epoch 5: Top ten classes mean accuracy: 98.330
2025-06-05 22:41:16,918 - INFO - Initial accuracy: 0.9808
2025-06-05 22:41:16,923 - INFO - Unique labels before 5th iteration: tensor([10, 11, 12, 13, 14, 15, 16, 17, 18, 19], device='cuda:0')
2025-06-05 22:41:16,932 - INFO - Updated accuracy: 99.36%
2025-06-05 22:41:19,132 - INFO - Total mean accuracy: 98.710
2025-06-05 22:41:23,845 - INFO - Epoch 6/30
2025-06-05 22:41:26,487 - INFO - Initial accuracy: 0.9712
2025-06-05 22:41:26,503 - INFO - Updated accuracy: 99.68%
2025-06-05 22:41:31,399 - INFO - Historical prototype classes: [0, 1, 2, 3, 4, 5, 6, 7, 8, 9]
2025-06-05 22:41:31,400 - INFO - Current prototype classes: [10, 11, 12, 13, 14, 15, 16, 17, 18, 19]
2025-06-05 22:41:32,889 - INFO - Constructing class 10 exemplar
2025-06-05 22:41:34,851 - INFO - Constructing class 11 exemplar
2025-06-05 22:41:37,206 - INFO - Constructing class 12 exemplar
2025-06-05 22:41:39,184 - INFO - Constructing class 13 exemplar
2025-06-05 22:41:41,116 - INFO - Constructing class 14 exemplar
2025-06-05 22:41:43,121 - INFO - Constructing class 15 exemplar
2025-06-05 22:41:45,406 - INFO - Constructing class 16 exemplar
2025-06-05 22:41:47,647 - INFO - Constructing class 17 exemplar
2025-06-05 22:41:50,012 - INFO - Constructing class 18 exemplar
2025-06-05 22:41:51,921 - INFO - Constructing class 19 exemplar
2025-06-05 22:41:52,274 - INFO - Updated prototype count: 20
2025-06-05 22:41:54,691 - INFO - Epoch 6: ce loss: 0.249, con loss: 0.328, ptd loss: 0.967, rep loss: 0.306
2025-06-05 22:41:54,692 - INFO - Stage 2, Epoch 6: Accuracy list: [1. 1. 1. 1. 1. 1. 1. 1. 1. 1. 1. 1. 1. 1. 1. 1. 1. 1. 1. 1.]
2025-06-05 22:41:54,692 - INFO - Stage 2, Epoch 6: Mean accuracy: 1.000
2025-06-05 22:41:54,692 - INFO - Stage 2, Epoch 6: Top ten classes mean accuracy: 100.000
2025-06-05 22:41:57,266 - INFO - Initial accuracy: 1.0000
2025-06-05 22:41:57,289 - INFO - Updated accuracy: 99.04%
2025-06-05 22:41:59,407 - INFO - Total mean accuracy: 100.000
2025-06-05 22:42:03,779 - INFO - Epoch 7/30
2025-06-05 22:42:06,399 - INFO - Initial accuracy: 1.0000
2025-06-05 22:42:06,423 - INFO - Updated accuracy: 99.04%
2025-06-05 22:42:13,865 - INFO - Epoch 7: ce loss: 0.147, con loss: 0.322, ptd loss: 0.964, rep loss: 0.626
2025-06-05 22:42:13,866 - INFO - Stage 2, Epoch 7: Accuracy list: [1. 1. 1. 1. 1. 1. 1. 1. 1. 1. 1. 1. 1. 1. 1. 1. 1. 1. 1. 1.]
2025-06-05 22:42:13,866 - INFO - Stage 2, Epoch 7: Mean accuracy: 1.000
2025-06-05 22:42:13,866 - INFO - Stage 2, Epoch 7: Top ten classes mean accuracy: 100.000
2025-06-05 22:42:16,354 - INFO - Initial accuracy: 0.9968
2025-06-05 22:42:16,372 - INFO - Updated accuracy: 99.68%
2025-06-05 22:42:18,508 - INFO - Total mean accuracy: 100.000
2025-06-05 22:42:22,913 - INFO - Epoch 8/30
2025-06-05 22:42:25,296 - INFO - Initial accuracy: 1.0000
2025-06-05 22:42:25,313 - INFO - Updated accuracy: 100.00%
2025-06-05 22:42:32,766 - INFO - Epoch 8: ce loss: 0.116, con loss: 0.256, ptd loss: 0.962, rep loss: 0.545
2025-06-05 22:42:32,766 - INFO - Stage 2, Epoch 8: Accuracy list: [1. 1. 1. 1. 1. 1. 1. 1. 1. 1. 1. 1. 1. 1. 1. 1. 1. 1. 1. 1.]
2025-06-05 22:42:32,766 - INFO - Stage 2, Epoch 8: Mean accuracy: 1.000
2025-06-05 22:42:32,766 - INFO - Stage 2, Epoch 8: Top ten classes mean accuracy: 100.000
2025-06-05 22:42:35,275 - INFO - Initial accuracy: 1.0000
2025-06-05 22:42:35,293 - INFO - Updated accuracy: 99.36%
2025-06-05 22:42:37,812 - INFO - Total mean accuracy: 100.000
2025-06-05 22:42:42,357 - INFO - Epoch 9/30
2025-06-05 22:42:44,937 - INFO - Initial accuracy: 1.0000
2025-06-05 22:42:44,955 - INFO - Updated accuracy: 100.00%
2025-06-05 22:42:52,413 - INFO - Epoch 9: ce loss: 0.099, con loss: 0.302, ptd loss: 0.960, rep loss: 0.667
2025-06-05 22:42:52,414 - INFO - Stage 2, Epoch 9: Accuracy list: [1.    1.    0.958 1.    1.    1.    1.    1.    1.    1.    1.    1.
 1.    1.    1.    1.    1.    1.    1.    1.   ]
2025-06-05 22:42:52,414 - INFO - Stage 2, Epoch 9: Mean accuracy: 0.998
2025-06-05 22:42:52,414 - INFO - Stage 2, Epoch 9: Top ten classes mean accuracy: 99.580
2025-06-05 22:42:54,979 - INFO - Initial accuracy: 1.0000
2025-06-05 22:42:54,997 - INFO - Updated accuracy: 99.68%
2025-06-05 22:42:57,171 - INFO - Total mean accuracy: 99.677
2025-06-05 22:43:02,807 - INFO - Epoch 10/30
2025-06-05 22:43:05,641 - INFO - Initial accuracy: 1.0000
2025-06-05 22:43:05,661 - INFO - Updated accuracy: 100.00%
2025-06-05 22:43:12,868 - INFO - Epoch 10: ce loss: 0.120, con loss: 0.212, ptd loss: 0.959, rep loss: 0.698
2025-06-05 22:43:12,870 - INFO - Stage 2, Epoch 10: Accuracy list: [1. 1. 1. 1. 1. 1. 1. 1. 1. 1. 1. 1. 1. 1. 1. 1. 1. 1. 1. 1.]
2025-06-05 22:43:12,870 - INFO - Stage 2, Epoch 10: Mean accuracy: 1.000
2025-06-05 22:43:12,870 - INFO - Stage 2, Epoch 10: Top ten classes mean accuracy: 100.000
2025-06-05 22:43:15,496 - INFO - Initial accuracy: 1.0000
2025-06-05 22:43:15,514 - INFO - Updated accuracy: 99.36%
2025-06-05 22:43:17,712 - INFO - Total mean accuracy: 100.000
2025-06-05 22:43:22,497 - INFO - Epoch 11/30
2025-06-05 22:43:24,913 - INFO - Initial accuracy: 1.0000
2025-06-05 22:43:24,930 - INFO - Updated accuracy: 99.04%
2025-06-05 22:43:30,443 - INFO - Historical prototype classes: [0, 1, 2, 3, 4, 5, 6, 7, 8, 9, 10, 11, 12, 13, 14, 15, 16, 17, 18, 19]
2025-06-05 22:43:30,443 - INFO - Current prototype classes: [10, 11, 12, 13, 14, 15, 16, 17, 18, 19]
2025-06-05 22:43:32,021 - INFO - Constructing class 10 exemplar
2025-06-05 22:43:33,980 - INFO - Constructing class 11 exemplar
2025-06-05 22:43:35,874 - INFO - Constructing class 13 exemplar
2025-06-05 22:43:37,818 - INFO - Constructing class 14 exemplar
2025-06-05 22:43:39,902 - INFO - Constructing class 15 exemplar
2025-06-05 22:43:42,258 - INFO - Constructing class 16 exemplar
2025-06-05 22:43:44,269 - INFO - Constructing class 17 exemplar
2025-06-05 22:43:46,356 - INFO - Constructing class 18 exemplar
2025-06-05 22:43:48,835 - INFO - Constructing class 19 exemplar
2025-06-05 22:43:49,136 - INFO - Updated prototype count: 20
2025-06-05 22:43:51,382 - INFO - Epoch 11: ce loss: 0.203, con loss: 0.364, ptd loss: 0.958, rep loss: 0.617
2025-06-05 22:43:51,383 - INFO - Stage 2, Epoch 11: Accuracy list: [1. 1. 1. 1. 1. 1. 1. 1. 1. 1. 1. 1. 1. 1. 1. 1. 1. 1. 1. 1.]
2025-06-05 22:43:51,383 - INFO - Stage 2, Epoch 11: Mean accuracy: 1.000
2025-06-05 22:43:51,383 - INFO - Stage 2, Epoch 11: Top ten classes mean accuracy: 100.000
2025-06-05 22:43:53,979 - INFO - Initial accuracy: 1.0000
2025-06-05 22:43:54,004 - INFO - Updated accuracy: 99.04%
2025-06-05 22:43:56,303 - INFO - Total mean accuracy: 100.000
2025-06-05 22:44:00,888 - INFO - Epoch 12/30
2025-06-05 22:44:03,405 - INFO - Initial accuracy: 1.0000
2025-06-05 22:44:03,434 - INFO - Updated accuracy: 99.68%
2025-06-05 22:44:11,309 - INFO - Epoch 12: ce loss: 0.080, con loss: 0.193, ptd loss: 0.956, rep loss: 0.316
2025-06-05 22:44:11,310 - INFO - Stage 2, Epoch 12: Accuracy list: [1. 1. 1. 1. 1. 1. 1. 1. 1. 1. 1. 1. 1. 1. 1. 1. 1. 1. 1. 1.]
2025-06-05 22:44:11,310 - INFO - Stage 2, Epoch 12: Mean accuracy: 1.000
2025-06-05 22:44:11,310 - INFO - Stage 2, Epoch 12: Top ten classes mean accuracy: 100.000
2025-06-05 22:44:13,854 - INFO - Initial accuracy: 1.0000
2025-06-05 22:44:13,874 - INFO - Updated accuracy: 99.68%
2025-06-05 22:44:16,137 - INFO - Total mean accuracy: 100.000
2025-06-05 22:44:20,909 - INFO - Epoch 13/30
2025-06-05 22:44:23,421 - INFO - Initial accuracy: 1.0000
2025-06-05 22:44:23,440 - INFO - Updated accuracy: 99.68%
2025-06-05 22:44:31,061 - INFO - Epoch 13: ce loss: 0.066, con loss: 0.335, ptd loss: 0.955, rep loss: 0.386
2025-06-05 22:44:31,062 - INFO - Stage 2, Epoch 13: Accuracy list: [1. 1. 1. 1. 1. 1. 1. 1. 1. 1. 1. 1. 1. 1. 1. 1. 1. 1. 1. 1.]
2025-06-05 22:44:31,062 - INFO - Stage 2, Epoch 13: Mean accuracy: 1.000
2025-06-05 22:44:31,062 - INFO - Stage 2, Epoch 13: Top ten classes mean accuracy: 100.000
2025-06-05 22:44:33,644 - INFO - Initial accuracy: 1.0000
2025-06-05 22:44:33,664 - INFO - Updated accuracy: 100.00%
2025-06-05 22:44:35,836 - INFO - Total mean accuracy: 100.000
2025-06-05 22:44:40,078 - INFO - Epoch 14/30
2025-06-05 22:44:42,758 - INFO - Initial accuracy: 1.0000
2025-06-05 22:44:42,776 - INFO - Updated accuracy: 99.68%
2025-06-05 22:44:50,758 - INFO - Epoch 14: ce loss: 0.087, con loss: 0.252, ptd loss: 0.953, rep loss: 0.358
2025-06-05 22:44:50,759 - INFO - Stage 2, Epoch 14: Accuracy list: [1.    1.    1.    1.    1.    1.    1.    1.    1.    1.    1.    1.
 0.958 1.    1.    1.    1.    1.    1.    1.   ]
2025-06-05 22:44:50,759 - INFO - Stage 2, Epoch 14: Mean accuracy: 0.998
2025-06-05 22:44:50,759 - INFO - Stage 2, Epoch 14: Top ten classes mean accuracy: 100.000
2025-06-05 22:44:53,357 - INFO - Initial accuracy: 1.0000
2025-06-05 22:44:53,378 - INFO - Updated accuracy: 99.68%
2025-06-05 22:44:55,612 - INFO - Total mean accuracy: 99.677
2025-06-05 22:44:59,809 - INFO - Epoch 15/30
2025-06-05 22:45:02,471 - INFO - Initial accuracy: 0.9968
2025-06-05 22:45:02,492 - INFO - Updated accuracy: 99.04%
2025-06-05 22:45:10,486 - INFO - Epoch 15: ce loss: 0.179, con loss: 0.166, ptd loss: 0.952, rep loss: 0.403
2025-06-05 22:45:10,487 - INFO - Stage 2, Epoch 15: Accuracy list: [1.    1.    1.    1.    1.    1.    1.    1.    1.    1.    1.    1.
 0.958 1.    1.    1.    1.    1.    1.    1.   ]
2025-06-05 22:45:10,487 - INFO - Stage 2, Epoch 15: Mean accuracy: 0.998
2025-06-05 22:45:10,487 - INFO - Stage 2, Epoch 15: Top ten classes mean accuracy: 100.000
2025-06-05 22:45:13,023 - INFO - Initial accuracy: 1.0000
2025-06-05 22:45:13,043 - INFO - Updated accuracy: 100.00%
2025-06-05 22:45:15,287 - INFO - Total mean accuracy: 99.677
2025-06-05 22:45:19,785 - INFO - Epoch 16/30
2025-06-05 22:45:22,479 - INFO - Initial accuracy: 1.0000
2025-06-05 22:45:22,498 - INFO - Updated accuracy: 100.00%
2025-06-05 22:45:30,102 - INFO - Epoch 16: ce loss: 0.068, con loss: 0.215, ptd loss: 0.951, rep loss: 0.324
2025-06-05 22:45:30,103 - INFO - Stage 2, Epoch 16: Accuracy list: [1.    1.    1.    1.    1.    1.    1.    1.    1.    1.    1.    1.
 0.958 1.    1.    1.    1.    1.    1.    1.   ]
2025-06-05 22:45:30,103 - INFO - Stage 2, Epoch 16: Mean accuracy: 0.998
2025-06-05 22:45:30,103 - INFO - Stage 2, Epoch 16: Top ten classes mean accuracy: 100.000
2025-06-05 22:45:33,077 - INFO - Initial accuracy: 1.0000
2025-06-05 22:45:33,098 - INFO - Updated accuracy: 99.68%
2025-06-05 22:45:35,298 - INFO - Total mean accuracy: 99.677
2025-06-05 22:45:40,863 - INFO - Epoch 17/30
2025-06-05 22:45:43,558 - INFO - Initial accuracy: 1.0000
2025-06-05 22:45:43,577 - INFO - Updated accuracy: 100.00%
2025-06-05 22:45:51,498 - INFO - Epoch 17: ce loss: 0.041, con loss: 0.190, ptd loss: 0.950, rep loss: 0.356
2025-06-05 22:45:51,499 - INFO - Stage 2, Epoch 17: Accuracy list: [1.    1.    1.    1.    1.    1.    1.    1.    1.    1.    1.    1.
 0.958 1.    1.    1.    1.    1.    1.    1.   ]
2025-06-05 22:45:51,499 - INFO - Stage 2, Epoch 17: Mean accuracy: 0.998
2025-06-05 22:45:51,499 - INFO - Stage 2, Epoch 17: Top ten classes mean accuracy: 100.000
2025-06-05 22:45:54,603 - INFO - Initial accuracy: 1.0000
2025-06-05 22:45:54,623 - INFO - Updated accuracy: 99.04%
2025-06-05 22:45:57,275 - INFO - Total mean accuracy: 99.677
2025-06-05 22:46:01,812 - INFO - Epoch 18/30
2025-06-05 22:46:04,453 - INFO - Initial accuracy: 1.0000
2025-06-05 22:46:04,472 - INFO - Updated accuracy: 100.00%
2025-06-05 22:46:12,091 - INFO - Epoch 18: ce loss: 0.040, con loss: 0.385, ptd loss: 0.948, rep loss: 0.364
2025-06-05 22:46:12,092 - INFO - Stage 2, Epoch 18: Accuracy list: [1.    1.    1.    1.    1.    1.    1.    1.    1.    1.    1.    1.
 0.958 1.    1.    1.    1.    1.    1.    1.   ]
2025-06-05 22:46:12,092 - INFO - Stage 2, Epoch 18: Mean accuracy: 0.998
2025-06-05 22:46:12,092 - INFO - Stage 2, Epoch 18: Top ten classes mean accuracy: 100.000
2025-06-05 22:46:14,682 - INFO - Initial accuracy: 1.0000
2025-06-05 22:46:14,701 - INFO - Updated accuracy: 100.00%
2025-06-05 22:46:16,920 - INFO - Total mean accuracy: 99.677
2025-06-05 22:46:21,558 - INFO - Epoch 19/30
2025-06-05 22:46:24,100 - INFO - Initial accuracy: 1.0000
2025-06-05 22:46:24,118 - INFO - Updated accuracy: 100.00%
2025-06-05 22:46:31,845 - INFO - Epoch 19: ce loss: 0.034, con loss: 0.141, ptd loss: 0.947, rep loss: 0.382
2025-06-05 22:46:31,846 - INFO - Stage 2, Epoch 19: Accuracy list: [1.    1.    1.    1.    1.    1.    1.    1.    1.    1.    1.    1.
 0.958 1.    1.    1.    1.    1.    1.    1.   ]
2025-06-05 22:46:31,846 - INFO - Stage 2, Epoch 19: Mean accuracy: 0.998
2025-06-05 22:46:31,846 - INFO - Stage 2, Epoch 19: Top ten classes mean accuracy: 100.000
2025-06-05 22:46:34,360 - INFO - Initial accuracy: 1.0000
2025-06-05 22:46:34,379 - INFO - Updated accuracy: 99.36%
2025-06-05 22:46:36,556 - INFO - Total mean accuracy: 99.677
2025-06-05 22:46:41,087 - INFO - Epoch 20/30
2025-06-05 22:46:43,749 - INFO - Initial accuracy: 1.0000
2025-06-05 22:46:43,767 - INFO - Updated accuracy: 94.87%
2025-06-05 22:46:51,522 - INFO - Epoch 20: ce loss: 0.043, con loss: 0.252, ptd loss: 0.939, rep loss: 0.318
2025-06-05 22:46:51,522 - INFO - Stage 2, Epoch 20: Accuracy list: [1.    1.    1.    1.    1.    1.    1.    1.    1.    1.    1.    1.
 0.958 1.    1.    1.    1.    1.    1.    1.   ]
2025-06-05 22:46:51,522 - INFO - Stage 2, Epoch 20: Mean accuracy: 0.998
2025-06-05 22:46:51,522 - INFO - Stage 2, Epoch 20: Top ten classes mean accuracy: 100.000
2025-06-05 22:46:54,153 - INFO - Initial accuracy: 0.9487
2025-06-05 22:46:54,174 - INFO - Updated accuracy: 94.87%
2025-06-05 22:46:56,310 - INFO - Total mean accuracy: 99.677
2025-06-05 22:47:00,567 - INFO - Epoch 21/30
2025-06-05 22:47:03,140 - INFO - Initial accuracy: 0.9487
2025-06-05 22:47:03,160 - INFO - Updated accuracy: 94.23%
2025-06-05 22:47:08,612 - INFO - Historical prototype classes: [0, 1, 2, 3, 4, 5, 6, 7, 8, 9, 10, 11, 12, 13, 14, 15, 16, 17, 18, 19]
2025-06-05 22:47:08,613 - INFO - Current prototype classes: [10, 11, 12, 13, 14, 15, 16, 18, 19]
2025-06-05 22:47:08,613 - INFO - Missing classes compared to historical: [17]
2025-06-05 22:47:08,613 - INFO - Removed prototypes for missing class 17
2025-06-05 22:47:10,150 - INFO - Constructing class 10 exemplar
2025-06-05 22:47:10,483 - INFO - Missing classes compared to historical: [17]
2025-06-05 22:47:12,238 - INFO - Constructing class 11 exemplar
2025-06-05 22:47:12,566 - INFO - Missing classes compared to historical: [17]
2025-06-05 22:47:12,566 - INFO - Missing classes compared to historical: [17]
2025-06-05 22:47:14,173 - INFO - Constructing class 13 exemplar
2025-06-05 22:47:14,576 - INFO - Missing classes compared to historical: [17]
2025-06-05 22:47:16,437 - INFO - Constructing class 14 exemplar
2025-06-05 22:47:16,859 - INFO - Missing classes compared to historical: [17]
2025-06-05 22:47:18,566 - INFO - Constructing class 15 exemplar
2025-06-05 22:47:18,915 - INFO - Missing classes compared to historical: [17]
2025-06-05 22:47:20,581 - INFO - Constructing class 16 exemplar
2025-06-05 22:47:20,903 - INFO - Missing classes compared to historical: [17]
2025-06-05 22:47:22,586 - INFO - Constructing class 18 exemplar
2025-06-05 22:47:22,899 - INFO - Missing classes compared to historical: [17]
2025-06-05 22:47:24,551 - INFO - Constructing class 19 exemplar
2025-06-05 22:47:24,889 - INFO - Updated prototype count: 19
2025-06-05 22:47:27,116 - INFO - Epoch 21: ce loss: 0.503, con loss: 0.194, ptd loss: 0.937, rep loss: 0.379
2025-06-05 22:47:27,117 - INFO - Stage 2, Epoch 21: Accuracy list: [1.    1.    1.    1.    1.    1.    1.    1.    1.    1.    1.    1.
 0.958 1.    1.    1.    1.    1.    1.    1.   ]
2025-06-05 22:47:27,117 - INFO - Stage 2, Epoch 21: Mean accuracy: 0.998
2025-06-05 22:47:27,117 - INFO - Stage 2, Epoch 21: Top ten classes mean accuracy: 100.000
2025-06-05 22:47:29,654 - INFO - Initial accuracy: 0.9487
2025-06-05 22:47:29,679 - INFO - Updated accuracy: 94.55%
2025-06-05 22:47:31,957 - INFO - Total mean accuracy: 99.677
2025-06-05 22:47:36,504 - INFO - Epoch 22/30
2025-06-05 22:47:39,235 - INFO - Initial accuracy: 0.9487
2025-06-05 22:47:39,259 - INFO - Updated accuracy: 94.87%
2025-06-05 22:47:48,398 - INFO - Epoch 22: ce loss: 0.318, con loss: 0.147, ptd loss: 0.936, rep loss: 0.294
2025-06-05 22:47:48,399 - INFO - Stage 2, Epoch 22: Accuracy list: [1.    1.    1.    1.    1.    1.    1.    1.    1.    1.    1.    1.
 0.958 1.    1.    1.    1.    1.    1.    1.   ]
2025-06-05 22:47:48,399 - INFO - Stage 2, Epoch 22: Mean accuracy: 0.998
2025-06-05 22:47:48,399 - INFO - Stage 2, Epoch 22: Top ten classes mean accuracy: 100.000
2025-06-05 22:47:51,168 - INFO - Initial accuracy: 0.9487
2025-06-05 22:47:51,189 - INFO - Updated accuracy: 94.87%
2025-06-05 22:47:53,717 - INFO - Total mean accuracy: 99.677
2025-06-05 22:47:58,371 - INFO - Epoch 23/30
2025-06-05 22:48:01,513 - INFO - Initial accuracy: 0.9487
2025-06-05 22:48:01,534 - INFO - Updated accuracy: 94.87%
2025-06-05 22:48:09,881 - INFO - Epoch 23: ce loss: 0.219, con loss: 0.098, ptd loss: 0.935, rep loss: 0.286
2025-06-05 22:48:09,882 - INFO - Stage 2, Epoch 23: Accuracy list: [1.    1.    1.    1.    1.    1.    1.    1.    1.    1.    1.    1.
 0.958 1.    1.    1.    1.    1.    1.    1.   ]
2025-06-05 22:48:09,882 - INFO - Stage 2, Epoch 23: Mean accuracy: 0.998
2025-06-05 22:48:09,882 - INFO - Stage 2, Epoch 23: Top ten classes mean accuracy: 100.000
2025-06-05 22:48:12,491 - INFO - Initial accuracy: 0.9487
2025-06-05 22:48:12,513 - INFO - Updated accuracy: 94.23%
2025-06-05 22:48:15,136 - INFO - Total mean accuracy: 99.677
2025-06-05 22:48:20,651 - INFO - Epoch 24/30
2025-06-05 22:48:23,648 - INFO - Initial accuracy: 0.9487
2025-06-05 22:48:23,668 - INFO - Updated accuracy: 94.55%
2025-06-05 22:48:32,411 - INFO - Epoch 24: ce loss: 0.062, con loss: 0.150, ptd loss: 0.934, rep loss: 0.365
2025-06-05 22:48:32,412 - INFO - Stage 2, Epoch 24: Accuracy list: [1.    1.    1.    1.    1.    1.    1.    1.    1.    1.    1.    1.
 0.958 1.    1.    1.    1.    0.375 1.    1.   ]
2025-06-05 22:48:32,412 - INFO - Stage 2, Epoch 24: Mean accuracy: 0.967
2025-06-05 22:48:32,413 - INFO - Stage 2, Epoch 24: Top ten classes mean accuracy: 100.000
2025-06-05 22:48:35,618 - INFO - Initial accuracy: 0.9487
2025-06-05 22:48:35,641 - INFO - Updated accuracy: 94.87%
2025-06-05 22:48:37,987 - INFO - Total mean accuracy: 98.065
2025-06-05 22:48:42,870 - INFO - Epoch 25/30
2025-06-05 22:48:45,552 - INFO - Initial accuracy: 0.9487
2025-06-05 22:48:45,572 - INFO - Updated accuracy: 94.87%
2025-06-05 22:48:53,323 - INFO - Epoch 25: ce loss: 0.031, con loss: 0.314, ptd loss: 0.933, rep loss: 0.250
2025-06-05 22:48:53,324 - INFO - Stage 2, Epoch 25: Accuracy list: [1.    1.    1.    1.    1.    1.    1.    1.    1.    1.    1.    1.
 0.958 1.    1.    1.    1.    0.125 1.    1.   ]
2025-06-05 22:48:53,324 - INFO - Stage 2, Epoch 25: Mean accuracy: 0.954
2025-06-05 22:48:53,324 - INFO - Stage 2, Epoch 25: Top ten classes mean accuracy: 100.000
2025-06-05 22:48:56,058 - INFO - Initial accuracy: 0.9487
2025-06-05 22:48:56,079 - INFO - Updated accuracy: 92.63%
2025-06-05 22:48:58,274 - INFO - Total mean accuracy: 97.419
2025-06-05 22:49:02,796 - INFO - Epoch 26/30
2025-06-05 22:49:05,598 - INFO - Initial accuracy: 0.9487
2025-06-05 22:49:05,619 - INFO - Updated accuracy: 94.87%
2025-06-05 22:49:13,695 - INFO - Epoch 26: ce loss: 0.040, con loss: 0.215, ptd loss: 0.931, rep loss: 0.407
2025-06-05 22:49:13,696 - INFO - Stage 2, Epoch 26: Accuracy list: [1.    1.    1.    1.    1.    1.    1.    1.    1.    1.    1.    1.
 0.958 1.    1.    1.    1.    0.125 1.    1.   ]
2025-06-05 22:49:13,696 - INFO - Stage 2, Epoch 26: Mean accuracy: 0.954
2025-06-05 22:49:13,696 - INFO - Stage 2, Epoch 26: Top ten classes mean accuracy: 100.000
2025-06-05 22:49:16,569 - INFO - Initial accuracy: 0.9487
2025-06-05 22:49:16,589 - INFO - Updated accuracy: 94.87%
2025-06-05 22:49:18,808 - INFO - Total mean accuracy: 97.419
2025-06-05 22:49:23,533 - INFO - Epoch 27/30
2025-06-05 22:49:26,583 - INFO - Initial accuracy: 0.9487
2025-06-05 22:49:26,605 - INFO - Updated accuracy: 94.87%
2025-06-05 22:49:34,513 - INFO - Epoch 27: ce loss: 0.124, con loss: 0.098, ptd loss: 0.930, rep loss: 0.277
2025-06-05 22:49:34,514 - INFO - Stage 2, Epoch 27: Accuracy list: [1.    1.    1.    1.    1.    1.    1.    1.    1.    1.    1.    1.
 0.958 1.    1.    1.    1.    0.125 1.    1.   ]
2025-06-05 22:49:34,514 - INFO - Stage 2, Epoch 27: Mean accuracy: 0.954
2025-06-05 22:49:34,514 - INFO - Stage 2, Epoch 27: Top ten classes mean accuracy: 100.000
2025-06-05 22:49:37,448 - INFO - Initial accuracy: 0.9487
2025-06-05 22:49:37,468 - INFO - Updated accuracy: 94.87%
2025-06-05 22:49:40,056 - INFO - Total mean accuracy: 97.419
2025-06-05 22:49:44,437 - INFO - Epoch 28/30
2025-06-05 22:49:47,513 - INFO - Initial accuracy: 0.9487
2025-06-05 22:49:47,537 - INFO - Updated accuracy: 94.87%
2025-06-05 22:49:55,931 - INFO - Epoch 28: ce loss: 0.046, con loss: 0.195, ptd loss: 0.929, rep loss: 0.311
2025-06-05 22:49:55,932 - INFO - Stage 2, Epoch 28: Accuracy list: [1.    1.    1.    1.    1.    1.    1.    1.    1.    1.    1.    1.
 1.    1.    1.    1.    1.    0.125 1.    1.   ]
2025-06-05 22:49:55,932 - INFO - Stage 2, Epoch 28: Mean accuracy: 0.956
2025-06-05 22:49:55,932 - INFO - Stage 2, Epoch 28: Top ten classes mean accuracy: 100.000
2025-06-05 22:49:58,744 - INFO - Initial accuracy: 0.9487
2025-06-05 22:49:58,768 - INFO - Updated accuracy: 94.87%
2025-06-05 22:50:01,536 - INFO - Total mean accuracy: 97.742
2025-06-05 22:50:06,238 - INFO - Epoch 29/30
2025-06-05 22:50:08,780 - INFO - Initial accuracy: 0.9487
2025-06-05 22:50:08,799 - INFO - Updated accuracy: 94.87%
2025-06-05 22:50:16,408 - INFO - Epoch 29: ce loss: 0.029, con loss: 0.187, ptd loss: 0.927, rep loss: 0.361
2025-06-05 22:50:16,409 - INFO - Stage 2, Epoch 29: Accuracy list: [1.    1.    1.    1.    1.    1.    1.    1.    1.    1.    1.    1.
 1.    1.    1.    1.    1.    0.125 1.    1.   ]
2025-06-05 22:50:16,410 - INFO - Stage 2, Epoch 29: Mean accuracy: 0.956
2025-06-05 22:50:16,410 - INFO - Stage 2, Epoch 29: Top ten classes mean accuracy: 100.000
2025-06-05 22:50:19,477 - INFO - Initial accuracy: 0.9487
2025-06-05 22:50:19,495 - INFO - Updated accuracy: 94.87%
2025-06-05 22:50:21,965 - INFO - Total mean accuracy: 97.742
2025-06-05 22:50:27,628 - INFO - Epoch 30/30
2025-06-05 22:50:30,145 - INFO - Initial accuracy: 0.9487
2025-06-05 22:50:30,164 - INFO - Updated accuracy: 94.55%
2025-06-05 22:50:38,439 - INFO - Epoch 30: ce loss: 0.047, con loss: 0.209, ptd loss: 0.926, rep loss: 0.267
2025-06-05 22:50:38,440 - INFO - Stage 2, Epoch 30: Accuracy list: [1.    1.    1.    1.    1.    1.    1.    1.    1.    1.    1.    1.
 1.    1.    1.    1.    1.    0.125 1.    1.   ]
2025-06-05 22:50:38,440 - INFO - Stage 2, Epoch 30: Mean accuracy: 0.956
2025-06-05 22:50:38,440 - INFO - Stage 2, Epoch 30: Top ten classes mean accuracy: 100.000
2025-06-05 22:50:41,458 - INFO - Initial accuracy: 0.9487
2025-06-05 22:50:41,480 - INFO - Updated accuracy: 94.87%
2025-06-05 22:50:44,185 - INFO - Total mean accuracy: 97.742
2025-06-05 22:50:52,087 - INFO - Stage 2 completed. Best accuracy: 100.000
2025-06-05 22:50:52,087 - INFO - Starting incremental stage 3/3
2025-06-05 22:50:55,622 - INFO - Average relation matrix mean: 0.0323
2025-06-05 22:50:55,626 - INFO - Shared classes: [20, 21, 22, 23, 24, 25, 26, 27, 28, 29]
2025-06-05 22:50:55,626 - INFO - Classes meeting probability condition: [20, 21, 22, 23, 24, 25, 26, 27, 28, 29]
2025-06-05 22:50:55,626 - INFO - Classes meeting similarity condition: [20, 21, 22, 23, 24, 25, 26, 27, 28, 29]
2025-06-05 22:50:55,998 - INFO - Starting training for stage 3
2025-06-05 22:50:55,998 - INFO - Epoch 1/30
2025-06-05 22:50:58,911 - INFO - Initial accuracy: 0.9913
2025-06-05 22:50:58,918 - INFO - Unique labels before 5th iteration: tensor([20, 21, 22, 23, 24, 25, 26, 27, 28, 29], device='cuda:0')
2025-06-05 22:50:58,930 - INFO - Updated accuracy: 98.27%
2025-06-05 22:51:07,353 - INFO - Epoch 1: ce loss: 3.665, con loss: 0.184, ptd loss: 0.996, rep loss: 0.381
2025-06-05 22:51:07,354 - INFO - Stage 3, Epoch 1: Accuracy list: [1.    1.    1.    1.    1.    1.    1.    1.    1.    1.    1.    1.
 1.    1.    1.    1.    1.    0.125 1.    1.    0.    0.    0.    0.
 0.    0.    0.    0.    0.095 0.   ]
2025-06-05 22:51:07,354 - INFO - Stage 3, Epoch 1: Mean accuracy: 0.641
2025-06-05 22:51:07,354 - INFO - Stage 3, Epoch 1: Top ten classes mean accuracy: 100.000
2025-06-05 22:51:10,300 - INFO - Initial accuracy: 0.3584
2025-06-05 22:51:10,306 - INFO - Unique labels before 5th iteration: tensor([20, 21, 22, 23, 24, 25, 26, 27, 28, 29], device='cuda:0')
2025-06-05 22:51:10,316 - INFO - Updated accuracy: 84.68%
2025-06-05 22:51:13,491 - INFO - Total mean accuracy: 63.147
2025-06-05 22:51:13,903 - INFO - Epoch 2/30
2025-06-05 22:51:17,065 - INFO - Initial accuracy: 0.9913
2025-06-05 22:51:17,071 - INFO - Unique labels before 5th iteration: tensor([20, 21, 22, 23, 24, 25, 26, 27, 28, 29], device='cuda:0')
2025-06-05 22:51:17,089 - INFO - Updated accuracy: 99.13%
2025-06-05 22:51:27,128 - INFO - Epoch 2: ce loss: 2.508, con loss: 0.122, ptd loss: 0.986, rep loss: 0.384
2025-06-05 22:51:27,129 - INFO - Stage 3, Epoch 2: Accuracy list: [1.    1.    1.    1.    1.    1.    1.    1.    1.    1.    1.    1.
 1.    1.    1.    1.    1.    0.125 1.    1.    0.154 0.467 0.609 0.278
 0.    0.    1.    0.692 0.952 0.909]
2025-06-05 22:51:27,129 - INFO - Stage 3, Epoch 2: Mean accuracy: 0.806
2025-06-05 22:51:27,129 - INFO - Stage 3, Epoch 2: Top ten classes mean accuracy: 100.000
2025-06-05 22:51:30,546 - INFO - Initial accuracy: 0.8035
2025-06-05 22:51:30,551 - INFO - Unique labels before 5th iteration: tensor([21, 22, 23, 24, 26, 27, 28, 29], device='cuda:0')
2025-06-05 22:51:30,564 - INFO - Updated accuracy: 85.55%
2025-06-05 22:51:33,789 - INFO - Total mean accuracy: 84.265
2025-06-05 22:51:36,270 - INFO - Epoch 3/30
2025-06-05 22:51:39,565 - INFO - Initial accuracy: 0.9884
2025-06-05 22:51:39,571 - INFO - Unique labels before 5th iteration: tensor([20, 21, 22, 23, 24, 25, 26, 27, 28, 29], device='cuda:0')
2025-06-05 22:51:39,588 - INFO - Updated accuracy: 96.24%
2025-06-05 22:51:49,340 - INFO - Epoch 3: ce loss: 1.535, con loss: 0.035, ptd loss: 0.976, rep loss: 0.440
2025-06-05 22:51:49,341 - INFO - Stage 3, Epoch 3: Accuracy list: [1.    1.    1.    1.    1.    1.    1.    1.    1.    1.    1.    1.
 1.    1.    1.    1.    1.    0.625 1.    1.    0.923 0.933 0.957 0.833
 0.2   0.    1.    1.    1.    0.955]
2025-06-05 22:51:49,341 - INFO - Stage 3, Epoch 3: Mean accuracy: 0.914
2025-06-05 22:51:49,341 - INFO - Stage 3, Epoch 3: Top ten classes mean accuracy: 100.000
2025-06-05 22:51:52,671 - INFO - Initial accuracy: 0.9162
2025-06-05 22:51:52,677 - INFO - Unique labels before 5th iteration: tensor([20, 21, 22, 23, 24, 25, 26, 27, 28, 29], device='cuda:0')
2025-06-05 22:51:52,687 - INFO - Updated accuracy: 97.11%
2025-06-05 22:51:55,755 - INFO - Total mean accuracy: 94.824
2025-06-05 22:51:57,848 - INFO - Epoch 4/30
2025-06-05 22:52:01,121 - INFO - Initial accuracy: 0.9913
2025-06-05 22:52:01,127 - INFO - Unique labels before 5th iteration: tensor([20, 21, 22, 23, 24, 25, 26, 27, 28, 29], device='cuda:0')
2025-06-05 22:52:01,139 - INFO - Updated accuracy: 98.55%
2025-06-05 22:52:10,695 - INFO - Epoch 4: ce loss: 0.417, con loss: 0.312, ptd loss: 0.968, rep loss: 0.422
2025-06-05 22:52:10,696 - INFO - Stage 3, Epoch 4: Accuracy list: [1.    1.    1.    1.    1.    1.    1.    1.    1.    1.    1.    1.
 1.    1.    1.    1.    1.    0.875 1.    1.    0.923 1.    1.    0.944
 0.6   0.143 1.    1.    1.    0.955]
2025-06-05 22:52:10,696 - INFO - Stage 3, Epoch 4: Mean accuracy: 0.948
2025-06-05 22:52:10,696 - INFO - Stage 3, Epoch 4: Top ten classes mean accuracy: 100.000
2025-06-05 22:52:14,004 - INFO - Initial accuracy: 0.9682
2025-06-05 22:52:14,011 - INFO - Unique labels before 5th iteration: tensor([20, 21, 22, 23, 24, 25, 26, 27, 28, 29], device='cuda:0')
2025-06-05 22:52:14,024 - INFO - Updated accuracy: 94.80%
2025-06-05 22:52:17,293 - INFO - Total mean accuracy: 97.101
2025-06-05 22:52:19,316 - INFO - Epoch 5/30
2025-06-05 22:52:22,650 - INFO - Initial accuracy: 0.9913
2025-06-05 22:52:22,655 - INFO - Unique labels before 5th iteration: tensor([20, 21, 22, 23, 24, 25, 26, 27, 28, 29], device='cuda:0')
2025-06-05 22:52:22,665 - INFO - Updated accuracy: 97.69%
2025-06-05 22:52:32,540 - INFO - Epoch 5: ce loss: 0.157, con loss: 0.175, ptd loss: 0.962, rep loss: 0.439
2025-06-05 22:52:32,541 - INFO - Stage 3, Epoch 5: Accuracy list: [1.    1.    1.    1.    1.    1.    1.    1.    1.    1.    1.    1.
 1.    1.    1.    1.    1.    1.    1.    1.    1.    1.    1.    1.
 0.9   0.714 1.    1.    1.    0.955]
2025-06-05 22:52:32,541 - INFO - Stage 3, Epoch 5: Mean accuracy: 0.986
2025-06-05 22:52:32,542 - INFO - Stage 3, Epoch 5: Top ten classes mean accuracy: 100.000
2025-06-05 22:52:35,662 - INFO - Initial accuracy: 0.9884
2025-06-05 22:52:35,668 - INFO - Unique labels before 5th iteration: tensor([20, 21, 22, 23, 24, 25, 26, 27, 28, 29], device='cuda:0')
2025-06-05 22:52:35,681 - INFO - Updated accuracy: 99.71%
2025-06-05 22:52:38,915 - INFO - Total mean accuracy: 99.172
2025-06-05 22:52:40,935 - INFO - Epoch 6/30
2025-06-05 22:52:43,993 - INFO - Initial accuracy: 0.9827
2025-06-05 22:52:44,016 - INFO - Updated accuracy: 99.42%
2025-06-05 22:52:51,293 - INFO - Historical prototype classes: [0, 1, 2, 3, 4, 5, 6, 7, 8, 9, 10, 11, 12, 13, 14, 15, 16, 18, 19]
2025-06-05 22:52:51,294 - INFO - Current prototype classes: [20, 21, 22, 23, 24, 25, 26, 27, 28, 29]
2025-06-05 22:52:53,256 - INFO - Constructing class 20 exemplar
2025-06-05 22:52:56,123 - INFO - Constructing class 21 exemplar
2025-06-05 22:52:58,672 - INFO - Constructing class 22 exemplar
2025-06-05 22:53:01,160 - INFO - Constructing class 23 exemplar
2025-06-05 22:53:03,221 - INFO - Constructing class 24 exemplar
2025-06-05 22:53:06,023 - INFO - Constructing class 25 exemplar
2025-06-05 22:53:07,981 - INFO - Constructing class 26 exemplar
2025-06-05 22:53:10,285 - INFO - Constructing class 27 exemplar
2025-06-05 22:53:12,582 - INFO - Constructing class 28 exemplar
2025-06-05 22:53:14,987 - INFO - Constructing class 29 exemplar
2025-06-05 22:53:15,356 - INFO - Updated prototype count: 29
2025-06-05 22:53:18,013 - INFO - Epoch 6: ce loss: 0.124, con loss: 0.087, ptd loss: 0.959, rep loss: 0.311
2025-06-05 22:53:18,014 - INFO - Stage 3, Epoch 6: Accuracy list: [1.    1.    1.    1.    1.    1.    1.    1.    1.    1.    1.    1.
 1.    1.    1.    1.    1.    1.    1.    1.    1.    1.    1.    1.
 1.    0.857 1.    1.    1.    0.955]
2025-06-05 22:53:18,014 - INFO - Stage 3, Epoch 6: Mean accuracy: 0.994
2025-06-05 22:53:18,014 - INFO - Stage 3, Epoch 6: Top ten classes mean accuracy: 100.000
2025-06-05 22:53:20,733 - INFO - Initial accuracy: 0.9913
2025-06-05 22:53:20,761 - INFO - Updated accuracy: 99.13%
2025-06-05 22:53:23,599 - INFO - Total mean accuracy: 99.586
2025-06-05 22:53:25,926 - INFO - Epoch 7/30
2025-06-05 22:53:29,039 - INFO - Initial accuracy: 0.9827
2025-06-05 22:53:29,067 - INFO - Updated accuracy: 98.84%
2025-06-05 22:53:38,968 - INFO - Epoch 7: ce loss: 0.045, con loss: 0.209, ptd loss: 0.955, rep loss: 0.375
2025-06-05 22:53:38,969 - INFO - Stage 3, Epoch 7: Accuracy list: [1.    1.    1.    1.    1.    1.    1.    1.    1.    1.    1.    1.
 1.    1.    1.    1.    1.    1.    1.    1.    1.    1.    1.    1.
 1.    0.857 1.    1.    1.    0.955]
2025-06-05 22:53:38,969 - INFO - Stage 3, Epoch 7: Mean accuracy: 0.994
2025-06-05 22:53:38,969 - INFO - Stage 3, Epoch 7: Top ten classes mean accuracy: 100.000
2025-06-05 22:53:42,173 - INFO - Initial accuracy: 0.9942
2025-06-05 22:53:42,199 - INFO - Updated accuracy: 98.84%
2025-06-05 22:53:45,442 - INFO - Total mean accuracy: 99.586
2025-06-05 22:53:47,502 - INFO - Epoch 8/30
2025-06-05 22:53:50,647 - INFO - Initial accuracy: 0.9913
2025-06-05 22:53:50,672 - INFO - Updated accuracy: 99.13%
2025-06-05 22:54:00,883 - INFO - Epoch 8: ce loss: 0.245, con loss: 0.053, ptd loss: 0.953, rep loss: 0.456
2025-06-05 22:54:00,884 - INFO - Stage 3, Epoch 8: Accuracy list: [1.    1.    1.    1.    1.    1.    1.    1.    1.    1.    1.    1.
 1.    1.    1.    1.    1.    1.    1.    1.    1.    1.    1.    1.
 1.    1.    1.    1.    1.    0.955]
2025-06-05 22:54:00,884 - INFO - Stage 3, Epoch 8: Mean accuracy: 0.998
2025-06-05 22:54:00,884 - INFO - Stage 3, Epoch 8: Top ten classes mean accuracy: 100.000
2025-06-05 22:54:04,026 - INFO - Initial accuracy: 0.9971
2025-06-05 22:54:04,053 - INFO - Updated accuracy: 99.42%
2025-06-05 22:54:07,187 - INFO - Total mean accuracy: 99.793
2025-06-05 22:54:09,253 - INFO - Epoch 9/30
2025-06-05 22:54:12,393 - INFO - Initial accuracy: 0.9942
2025-06-05 22:54:12,417 - INFO - Updated accuracy: 99.42%
2025-06-05 22:54:22,603 - INFO - Epoch 9: ce loss: 0.155, con loss: 0.157, ptd loss: 0.951, rep loss: 0.385
2025-06-05 22:54:22,604 - INFO - Stage 3, Epoch 9: Accuracy list: [1.    1.    1.    1.    1.    1.    1.    1.    1.    1.    1.    1.
 1.    1.    1.    1.    1.    1.    1.    1.    1.    1.    1.    1.
 1.    1.    1.    1.    1.    0.955]
2025-06-05 22:54:22,604 - INFO - Stage 3, Epoch 9: Mean accuracy: 0.998
2025-06-05 22:54:22,604 - INFO - Stage 3, Epoch 9: Top ten classes mean accuracy: 100.000
2025-06-05 22:54:25,939 - INFO - Initial accuracy: 0.9942
2025-06-05 22:54:25,963 - INFO - Updated accuracy: 98.84%
2025-06-05 22:54:28,710 - INFO - Total mean accuracy: 99.793
2025-06-05 22:54:30,893 - INFO - Epoch 10/30
2025-06-05 22:54:34,111 - INFO - Initial accuracy: 0.9942
2025-06-05 22:54:34,138 - INFO - Updated accuracy: 98.84%
2025-06-05 22:54:44,612 - INFO - Epoch 10: ce loss: 0.356, con loss: 0.027, ptd loss: 0.949, rep loss: 0.581
2025-06-05 22:54:44,613 - INFO - Stage 3, Epoch 10: Accuracy list: [1.    1.    1.    1.    1.    1.    1.    1.    1.    1.    1.    1.
 1.    1.    1.    1.    1.    1.    1.    1.    1.    1.    1.    1.
 1.    1.    1.    1.    1.    0.955]
2025-06-05 22:54:44,613 - INFO - Stage 3, Epoch 10: Mean accuracy: 0.998
2025-06-05 22:54:44,614 - INFO - Stage 3, Epoch 10: Top ten classes mean accuracy: 100.000
2025-06-05 22:54:47,941 - INFO - Initial accuracy: 0.9942
2025-06-05 22:54:47,968 - INFO - Updated accuracy: 99.42%
2025-06-05 22:54:51,288 - INFO - Total mean accuracy: 99.793
2025-06-05 22:54:53,758 - INFO - Epoch 11/30
2025-06-05 22:54:56,941 - INFO - Initial accuracy: 0.9942
2025-06-05 22:54:56,964 - INFO - Updated accuracy: 99.42%
2025-06-05 22:55:04,181 - INFO - Historical prototype classes: [0, 1, 2, 3, 4, 5, 6, 7, 8, 9, 10, 11, 12, 13, 14, 15, 16, 18, 19, 20, 21, 22, 23, 24, 25, 26, 27, 28, 29]
2025-06-05 22:55:04,182 - INFO - Current prototype classes: [20, 21, 22, 23, 24, 25, 26, 27, 28, 29]
2025-06-05 22:55:06,125 - INFO - Constructing class 20 exemplar
2025-06-05 22:55:08,557 - INFO - Constructing class 21 exemplar
2025-06-05 22:55:11,142 - INFO - Constructing class 22 exemplar
2025-06-05 22:55:13,573 - INFO - Constructing class 23 exemplar
2025-06-05 22:55:16,465 - INFO - Constructing class 24 exemplar
2025-06-05 22:55:19,217 - INFO - Constructing class 25 exemplar
2025-06-05 22:55:21,873 - INFO - Constructing class 26 exemplar
2025-06-05 22:55:23,944 - INFO - Constructing class 27 exemplar
2025-06-05 22:55:24,382 - INFO - Updated prototype count: 29
2025-06-05 22:55:27,171 - INFO - Epoch 11: ce loss: 0.055, con loss: 0.190, ptd loss: 0.948, rep loss: 0.490
2025-06-05 22:55:27,173 - INFO - Stage 3, Epoch 11: Accuracy list: [1.    1.    1.    1.    1.    1.    1.    1.    1.    1.    1.    1.
 1.    1.    1.    1.    1.    1.    1.    1.    1.    1.    1.    1.
 1.    1.    1.    1.    1.    0.909]
2025-06-05 22:55:27,173 - INFO - Stage 3, Epoch 11: Mean accuracy: 0.997
2025-06-05 22:55:27,173 - INFO - Stage 3, Epoch 11: Top ten classes mean accuracy: 100.000
2025-06-05 22:55:30,481 - INFO - Initial accuracy: 0.9942
2025-06-05 22:55:30,511 - INFO - Updated accuracy: 98.27%
2025-06-05 22:55:33,815 - INFO - Total mean accuracy: 99.586
2025-06-05 22:55:36,244 - INFO - Epoch 12/30
2025-06-05 22:55:39,902 - INFO - Initial accuracy: 0.9942
2025-06-05 22:55:39,932 - INFO - Updated accuracy: 99.42%
2025-06-05 22:55:50,010 - INFO - Epoch 12: ce loss: 0.041, con loss: 0.056, ptd loss: 0.946, rep loss: 0.327
2025-06-05 22:55:50,011 - INFO - Stage 3, Epoch 12: Accuracy list: [1.    1.    1.    1.    1.    1.    1.    1.    1.    1.    1.    1.
 1.    1.    1.    1.    1.    1.    1.    1.    1.    1.    1.    1.
 1.    1.    1.    1.    1.    0.955]
2025-06-05 22:55:50,011 - INFO - Stage 3, Epoch 12: Mean accuracy: 0.998
2025-06-05 22:55:50,011 - INFO - Stage 3, Epoch 12: Top ten classes mean accuracy: 100.000
2025-06-05 22:55:52,985 - INFO - Initial accuracy: 0.9913
2025-06-05 22:55:53,008 - INFO - Updated accuracy: 98.55%
2025-06-05 22:55:56,360 - INFO - Total mean accuracy: 99.793
2025-06-05 22:55:59,255 - INFO - Epoch 13/30
2025-06-05 22:56:02,077 - INFO - Initial accuracy: 0.9913
2025-06-05 22:56:02,099 - INFO - Updated accuracy: 98.84%
2025-06-05 22:56:11,919 - INFO - Epoch 13: ce loss: 0.060, con loss: 0.131, ptd loss: 0.945, rep loss: 0.294
2025-06-05 22:56:11,920 - INFO - Stage 3, Epoch 13: Accuracy list: [1.    1.    1.    1.    1.    1.    1.    1.    1.    1.    1.    1.
 1.    1.    1.    1.    1.    1.    1.    1.    1.    1.    1.    1.
 1.    1.    1.    1.    1.    0.955]
2025-06-05 22:56:11,920 - INFO - Stage 3, Epoch 13: Mean accuracy: 0.998
2025-06-05 22:56:11,920 - INFO - Stage 3, Epoch 13: Top ten classes mean accuracy: 100.000
2025-06-05 22:56:15,656 - INFO - Initial accuracy: 0.9942
2025-06-05 22:56:15,682 - INFO - Updated accuracy: 99.13%
2025-06-05 22:56:18,985 - INFO - Total mean accuracy: 99.793
2025-06-05 22:56:21,310 - INFO - Epoch 14/30
2025-06-05 22:56:24,254 - INFO - Initial accuracy: 0.9942
2025-06-05 22:56:24,279 - INFO - Updated accuracy: 99.13%
2025-06-05 22:56:34,271 - INFO - Epoch 14: ce loss: 0.079, con loss: 0.007, ptd loss: 0.943, rep loss: 0.386
2025-06-05 22:56:34,272 - INFO - Stage 3, Epoch 14: Accuracy list: [1.    1.    1.    1.    1.    1.    1.    1.    1.    1.    1.    1.
 1.    1.    1.    1.    1.    1.    1.    1.    1.    1.    1.    1.
 1.    1.    1.    1.    1.    0.955]
2025-06-05 22:56:34,272 - INFO - Stage 3, Epoch 14: Mean accuracy: 0.998
2025-06-05 22:56:34,272 - INFO - Stage 3, Epoch 14: Top ten classes mean accuracy: 100.000
2025-06-05 22:56:37,403 - INFO - Initial accuracy: 0.9942
2025-06-05 22:56:37,425 - INFO - Updated accuracy: 99.42%
2025-06-05 22:56:40,189 - INFO - Total mean accuracy: 99.793
2025-06-05 22:56:42,261 - INFO - Epoch 15/30
2025-06-05 22:56:45,803 - INFO - Initial accuracy: 0.9942
2025-06-05 22:56:45,825 - INFO - Updated accuracy: 95.09%
2025-06-05 22:56:55,928 - INFO - Epoch 15: ce loss: 0.362, con loss: 0.076, ptd loss: 0.934, rep loss: 0.324
2025-06-05 22:56:55,929 - INFO - Stage 3, Epoch 15: Accuracy list: [1.    1.    1.    1.    1.    1.    1.    1.    1.    1.    1.    1.
 1.    1.    1.    1.    1.    1.    1.    1.    1.    1.    1.    1.
 1.    1.    1.    1.    1.    0.955]
2025-06-05 22:56:55,929 - INFO - Stage 3, Epoch 15: Mean accuracy: 0.998
2025-06-05 22:56:55,929 - INFO - Stage 3, Epoch 15: Top ten classes mean accuracy: 100.000
2025-06-05 22:56:59,118 - INFO - Initial accuracy: 0.9538
2025-06-05 22:56:59,148 - INFO - Updated accuracy: 95.38%
2025-06-05 22:57:02,732 - INFO - Total mean accuracy: 99.793
2025-06-05 22:57:04,849 - INFO - Epoch 16/30
2025-06-05 22:57:08,078 - INFO - Initial accuracy: 0.9538
2025-06-05 22:57:08,104 - INFO - Updated accuracy: 94.80%
2025-06-05 22:57:17,913 - INFO - Epoch 16: ce loss: 0.370, con loss: 0.199, ptd loss: 0.932, rep loss: 0.274
2025-06-05 22:57:17,914 - INFO - Stage 3, Epoch 16: Accuracy list: [1.    1.    1.    1.    1.    1.    1.    1.    1.    1.    1.    1.
 1.    1.    1.    1.    1.    1.    1.    1.    1.    1.    1.    1.
 1.    1.    1.    1.    1.    0.955]
2025-06-05 22:57:17,914 - INFO - Stage 3, Epoch 16: Mean accuracy: 0.998
2025-06-05 22:57:17,914 - INFO - Stage 3, Epoch 16: Top ten classes mean accuracy: 100.000
2025-06-05 22:57:21,132 - INFO - Initial accuracy: 0.9538
2025-06-05 22:57:21,158 - INFO - Updated accuracy: 95.38%
2025-06-05 22:57:24,373 - INFO - Total mean accuracy: 99.793
2025-06-05 22:57:26,138 - INFO - Epoch 17/30
2025-06-05 22:57:29,368 - INFO - Initial accuracy: 0.9538
2025-06-05 22:57:29,392 - INFO - Updated accuracy: 94.80%
2025-06-05 22:57:39,106 - INFO - Epoch 17: ce loss: 0.051, con loss: 0.058, ptd loss: 0.931, rep loss: 0.274
2025-06-05 22:57:39,107 - INFO - Stage 3, Epoch 17: Accuracy list: [1.    1.    1.    1.    1.    1.    1.    1.    1.    1.    1.    1.
 1.    1.    1.    1.    1.    1.    1.    1.    1.    1.    1.    1.
 1.    1.    1.    1.    1.    0.955]
2025-06-05 22:57:39,107 - INFO - Stage 3, Epoch 17: Mean accuracy: 0.998
2025-06-05 22:57:39,107 - INFO - Stage 3, Epoch 17: Top ten classes mean accuracy: 100.000
2025-06-05 22:57:42,420 - INFO - Initial accuracy: 0.9538
2025-06-05 22:57:42,446 - INFO - Updated accuracy: 94.22%
2025-06-05 22:57:45,407 - INFO - Total mean accuracy: 99.793
2025-06-05 22:57:47,468 - INFO - Epoch 18/30
2025-06-05 22:57:50,326 - INFO - Initial accuracy: 0.9538
2025-06-05 22:57:50,349 - INFO - Updated accuracy: 93.93%
2025-06-05 22:57:59,626 - INFO - Epoch 18: ce loss: 0.025, con loss: 0.077, ptd loss: 0.929, rep loss: 0.431
2025-06-05 22:57:59,627 - INFO - Stage 3, Epoch 18: Accuracy list: [1.    1.    1.    1.    1.    1.    1.    1.    1.    1.    1.    1.
 1.    1.    1.    1.    1.    1.    1.    1.    1.    1.    1.    1.
 1.    1.    1.    1.    1.    0.955]
2025-06-05 22:57:59,627 - INFO - Stage 3, Epoch 18: Mean accuracy: 0.998
2025-06-05 22:57:59,627 - INFO - Stage 3, Epoch 18: Top ten classes mean accuracy: 100.000
2025-06-05 22:58:02,615 - INFO - Initial accuracy: 0.9509
2025-06-05 22:58:02,639 - INFO - Updated accuracy: 95.09%
2025-06-05 22:58:05,442 - INFO - Total mean accuracy: 99.793
2025-06-05 22:58:07,550 - INFO - Epoch 19/30
2025-06-05 22:58:10,294 - INFO - Initial accuracy: 0.9538
2025-06-05 22:58:10,319 - INFO - Updated accuracy: 94.51%
2025-06-05 22:58:20,184 - INFO - Epoch 19: ce loss: 0.076, con loss: 0.018, ptd loss: 0.927, rep loss: 0.404
2025-06-05 22:58:20,186 - INFO - Stage 3, Epoch 19: Accuracy list: [1.    1.    1.    1.    1.    1.    1.    1.    1.    1.    1.    1.
 1.    1.    1.    1.    1.    1.    1.    1.    1.    1.    1.    1.
 1.    1.    1.    1.    1.    0.955]
2025-06-05 22:58:20,186 - INFO - Stage 3, Epoch 19: Mean accuracy: 0.998
2025-06-05 22:58:20,186 - INFO - Stage 3, Epoch 19: Top ten classes mean accuracy: 100.000
2025-06-05 22:58:23,244 - INFO - Initial accuracy: 0.9509
2025-06-05 22:58:23,270 - INFO - Updated accuracy: 94.80%
2025-06-05 22:58:26,610 - INFO - Total mean accuracy: 99.793
2025-06-05 22:58:28,901 - INFO - Epoch 20/30
2025-06-05 22:58:32,173 - INFO - Initial accuracy: 0.9509
2025-06-05 22:58:32,200 - INFO - Updated accuracy: 93.35%
2025-06-05 22:58:42,349 - INFO - Epoch 20: ce loss: 0.155, con loss: 0.028, ptd loss: 0.925, rep loss: 0.359
2025-06-05 22:58:42,350 - INFO - Stage 3, Epoch 20: Accuracy list: [1.    1.    1.    1.    1.    1.    1.    1.    1.    1.    1.    1.
 1.    1.    1.    1.    1.    1.    1.    1.    1.    1.    1.    1.
 1.    1.    1.    1.    1.    0.955]
2025-06-05 22:58:42,350 - INFO - Stage 3, Epoch 20: Mean accuracy: 0.998
2025-06-05 22:58:42,350 - INFO - Stage 3, Epoch 20: Top ten classes mean accuracy: 100.000
2025-06-05 22:58:45,620 - INFO - Initial accuracy: 0.9538
2025-06-05 22:58:45,645 - INFO - Updated accuracy: 94.51%
2025-06-05 22:58:48,962 - INFO - Total mean accuracy: 99.793
2025-06-05 22:58:51,119 - INFO - Epoch 21/30
2025-06-05 22:58:54,332 - INFO - Initial accuracy: 0.9538
2025-06-05 22:58:54,355 - INFO - Updated accuracy: 94.80%
2025-06-05 22:59:01,308 - INFO - Historical prototype classes: [0, 1, 2, 3, 4, 5, 6, 7, 8, 9, 10, 11, 12, 13, 14, 15, 16, 18, 19, 20, 21, 22, 23, 24, 25, 26, 27, 28, 29]
2025-06-05 22:59:01,309 - INFO - Current prototype classes: [20, 21, 22, 23, 24, 26, 27, 28, 29]
2025-06-05 22:59:01,310 - INFO - Missing classes compared to historical: [25]
2025-06-05 22:59:01,310 - INFO - Removed prototypes for missing class 25
2025-06-05 22:59:03,303 - INFO - Constructing class 20 exemplar
2025-06-05 22:59:03,651 - INFO - Missing classes compared to historical: [25]
2025-06-05 22:59:05,765 - INFO - Constructing class 21 exemplar
2025-06-05 22:59:06,161 - INFO - Missing classes compared to historical: [25]
2025-06-05 22:59:08,323 - INFO - Constructing class 22 exemplar
2025-06-05 22:59:08,720 - INFO - Missing classes compared to historical: [25]
2025-06-05 22:59:10,543 - INFO - Constructing class 23 exemplar
2025-06-05 22:59:10,921 - INFO - Missing classes compared to historical: [25]
2025-06-05 22:59:12,696 - INFO - Constructing class 24 exemplar
2025-06-05 22:59:13,045 - INFO - Missing classes compared to historical: [25]
2025-06-05 22:59:15,023 - INFO - Constructing class 26 exemplar
2025-06-05 22:59:15,404 - INFO - Missing classes compared to historical: [25]
2025-06-05 22:59:17,147 - INFO - Constructing class 27 exemplar
2025-06-05 22:59:17,542 - INFO - Missing classes compared to historical: [25]
2025-06-05 22:59:17,542 - INFO - Missing classes compared to historical: [25]
2025-06-05 22:59:19,668 - INFO - Constructing class 29 exemplar
2025-06-05 22:59:20,184 - INFO - Updated prototype count: 28
2025-06-05 22:59:23,796 - INFO - Epoch 21: ce loss: 0.290, con loss: 0.038, ptd loss: 0.924, rep loss: 0.406
2025-06-05 22:59:23,798 - INFO - Stage 3, Epoch 21: Accuracy list: [1.    1.    1.    1.    1.    1.    1.    1.    1.    1.    1.    1.
 1.    1.    1.    1.    1.    1.    1.    1.    1.    1.    1.    1.
 1.    0.857 1.    1.    1.    0.955]
2025-06-05 22:59:23,798 - INFO - Stage 3, Epoch 21: Mean accuracy: 0.994
2025-06-05 22:59:23,798 - INFO - Stage 3, Epoch 21: Top ten classes mean accuracy: 100.000
2025-06-05 22:59:27,151 - INFO - Initial accuracy: 0.9538
2025-06-05 22:59:27,180 - INFO - Updated accuracy: 94.22%
2025-06-05 22:59:30,349 - INFO - Total mean accuracy: 99.586
2025-06-05 22:59:32,569 - INFO - Epoch 22/30
2025-06-05 22:59:35,519 - INFO - Initial accuracy: 0.9509
2025-06-05 22:59:35,546 - INFO - Updated accuracy: 94.22%
2025-06-05 22:59:45,209 - INFO - Epoch 22: ce loss: 0.403, con loss: 0.013, ptd loss: 0.923, rep loss: 0.238
2025-06-05 22:59:45,210 - INFO - Stage 3, Epoch 22: Accuracy list: [1.    1.    1.    1.    1.    1.    1.    1.    1.    1.    1.    1.
 1.    1.    1.    1.    1.    1.    1.    1.    1.    1.    1.    1.
 1.    0.286 1.    1.    1.    0.955]
2025-06-05 22:59:45,210 - INFO - Stage 3, Epoch 22: Mean accuracy: 0.975
2025-06-05 22:59:45,210 - INFO - Stage 3, Epoch 22: Top ten classes mean accuracy: 100.000
2025-06-05 22:59:48,326 - INFO - Initial accuracy: 0.9538
2025-06-05 22:59:48,351 - INFO - Updated accuracy: 94.22%
2025-06-05 22:59:51,302 - INFO - Total mean accuracy: 98.758
2025-06-05 22:59:53,865 - INFO - Epoch 23/30
2025-06-05 22:59:57,224 - INFO - Initial accuracy: 0.9509
2025-06-05 22:59:57,250 - INFO - Updated accuracy: 94.51%
2025-06-05 23:00:07,369 - INFO - Epoch 23: ce loss: 0.078, con loss: 0.082, ptd loss: 0.921, rep loss: 0.315
2025-06-05 23:00:07,370 - INFO - Stage 3, Epoch 23: Accuracy list: [1.    1.    1.    1.    1.    1.    1.    1.    1.    1.    1.    1.
 1.    1.    1.    1.    1.    1.    1.    1.    1.    1.    1.    1.
 1.    0.143 1.    1.    1.    0.955]
2025-06-05 23:00:07,370 - INFO - Stage 3, Epoch 23: Mean accuracy: 0.970
2025-06-05 23:00:07,370 - INFO - Stage 3, Epoch 23: Top ten classes mean accuracy: 100.000
2025-06-05 23:00:10,203 - INFO - Initial accuracy: 0.9538
2025-06-05 23:00:10,228 - INFO - Updated accuracy: 95.09%
2025-06-05 23:00:13,094 - INFO - Total mean accuracy: 98.551
2025-06-05 23:00:16,010 - INFO - Epoch 24/30
2025-06-05 23:00:19,390 - INFO - Initial accuracy: 0.9509
2025-06-05 23:00:19,414 - INFO - Updated accuracy: 94.51%
2025-06-05 23:00:29,753 - INFO - Epoch 24: ce loss: 0.019, con loss: 0.062, ptd loss: 0.920, rep loss: 0.334
2025-06-05 23:00:29,754 - INFO - Stage 3, Epoch 24: Accuracy list: [1.    1.    1.    1.    1.    1.    1.    1.    1.    1.    1.    1.
 1.    1.    1.    1.    1.    1.    1.    1.    1.    1.    1.    1.
 1.    0.    1.    1.    1.    0.955]
2025-06-05 23:00:29,754 - INFO - Stage 3, Epoch 24: Mean accuracy: 0.965
2025-06-05 23:00:29,754 - INFO - Stage 3, Epoch 24: Top ten classes mean accuracy: 100.000
2025-06-05 23:00:32,972 - INFO - Initial accuracy: 0.9509
2025-06-05 23:00:32,998 - INFO - Updated accuracy: 93.93%
2025-06-05 23:00:36,062 - INFO - Total mean accuracy: 98.344
2025-06-05 23:00:38,581 - INFO - Epoch 25/30
2025-06-05 23:00:41,896 - INFO - Initial accuracy: 0.9538
2025-06-05 23:00:41,920 - INFO - Updated accuracy: 94.51%
2025-06-05 23:00:51,408 - INFO - Epoch 25: ce loss: 0.103, con loss: 0.044, ptd loss: 0.918, rep loss: 0.359
2025-06-05 23:00:51,409 - INFO - Stage 3, Epoch 25: Accuracy list: [1.    1.    1.    1.    1.    1.    1.    1.    1.    1.    1.    1.
 1.    1.    1.    1.    1.    1.    1.    1.    1.    1.    1.    1.
 1.    0.    1.    1.    1.    0.955]
2025-06-05 23:00:51,410 - INFO - Stage 3, Epoch 25: Mean accuracy: 0.965
2025-06-05 23:00:51,410 - INFO - Stage 3, Epoch 25: Top ten classes mean accuracy: 100.000
2025-06-05 23:00:54,154 - INFO - Initial accuracy: 0.9538
2025-06-05 23:00:54,179 - INFO - Updated accuracy: 94.22%
2025-06-05 23:00:56,955 - INFO - Total mean accuracy: 98.344
2025-06-05 23:00:59,050 - INFO - Epoch 26/30
2025-06-05 23:01:02,224 - INFO - Initial accuracy: 0.9538
2025-06-05 23:01:02,249 - INFO - Updated accuracy: 95.09%
2025-06-05 23:01:11,959 - INFO - Epoch 26: ce loss: 0.152, con loss: 0.048, ptd loss: 0.916, rep loss: 0.288
2025-06-05 23:01:11,961 - INFO - Stage 3, Epoch 26: Accuracy list: [1.    1.    1.    1.    1.    1.    1.    1.    1.    1.    1.    1.
 1.    1.    1.    1.    1.    1.    1.    1.    1.    1.    1.    1.
 1.    0.    1.    1.    1.    0.955]
2025-06-05 23:01:11,961 - INFO - Stage 3, Epoch 26: Mean accuracy: 0.965
2025-06-05 23:01:11,961 - INFO - Stage 3, Epoch 26: Top ten classes mean accuracy: 100.000
2025-06-05 23:01:15,355 - INFO - Initial accuracy: 0.9509
2025-06-05 23:01:15,380 - INFO - Updated accuracy: 94.51%
2025-06-05 23:01:18,621 - INFO - Total mean accuracy: 98.344
2025-06-05 23:01:20,634 - INFO - Epoch 27/30
2025-06-05 23:01:23,658 - INFO - Initial accuracy: 0.9538
2025-06-05 23:01:23,684 - INFO - Updated accuracy: 94.22%
2025-06-05 23:01:32,762 - INFO - Epoch 27: ce loss: 0.190, con loss: 0.082, ptd loss: 0.915, rep loss: 0.248
2025-06-05 23:01:32,764 - INFO - Stage 3, Epoch 27: Accuracy list: [1.    1.    1.    1.    1.    1.    1.    1.    1.    1.    1.    1.
 1.    1.    1.    1.    1.    1.    1.    1.    1.    1.    0.957 1.
 1.    0.    1.    1.    1.    0.955]
2025-06-05 23:01:32,764 - INFO - Stage 3, Epoch 27: Mean accuracy: 0.964
2025-06-05 23:01:32,764 - INFO - Stage 3, Epoch 27: Top ten classes mean accuracy: 100.000
2025-06-05 23:01:35,458 - INFO - Initial accuracy: 0.9509
2025-06-05 23:01:35,482 - INFO - Updated accuracy: 94.80%
2025-06-05 23:01:38,672 - INFO - Total mean accuracy: 98.137
2025-06-05 23:01:40,765 - INFO - Epoch 28/30
2025-06-05 23:01:43,996 - INFO - Initial accuracy: 0.9538
2025-06-05 23:01:44,020 - INFO - Updated accuracy: 94.80%
2025-06-05 23:01:53,570 - INFO - Epoch 28: ce loss: 0.028, con loss: 0.019, ptd loss: 0.914, rep loss: 0.308
2025-06-05 23:01:53,571 - INFO - Stage 3, Epoch 28: Accuracy list: [1.    1.    1.    1.    1.    1.    1.    1.    1.    1.    1.    1.
 1.    1.    1.    1.    1.    1.    1.    1.    1.    1.    0.957 1.
 1.    0.    1.    1.    1.    0.955]
2025-06-05 23:01:53,571 - INFO - Stage 3, Epoch 28: Mean accuracy: 0.964
2025-06-05 23:01:53,571 - INFO - Stage 3, Epoch 28: Top ten classes mean accuracy: 100.000
2025-06-05 23:01:56,276 - INFO - Initial accuracy: 0.9480
2025-06-05 23:01:56,301 - INFO - Updated accuracy: 94.80%
2025-06-05 23:01:59,050 - INFO - Total mean accuracy: 98.137
2025-06-05 23:02:01,116 - INFO - Epoch 29/30
2025-06-05 23:02:03,935 - INFO - Initial accuracy: 0.9480
2025-06-05 23:02:03,958 - INFO - Updated accuracy: 94.51%
2025-06-05 23:02:13,138 - INFO - Epoch 29: ce loss: 0.025, con loss: 0.081, ptd loss: 0.912, rep loss: 0.342
2025-06-05 23:02:13,139 - INFO - Stage 3, Epoch 29: Accuracy list: [1.    1.    1.    1.    1.    1.    1.    1.    1.    1.    1.    1.
 1.    1.    1.    1.    1.    1.    1.    1.    1.    1.    0.957 1.
 1.    0.    1.    1.    1.    0.955]
2025-06-05 23:02:13,140 - INFO - Stage 3, Epoch 29: Mean accuracy: 0.964
2025-06-05 23:02:13,140 - INFO - Stage 3, Epoch 29: Top ten classes mean accuracy: 100.000
2025-06-05 23:02:15,809 - INFO - Initial accuracy: 0.9480
2025-06-05 23:02:15,835 - INFO - Updated accuracy: 94.51%
2025-06-05 23:02:18,556 - INFO - Total mean accuracy: 98.137
2025-06-05 23:02:20,532 - INFO - Epoch 30/30
2025-06-05 23:02:23,298 - INFO - Initial accuracy: 0.9480
2025-06-05 23:02:23,326 - INFO - Updated accuracy: 94.51%
2025-06-05 23:02:32,913 - INFO - Epoch 30: ce loss: 0.148, con loss: 0.088, ptd loss: 0.911, rep loss: 0.346
2025-06-05 23:02:32,914 - INFO - Stage 3, Epoch 30: Accuracy list: [1.    1.    1.    1.    1.    1.    1.    1.    1.    1.    1.    1.
 1.    1.    1.    1.    1.    1.    1.    1.    1.    1.    0.957 1.
 1.    0.    1.    1.    1.    0.955]
2025-06-05 23:02:32,914 - INFO - Stage 3, Epoch 30: Mean accuracy: 0.964
2025-06-05 23:02:32,914 - INFO - Stage 3, Epoch 30: Top ten classes mean accuracy: 100.000
2025-06-05 23:02:35,982 - INFO - Initial accuracy: 0.9480
2025-06-05 23:02:36,008 - INFO - Updated accuracy: 94.80%
2025-06-05 23:02:38,667 - INFO - Total mean accuracy: 98.137
2025-06-05 23:02:43,741 - INFO - Stage 3 completed. Best accuracy: 99.793
2025-06-05 23:02:43,741 - INFO - From webcam to dslr, best accuracy of different stages:
2025-06-05 23:02:43,741 - INFO - [100.    100.     99.793]
2025-06-05 23:02:43,741 - INFO - From webcam to dslr, last accuracy of different stages:
2025-06-05 23:02:43,741 - INFO - [100.     97.742  98.137]
2025-06-05 23:02:43,742 - INFO - From webcam to dslr, top_ten accuracy of different stages:
2025-06-05 23:02:43,742 - INFO - [100. 100. 100.]
2025-06-05 23:02:43,742 - INFO - Training completed!
