2025-06-05 20:25:30,978 - INFO - Logging initialized. Log file: office31_dslr_to_webcam.log
2025-06-05 20:25:31,055 - INFO - Using 1 GPU(s)
2025-06-05 20:25:31,055 - INFO - Source domain: dslr, Target domain: webcam
2025-06-05 20:25:34,901 - INFO - Starting incremental learning...
2025-06-05 20:25:34,901 - INFO - Starting incremental stage 1/3
2025-06-05 20:25:39,418 - INFO - Average relation matrix mean: 0.0323
2025-06-05 20:25:39,421 - INFO - Shared classes: [0, 1, 2, 3, 4, 5, 6, 7, 8, 9]
2025-06-05 20:25:39,421 - INFO - Classes meeting probability condition: [0, 1, 2, 3, 4, 5, 6, 7, 8, 9]
2025-06-05 20:25:39,421 - INFO - Classes meeting similarity condition: [0, 1, 2, 3, 4, 5, 6, 7, 8, 9]
2025-06-05 20:25:46,270 - INFO - Starting training for stage 1
2025-06-05 20:25:46,270 - INFO - Epoch 1/30
2025-06-05 20:25:48,951 - INFO - Initial accuracy: 0.9979
2025-06-05 20:25:48,962 - INFO - Unique labels before 5th iteration: tensor([0, 1, 2, 3, 4, 5, 6, 7, 8, 9], device='cuda:0')
2025-06-05 20:25:48,992 - INFO - Updated accuracy: 100.00%
2025-06-05 20:25:55,594 - INFO - Epoch 1: ce loss: 2.707, con loss: 0.308, ptd loss: 0.996, rep loss: 0.000
2025-06-05 20:25:55,596 - INFO - Stage 1, Epoch 1: Accuracy list: [0.172 0.619 0.714 0.25  0.188 0.968 1.    0.056 0.381 0.316]
2025-06-05 20:25:55,596 - INFO - Stage 1, Epoch 1: Mean accuracy: 0.466
2025-06-05 20:25:55,596 - INFO - Stage 1, Epoch 1: Top ten classes mean accuracy: 46.640
2025-06-05 20:25:58,272 - INFO - Initial accuracy: 0.6064
2025-06-05 20:25:58,279 - INFO - Unique labels before 5th iteration: tensor([0, 1, 2, 3, 5, 6, 8, 9], device='cuda:0')
2025-06-05 20:25:58,297 - INFO - Updated accuracy: 84.47%
2025-06-05 20:26:00,088 - INFO - Total mean accuracy: 54.894
2025-06-05 20:26:00,722 - INFO - Epoch 2/30
2025-06-05 20:26:03,290 - INFO - Initial accuracy: 1.0000
2025-06-05 20:26:03,298 - INFO - Unique labels before 5th iteration: tensor([0, 1, 2, 3, 4, 5, 6, 7, 8, 9], device='cuda:0')
2025-06-05 20:26:03,319 - INFO - Updated accuracy: 100.00%
2025-06-05 20:26:09,737 - INFO - Epoch 2: ce loss: 1.011, con loss: 0.546, ptd loss: 0.989, rep loss: 0.000
2025-06-05 20:26:09,738 - INFO - Stage 1, Epoch 2: Accuracy list: [0.931 1.    1.    0.25  0.875 1.    1.    0.333 0.952 0.895]
2025-06-05 20:26:09,738 - INFO - Stage 1, Epoch 2: Mean accuracy: 0.824
2025-06-05 20:26:09,738 - INFO - Stage 1, Epoch 2: Top ten classes mean accuracy: 82.360
2025-06-05 20:26:12,494 - INFO - Initial accuracy: 0.9000
2025-06-05 20:26:12,500 - INFO - Unique labels before 5th iteration: tensor([0, 1, 2, 3, 4, 5, 6, 7, 8, 9], device='cuda:0')
2025-06-05 20:26:12,514 - INFO - Updated accuracy: 99.36%
2025-06-05 20:26:14,286 - INFO - Total mean accuracy: 88.085
2025-06-05 20:26:17,879 - INFO - Epoch 3/30
2025-06-05 20:26:20,469 - INFO - Initial accuracy: 0.9979
2025-06-05 20:26:20,476 - INFO - Unique labels before 5th iteration: tensor([0, 1, 2, 3, 4, 5, 6, 7, 8, 9], device='cuda:0')
2025-06-05 20:26:20,495 - INFO - Updated accuracy: 100.00%
2025-06-05 20:26:27,002 - INFO - Epoch 3: ce loss: 0.296, con loss: 0.195, ptd loss: 0.981, rep loss: 0.000
2025-06-05 20:26:27,003 - INFO - Stage 1, Epoch 3: Accuracy list: [1.    1.    1.    0.833 1.    1.    1.    0.778 1.    1.   ]
2025-06-05 20:26:27,003 - INFO - Stage 1, Epoch 3: Mean accuracy: 0.961
2025-06-05 20:26:27,003 - INFO - Stage 1, Epoch 3: Top ten classes mean accuracy: 96.110
2025-06-05 20:26:29,640 - INFO - Initial accuracy: 0.9723
2025-06-05 20:26:29,647 - INFO - Unique labels before 5th iteration: tensor([0, 1, 2, 3, 4, 5, 6, 7, 8, 9], device='cuda:0')
2025-06-05 20:26:29,660 - INFO - Updated accuracy: 99.79%
2025-06-05 20:26:31,447 - INFO - Total mean accuracy: 97.447
2025-06-05 20:26:35,179 - INFO - Epoch 4/30
2025-06-05 20:26:37,847 - INFO - Initial accuracy: 0.9979
2025-06-05 20:26:37,854 - INFO - Unique labels before 5th iteration: tensor([0, 1, 2, 3, 4, 5, 6, 7, 8, 9], device='cuda:0')
2025-06-05 20:26:37,878 - INFO - Updated accuracy: 100.00%
2025-06-05 20:26:44,260 - INFO - Epoch 4: ce loss: 0.197, con loss: 0.199, ptd loss: 0.976, rep loss: 0.000
2025-06-05 20:26:44,261 - INFO - Stage 1, Epoch 4: Accuracy list: [1.    1.    1.    1.    1.    1.    1.    0.944 1.    1.   ]
2025-06-05 20:26:44,262 - INFO - Stage 1, Epoch 4: Mean accuracy: 0.994
2025-06-05 20:26:44,262 - INFO - Stage 1, Epoch 4: Top ten classes mean accuracy: 99.440
2025-06-05 20:26:46,903 - INFO - Initial accuracy: 0.9915
2025-06-05 20:26:46,911 - INFO - Unique labels before 5th iteration: tensor([0, 1, 2, 3, 4, 5, 6, 7, 8, 9], device='cuda:0')
2025-06-05 20:26:46,932 - INFO - Updated accuracy: 100.00%
2025-06-05 20:26:48,736 - INFO - Total mean accuracy: 99.574
2025-06-05 20:26:51,897 - INFO - Epoch 5/30
2025-06-05 20:26:54,676 - INFO - Initial accuracy: 1.0000
2025-06-05 20:26:54,682 - INFO - Unique labels before 5th iteration: tensor([0, 1, 2, 3, 4, 5, 6, 7, 8, 9], device='cuda:0')
2025-06-05 20:26:54,701 - INFO - Updated accuracy: 100.00%
2025-06-05 20:27:01,079 - INFO - Epoch 5: ce loss: 0.114, con loss: 0.271, ptd loss: 0.972, rep loss: 0.000
2025-06-05 20:27:01,080 - INFO - Stage 1, Epoch 5: Accuracy list: [1. 1. 1. 1. 1. 1. 1. 1. 1. 1.]
2025-06-05 20:27:01,080 - INFO - Stage 1, Epoch 5: Mean accuracy: 1.000
2025-06-05 20:27:01,080 - INFO - Stage 1, Epoch 5: Top ten classes mean accuracy: 100.000
2025-06-05 20:27:04,005 - INFO - Initial accuracy: 0.9979
2025-06-05 20:27:04,013 - INFO - Unique labels before 5th iteration: tensor([0, 1, 2, 3, 4, 5, 6, 7, 8, 9], device='cuda:0')
2025-06-05 20:27:04,034 - INFO - Updated accuracy: 99.79%
2025-06-05 20:27:05,877 - INFO - Total mean accuracy: 100.000
2025-06-05 20:27:11,002 - INFO - Epoch 6/30
2025-06-05 20:27:13,725 - INFO - Initial accuracy: 1.0000
2025-06-05 20:27:13,762 - INFO - Updated accuracy: 99.79%
2025-06-05 20:27:18,414 - INFO - Historical prototype classes: []
2025-06-05 20:27:18,415 - INFO - Current prototype classes: [0, 1, 2, 3, 4, 5, 6, 7, 8, 9]
2025-06-05 20:27:19,863 - INFO - Constructing class 0 exemplar
2025-06-05 20:27:21,682 - INFO - Constructing class 1 exemplar
2025-06-05 20:27:23,581 - INFO - Constructing class 2 exemplar
2025-06-05 20:27:25,444 - INFO - Constructing class 3 exemplar
2025-06-05 20:27:27,198 - INFO - Constructing class 4 exemplar
2025-06-05 20:27:29,072 - INFO - Constructing class 5 exemplar
2025-06-05 20:27:31,429 - INFO - Constructing class 6 exemplar
2025-06-05 20:27:33,404 - INFO - Constructing class 7 exemplar
2025-06-05 20:27:35,181 - INFO - Constructing class 8 exemplar
2025-06-05 20:27:36,955 - INFO - Constructing class 9 exemplar
2025-06-05 20:27:37,305 - INFO - Updated prototype count: 10
2025-06-05 20:27:38,990 - INFO - Epoch 6: ce loss: 0.038, con loss: 0.572, ptd loss: 0.969, rep loss: 0.000
2025-06-05 20:27:38,991 - INFO - Stage 1, Epoch 6: Accuracy list: [1. 1. 1. 1. 1. 1. 1. 1. 1. 1.]
2025-06-05 20:27:38,992 - INFO - Stage 1, Epoch 6: Mean accuracy: 1.000
2025-06-05 20:27:38,992 - INFO - Stage 1, Epoch 6: Top ten classes mean accuracy: 100.000
2025-06-05 20:27:41,927 - INFO - Initial accuracy: 1.0000
2025-06-05 20:27:41,970 - INFO - Updated accuracy: 100.00%
2025-06-05 20:27:43,675 - INFO - Total mean accuracy: 100.000
2025-06-05 20:27:47,484 - INFO - Epoch 7/30
2025-06-05 20:27:50,318 - INFO - Initial accuracy: 1.0000
2025-06-05 20:27:50,360 - INFO - Updated accuracy: 99.79%
2025-06-05 20:27:58,598 - INFO - Epoch 7: ce loss: 0.088, con loss: 0.020, ptd loss: 0.967, rep loss: 0.374
2025-06-05 20:27:58,599 - INFO - Stage 1, Epoch 7: Accuracy list: [1. 1. 1. 1. 1. 1. 1. 1. 1. 1.]
2025-06-05 20:27:58,599 - INFO - Stage 1, Epoch 7: Mean accuracy: 1.000
2025-06-05 20:27:58,599 - INFO - Stage 1, Epoch 7: Top ten classes mean accuracy: 100.000
2025-06-05 20:28:01,280 - INFO - Initial accuracy: 1.0000
2025-06-05 20:28:01,319 - INFO - Updated accuracy: 100.00%
2025-06-05 20:28:03,039 - INFO - Total mean accuracy: 100.000
2025-06-05 20:28:06,788 - INFO - Epoch 8/30
2025-06-05 20:28:09,522 - INFO - Initial accuracy: 0.9979
2025-06-05 20:28:09,560 - INFO - Updated accuracy: 100.00%
2025-06-05 20:28:18,039 - INFO - Epoch 8: ce loss: 0.056, con loss: 0.034, ptd loss: 0.965, rep loss: 0.392
2025-06-05 20:28:18,040 - INFO - Stage 1, Epoch 8: Accuracy list: [1. 1. 1. 1. 1. 1. 1. 1. 1. 1.]
2025-06-05 20:28:18,041 - INFO - Stage 1, Epoch 8: Mean accuracy: 1.000
2025-06-05 20:28:18,041 - INFO - Stage 1, Epoch 8: Top ten classes mean accuracy: 100.000
2025-06-05 20:28:20,697 - INFO - Initial accuracy: 1.0000
2025-06-05 20:28:20,732 - INFO - Updated accuracy: 100.00%
2025-06-05 20:28:22,387 - INFO - Total mean accuracy: 100.000
2025-06-05 20:28:26,485 - INFO - Epoch 9/30
2025-06-05 20:28:29,168 - INFO - Initial accuracy: 1.0000
2025-06-05 20:28:29,206 - INFO - Updated accuracy: 99.79%
2025-06-05 20:28:37,556 - INFO - Epoch 9: ce loss: 0.050, con loss: 0.360, ptd loss: 0.963, rep loss: 0.376
2025-06-05 20:28:37,557 - INFO - Stage 1, Epoch 9: Accuracy list: [1. 1. 1. 1. 1. 1. 1. 1. 1. 1.]
2025-06-05 20:28:37,557 - INFO - Stage 1, Epoch 9: Mean accuracy: 1.000
2025-06-05 20:28:37,557 - INFO - Stage 1, Epoch 9: Top ten classes mean accuracy: 100.000
2025-06-05 20:28:40,267 - INFO - Initial accuracy: 1.0000
2025-06-05 20:28:40,304 - INFO - Updated accuracy: 99.79%
2025-06-05 20:28:42,020 - INFO - Total mean accuracy: 100.000
2025-06-05 20:28:46,327 - INFO - Epoch 10/30
2025-06-05 20:28:48,969 - INFO - Initial accuracy: 1.0000
2025-06-05 20:28:49,006 - INFO - Updated accuracy: 100.00%
2025-06-05 20:28:57,264 - INFO - Epoch 10: ce loss: 0.046, con loss: 0.007, ptd loss: 0.961, rep loss: 0.459
2025-06-05 20:28:57,264 - INFO - Stage 1, Epoch 10: Accuracy list: [1. 1. 1. 1. 1. 1. 1. 1. 1. 1.]
2025-06-05 20:28:57,265 - INFO - Stage 1, Epoch 10: Mean accuracy: 1.000
2025-06-05 20:28:57,265 - INFO - Stage 1, Epoch 10: Top ten classes mean accuracy: 100.000
2025-06-05 20:29:00,073 - INFO - Initial accuracy: 1.0000
2025-06-05 20:29:00,112 - INFO - Updated accuracy: 100.00%
2025-06-05 20:29:01,802 - INFO - Total mean accuracy: 100.000
2025-06-05 20:29:05,610 - INFO - Epoch 11/30
2025-06-05 20:29:08,376 - INFO - Initial accuracy: 1.0000
2025-06-05 20:29:08,412 - INFO - Updated accuracy: 100.00%
2025-06-05 20:29:15,315 - INFO - Historical prototype classes: [0, 1, 2, 3, 4, 5, 6, 7, 8, 9]
2025-06-05 20:29:15,316 - INFO - Current prototype classes: [0, 1, 2, 3, 4, 5, 6, 7, 8, 9]
2025-06-05 20:29:16,773 - INFO - Constructing class 2 exemplar
2025-06-05 20:29:18,688 - INFO - Constructing class 3 exemplar
2025-06-05 20:29:20,544 - INFO - Constructing class 4 exemplar
2025-06-05 20:29:22,382 - INFO - Constructing class 6 exemplar
2025-06-05 20:29:24,680 - INFO - Constructing class 7 exemplar
2025-06-05 20:29:26,583 - INFO - Constructing class 9 exemplar
2025-06-05 20:29:26,970 - INFO - Updated prototype count: 10
2025-06-05 20:29:28,788 - INFO - Epoch 11: ce loss: 0.032, con loss: 0.163, ptd loss: 0.959, rep loss: 0.503
2025-06-05 20:29:28,789 - INFO - Stage 1, Epoch 11: Accuracy list: [1. 1. 1. 1. 1. 1. 1. 1. 1. 1.]
2025-06-05 20:29:28,789 - INFO - Stage 1, Epoch 11: Mean accuracy: 1.000
2025-06-05 20:29:28,790 - INFO - Stage 1, Epoch 11: Top ten classes mean accuracy: 100.000
2025-06-05 20:29:31,509 - INFO - Initial accuracy: 1.0000
2025-06-05 20:29:31,551 - INFO - Updated accuracy: 100.00%
2025-06-05 20:29:33,282 - INFO - Total mean accuracy: 100.000
2025-06-05 20:29:37,573 - INFO - Epoch 12/30
2025-06-05 20:29:40,348 - INFO - Initial accuracy: 1.0000
2025-06-05 20:29:40,390 - INFO - Updated accuracy: 100.00%
2025-06-05 20:29:48,992 - INFO - Epoch 12: ce loss: 0.024, con loss: 0.047, ptd loss: 0.957, rep loss: 0.297
2025-06-05 20:29:48,993 - INFO - Stage 1, Epoch 12: Accuracy list: [1. 1. 1. 1. 1. 1. 1. 1. 1. 1.]
2025-06-05 20:29:48,993 - INFO - Stage 1, Epoch 12: Mean accuracy: 1.000
2025-06-05 20:29:48,993 - INFO - Stage 1, Epoch 12: Top ten classes mean accuracy: 100.000
2025-06-05 20:29:51,664 - INFO - Initial accuracy: 1.0000
2025-06-05 20:29:51,702 - INFO - Updated accuracy: 99.79%
2025-06-05 20:29:53,487 - INFO - Total mean accuracy: 100.000
2025-06-05 20:29:57,342 - INFO - Epoch 13/30
2025-06-05 20:30:00,067 - INFO - Initial accuracy: 1.0000
2025-06-05 20:30:00,102 - INFO - Updated accuracy: 100.00%
2025-06-05 20:30:08,502 - INFO - Epoch 13: ce loss: 0.052, con loss: 0.134, ptd loss: 0.955, rep loss: 0.357
2025-06-05 20:30:08,502 - INFO - Stage 1, Epoch 13: Accuracy list: [1. 1. 1. 1. 1. 1. 1. 1. 1. 1.]
2025-06-05 20:30:08,502 - INFO - Stage 1, Epoch 13: Mean accuracy: 1.000
2025-06-05 20:30:08,502 - INFO - Stage 1, Epoch 13: Top ten classes mean accuracy: 100.000
2025-06-05 20:30:11,298 - INFO - Initial accuracy: 1.0000
2025-06-05 20:30:11,336 - INFO - Updated accuracy: 100.00%
2025-06-05 20:30:13,062 - INFO - Total mean accuracy: 100.000
2025-06-05 20:30:17,645 - INFO - Epoch 14/30
2025-06-05 20:30:20,327 - INFO - Initial accuracy: 1.0000
2025-06-05 20:30:20,363 - INFO - Updated accuracy: 100.00%
2025-06-05 20:30:28,958 - INFO - Epoch 14: ce loss: 0.072, con loss: 0.069, ptd loss: 0.953, rep loss: 0.262
2025-06-05 20:30:28,959 - INFO - Stage 1, Epoch 14: Accuracy list: [1. 1. 1. 1. 1. 1. 1. 1. 1. 1.]
2025-06-05 20:30:28,959 - INFO - Stage 1, Epoch 14: Mean accuracy: 1.000
2025-06-05 20:30:28,959 - INFO - Stage 1, Epoch 14: Top ten classes mean accuracy: 100.000
2025-06-05 20:30:31,757 - INFO - Initial accuracy: 1.0000
2025-06-05 20:30:31,796 - INFO - Updated accuracy: 100.00%
2025-06-05 20:30:33,466 - INFO - Total mean accuracy: 100.000
2025-06-05 20:30:37,195 - INFO - Epoch 15/30
2025-06-05 20:30:39,876 - INFO - Initial accuracy: 1.0000
2025-06-05 20:30:39,912 - INFO - Updated accuracy: 100.00%
2025-06-05 20:30:48,460 - INFO - Epoch 15: ce loss: 0.030, con loss: 0.044, ptd loss: 0.951, rep loss: 0.331
2025-06-05 20:30:48,461 - INFO - Stage 1, Epoch 15: Accuracy list: [1. 1. 1. 1. 1. 1. 1. 1. 1. 1.]
2025-06-05 20:30:48,461 - INFO - Stage 1, Epoch 15: Mean accuracy: 1.000
2025-06-05 20:30:48,461 - INFO - Stage 1, Epoch 15: Top ten classes mean accuracy: 100.000
2025-06-05 20:30:51,529 - INFO - Initial accuracy: 1.0000
2025-06-05 20:30:51,568 - INFO - Updated accuracy: 100.00%
2025-06-05 20:30:53,220 - INFO - Total mean accuracy: 100.000
2025-06-05 20:30:56,923 - INFO - Epoch 16/30
2025-06-05 20:31:00,064 - INFO - Initial accuracy: 1.0000
2025-06-05 20:31:00,101 - INFO - Updated accuracy: 100.00%
2025-06-05 20:31:08,514 - INFO - Epoch 16: ce loss: 0.027, con loss: 0.050, ptd loss: 0.949, rep loss: 0.344
2025-06-05 20:31:08,515 - INFO - Stage 1, Epoch 16: Accuracy list: [1. 1. 1. 1. 1. 1. 1. 1. 1. 1.]
2025-06-05 20:31:08,515 - INFO - Stage 1, Epoch 16: Mean accuracy: 1.000
2025-06-05 20:31:08,515 - INFO - Stage 1, Epoch 16: Top ten classes mean accuracy: 100.000
2025-06-05 20:31:11,351 - INFO - Initial accuracy: 1.0000
2025-06-05 20:31:11,388 - INFO - Updated accuracy: 100.00%
2025-06-05 20:31:13,134 - INFO - Total mean accuracy: 100.000
2025-06-05 20:31:17,018 - INFO - Epoch 17/30
2025-06-05 20:31:19,755 - INFO - Initial accuracy: 1.0000
2025-06-05 20:31:19,792 - INFO - Updated accuracy: 100.00%
2025-06-05 20:31:28,291 - INFO - Epoch 17: ce loss: 0.013, con loss: 0.142, ptd loss: 0.947, rep loss: 0.284
2025-06-05 20:31:28,292 - INFO - Stage 1, Epoch 17: Accuracy list: [1. 1. 1. 1. 1. 1. 1. 1. 1. 1.]
2025-06-05 20:31:28,292 - INFO - Stage 1, Epoch 17: Mean accuracy: 1.000
2025-06-05 20:31:28,292 - INFO - Stage 1, Epoch 17: Top ten classes mean accuracy: 100.000
2025-06-05 20:31:31,111 - INFO - Initial accuracy: 1.0000
2025-06-05 20:31:31,151 - INFO - Updated accuracy: 100.00%
2025-06-05 20:31:32,928 - INFO - Total mean accuracy: 100.000
2025-06-05 20:31:36,889 - INFO - Epoch 18/30
2025-06-05 20:31:39,554 - INFO - Initial accuracy: 1.0000
2025-06-05 20:31:39,591 - INFO - Updated accuracy: 100.00%
2025-06-05 20:31:48,360 - INFO - Epoch 18: ce loss: 0.020, con loss: 0.051, ptd loss: 0.945, rep loss: 0.227
2025-06-05 20:31:48,361 - INFO - Stage 1, Epoch 18: Accuracy list: [1. 1. 1. 1. 1. 1. 1. 1. 1. 1.]
2025-06-05 20:31:48,361 - INFO - Stage 1, Epoch 18: Mean accuracy: 1.000
2025-06-05 20:31:48,361 - INFO - Stage 1, Epoch 18: Top ten classes mean accuracy: 100.000
2025-06-05 20:31:51,114 - INFO - Initial accuracy: 1.0000
2025-06-05 20:31:51,152 - INFO - Updated accuracy: 100.00%
2025-06-05 20:31:52,937 - INFO - Total mean accuracy: 100.000
2025-06-05 20:31:56,650 - INFO - Epoch 19/30
2025-06-05 20:31:59,306 - INFO - Initial accuracy: 1.0000
2025-06-05 20:31:59,342 - INFO - Updated accuracy: 100.00%
2025-06-05 20:32:07,780 - INFO - Epoch 19: ce loss: 0.045, con loss: 0.239, ptd loss: 0.944, rep loss: 0.253
2025-06-05 20:32:07,781 - INFO - Stage 1, Epoch 19: Accuracy list: [1. 1. 1. 1. 1. 1. 1. 1. 1. 1.]
2025-06-05 20:32:07,781 - INFO - Stage 1, Epoch 19: Mean accuracy: 1.000
2025-06-05 20:32:07,781 - INFO - Stage 1, Epoch 19: Top ten classes mean accuracy: 100.000
2025-06-05 20:32:10,535 - INFO - Initial accuracy: 1.0000
2025-06-05 20:32:10,571 - INFO - Updated accuracy: 100.00%
2025-06-05 20:32:12,312 - INFO - Total mean accuracy: 100.000
2025-06-05 20:32:16,199 - INFO - Epoch 20/30
2025-06-05 20:32:18,884 - INFO - Initial accuracy: 1.0000
2025-06-05 20:32:18,919 - INFO - Updated accuracy: 100.00%
2025-06-05 20:32:27,412 - INFO - Epoch 20: ce loss: 0.025, con loss: 0.030, ptd loss: 0.942, rep loss: 0.293
2025-06-05 20:32:27,413 - INFO - Stage 1, Epoch 20: Accuracy list: [1. 1. 1. 1. 1. 1. 1. 1. 1. 1.]
2025-06-05 20:32:27,413 - INFO - Stage 1, Epoch 20: Mean accuracy: 1.000
2025-06-05 20:32:27,413 - INFO - Stage 1, Epoch 20: Top ten classes mean accuracy: 100.000
2025-06-05 20:32:30,104 - INFO - Initial accuracy: 1.0000
2025-06-05 20:32:30,140 - INFO - Updated accuracy: 100.00%
2025-06-05 20:32:31,899 - INFO - Total mean accuracy: 100.000
2025-06-05 20:32:36,505 - INFO - Epoch 21/30
2025-06-05 20:32:39,220 - INFO - Initial accuracy: 1.0000
2025-06-05 20:32:39,254 - INFO - Updated accuracy: 99.79%
2025-06-05 20:32:46,314 - INFO - Historical prototype classes: [0, 1, 2, 3, 4, 5, 6, 7, 8, 9]
2025-06-05 20:32:46,314 - INFO - Current prototype classes: [0, 1, 2, 3, 4, 5, 6, 7, 8, 9]
2025-06-05 20:32:47,773 - INFO - Constructing class 2 exemplar
2025-06-05 20:32:49,657 - INFO - Constructing class 3 exemplar
2025-06-05 20:32:51,428 - INFO - Constructing class 4 exemplar
2025-06-05 20:32:53,220 - INFO - Constructing class 6 exemplar
2025-06-05 20:32:55,138 - INFO - Constructing class 7 exemplar
2025-06-05 20:32:56,919 - INFO - Constructing class 9 exemplar
2025-06-05 20:32:57,280 - INFO - Updated prototype count: 10
2025-06-05 20:32:58,924 - INFO - Epoch 21: ce loss: 0.040, con loss: 0.081, ptd loss: 0.940, rep loss: 0.372
2025-06-05 20:32:58,925 - INFO - Stage 1, Epoch 21: Accuracy list: [1. 1. 1. 1. 1. 1. 1. 1. 1. 1.]
2025-06-05 20:32:58,925 - INFO - Stage 1, Epoch 21: Mean accuracy: 1.000
2025-06-05 20:32:58,926 - INFO - Stage 1, Epoch 21: Top ten classes mean accuracy: 100.000
2025-06-05 20:33:01,953 - INFO - Initial accuracy: 1.0000
2025-06-05 20:33:01,995 - INFO - Updated accuracy: 100.00%
2025-06-05 20:33:03,648 - INFO - Total mean accuracy: 100.000
2025-06-05 20:33:07,312 - INFO - Epoch 22/30
2025-06-05 20:33:10,108 - INFO - Initial accuracy: 1.0000
2025-06-05 20:33:10,152 - INFO - Updated accuracy: 100.00%
2025-06-05 20:33:18,522 - INFO - Epoch 22: ce loss: 0.031, con loss: 0.073, ptd loss: 0.938, rep loss: 0.206
2025-06-05 20:33:18,523 - INFO - Stage 1, Epoch 22: Accuracy list: [1. 1. 1. 1. 1. 1. 1. 1. 1. 1.]
2025-06-05 20:33:18,523 - INFO - Stage 1, Epoch 22: Mean accuracy: 1.000
2025-06-05 20:33:18,523 - INFO - Stage 1, Epoch 22: Top ten classes mean accuracy: 100.000
2025-06-05 20:33:21,156 - INFO - Initial accuracy: 1.0000
2025-06-05 20:33:21,193 - INFO - Updated accuracy: 100.00%
2025-06-05 20:33:22,818 - INFO - Total mean accuracy: 100.000
2025-06-05 20:33:26,339 - INFO - Epoch 23/30
2025-06-05 20:33:29,151 - INFO - Initial accuracy: 1.0000
2025-06-05 20:33:29,192 - INFO - Updated accuracy: 100.00%
2025-06-05 20:33:37,696 - INFO - Epoch 23: ce loss: 0.029, con loss: 0.135, ptd loss: 0.937, rep loss: 0.192
2025-06-05 20:33:37,697 - INFO - Stage 1, Epoch 23: Accuracy list: [1. 1. 1. 1. 1. 1. 1. 1. 1. 1.]
2025-06-05 20:33:37,697 - INFO - Stage 1, Epoch 23: Mean accuracy: 1.000
2025-06-05 20:33:37,697 - INFO - Stage 1, Epoch 23: Top ten classes mean accuracy: 100.000
2025-06-05 20:33:40,360 - INFO - Initial accuracy: 1.0000
2025-06-05 20:33:40,397 - INFO - Updated accuracy: 100.00%
2025-06-05 20:33:42,078 - INFO - Total mean accuracy: 100.000
2025-06-05 20:33:46,004 - INFO - Epoch 24/30
2025-06-05 20:33:48,674 - INFO - Initial accuracy: 1.0000
2025-06-05 20:33:48,708 - INFO - Updated accuracy: 100.00%
2025-06-05 20:33:57,459 - INFO - Epoch 24: ce loss: 0.021, con loss: 0.076, ptd loss: 0.935, rep loss: 0.186
2025-06-05 20:33:57,460 - INFO - Stage 1, Epoch 24: Accuracy list: [1. 1. 1. 1. 1. 1. 1. 1. 1. 1.]
2025-06-05 20:33:57,460 - INFO - Stage 1, Epoch 24: Mean accuracy: 1.000
2025-06-05 20:33:57,460 - INFO - Stage 1, Epoch 24: Top ten classes mean accuracy: 100.000
2025-06-05 20:34:00,087 - INFO - Initial accuracy: 0.9979
2025-06-05 20:34:00,126 - INFO - Updated accuracy: 100.00%
2025-06-05 20:34:01,865 - INFO - Total mean accuracy: 100.000
2025-06-05 20:34:05,517 - INFO - Epoch 25/30
2025-06-05 20:34:08,198 - INFO - Initial accuracy: 1.0000
2025-06-05 20:34:08,232 - INFO - Updated accuracy: 100.00%
2025-06-05 20:34:16,637 - INFO - Epoch 25: ce loss: 0.035, con loss: 0.112, ptd loss: 0.933, rep loss: 0.210
2025-06-05 20:34:16,638 - INFO - Stage 1, Epoch 25: Accuracy list: [1. 1. 1. 1. 1. 1. 1. 1. 1. 1.]
2025-06-05 20:34:16,638 - INFO - Stage 1, Epoch 25: Mean accuracy: 1.000
2025-06-05 20:34:16,638 - INFO - Stage 1, Epoch 25: Top ten classes mean accuracy: 100.000
2025-06-05 20:34:19,790 - INFO - Initial accuracy: 1.0000
2025-06-05 20:34:19,826 - INFO - Updated accuracy: 100.00%
2025-06-05 20:34:21,575 - INFO - Total mean accuracy: 100.000
2025-06-05 20:34:25,442 - INFO - Epoch 26/30
2025-06-05 20:34:28,491 - INFO - Initial accuracy: 1.0000
2025-06-05 20:34:28,529 - INFO - Updated accuracy: 99.79%
2025-06-05 20:34:36,852 - INFO - Epoch 26: ce loss: 0.024, con loss: 0.094, ptd loss: 0.932, rep loss: 0.245
2025-06-05 20:34:36,853 - INFO - Stage 1, Epoch 26: Accuracy list: [1. 1. 1. 1. 1. 1. 1. 1. 1. 1.]
2025-06-05 20:34:36,853 - INFO - Stage 1, Epoch 26: Mean accuracy: 1.000
2025-06-05 20:34:36,854 - INFO - Stage 1, Epoch 26: Top ten classes mean accuracy: 100.000
2025-06-05 20:34:39,533 - INFO - Initial accuracy: 1.0000
2025-06-05 20:34:39,568 - INFO - Updated accuracy: 100.00%
2025-06-05 20:34:41,279 - INFO - Total mean accuracy: 100.000
2025-06-05 20:34:44,669 - INFO - Epoch 27/30
2025-06-05 20:34:47,392 - INFO - Initial accuracy: 1.0000
2025-06-05 20:34:47,427 - INFO - Updated accuracy: 100.00%
2025-06-05 20:34:55,825 - INFO - Epoch 27: ce loss: 0.029, con loss: 0.095, ptd loss: 0.930, rep loss: 0.232
2025-06-05 20:34:55,826 - INFO - Stage 1, Epoch 27: Accuracy list: [1. 1. 1. 1. 1. 1. 1. 1. 1. 1.]
2025-06-05 20:34:55,826 - INFO - Stage 1, Epoch 27: Mean accuracy: 1.000
2025-06-05 20:34:55,826 - INFO - Stage 1, Epoch 27: Top ten classes mean accuracy: 100.000
2025-06-05 20:34:58,565 - INFO - Initial accuracy: 1.0000
2025-06-05 20:34:58,603 - INFO - Updated accuracy: 100.00%
2025-06-05 20:35:00,380 - INFO - Total mean accuracy: 100.000
2025-06-05 20:35:03,572 - INFO - Epoch 28/30
2025-06-05 20:35:06,325 - INFO - Initial accuracy: 1.0000
2025-06-05 20:35:06,359 - INFO - Updated accuracy: 100.00%
2025-06-05 20:35:15,009 - INFO - Epoch 28: ce loss: 0.013, con loss: 0.027, ptd loss: 0.928, rep loss: 0.224
2025-06-05 20:35:15,010 - INFO - Stage 1, Epoch 28: Accuracy list: [1. 1. 1. 1. 1. 1. 1. 1. 1. 1.]
2025-06-05 20:35:15,010 - INFO - Stage 1, Epoch 28: Mean accuracy: 1.000
2025-06-05 20:35:15,011 - INFO - Stage 1, Epoch 28: Top ten classes mean accuracy: 100.000
2025-06-05 20:35:17,692 - INFO - Initial accuracy: 1.0000
2025-06-05 20:35:17,727 - INFO - Updated accuracy: 100.00%
2025-06-05 20:35:19,395 - INFO - Total mean accuracy: 100.000
2025-06-05 20:35:23,146 - INFO - Epoch 29/30
2025-06-05 20:35:25,834 - INFO - Initial accuracy: 1.0000
2025-06-05 20:35:25,868 - INFO - Updated accuracy: 100.00%
2025-06-05 20:35:34,391 - INFO - Epoch 29: ce loss: 0.036, con loss: 0.013, ptd loss: 0.926, rep loss: 0.253
2025-06-05 20:35:34,392 - INFO - Stage 1, Epoch 29: Accuracy list: [1. 1. 1. 1. 1. 1. 1. 1. 1. 1.]
2025-06-05 20:35:34,393 - INFO - Stage 1, Epoch 29: Mean accuracy: 1.000
2025-06-05 20:35:34,393 - INFO - Stage 1, Epoch 29: Top ten classes mean accuracy: 100.000
2025-06-05 20:35:37,206 - INFO - Initial accuracy: 1.0000
2025-06-05 20:35:37,241 - INFO - Updated accuracy: 100.00%
2025-06-05 20:35:39,028 - INFO - Total mean accuracy: 100.000
2025-06-05 20:35:42,047 - INFO - Epoch 30/30
2025-06-05 20:35:44,795 - INFO - Initial accuracy: 1.0000
2025-06-05 20:35:44,832 - INFO - Updated accuracy: 100.00%
2025-06-05 20:35:53,320 - INFO - Epoch 30: ce loss: 0.036, con loss: 0.044, ptd loss: 0.925, rep loss: 0.212
2025-06-05 20:35:53,321 - INFO - Stage 1, Epoch 30: Accuracy list: [1. 1. 1. 1. 1. 1. 1. 1. 1. 1.]
2025-06-05 20:35:53,321 - INFO - Stage 1, Epoch 30: Mean accuracy: 1.000
2025-06-05 20:35:53,321 - INFO - Stage 1, Epoch 30: Top ten classes mean accuracy: 100.000
2025-06-05 20:35:56,027 - INFO - Initial accuracy: 1.0000
2025-06-05 20:35:56,063 - INFO - Updated accuracy: 100.00%
2025-06-05 20:35:57,861 - INFO - Total mean accuracy: 100.000
2025-06-05 20:36:02,575 - INFO - Stage 1 completed. Best accuracy: 100.000
2025-06-05 20:36:02,576 - INFO - Starting incremental stage 2/3
2025-06-05 20:36:06,060 - INFO - Average relation matrix mean: 0.0323
2025-06-05 20:36:06,063 - INFO - Shared classes: [10, 11, 12, 13, 14, 15, 16, 17, 18, 19]
2025-06-05 20:36:06,063 - INFO - Classes meeting probability condition: [10, 11, 12, 13, 14, 15, 16, 17, 18, 19]
2025-06-05 20:36:06,063 - INFO - Classes meeting similarity condition: [10, 11, 12, 13, 14, 15, 16, 17, 18, 19]
2025-06-05 20:36:06,244 - INFO - Starting training for stage 2
2025-06-05 20:36:06,244 - INFO - Epoch 1/30
2025-06-05 20:36:09,281 - INFO - Initial accuracy: 0.9795
2025-06-05 20:36:09,291 - INFO - Unique labels before 5th iteration: tensor([10, 11, 12, 13, 14, 15, 16, 17, 18, 19], device='cuda:0')
2025-06-05 20:36:09,334 - INFO - Updated accuracy: 98.81%
2025-06-05 20:36:20,474 - INFO - Epoch 1: ce loss: 3.282, con loss: 0.001, ptd loss: 0.988, rep loss: 0.172
2025-06-05 20:36:20,474 - INFO - Stage 2, Epoch 1: Accuracy list: [1.    1.    1.    1.    1.    1.    1.    1.    1.    1.    0.185 0.148
 0.    0.    0.033 0.581 0.1   0.815 0.821 0.938]
2025-06-05 20:36:20,475 - INFO - Stage 2, Epoch 1: Mean accuracy: 0.681
2025-06-05 20:36:20,475 - INFO - Stage 2, Epoch 1: Top ten classes mean accuracy: 100.000
2025-06-05 20:36:23,519 - INFO - Initial accuracy: 0.7406
2025-06-05 20:36:23,527 - INFO - Unique labels before 5th iteration: tensor([10, 11, 12, 13, 14, 15, 16, 17, 18, 19], device='cuda:0')
2025-06-05 20:36:23,540 - INFO - Updated accuracy: 98.46%
2025-06-05 20:36:26,039 - INFO - Total mean accuracy: 65.909
2025-06-05 20:36:26,714 - INFO - Epoch 2/30
2025-06-05 20:36:30,151 - INFO - Initial accuracy: 0.9846
2025-06-05 20:36:30,163 - INFO - Unique labels before 5th iteration: tensor([10, 11, 12, 13, 14, 15, 16, 17, 18, 19], device='cuda:0')
2025-06-05 20:36:30,202 - INFO - Updated accuracy: 98.63%
2025-06-05 20:36:40,770 - INFO - Epoch 2: ce loss: 1.499, con loss: 0.001, ptd loss: 0.979, rep loss: 0.370
2025-06-05 20:36:40,771 - INFO - Stage 2, Epoch 2: Accuracy list: [1.    1.    1.    1.    1.    1.    1.    1.    1.    1.    1.    1.
 1.    0.632 1.    0.884 1.    1.    1.    1.   ]
2025-06-05 20:36:40,771 - INFO - Stage 2, Epoch 2: Mean accuracy: 0.976
2025-06-05 20:36:40,771 - INFO - Stage 2, Epoch 2: Top ten classes mean accuracy: 100.000
2025-06-05 20:36:43,708 - INFO - Initial accuracy: 0.9744
2025-06-05 20:36:43,716 - INFO - Unique labels before 5th iteration: tensor([10, 11, 12, 13, 14, 15, 16, 17, 18, 19], device='cuda:0')
2025-06-05 20:36:43,730 - INFO - Updated accuracy: 99.15%
2025-06-05 20:36:46,215 - INFO - Total mean accuracy: 97.727
2025-06-05 20:36:49,782 - INFO - Epoch 3/30
2025-06-05 20:36:52,772 - INFO - Initial accuracy: 0.9846
2025-06-05 20:36:52,779 - INFO - Unique labels before 5th iteration: tensor([10, 11, 12, 13, 14, 15, 16, 17, 18, 19], device='cuda:0')
2025-06-05 20:36:52,815 - INFO - Updated accuracy: 99.49%
2025-06-05 20:37:03,556 - INFO - Epoch 3: ce loss: 0.088, con loss: 0.005, ptd loss: 0.972, rep loss: 0.333
2025-06-05 20:37:03,557 - INFO - Stage 2, Epoch 3: Accuracy list: [1.    1.    1.    1.    1.    0.935 1.    1.    0.952 1.    1.    1.
 1.    0.895 1.    0.953 1.    1.    1.    1.   ]
2025-06-05 20:37:03,558 - INFO - Stage 2, Epoch 3: Mean accuracy: 0.987
2025-06-05 20:37:03,558 - INFO - Stage 2, Epoch 3: Top ten classes mean accuracy: 98.870
2025-06-05 20:37:06,613 - INFO - Initial accuracy: 0.9949
2025-06-05 20:37:06,621 - INFO - Unique labels before 5th iteration: tensor([10, 11, 12, 13, 14, 15, 16, 17, 18, 19], device='cuda:0')
2025-06-05 20:37:06,653 - INFO - Updated accuracy: 99.83%
2025-06-05 20:37:09,225 - INFO - Total mean accuracy: 98.674
2025-06-05 20:37:12,566 - INFO - Epoch 4/30
2025-06-05 20:37:15,556 - INFO - Initial accuracy: 0.9812
2025-06-05 20:37:15,563 - INFO - Unique labels before 5th iteration: tensor([10, 11, 12, 13, 14, 15, 16, 17, 18, 19], device='cuda:0')
2025-06-05 20:37:15,596 - INFO - Updated accuracy: 98.81%
2025-06-05 20:37:26,341 - INFO - Epoch 4: ce loss: 0.112, con loss: 0.001, ptd loss: 0.968, rep loss: 0.325
2025-06-05 20:37:26,342 - INFO - Stage 2, Epoch 4: Accuracy list: [1.    1.    1.    1.    1.    1.    1.    1.    1.    1.    1.    1.
 1.    1.    1.    0.977 1.    1.    1.    1.   ]
2025-06-05 20:37:26,342 - INFO - Stage 2, Epoch 4: Mean accuracy: 0.999
2025-06-05 20:37:26,342 - INFO - Stage 2, Epoch 4: Top ten classes mean accuracy: 100.000
2025-06-05 20:37:29,374 - INFO - Initial accuracy: 0.9966
2025-06-05 20:37:29,381 - INFO - Unique labels before 5th iteration: tensor([10, 11, 12, 13, 14, 15, 16, 17, 18, 19], device='cuda:0')
2025-06-05 20:37:29,412 - INFO - Updated accuracy: 100.00%
2025-06-05 20:37:32,035 - INFO - Total mean accuracy: 99.811
2025-06-05 20:37:36,034 - INFO - Epoch 5/30
2025-06-05 20:37:39,035 - INFO - Initial accuracy: 0.9795
2025-06-05 20:37:39,042 - INFO - Unique labels before 5th iteration: tensor([10, 11, 12, 13, 14, 15, 16, 17, 18, 19], device='cuda:0')
2025-06-05 20:37:39,067 - INFO - Updated accuracy: 98.46%
2025-06-05 20:37:49,738 - INFO - Epoch 5: ce loss: 0.024, con loss: 0.120, ptd loss: 0.965, rep loss: 0.252
2025-06-05 20:37:49,739 - INFO - Stage 2, Epoch 5: Accuracy list: [1.    1.    1.    1.    1.    1.    1.    1.    1.    1.    1.    1.
 1.    1.    1.    0.977 0.967 1.    1.    1.   ]
2025-06-05 20:37:49,739 - INFO - Stage 2, Epoch 5: Mean accuracy: 0.997
2025-06-05 20:37:49,739 - INFO - Stage 2, Epoch 5: Top ten classes mean accuracy: 100.000
2025-06-05 20:37:52,834 - INFO - Initial accuracy: 0.9983
2025-06-05 20:37:52,841 - INFO - Unique labels before 5th iteration: tensor([10, 11, 12, 13, 14, 15, 16, 17, 18, 19], device='cuda:0')
2025-06-05 20:37:52,877 - INFO - Updated accuracy: 100.00%
2025-06-05 20:37:55,319 - INFO - Total mean accuracy: 99.621
2025-06-05 20:37:59,000 - INFO - Epoch 6/30
2025-06-05 20:38:02,055 - INFO - Initial accuracy: 0.9983
2025-06-05 20:38:02,111 - INFO - Updated accuracy: 100.00%
2025-06-05 20:38:10,742 - INFO - Historical prototype classes: [0, 1, 2, 3, 4, 5, 6, 7, 8, 9]
2025-06-05 20:38:10,742 - INFO - Current prototype classes: [10, 11, 12, 13, 14, 15, 16, 17, 18, 19]
2025-06-05 20:38:12,351 - INFO - Constructing class 10 exemplar
2025-06-05 20:38:14,589 - INFO - Constructing class 11 exemplar
2025-06-05 20:38:16,679 - INFO - Constructing class 12 exemplar
2025-06-05 20:38:18,741 - INFO - Constructing class 13 exemplar
2025-06-05 20:38:20,821 - INFO - Constructing class 14 exemplar
2025-06-05 20:38:23,132 - INFO - Constructing class 15 exemplar
2025-06-05 20:38:25,356 - INFO - Constructing class 16 exemplar
2025-06-05 20:38:27,514 - INFO - Constructing class 17 exemplar
2025-06-05 20:38:29,590 - INFO - Constructing class 18 exemplar
2025-06-05 20:38:31,814 - INFO - Constructing class 19 exemplar
2025-06-05 20:38:32,273 - INFO - Updated prototype count: 20
2025-06-05 20:38:34,890 - INFO - Epoch 6: ce loss: 0.049, con loss: 0.000, ptd loss: 0.963, rep loss: 0.253
2025-06-05 20:38:34,891 - INFO - Stage 2, Epoch 6: Accuracy list: [1.    1.    1.    1.    1.    1.    1.    1.    1.    1.    1.    1.
 1.    1.    1.    0.977 0.967 1.    1.    1.   ]
2025-06-05 20:38:34,891 - INFO - Stage 2, Epoch 6: Mean accuracy: 0.997
2025-06-05 20:38:34,892 - INFO - Stage 2, Epoch 6: Top ten classes mean accuracy: 100.000
2025-06-05 20:38:37,835 - INFO - Initial accuracy: 1.0000
2025-06-05 20:38:37,897 - INFO - Updated accuracy: 99.83%
2025-06-05 20:38:40,402 - INFO - Total mean accuracy: 99.621
2025-06-05 20:38:44,538 - INFO - Epoch 7/30
2025-06-05 20:38:47,634 - INFO - Initial accuracy: 1.0000
2025-06-05 20:38:47,696 - INFO - Updated accuracy: 100.00%
2025-06-05 20:38:58,919 - INFO - Epoch 7: ce loss: 0.015, con loss: 0.000, ptd loss: 0.961, rep loss: 0.246
2025-06-05 20:38:58,920 - INFO - Stage 2, Epoch 7: Accuracy list: [1. 1. 1. 1. 1. 1. 1. 1. 1. 1. 1. 1. 1. 1. 1. 1. 1. 1. 1. 1.]
2025-06-05 20:38:58,921 - INFO - Stage 2, Epoch 7: Mean accuracy: 1.000
2025-06-05 20:38:58,921 - INFO - Stage 2, Epoch 7: Top ten classes mean accuracy: 100.000
2025-06-05 20:39:02,151 - INFO - Initial accuracy: 0.9983
2025-06-05 20:39:02,208 - INFO - Updated accuracy: 100.00%
2025-06-05 20:39:04,771 - INFO - Total mean accuracy: 100.000
2025-06-05 20:39:08,430 - INFO - Epoch 8/30
2025-06-05 20:39:11,535 - INFO - Initial accuracy: 1.0000
2025-06-05 20:39:11,598 - INFO - Updated accuracy: 100.00%
2025-06-05 20:39:22,845 - INFO - Epoch 8: ce loss: 0.037, con loss: 0.003, ptd loss: 0.959, rep loss: 0.264
2025-06-05 20:39:22,846 - INFO - Stage 2, Epoch 8: Accuracy list: [1. 1. 1. 1. 1. 1. 1. 1. 1. 1. 1. 1. 1. 1. 1. 1. 1. 1. 1. 1.]
2025-06-05 20:39:22,846 - INFO - Stage 2, Epoch 8: Mean accuracy: 1.000
2025-06-05 20:39:22,846 - INFO - Stage 2, Epoch 8: Top ten classes mean accuracy: 100.000
2025-06-05 20:39:25,997 - INFO - Initial accuracy: 1.0000
2025-06-05 20:39:26,050 - INFO - Updated accuracy: 99.83%
2025-06-05 20:39:28,626 - INFO - Total mean accuracy: 100.000
2025-06-05 20:39:32,307 - INFO - Epoch 9/30
2025-06-05 20:39:35,398 - INFO - Initial accuracy: 1.0000
2025-06-05 20:39:35,455 - INFO - Updated accuracy: 100.00%
2025-06-05 20:39:46,809 - INFO - Epoch 9: ce loss: 0.079, con loss: 0.004, ptd loss: 0.957, rep loss: 0.224
2025-06-05 20:39:46,810 - INFO - Stage 2, Epoch 9: Accuracy list: [1. 1. 1. 1. 1. 1. 1. 1. 1. 1. 1. 1. 1. 1. 1. 1. 1. 1. 1. 1.]
2025-06-05 20:39:46,810 - INFO - Stage 2, Epoch 9: Mean accuracy: 1.000
2025-06-05 20:39:46,810 - INFO - Stage 2, Epoch 9: Top ten classes mean accuracy: 100.000
2025-06-05 20:39:49,862 - INFO - Initial accuracy: 1.0000
2025-06-05 20:39:49,916 - INFO - Updated accuracy: 100.00%
2025-06-05 20:39:52,477 - INFO - Total mean accuracy: 100.000
2025-06-05 20:39:56,000 - INFO - Epoch 10/30
2025-06-05 20:39:59,536 - INFO - Initial accuracy: 1.0000
2025-06-05 20:39:59,588 - INFO - Updated accuracy: 100.00%
2025-06-05 20:40:10,842 - INFO - Epoch 10: ce loss: 0.051, con loss: 0.008, ptd loss: 0.955, rep loss: 0.280
2025-06-05 20:40:10,843 - INFO - Stage 2, Epoch 10: Accuracy list: [1. 1. 1. 1. 1. 1. 1. 1. 1. 1. 1. 1. 1. 1. 1. 1. 1. 1. 1. 1.]
2025-06-05 20:40:10,843 - INFO - Stage 2, Epoch 10: Mean accuracy: 1.000
2025-06-05 20:40:10,843 - INFO - Stage 2, Epoch 10: Top ten classes mean accuracy: 100.000
2025-06-05 20:40:13,952 - INFO - Initial accuracy: 1.0000
2025-06-05 20:40:14,009 - INFO - Updated accuracy: 100.00%
2025-06-05 20:40:16,605 - INFO - Total mean accuracy: 100.000
2025-06-05 20:40:20,401 - INFO - Epoch 11/30
2025-06-05 20:40:23,458 - INFO - Initial accuracy: 1.0000
2025-06-05 20:40:23,509 - INFO - Updated accuracy: 100.00%
2025-06-05 20:40:32,254 - INFO - Historical prototype classes: [0, 1, 2, 3, 4, 5, 6, 7, 8, 9, 10, 11, 12, 13, 14, 15, 16, 17, 18, 19]
2025-06-05 20:40:32,254 - INFO - Current prototype classes: [10, 11, 12, 13, 14, 15, 16, 17, 18, 19]
2025-06-05 20:40:33,950 - INFO - Constructing class 12 exemplar
2025-06-05 20:40:36,154 - INFO - Constructing class 13 exemplar
2025-06-05 20:40:38,368 - INFO - Constructing class 14 exemplar
2025-06-05 20:40:40,661 - INFO - Constructing class 15 exemplar
2025-06-05 20:40:41,339 - INFO - Updated prototype count: 20
2025-06-05 20:40:43,892 - INFO - Epoch 11: ce loss: 0.047, con loss: 0.001, ptd loss: 0.953, rep loss: 0.269
2025-06-05 20:40:43,893 - INFO - Stage 2, Epoch 11: Accuracy list: [1. 1. 1. 1. 1. 1. 1. 1. 1. 1. 1. 1. 1. 1. 1. 1. 1. 1. 1. 1.]
2025-06-05 20:40:43,893 - INFO - Stage 2, Epoch 11: Mean accuracy: 1.000
2025-06-05 20:40:43,893 - INFO - Stage 2, Epoch 11: Top ten classes mean accuracy: 100.000
2025-06-05 20:40:46,929 - INFO - Initial accuracy: 1.0000
2025-06-05 20:40:46,991 - INFO - Updated accuracy: 100.00%
2025-06-05 20:40:49,511 - INFO - Total mean accuracy: 100.000
2025-06-05 20:40:53,841 - INFO - Epoch 12/30
2025-06-05 20:40:56,921 - INFO - Initial accuracy: 1.0000
2025-06-05 20:40:56,979 - INFO - Updated accuracy: 100.00%
2025-06-05 20:41:08,367 - INFO - Epoch 12: ce loss: 0.047, con loss: 0.003, ptd loss: 0.951, rep loss: 0.299
2025-06-05 20:41:08,368 - INFO - Stage 2, Epoch 12: Accuracy list: [1. 1. 1. 1. 1. 1. 1. 1. 1. 1. 1. 1. 1. 1. 1. 1. 1. 1. 1. 1.]
2025-06-05 20:41:08,368 - INFO - Stage 2, Epoch 12: Mean accuracy: 1.000
2025-06-05 20:41:08,368 - INFO - Stage 2, Epoch 12: Top ten classes mean accuracy: 100.000
2025-06-05 20:41:11,396 - INFO - Initial accuracy: 1.0000
2025-06-05 20:41:11,450 - INFO - Updated accuracy: 100.00%
2025-06-05 20:41:14,031 - INFO - Total mean accuracy: 100.000
2025-06-05 20:41:17,871 - INFO - Epoch 13/30
2025-06-05 20:41:20,946 - INFO - Initial accuracy: 1.0000
2025-06-05 20:41:20,997 - INFO - Updated accuracy: 100.00%
2025-06-05 20:41:32,248 - INFO - Epoch 13: ce loss: 0.100, con loss: 0.003, ptd loss: 0.949, rep loss: 0.224
2025-06-05 20:41:32,248 - INFO - Stage 2, Epoch 13: Accuracy list: [1. 1. 1. 1. 1. 1. 1. 1. 1. 1. 1. 1. 1. 1. 1. 1. 1. 1. 1. 1.]
2025-06-05 20:41:32,248 - INFO - Stage 2, Epoch 13: Mean accuracy: 1.000
2025-06-05 20:41:32,248 - INFO - Stage 2, Epoch 13: Top ten classes mean accuracy: 100.000
2025-06-05 20:41:35,377 - INFO - Initial accuracy: 1.0000
2025-06-05 20:41:35,431 - INFO - Updated accuracy: 100.00%
2025-06-05 20:41:37,954 - INFO - Total mean accuracy: 100.000
2025-06-05 20:41:41,569 - INFO - Epoch 14/30
2025-06-05 20:41:45,025 - INFO - Initial accuracy: 1.0000
2025-06-05 20:41:45,084 - INFO - Updated accuracy: 100.00%
2025-06-05 20:41:56,567 - INFO - Epoch 14: ce loss: 0.037, con loss: 0.096, ptd loss: 0.947, rep loss: 0.239
2025-06-05 20:41:56,568 - INFO - Stage 2, Epoch 14: Accuracy list: [1. 1. 1. 1. 1. 1. 1. 1. 1. 1. 1. 1. 1. 1. 1. 1. 1. 1. 1. 1.]
2025-06-05 20:41:56,568 - INFO - Stage 2, Epoch 14: Mean accuracy: 1.000
2025-06-05 20:41:56,568 - INFO - Stage 2, Epoch 14: Top ten classes mean accuracy: 100.000
2025-06-05 20:41:59,996 - INFO - Initial accuracy: 1.0000
2025-06-05 20:42:00,047 - INFO - Updated accuracy: 100.00%
2025-06-05 20:42:02,531 - INFO - Total mean accuracy: 100.000
2025-06-05 20:42:06,133 - INFO - Epoch 15/30
2025-06-05 20:42:09,234 - INFO - Initial accuracy: 1.0000
2025-06-05 20:42:09,286 - INFO - Updated accuracy: 100.00%
2025-06-05 20:42:20,694 - INFO - Epoch 15: ce loss: 0.042, con loss: 0.018, ptd loss: 0.945, rep loss: 0.253
2025-06-05 20:42:20,695 - INFO - Stage 2, Epoch 15: Accuracy list: [1. 1. 1. 1. 1. 1. 1. 1. 1. 1. 1. 1. 1. 1. 1. 1. 1. 1. 1. 1.]
2025-06-05 20:42:20,695 - INFO - Stage 2, Epoch 15: Mean accuracy: 1.000
2025-06-05 20:42:20,695 - INFO - Stage 2, Epoch 15: Top ten classes mean accuracy: 100.000
2025-06-05 20:42:23,885 - INFO - Initial accuracy: 1.0000
2025-06-05 20:42:23,935 - INFO - Updated accuracy: 100.00%
2025-06-05 20:42:26,585 - INFO - Total mean accuracy: 100.000
2025-06-05 20:42:30,266 - INFO - Epoch 16/30
2025-06-05 20:42:33,430 - INFO - Initial accuracy: 1.0000
2025-06-05 20:42:33,483 - INFO - Updated accuracy: 100.00%
2025-06-05 20:42:44,804 - INFO - Epoch 16: ce loss: 0.030, con loss: 0.001, ptd loss: 0.943, rep loss: 0.263
2025-06-05 20:42:44,805 - INFO - Stage 2, Epoch 16: Accuracy list: [1. 1. 1. 1. 1. 1. 1. 1. 1. 1. 1. 1. 1. 1. 1. 1. 1. 1. 1. 1.]
2025-06-05 20:42:44,805 - INFO - Stage 2, Epoch 16: Mean accuracy: 1.000
2025-06-05 20:42:44,805 - INFO - Stage 2, Epoch 16: Top ten classes mean accuracy: 100.000
2025-06-05 20:42:47,948 - INFO - Initial accuracy: 1.0000
2025-06-05 20:42:48,000 - INFO - Updated accuracy: 100.00%
2025-06-05 20:42:50,601 - INFO - Total mean accuracy: 100.000
2025-06-05 20:42:54,513 - INFO - Epoch 17/30
2025-06-05 20:42:57,569 - INFO - Initial accuracy: 1.0000
2025-06-05 20:42:57,625 - INFO - Updated accuracy: 100.00%
2025-06-05 20:43:08,912 - INFO - Epoch 17: ce loss: 0.041, con loss: 0.001, ptd loss: 0.941, rep loss: 0.210
2025-06-05 20:43:08,913 - INFO - Stage 2, Epoch 17: Accuracy list: [1. 1. 1. 1. 1. 1. 1. 1. 1. 1. 1. 1. 1. 1. 1. 1. 1. 1. 1. 1.]
2025-06-05 20:43:08,913 - INFO - Stage 2, Epoch 17: Mean accuracy: 1.000
2025-06-05 20:43:08,913 - INFO - Stage 2, Epoch 17: Top ten classes mean accuracy: 100.000
2025-06-05 20:43:11,918 - INFO - Initial accuracy: 1.0000
2025-06-05 20:43:11,973 - INFO - Updated accuracy: 100.00%
2025-06-05 20:43:14,555 - INFO - Total mean accuracy: 100.000
2025-06-05 20:43:18,798 - INFO - Epoch 18/30
2025-06-05 20:43:21,893 - INFO - Initial accuracy: 1.0000
2025-06-05 20:43:21,944 - INFO - Updated accuracy: 100.00%
2025-06-05 20:43:33,575 - INFO - Epoch 18: ce loss: 0.033, con loss: 0.027, ptd loss: 0.940, rep loss: 0.259
2025-06-05 20:43:33,576 - INFO - Stage 2, Epoch 18: Accuracy list: [1. 1. 1. 1. 1. 1. 1. 1. 1. 1. 1. 1. 1. 1. 1. 1. 1. 1. 1. 1.]
2025-06-05 20:43:33,576 - INFO - Stage 2, Epoch 18: Mean accuracy: 1.000
2025-06-05 20:43:33,576 - INFO - Stage 2, Epoch 18: Top ten classes mean accuracy: 100.000
2025-06-05 20:43:36,725 - INFO - Initial accuracy: 1.0000
2025-06-05 20:43:36,777 - INFO - Updated accuracy: 100.00%
2025-06-05 20:43:39,426 - INFO - Total mean accuracy: 100.000
2025-06-05 20:43:43,360 - INFO - Epoch 19/30
2025-06-05 20:43:46,461 - INFO - Initial accuracy: 1.0000
2025-06-05 20:43:46,514 - INFO - Updated accuracy: 100.00%
2025-06-05 20:43:57,480 - INFO - Epoch 19: ce loss: 0.040, con loss: 0.001, ptd loss: 0.938, rep loss: 0.260
2025-06-05 20:43:57,481 - INFO - Stage 2, Epoch 19: Accuracy list: [1. 1. 1. 1. 1. 1. 1. 1. 1. 1. 1. 1. 1. 1. 1. 1. 1. 1. 1. 1.]
2025-06-05 20:43:57,481 - INFO - Stage 2, Epoch 19: Mean accuracy: 1.000
2025-06-05 20:43:57,481 - INFO - Stage 2, Epoch 19: Top ten classes mean accuracy: 100.000
2025-06-05 20:44:00,552 - INFO - Initial accuracy: 1.0000
2025-06-05 20:44:00,606 - INFO - Updated accuracy: 100.00%
2025-06-05 20:44:03,175 - INFO - Total mean accuracy: 100.000
2025-06-05 20:44:06,823 - INFO - Epoch 20/30
2025-06-05 20:44:10,289 - INFO - Initial accuracy: 1.0000
2025-06-05 20:44:10,341 - INFO - Updated accuracy: 100.00%
2025-06-05 20:44:21,636 - INFO - Epoch 20: ce loss: 0.015, con loss: 0.032, ptd loss: 0.936, rep loss: 0.192
2025-06-05 20:44:21,637 - INFO - Stage 2, Epoch 20: Accuracy list: [1. 1. 1. 1. 1. 1. 1. 1. 1. 1. 1. 1. 1. 1. 1. 1. 1. 1. 1. 1.]
2025-06-05 20:44:21,637 - INFO - Stage 2, Epoch 20: Mean accuracy: 1.000
2025-06-05 20:44:21,637 - INFO - Stage 2, Epoch 20: Top ten classes mean accuracy: 100.000
2025-06-05 20:44:24,732 - INFO - Initial accuracy: 1.0000
2025-06-05 20:44:24,783 - INFO - Updated accuracy: 100.00%
2025-06-05 20:44:27,525 - INFO - Total mean accuracy: 100.000
2025-06-05 20:44:31,038 - INFO - Epoch 21/30
2025-06-05 20:44:34,095 - INFO - Initial accuracy: 1.0000
2025-06-05 20:44:34,148 - INFO - Updated accuracy: 100.00%
2025-06-05 20:44:42,794 - INFO - Historical prototype classes: [0, 1, 2, 3, 4, 5, 6, 7, 8, 9, 10, 11, 12, 13, 14, 15, 16, 17, 18, 19]
2025-06-05 20:44:42,795 - INFO - Current prototype classes: [10, 11, 12, 13, 14, 15, 16, 17, 18, 19]
2025-06-05 20:44:44,662 - INFO - Constructing class 12 exemplar
2025-06-05 20:44:46,996 - INFO - Constructing class 13 exemplar
2025-06-05 20:44:49,128 - INFO - Constructing class 14 exemplar
2025-06-05 20:44:51,479 - INFO - Constructing class 15 exemplar
2025-06-05 20:44:51,963 - INFO - Updated prototype count: 20
2025-06-05 20:44:54,643 - INFO - Epoch 21: ce loss: 0.014, con loss: 0.260, ptd loss: 0.934, rep loss: 0.284
2025-06-05 20:44:54,644 - INFO - Stage 2, Epoch 21: Accuracy list: [1. 1. 1. 1. 1. 1. 1. 1. 1. 1. 1. 1. 1. 1. 1. 1. 1. 1. 1. 1.]
2025-06-05 20:44:54,644 - INFO - Stage 2, Epoch 21: Mean accuracy: 1.000
2025-06-05 20:44:54,644 - INFO - Stage 2, Epoch 21: Top ten classes mean accuracy: 100.000
2025-06-05 20:44:57,802 - INFO - Initial accuracy: 1.0000
2025-06-05 20:44:57,863 - INFO - Updated accuracy: 100.00%
2025-06-05 20:45:00,417 - INFO - Total mean accuracy: 100.000
2025-06-05 20:45:03,936 - INFO - Epoch 22/30
2025-06-05 20:45:07,159 - INFO - Initial accuracy: 1.0000
2025-06-05 20:45:07,222 - INFO - Updated accuracy: 100.00%
2025-06-05 20:45:18,937 - INFO - Epoch 22: ce loss: 0.074, con loss: 0.017, ptd loss: 0.933, rep loss: 0.170
2025-06-05 20:45:18,938 - INFO - Stage 2, Epoch 22: Accuracy list: [1. 1. 1. 1. 1. 1. 1. 1. 1. 1. 1. 1. 1. 1. 1. 1. 1. 1. 1. 1.]
2025-06-05 20:45:18,939 - INFO - Stage 2, Epoch 22: Mean accuracy: 1.000
2025-06-05 20:45:18,939 - INFO - Stage 2, Epoch 22: Top ten classes mean accuracy: 100.000
2025-06-05 20:45:21,996 - INFO - Initial accuracy: 1.0000
2025-06-05 20:45:22,051 - INFO - Updated accuracy: 100.00%
2025-06-05 20:45:24,632 - INFO - Total mean accuracy: 100.000
2025-06-05 20:45:28,570 - INFO - Epoch 23/30
2025-06-05 20:45:31,580 - INFO - Initial accuracy: 1.0000
2025-06-05 20:45:31,631 - INFO - Updated accuracy: 100.00%
2025-06-05 20:45:43,173 - INFO - Epoch 23: ce loss: 0.053, con loss: 0.001, ptd loss: 0.931, rep loss: 0.228
2025-06-05 20:45:43,174 - INFO - Stage 2, Epoch 23: Accuracy list: [1. 1. 1. 1. 1. 1. 1. 1. 1. 1. 1. 1. 1. 1. 1. 1. 1. 1. 1. 1.]
2025-06-05 20:45:43,174 - INFO - Stage 2, Epoch 23: Mean accuracy: 1.000
2025-06-05 20:45:43,174 - INFO - Stage 2, Epoch 23: Top ten classes mean accuracy: 100.000
2025-06-05 20:45:46,239 - INFO - Initial accuracy: 1.0000
2025-06-05 20:45:46,290 - INFO - Updated accuracy: 100.00%
2025-06-05 20:45:48,936 - INFO - Total mean accuracy: 100.000
2025-06-05 20:45:53,168 - INFO - Epoch 24/30
2025-06-05 20:45:56,265 - INFO - Initial accuracy: 1.0000
2025-06-05 20:45:56,314 - INFO - Updated accuracy: 100.00%
2025-06-05 20:46:07,511 - INFO - Epoch 24: ce loss: 0.033, con loss: 0.081, ptd loss: 0.929, rep loss: 0.216
2025-06-05 20:46:07,511 - INFO - Stage 2, Epoch 24: Accuracy list: [1. 1. 1. 1. 1. 1. 1. 1. 1. 1. 1. 1. 1. 1. 1. 1. 1. 1. 1. 1.]
2025-06-05 20:46:07,511 - INFO - Stage 2, Epoch 24: Mean accuracy: 1.000
2025-06-05 20:46:07,511 - INFO - Stage 2, Epoch 24: Top ten classes mean accuracy: 100.000
2025-06-05 20:46:10,964 - INFO - Initial accuracy: 1.0000
2025-06-05 20:46:11,020 - INFO - Updated accuracy: 100.00%
2025-06-05 20:46:13,601 - INFO - Total mean accuracy: 100.000
2025-06-05 20:46:17,407 - INFO - Epoch 25/30
2025-06-05 20:46:20,508 - INFO - Initial accuracy: 1.0000
2025-06-05 20:46:20,559 - INFO - Updated accuracy: 100.00%
2025-06-05 20:46:32,232 - INFO - Epoch 25: ce loss: 0.012, con loss: 0.023, ptd loss: 0.928, rep loss: 0.244
2025-06-05 20:46:32,233 - INFO - Stage 2, Epoch 25: Accuracy list: [1. 1. 1. 1. 1. 1. 1. 1. 1. 1. 1. 1. 1. 1. 1. 1. 1. 1. 1. 1.]
2025-06-05 20:46:32,233 - INFO - Stage 2, Epoch 25: Mean accuracy: 1.000
2025-06-05 20:46:32,234 - INFO - Stage 2, Epoch 25: Top ten classes mean accuracy: 100.000
2025-06-05 20:46:35,335 - INFO - Initial accuracy: 1.0000
2025-06-05 20:46:35,389 - INFO - Updated accuracy: 100.00%
2025-06-05 20:46:38,047 - INFO - Total mean accuracy: 100.000
2025-06-05 20:46:41,816 - INFO - Epoch 26/30
2025-06-05 20:46:45,335 - INFO - Initial accuracy: 1.0000
2025-06-05 20:46:45,383 - INFO - Updated accuracy: 100.00%
2025-06-05 20:46:56,584 - INFO - Epoch 26: ce loss: 0.014, con loss: 0.029, ptd loss: 0.926, rep loss: 0.222
2025-06-05 20:46:56,585 - INFO - Stage 2, Epoch 26: Accuracy list: [1. 1. 1. 1. 1. 1. 1. 1. 1. 1. 1. 1. 1. 1. 1. 1. 1. 1. 1. 1.]
2025-06-05 20:46:56,585 - INFO - Stage 2, Epoch 26: Mean accuracy: 1.000
2025-06-05 20:46:56,585 - INFO - Stage 2, Epoch 26: Top ten classes mean accuracy: 100.000
2025-06-05 20:46:59,644 - INFO - Initial accuracy: 1.0000
2025-06-05 20:46:59,700 - INFO - Updated accuracy: 100.00%
2025-06-05 20:47:02,244 - INFO - Total mean accuracy: 100.000
2025-06-05 20:47:05,604 - INFO - Epoch 27/30
2025-06-05 20:47:08,714 - INFO - Initial accuracy: 1.0000
2025-06-05 20:47:08,769 - INFO - Updated accuracy: 100.00%
2025-06-05 20:47:20,499 - INFO - Epoch 27: ce loss: 0.014, con loss: 0.037, ptd loss: 0.924, rep loss: 0.227
2025-06-05 20:47:20,500 - INFO - Stage 2, Epoch 27: Accuracy list: [1. 1. 1. 1. 1. 1. 1. 1. 1. 1. 1. 1. 1. 1. 1. 1. 1. 1. 1. 1.]
2025-06-05 20:47:20,500 - INFO - Stage 2, Epoch 27: Mean accuracy: 1.000
2025-06-05 20:47:20,500 - INFO - Stage 2, Epoch 27: Top ten classes mean accuracy: 100.000
2025-06-05 20:47:23,649 - INFO - Initial accuracy: 1.0000
2025-06-05 20:47:23,701 - INFO - Updated accuracy: 100.00%
2025-06-05 20:47:26,361 - INFO - Total mean accuracy: 100.000
2025-06-05 20:47:29,988 - INFO - Epoch 28/30
2025-06-05 20:47:33,029 - INFO - Initial accuracy: 1.0000
2025-06-05 20:47:33,078 - INFO - Updated accuracy: 100.00%
2025-06-05 20:47:44,401 - INFO - Epoch 28: ce loss: 0.017, con loss: 0.010, ptd loss: 0.923, rep loss: 0.230
2025-06-05 20:47:44,402 - INFO - Stage 2, Epoch 28: Accuracy list: [1. 1. 1. 1. 1. 1. 1. 1. 1. 1. 1. 1. 1. 1. 1. 1. 1. 1. 1. 1.]
2025-06-05 20:47:44,402 - INFO - Stage 2, Epoch 28: Mean accuracy: 1.000
2025-06-05 20:47:44,402 - INFO - Stage 2, Epoch 28: Top ten classes mean accuracy: 100.000
2025-06-05 20:47:47,413 - INFO - Initial accuracy: 1.0000
2025-06-05 20:47:47,464 - INFO - Updated accuracy: 100.00%
2025-06-05 20:47:50,056 - INFO - Total mean accuracy: 100.000
2025-06-05 20:47:54,119 - INFO - Epoch 29/30
2025-06-05 20:47:57,175 - INFO - Initial accuracy: 1.0000
2025-06-05 20:47:57,226 - INFO - Updated accuracy: 100.00%
2025-06-05 20:48:08,289 - INFO - Epoch 29: ce loss: 0.058, con loss: 0.002, ptd loss: 0.921, rep loss: 0.197
2025-06-05 20:48:08,290 - INFO - Stage 2, Epoch 29: Accuracy list: [1. 1. 1. 1. 1. 1. 1. 1. 1. 1. 1. 1. 1. 1. 1. 1. 1. 1. 1. 1.]
2025-06-05 20:48:08,290 - INFO - Stage 2, Epoch 29: Mean accuracy: 1.000
2025-06-05 20:48:08,290 - INFO - Stage 2, Epoch 29: Top ten classes mean accuracy: 100.000
2025-06-05 20:48:11,330 - INFO - Initial accuracy: 1.0000
2025-06-05 20:48:11,383 - INFO - Updated accuracy: 100.00%
2025-06-05 20:48:13,935 - INFO - Total mean accuracy: 100.000
2025-06-05 20:48:18,079 - INFO - Epoch 30/30
2025-06-05 20:48:21,130 - INFO - Initial accuracy: 1.0000
2025-06-05 20:48:21,182 - INFO - Updated accuracy: 99.83%
2025-06-05 20:48:32,193 - INFO - Epoch 30: ce loss: 0.014, con loss: 0.113, ptd loss: 0.919, rep loss: 0.188
2025-06-05 20:48:32,194 - INFO - Stage 2, Epoch 30: Accuracy list: [1. 1. 1. 1. 1. 1. 1. 1. 1. 1. 1. 1. 1. 1. 1. 1. 1. 1. 1. 1.]
2025-06-05 20:48:32,194 - INFO - Stage 2, Epoch 30: Mean accuracy: 1.000
2025-06-05 20:48:32,194 - INFO - Stage 2, Epoch 30: Top ten classes mean accuracy: 100.000
2025-06-05 20:48:35,255 - INFO - Initial accuracy: 1.0000
2025-06-05 20:48:35,308 - INFO - Updated accuracy: 100.00%
2025-06-05 20:48:37,875 - INFO - Total mean accuracy: 100.000
2025-06-05 20:48:44,190 - INFO - Stage 2 completed. Best accuracy: 100.000
2025-06-05 20:48:44,190 - INFO - Starting incremental stage 3/3
2025-06-05 20:48:47,081 - INFO - Average relation matrix mean: 0.0323
2025-06-05 20:48:47,084 - INFO - Shared classes: [20, 21, 22, 23, 24, 25, 26, 27, 28, 29]
2025-06-05 20:48:47,084 - INFO - Classes meeting probability condition: [20, 21, 22, 23, 24, 25, 26, 27, 28, 29]
2025-06-05 20:48:47,084 - INFO - Classes meeting similarity condition: [20, 21, 22, 23, 24, 25, 26, 27, 28, 29]
2025-06-05 20:48:47,359 - INFO - Starting training for stage 3
2025-06-05 20:48:47,359 - INFO - Epoch 1/30
2025-06-05 20:48:50,162 - INFO - Initial accuracy: 0.9573
2025-06-05 20:48:50,171 - INFO - Unique labels before 5th iteration: tensor([20, 21, 22, 23, 24, 25, 26, 27, 28, 29], device='cuda:0')
2025-06-05 20:48:50,188 - INFO - Updated accuracy: 96.75%
2025-06-05 20:49:00,821 - INFO - Epoch 1: ce loss: 3.441, con loss: 0.117, ptd loss: 0.997, rep loss: 0.271
2025-06-05 20:49:00,822 - INFO - Stage 3, Epoch 1: Accuracy list: [1.    1.    1.    1.    1.    1.    1.    1.    1.    1.    1.    1.
 1.    1.    1.    1.    1.    1.    1.    1.    0.    0.    0.    0.
 0.    0.    0.4   0.    0.333 0.043]
2025-06-05 20:49:00,822 - INFO - Stage 3, Epoch 1: Mean accuracy: 0.693
2025-06-05 20:49:00,822 - INFO - Stage 3, Epoch 1: Top ten classes mean accuracy: 100.000
2025-06-05 20:49:03,671 - INFO - Initial accuracy: 0.5650
2025-06-05 20:49:03,677 - INFO - Unique labels before 5th iteration: tensor([20, 21, 22, 23, 24, 25, 26, 27, 28, 29], device='cuda:0')
2025-06-05 20:49:03,686 - INFO - Updated accuracy: 89.02%
2025-06-05 20:49:06,965 - INFO - Total mean accuracy: 70.672
2025-06-05 20:49:07,431 - INFO - Epoch 2/30
2025-06-05 20:49:10,330 - INFO - Initial accuracy: 0.9614
2025-06-05 20:49:10,337 - INFO - Unique labels before 5th iteration: tensor([20, 21, 22, 23, 24, 25, 26, 27, 28, 29], device='cuda:0')
2025-06-05 20:49:10,356 - INFO - Updated accuracy: 95.93%
2025-06-05 20:49:21,617 - INFO - Epoch 2: ce loss: 1.620, con loss: 0.054, ptd loss: 0.985, rep loss: 0.232
2025-06-05 20:49:21,618 - INFO - Stage 3, Epoch 2: Accuracy list: [1.    1.    1.    1.    1.    1.    1.    1.    1.    1.    1.    1.
 1.    1.    1.    1.    1.    1.    1.    1.    0.625 0.8   0.867 0.148
 0.975 0.    1.    0.933 1.    1.   ]
2025-06-05 20:49:21,618 - INFO - Stage 3, Epoch 2: Mean accuracy: 0.912
2025-06-05 20:49:21,618 - INFO - Stage 3, Epoch 2: Top ten classes mean accuracy: 100.000
2025-06-05 20:49:24,454 - INFO - Initial accuracy: 0.8618
2025-06-05 20:49:24,461 - INFO - Unique labels before 5th iteration: tensor([20, 21, 22, 23, 24, 25, 26, 27, 28, 29], device='cuda:0')
2025-06-05 20:49:24,471 - INFO - Updated accuracy: 95.12%
2025-06-05 20:49:27,713 - INFO - Total mean accuracy: 93.411
2025-06-05 20:49:30,080 - INFO - Epoch 3/30
2025-06-05 20:49:33,026 - INFO - Initial accuracy: 0.9593
2025-06-05 20:49:33,033 - INFO - Unique labels before 5th iteration: tensor([20, 21, 22, 23, 24, 25, 26, 27, 28, 29], device='cuda:0')
2025-06-05 20:49:33,045 - INFO - Updated accuracy: 96.54%
2025-06-05 20:49:44,116 - INFO - Epoch 3: ce loss: 0.769, con loss: 0.167, ptd loss: 0.975, rep loss: 0.286
2025-06-05 20:49:44,117 - INFO - Stage 3, Epoch 3: Accuracy list: [1.    1.    1.    1.    1.    1.    1.    1.    1.    1.    1.    1.
 1.    1.    1.    0.953 1.    1.    1.    1.    0.938 0.9   1.    0.704
 1.    0.364 1.    1.    1.    1.   ]
2025-06-05 20:49:44,117 - INFO - Stage 3, Epoch 3: Mean accuracy: 0.962
2025-06-05 20:49:44,117 - INFO - Stage 3, Epoch 3: Top ten classes mean accuracy: 100.000
2025-06-05 20:49:46,944 - INFO - Initial accuracy: 0.9207
2025-06-05 20:49:46,950 - INFO - Unique labels before 5th iteration: tensor([20, 21, 22, 23, 24, 25, 26, 27, 28, 29], device='cuda:0')
2025-06-05 20:49:46,960 - INFO - Updated accuracy: 95.73%
2025-06-05 20:49:50,196 - INFO - Total mean accuracy: 97.416
2025-06-05 20:49:52,642 - INFO - Epoch 4/30
2025-06-05 20:49:55,465 - INFO - Initial accuracy: 0.9634
2025-06-05 20:49:55,472 - INFO - Unique labels before 5th iteration: tensor([20, 21, 22, 23, 24, 25, 26, 27, 28, 29], device='cuda:0')
2025-06-05 20:49:55,494 - INFO - Updated accuracy: 96.14%
2025-06-05 20:50:06,213 - INFO - Epoch 4: ce loss: 0.269, con loss: 0.087, ptd loss: 0.968, rep loss: 0.336
2025-06-05 20:50:06,214 - INFO - Stage 3, Epoch 4: Accuracy list: [1.    1.    1.    1.    1.    1.    1.    1.    1.    1.    1.    1.
 0.967 0.895 1.    0.953 1.    1.    0.929 1.    0.938 0.9   1.    0.741
 1.    0.818 1.    1.    1.    1.   ]
2025-06-05 20:50:06,214 - INFO - Stage 3, Epoch 4: Mean accuracy: 0.971
2025-06-05 20:50:06,214 - INFO - Stage 3, Epoch 4: Top ten classes mean accuracy: 100.000
2025-06-05 20:50:09,066 - INFO - Initial accuracy: 0.9512
2025-06-05 20:50:09,073 - INFO - Unique labels before 5th iteration: tensor([20, 21, 22, 23, 24, 25, 26, 27, 28, 29], device='cuda:0')
2025-06-05 20:50:09,088 - INFO - Updated accuracy: 94.72%
2025-06-05 20:50:12,338 - INFO - Total mean accuracy: 97.545
2025-06-05 20:50:14,951 - INFO - Epoch 5/30
2025-06-05 20:50:17,832 - INFO - Initial accuracy: 0.9614
2025-06-05 20:50:17,841 - INFO - Unique labels before 5th iteration: tensor([20, 21, 22, 23, 24, 25, 26, 27, 28, 29], device='cuda:0')
2025-06-05 20:50:17,856 - INFO - Updated accuracy: 95.73%
2025-06-05 20:50:28,675 - INFO - Epoch 5: ce loss: 0.140, con loss: 0.060, ptd loss: 0.964, rep loss: 0.268
2025-06-05 20:50:28,676 - INFO - Stage 3, Epoch 5: Accuracy list: [1.    1.    1.    1.    1.    1.    1.    1.    1.    1.    1.    1.
 1.    1.    1.    0.953 1.    1.    0.929 1.    0.938 0.9   1.    0.741
 1.    0.909 1.    1.    1.    1.   ]
2025-06-05 20:50:28,676 - INFO - Stage 3, Epoch 5: Mean accuracy: 0.979
2025-06-05 20:50:28,676 - INFO - Stage 3, Epoch 5: Top ten classes mean accuracy: 100.000
2025-06-05 20:50:31,578 - INFO - Initial accuracy: 0.9736
2025-06-05 20:50:31,585 - INFO - Unique labels before 5th iteration: tensor([20, 21, 22, 23, 24, 25, 26, 27, 28, 29], device='cuda:0')
2025-06-05 20:50:31,601 - INFO - Updated accuracy: 96.54%
2025-06-05 20:50:34,832 - INFO - Total mean accuracy: 98.062
2025-06-05 20:50:37,648 - INFO - Epoch 6/30
2025-06-05 20:50:40,508 - INFO - Initial accuracy: 0.9675
2025-06-05 20:50:40,546 - INFO - Updated accuracy: 95.93%
2025-06-05 20:50:48,528 - INFO - Historical prototype classes: [0, 1, 2, 3, 4, 5, 6, 7, 8, 9, 10, 11, 12, 13, 14, 15, 16, 17, 18, 19]
2025-06-05 20:50:48,529 - INFO - Current prototype classes: [20, 21, 22, 23, 24, 25, 26, 27, 28, 29]
2025-06-05 20:50:50,033 - INFO - Constructing class 20 exemplar
2025-06-05 20:50:52,031 - INFO - Constructing class 21 exemplar
2025-06-05 20:50:53,933 - INFO - Constructing class 22 exemplar
2025-06-05 20:50:55,812 - INFO - Constructing class 23 exemplar
2025-06-05 20:50:57,891 - INFO - Constructing class 24 exemplar
2025-06-05 20:50:59,917 - INFO - Constructing class 25 exemplar
2025-06-05 20:51:01,739 - INFO - Constructing class 26 exemplar
2025-06-05 20:51:03,604 - INFO - Constructing class 27 exemplar
2025-06-05 20:51:05,823 - INFO - Constructing class 28 exemplar
2025-06-05 20:51:07,765 - INFO - Constructing class 29 exemplar
2025-06-05 20:51:08,177 - INFO - Updated prototype count: 30
2025-06-05 20:51:11,430 - INFO - Epoch 6: ce loss: 0.212, con loss: 0.217, ptd loss: 0.960, rep loss: 0.202
2025-06-05 20:51:11,431 - INFO - Stage 3, Epoch 6: Accuracy list: [1.    1.    1.    1.    1.    1.    1.    1.    1.    1.    1.    1.
 1.    1.    1.    0.977 1.    1.    0.964 1.    0.938 0.95  1.    0.741
 1.    0.909 1.    1.    1.    1.   ]
2025-06-05 20:51:11,431 - INFO - Stage 3, Epoch 6: Mean accuracy: 0.983
2025-06-05 20:51:11,431 - INFO - Stage 3, Epoch 6: Top ten classes mean accuracy: 100.000
2025-06-05 20:51:14,600 - INFO - Initial accuracy: 0.9675
2025-06-05 20:51:14,645 - INFO - Updated accuracy: 97.15%
2025-06-05 20:51:17,935 - INFO - Total mean accuracy: 98.450
2025-06-05 20:51:20,519 - INFO - Epoch 7/30
2025-06-05 20:51:23,311 - INFO - Initial accuracy: 0.9695
2025-06-05 20:51:23,358 - INFO - Updated accuracy: 96.95%
2025-06-05 20:51:34,998 - INFO - Epoch 7: ce loss: 0.077, con loss: 0.155, ptd loss: 0.958, rep loss: 0.359
2025-06-05 20:51:34,998 - INFO - Stage 3, Epoch 7: Accuracy list: [1.    1.    1.    1.    1.    1.    1.    1.    1.    1.    1.    1.
 1.    1.    1.    0.977 1.    1.    0.964 1.    0.938 1.    1.    0.741
 1.    1.    1.    1.    1.    1.   ]
2025-06-05 20:51:34,998 - INFO - Stage 3, Epoch 7: Mean accuracy: 0.987
2025-06-05 20:51:34,999 - INFO - Stage 3, Epoch 7: Top ten classes mean accuracy: 100.000
2025-06-05 20:51:37,944 - INFO - Initial accuracy: 0.9736
2025-06-05 20:51:37,982 - INFO - Updated accuracy: 96.95%
2025-06-05 20:51:41,327 - INFO - Total mean accuracy: 98.708
2025-06-05 20:51:44,202 - INFO - Epoch 8/30
2025-06-05 20:51:47,125 - INFO - Initial accuracy: 0.9675
2025-06-05 20:51:47,161 - INFO - Updated accuracy: 96.54%
2025-06-05 20:51:58,635 - INFO - Epoch 8: ce loss: 0.085, con loss: 0.221, ptd loss: 0.956, rep loss: 0.294
2025-06-05 20:51:58,635 - INFO - Stage 3, Epoch 8: Accuracy list: [1.    1.    1.    1.    1.    1.    1.    1.    1.    1.    1.    1.
 1.    1.    1.    0.977 1.    1.    1.    1.    0.938 1.    0.967 0.741
 1.    1.    1.    1.    1.    1.   ]
2025-06-05 20:51:58,636 - INFO - Stage 3, Epoch 8: Mean accuracy: 0.987
2025-06-05 20:51:58,636 - INFO - Stage 3, Epoch 8: Top ten classes mean accuracy: 100.000
2025-06-05 20:52:01,584 - INFO - Initial accuracy: 0.9675
2025-06-05 20:52:01,625 - INFO - Updated accuracy: 96.54%
2025-06-05 20:52:04,872 - INFO - Total mean accuracy: 98.708
2025-06-05 20:52:07,262 - INFO - Epoch 9/30
2025-06-05 20:52:10,205 - INFO - Initial accuracy: 0.9715
2025-06-05 20:52:10,246 - INFO - Updated accuracy: 96.75%
2025-06-05 20:52:21,943 - INFO - Epoch 9: ce loss: 0.087, con loss: 0.093, ptd loss: 0.954, rep loss: 0.278
2025-06-05 20:52:21,944 - INFO - Stage 3, Epoch 9: Accuracy list: [1.    1.    1.    1.    1.    1.    1.    1.    1.    1.    1.    1.
 1.    1.    1.    0.977 1.    1.    1.    1.    1.    1.    0.967 0.741
 1.    1.    1.    1.    1.    1.   ]
2025-06-05 20:52:21,944 - INFO - Stage 3, Epoch 9: Mean accuracy: 0.990
2025-06-05 20:52:21,944 - INFO - Stage 3, Epoch 9: Top ten classes mean accuracy: 100.000
2025-06-05 20:52:24,856 - INFO - Initial accuracy: 0.9654
2025-06-05 20:52:24,898 - INFO - Updated accuracy: 96.54%
2025-06-05 20:52:28,201 - INFO - Total mean accuracy: 98.837
2025-06-05 20:52:30,579 - INFO - Epoch 10/30
2025-06-05 20:52:33,487 - INFO - Initial accuracy: 0.9614
2025-06-05 20:52:33,526 - INFO - Updated accuracy: 95.73%
2025-06-05 20:52:45,163 - INFO - Epoch 10: ce loss: 0.053, con loss: 0.226, ptd loss: 0.952, rep loss: 0.299
2025-06-05 20:52:45,164 - INFO - Stage 3, Epoch 10: Accuracy list: [1.    1.    1.    1.    1.    1.    1.    1.    1.    1.    1.    1.
 1.    1.    1.    0.977 1.    1.    1.    1.    1.    1.    0.967 0.741
 1.    1.    1.    1.    1.    1.   ]
2025-06-05 20:52:45,165 - INFO - Stage 3, Epoch 10: Mean accuracy: 0.990
2025-06-05 20:52:45,165 - INFO - Stage 3, Epoch 10: Top ten classes mean accuracy: 100.000
2025-06-05 20:52:48,154 - INFO - Initial accuracy: 0.9654
2025-06-05 20:52:48,191 - INFO - Updated accuracy: 96.34%
2025-06-05 20:52:51,505 - INFO - Total mean accuracy: 98.837
2025-06-05 20:52:53,833 - INFO - Epoch 11/30
2025-06-05 20:52:56,646 - INFO - Initial accuracy: 0.9634
2025-06-05 20:52:56,684 - INFO - Updated accuracy: 96.34%
2025-06-05 20:53:04,736 - INFO - Historical prototype classes: [0, 1, 2, 3, 4, 5, 6, 7, 8, 9, 10, 11, 12, 13, 14, 15, 16, 17, 18, 19, 20, 21, 22, 23, 24, 25, 26, 27, 28, 29]
2025-06-05 20:53:04,737 - INFO - Current prototype classes: [20, 21, 22, 23, 24, 25, 26, 27, 28, 29]
2025-06-05 20:53:06,356 - INFO - Constructing class 20 exemplar
2025-06-05 20:53:08,789 - INFO - Constructing class 21 exemplar
2025-06-05 20:53:10,774 - INFO - Constructing class 23 exemplar
2025-06-05 20:53:12,871 - INFO - Constructing class 24 exemplar
2025-06-05 20:53:15,062 - INFO - Constructing class 25 exemplar
2025-06-05 20:53:17,357 - INFO - Constructing class 26 exemplar
2025-06-05 20:53:19,411 - INFO - Constructing class 27 exemplar
2025-06-05 20:53:21,483 - INFO - Constructing class 28 exemplar
2025-06-05 20:53:23,679 - INFO - Constructing class 29 exemplar
2025-06-05 20:53:24,101 - INFO - Updated prototype count: 30
2025-06-05 20:53:27,502 - INFO - Epoch 11: ce loss: 0.031, con loss: 0.185, ptd loss: 0.950, rep loss: 0.338
2025-06-05 20:53:27,503 - INFO - Stage 3, Epoch 11: Accuracy list: [1.    1.    1.    1.    1.    1.    1.    1.    1.    1.    1.    1.
 1.    1.    1.    0.977 1.    1.    1.    1.    0.938 1.    0.967 0.741
 1.    1.    1.    1.    1.    1.   ]
2025-06-05 20:53:27,503 - INFO - Stage 3, Epoch 11: Mean accuracy: 0.987
2025-06-05 20:53:27,503 - INFO - Stage 3, Epoch 11: Top ten classes mean accuracy: 100.000
2025-06-05 20:53:30,488 - INFO - Initial accuracy: 0.9634
2025-06-05 20:53:30,534 - INFO - Updated accuracy: 96.34%
2025-06-05 20:53:33,925 - INFO - Total mean accuracy: 98.708
2025-06-05 20:53:36,877 - INFO - Epoch 12/30
2025-06-05 20:53:39,874 - INFO - Initial accuracy: 0.9634
2025-06-05 20:53:39,920 - INFO - Updated accuracy: 96.34%
2025-06-05 20:53:51,834 - INFO - Epoch 12: ce loss: 0.067, con loss: 0.151, ptd loss: 0.948, rep loss: 0.265
2025-06-05 20:53:51,834 - INFO - Stage 3, Epoch 12: Accuracy list: [1.    1.    1.    1.    1.    1.    1.    1.    1.    1.    1.    1.
 1.    1.    1.    0.977 1.    1.    1.    1.    0.938 1.    0.967 0.741
 1.    1.    1.    1.    1.    1.   ]
2025-06-05 20:53:51,834 - INFO - Stage 3, Epoch 12: Mean accuracy: 0.987
2025-06-05 20:53:51,835 - INFO - Stage 3, Epoch 12: Top ten classes mean accuracy: 100.000
2025-06-05 20:53:54,799 - INFO - Initial accuracy: 0.9675
2025-06-05 20:53:54,842 - INFO - Updated accuracy: 96.75%
2025-06-05 20:53:58,263 - INFO - Total mean accuracy: 98.708
2025-06-05 20:54:01,279 - INFO - Epoch 13/30
2025-06-05 20:54:04,203 - INFO - Initial accuracy: 0.9654
2025-06-05 20:54:04,243 - INFO - Updated accuracy: 96.34%
2025-06-05 20:54:15,564 - INFO - Epoch 13: ce loss: 0.057, con loss: 0.122, ptd loss: 0.946, rep loss: 0.270
2025-06-05 20:54:15,565 - INFO - Stage 3, Epoch 13: Accuracy list: [1.    1.    1.    1.    1.    1.    1.    1.    1.    1.    1.    1.
 1.    1.    1.    0.977 1.    1.    1.    1.    0.938 1.    1.    0.741
 1.    1.    1.    1.    1.    1.   ]
2025-06-05 20:54:15,565 - INFO - Stage 3, Epoch 13: Mean accuracy: 0.989
2025-06-05 20:54:15,565 - INFO - Stage 3, Epoch 13: Top ten classes mean accuracy: 100.000
2025-06-05 20:54:18,515 - INFO - Initial accuracy: 0.9654
2025-06-05 20:54:18,556 - INFO - Updated accuracy: 96.14%
2025-06-05 20:54:21,895 - INFO - Total mean accuracy: 98.837
2025-06-05 20:54:24,254 - INFO - Epoch 14/30
2025-06-05 20:54:27,196 - INFO - Initial accuracy: 0.9634
2025-06-05 20:54:27,236 - INFO - Updated accuracy: 96.75%
2025-06-05 20:54:38,833 - INFO - Epoch 14: ce loss: 0.069, con loss: 0.108, ptd loss: 0.944, rep loss: 0.314
2025-06-05 20:54:38,834 - INFO - Stage 3, Epoch 14: Accuracy list: [1.    1.    1.    1.    1.    1.    1.    1.    1.    1.    1.    1.
 1.    1.    1.    0.977 1.    1.    1.    1.    0.938 1.    1.    0.741
 1.    1.    1.    1.    1.    1.   ]
2025-06-05 20:54:38,834 - INFO - Stage 3, Epoch 14: Mean accuracy: 0.989
2025-06-05 20:54:38,834 - INFO - Stage 3, Epoch 14: Top ten classes mean accuracy: 100.000
2025-06-05 20:54:41,709 - INFO - Initial accuracy: 0.9654
2025-06-05 20:54:41,750 - INFO - Updated accuracy: 96.54%
2025-06-05 20:54:45,075 - INFO - Total mean accuracy: 98.837
2025-06-05 20:54:47,259 - INFO - Epoch 15/30
2025-06-05 20:54:50,264 - INFO - Initial accuracy: 0.9634
2025-06-05 20:54:50,303 - INFO - Updated accuracy: 96.34%
2025-06-05 20:55:01,608 - INFO - Epoch 15: ce loss: 0.097, con loss: 0.071, ptd loss: 0.942, rep loss: 0.249
2025-06-05 20:55:01,610 - INFO - Stage 3, Epoch 15: Accuracy list: [1.    1.    1.    1.    1.    1.    1.    1.    1.    1.    1.    1.
 1.    1.    1.    0.977 1.    1.    1.    1.    1.    1.    1.    0.741
 1.    1.    1.    1.    1.    1.   ]
2025-06-05 20:55:01,610 - INFO - Stage 3, Epoch 15: Mean accuracy: 0.991
2025-06-05 20:55:01,610 - INFO - Stage 3, Epoch 15: Top ten classes mean accuracy: 100.000
2025-06-05 20:55:04,559 - INFO - Initial accuracy: 0.9654
2025-06-05 20:55:04,600 - INFO - Updated accuracy: 96.34%
2025-06-05 20:55:08,005 - INFO - Total mean accuracy: 98.966
2025-06-05 20:55:10,896 - INFO - Epoch 16/30
2025-06-05 20:55:13,827 - INFO - Initial accuracy: 0.9654
2025-06-05 20:55:13,869 - INFO - Updated accuracy: 96.95%
2025-06-05 20:55:25,253 - INFO - Epoch 16: ce loss: 0.084, con loss: 0.131, ptd loss: 0.941, rep loss: 0.248
2025-06-05 20:55:25,254 - INFO - Stage 3, Epoch 16: Accuracy list: [1.    1.    1.    1.    1.    1.    1.    1.    1.    1.    1.    1.
 1.    1.    1.    0.977 1.    1.    1.    1.    1.    1.    0.967 0.741
 1.    1.    1.    1.    1.    1.   ]
2025-06-05 20:55:25,254 - INFO - Stage 3, Epoch 16: Mean accuracy: 0.990
2025-06-05 20:55:25,254 - INFO - Stage 3, Epoch 16: Top ten classes mean accuracy: 100.000
2025-06-05 20:55:28,067 - INFO - Initial accuracy: 0.9634
2025-06-05 20:55:28,108 - INFO - Updated accuracy: 96.14%
2025-06-05 20:55:31,405 - INFO - Total mean accuracy: 98.837
2025-06-05 20:55:33,779 - INFO - Epoch 17/30
2025-06-05 20:55:36,861 - INFO - Initial accuracy: 0.9675
2025-06-05 20:55:36,902 - INFO - Updated accuracy: 96.54%
2025-06-05 20:55:48,439 - INFO - Epoch 17: ce loss: 0.021, con loss: 0.100, ptd loss: 0.939, rep loss: 0.246
2025-06-05 20:55:48,439 - INFO - Stage 3, Epoch 17: Accuracy list: [1.    1.    1.    1.    1.    1.    1.    1.    1.    1.    1.    1.
 1.    1.    1.    0.977 1.    1.    1.    1.    1.    1.    0.967 0.741
 1.    1.    1.    1.    1.    1.   ]
2025-06-05 20:55:48,439 - INFO - Stage 3, Epoch 17: Mean accuracy: 0.990
2025-06-05 20:55:48,440 - INFO - Stage 3, Epoch 17: Top ten classes mean accuracy: 100.000
2025-06-05 20:55:51,315 - INFO - Initial accuracy: 0.9634
2025-06-05 20:55:51,357 - INFO - Updated accuracy: 96.14%
2025-06-05 20:55:54,641 - INFO - Total mean accuracy: 98.837
2025-06-05 20:55:57,183 - INFO - Epoch 18/30
2025-06-05 20:56:00,132 - INFO - Initial accuracy: 0.9654
2025-06-05 20:56:00,175 - INFO - Updated accuracy: 96.75%
2025-06-05 20:56:11,614 - INFO - Epoch 18: ce loss: 0.069, con loss: 0.174, ptd loss: 0.937, rep loss: 0.313
2025-06-05 20:56:11,615 - INFO - Stage 3, Epoch 18: Accuracy list: [1.    1.    1.    1.    1.    1.    1.    1.    1.    1.    1.    1.
 1.    1.    1.    0.977 1.    1.    1.    1.    1.    1.    0.967 0.741
 1.    1.    1.    1.    1.    1.   ]
2025-06-05 20:56:11,615 - INFO - Stage 3, Epoch 18: Mean accuracy: 0.990
2025-06-05 20:56:11,615 - INFO - Stage 3, Epoch 18: Top ten classes mean accuracy: 100.000
2025-06-05 20:56:14,599 - INFO - Initial accuracy: 0.9695
2025-06-05 20:56:14,641 - INFO - Updated accuracy: 97.56%
2025-06-05 20:56:17,881 - INFO - Total mean accuracy: 98.837
2025-06-05 20:56:20,646 - INFO - Epoch 19/30
2025-06-05 20:56:23,500 - INFO - Initial accuracy: 0.9675
2025-06-05 20:56:23,541 - INFO - Updated accuracy: 96.95%
2025-06-05 20:56:34,769 - INFO - Epoch 19: ce loss: 0.040, con loss: 0.068, ptd loss: 0.936, rep loss: 0.213
2025-06-05 20:56:34,770 - INFO - Stage 3, Epoch 19: Accuracy list: [1.    1.    1.    1.    1.    1.    1.    1.    1.    1.    1.    1.
 1.    1.    1.    0.977 1.    1.    1.    1.    1.    1.    0.967 0.741
 1.    1.    1.    1.    1.    1.   ]
2025-06-05 20:56:34,770 - INFO - Stage 3, Epoch 19: Mean accuracy: 0.990
2025-06-05 20:56:34,770 - INFO - Stage 3, Epoch 19: Top ten classes mean accuracy: 100.000
2025-06-05 20:56:37,805 - INFO - Initial accuracy: 0.9654
2025-06-05 20:56:37,849 - INFO - Updated accuracy: 96.34%
2025-06-05 20:56:41,122 - INFO - Total mean accuracy: 98.837
2025-06-05 20:56:43,843 - INFO - Epoch 20/30
2025-06-05 20:56:46,665 - INFO - Initial accuracy: 0.9695
2025-06-05 20:56:46,706 - INFO - Updated accuracy: 96.95%
2025-06-05 20:56:57,979 - INFO - Epoch 20: ce loss: 0.021, con loss: 0.231, ptd loss: 0.934, rep loss: 0.204
2025-06-05 20:56:57,980 - INFO - Stage 3, Epoch 20: Accuracy list: [1.    1.    1.    1.    1.    1.    1.    1.    1.    1.    1.    1.
 1.    1.    1.    0.977 1.    1.    1.    1.    1.    1.    1.    0.741
 1.    1.    1.    1.    1.    1.   ]
2025-06-05 20:56:57,980 - INFO - Stage 3, Epoch 20: Mean accuracy: 0.991
2025-06-05 20:56:57,980 - INFO - Stage 3, Epoch 20: Top ten classes mean accuracy: 100.000
2025-06-05 20:57:00,860 - INFO - Initial accuracy: 0.9695
2025-06-05 20:57:00,902 - INFO - Updated accuracy: 97.15%
2025-06-05 20:57:04,334 - INFO - Total mean accuracy: 98.966
2025-06-05 20:57:07,034 - INFO - Epoch 21/30
2025-06-05 20:57:10,363 - INFO - Initial accuracy: 0.9675
2025-06-05 20:57:10,407 - INFO - Updated accuracy: 96.75%
2025-06-05 20:57:18,402 - INFO - Historical prototype classes: [0, 1, 2, 3, 4, 5, 6, 7, 8, 9, 10, 11, 12, 13, 14, 15, 16, 17, 18, 19, 20, 21, 22, 23, 24, 25, 26, 27, 28, 29]
2025-06-05 20:57:18,403 - INFO - Current prototype classes: [20, 21, 22, 23, 24, 25, 26, 27, 28, 29]
2025-06-05 20:57:20,013 - INFO - Constructing class 20 exemplar
2025-06-05 20:57:22,003 - INFO - Constructing class 21 exemplar
2025-06-05 20:57:24,185 - INFO - Constructing class 23 exemplar
2025-06-05 20:57:26,214 - INFO - Constructing class 24 exemplar
2025-06-05 20:57:28,506 - INFO - Constructing class 25 exemplar
2025-06-05 20:57:30,562 - INFO - Constructing class 27 exemplar
2025-06-05 20:57:32,560 - INFO - Constructing class 28 exemplar
2025-06-05 20:57:34,469 - INFO - Constructing class 29 exemplar
2025-06-05 20:57:34,899 - INFO - Updated prototype count: 30
2025-06-05 20:57:38,372 - INFO - Epoch 21: ce loss: 0.027, con loss: 0.191, ptd loss: 0.932, rep loss: 0.242
2025-06-05 20:57:38,373 - INFO - Stage 3, Epoch 21: Accuracy list: [1.    1.    1.    1.    1.    1.    1.    1.    1.    1.    1.    1.
 1.    1.    1.    0.977 1.    1.    1.    1.    1.    1.    1.    0.741
 1.    1.    1.    1.    1.    1.   ]
2025-06-05 20:57:38,373 - INFO - Stage 3, Epoch 21: Mean accuracy: 0.991
2025-06-05 20:57:38,373 - INFO - Stage 3, Epoch 21: Top ten classes mean accuracy: 100.000
2025-06-05 20:57:41,304 - INFO - Initial accuracy: 0.9695
2025-06-05 20:57:41,356 - INFO - Updated accuracy: 97.36%
2025-06-05 20:57:44,797 - INFO - Total mean accuracy: 98.966
2025-06-05 20:57:47,152 - INFO - Epoch 22/30
2025-06-05 20:57:50,126 - INFO - Initial accuracy: 0.9695
2025-06-05 20:57:50,170 - INFO - Updated accuracy: 96.75%
2025-06-05 20:58:01,860 - INFO - Epoch 22: ce loss: 0.040, con loss: 0.073, ptd loss: 0.930, rep loss: 0.182
2025-06-05 20:58:01,860 - INFO - Stage 3, Epoch 22: Accuracy list: [1.    1.    1.    1.    1.    1.    1.    1.    1.    1.    1.    1.
 1.    1.    1.    0.977 1.    1.    1.    1.    1.    1.    1.    0.741
 1.    1.    1.    1.    1.    1.   ]
2025-06-05 20:58:01,860 - INFO - Stage 3, Epoch 22: Mean accuracy: 0.991
2025-06-05 20:58:01,860 - INFO - Stage 3, Epoch 22: Top ten classes mean accuracy: 100.000
2025-06-05 20:58:04,730 - INFO - Initial accuracy: 0.9695
2025-06-05 20:58:04,775 - INFO - Updated accuracy: 96.95%
2025-06-05 20:58:08,144 - INFO - Total mean accuracy: 98.966
2025-06-05 20:58:10,555 - INFO - Epoch 23/30
2025-06-05 20:58:13,433 - INFO - Initial accuracy: 0.9695
2025-06-05 20:58:13,473 - INFO - Updated accuracy: 96.54%
2025-06-05 20:58:24,934 - INFO - Epoch 23: ce loss: 0.022, con loss: 0.065, ptd loss: 0.929, rep loss: 0.180
2025-06-05 20:58:24,936 - INFO - Stage 3, Epoch 23: Accuracy list: [1.    1.    1.    1.    1.    1.    1.    1.    1.    1.    1.    1.
 1.    1.    1.    0.977 1.    1.    1.    1.    1.    1.    1.    0.741
 1.    1.    1.    1.    1.    1.   ]
2025-06-05 20:58:24,936 - INFO - Stage 3, Epoch 23: Mean accuracy: 0.991
2025-06-05 20:58:24,936 - INFO - Stage 3, Epoch 23: Top ten classes mean accuracy: 100.000
2025-06-05 20:58:28,220 - INFO - Initial accuracy: 0.9675
2025-06-05 20:58:28,260 - INFO - Updated accuracy: 96.75%
2025-06-05 20:58:31,714 - INFO - Total mean accuracy: 98.966
2025-06-05 20:58:34,198 - INFO - Epoch 24/30
2025-06-05 20:58:37,135 - INFO - Initial accuracy: 0.9675
2025-06-05 20:58:37,178 - INFO - Updated accuracy: 96.75%
2025-06-05 20:58:48,487 - INFO - Epoch 24: ce loss: 0.022, con loss: 0.154, ptd loss: 0.927, rep loss: 0.194
2025-06-05 20:58:48,487 - INFO - Stage 3, Epoch 24: Accuracy list: [1.    1.    1.    1.    1.    1.    1.    1.    1.    1.    1.    1.
 1.    1.    1.    0.977 1.    1.    1.    1.    1.    1.    1.    0.704
 1.    1.    1.    1.    1.    1.   ]
2025-06-05 20:58:48,487 - INFO - Stage 3, Epoch 24: Mean accuracy: 0.989
2025-06-05 20:58:48,488 - INFO - Stage 3, Epoch 24: Top ten classes mean accuracy: 100.000
2025-06-05 20:58:51,413 - INFO - Initial accuracy: 0.9675
2025-06-05 20:58:51,456 - INFO - Updated accuracy: 96.75%
2025-06-05 20:58:54,759 - INFO - Total mean accuracy: 98.837
2025-06-05 20:58:57,174 - INFO - Epoch 25/30
2025-06-05 20:59:00,071 - INFO - Initial accuracy: 0.9675
2025-06-05 20:59:00,113 - INFO - Updated accuracy: 96.34%
2025-06-05 20:59:11,859 - INFO - Epoch 25: ce loss: 0.027, con loss: 0.045, ptd loss: 0.926, rep loss: 0.248
2025-06-05 20:59:11,860 - INFO - Stage 3, Epoch 25: Accuracy list: [1.    1.    1.    1.    1.    1.    1.    1.    1.    1.    1.    1.
 1.    1.    1.    0.977 1.    1.    1.    1.    1.    1.    1.    0.704
 1.    1.    1.    1.    1.    1.   ]
2025-06-05 20:59:11,860 - INFO - Stage 3, Epoch 25: Mean accuracy: 0.989
2025-06-05 20:59:11,861 - INFO - Stage 3, Epoch 25: Top ten classes mean accuracy: 100.000
2025-06-05 20:59:14,760 - INFO - Initial accuracy: 0.9675
2025-06-05 20:59:14,800 - INFO - Updated accuracy: 96.75%
2025-06-05 20:59:18,106 - INFO - Total mean accuracy: 98.837
2025-06-05 20:59:20,992 - INFO - Epoch 26/30
2025-06-05 20:59:23,872 - INFO - Initial accuracy: 0.9675
2025-06-05 20:59:23,912 - INFO - Updated accuracy: 97.15%
2025-06-05 20:59:35,196 - INFO - Epoch 26: ce loss: 0.136, con loss: 0.053, ptd loss: 0.924, rep loss: 0.231
2025-06-05 20:59:35,197 - INFO - Stage 3, Epoch 26: Accuracy list: [1.    1.    1.    1.    1.    1.    1.    1.    1.    1.    1.    1.
 1.    1.    1.    0.977 1.    1.    1.    1.    1.    1.    1.    0.704
 1.    1.    1.    1.    1.    1.   ]
2025-06-05 20:59:35,197 - INFO - Stage 3, Epoch 26: Mean accuracy: 0.989
2025-06-05 20:59:35,197 - INFO - Stage 3, Epoch 26: Top ten classes mean accuracy: 100.000
2025-06-05 20:59:38,195 - INFO - Initial accuracy: 0.9675
2025-06-05 20:59:38,236 - INFO - Updated accuracy: 96.75%
2025-06-05 20:59:41,758 - INFO - Total mean accuracy: 98.837
2025-06-05 20:59:44,731 - INFO - Epoch 27/30
2025-06-05 20:59:47,781 - INFO - Initial accuracy: 0.9675
2025-06-05 20:59:47,820 - INFO - Updated accuracy: 96.75%
2025-06-05 20:59:59,047 - INFO - Epoch 27: ce loss: 0.060, con loss: 0.150, ptd loss: 0.922, rep loss: 0.303
2025-06-05 20:59:59,048 - INFO - Stage 3, Epoch 27: Accuracy list: [1.    1.    1.    1.    1.    1.    1.    1.    1.    1.    1.    1.
 1.    1.    1.    0.977 1.    1.    1.    1.    1.    1.    1.    0.741
 1.    1.    1.    1.    1.    1.   ]
2025-06-05 20:59:59,048 - INFO - Stage 3, Epoch 27: Mean accuracy: 0.991
2025-06-05 20:59:59,048 - INFO - Stage 3, Epoch 27: Top ten classes mean accuracy: 100.000
2025-06-05 21:00:02,007 - INFO - Initial accuracy: 0.9675
2025-06-05 21:00:02,049 - INFO - Updated accuracy: 96.95%
2025-06-05 21:00:05,448 - INFO - Total mean accuracy: 98.966
2025-06-05 21:00:07,784 - INFO - Epoch 28/30
2025-06-05 21:00:10,579 - INFO - Initial accuracy: 0.9695
2025-06-05 21:00:10,618 - INFO - Updated accuracy: 97.56%
2025-06-05 21:00:21,864 - INFO - Epoch 28: ce loss: 0.038, con loss: 0.218, ptd loss: 0.921, rep loss: 0.229
2025-06-05 21:00:21,865 - INFO - Stage 3, Epoch 28: Accuracy list: [1.    1.    1.    1.    1.    1.    1.    1.    1.    1.    1.    1.
 1.    1.    1.    0.977 1.    1.    1.    1.    1.    1.    1.    0.741
 1.    1.    1.    1.    1.    1.   ]
2025-06-05 21:00:21,865 - INFO - Stage 3, Epoch 28: Mean accuracy: 0.991
2025-06-05 21:00:21,865 - INFO - Stage 3, Epoch 28: Top ten classes mean accuracy: 100.000
2025-06-05 21:00:24,809 - INFO - Initial accuracy: 0.9675
2025-06-05 21:00:24,850 - INFO - Updated accuracy: 96.75%
2025-06-05 21:00:28,327 - INFO - Total mean accuracy: 98.966
2025-06-05 21:00:30,701 - INFO - Epoch 29/30
2025-06-05 21:00:33,618 - INFO - Initial accuracy: 0.9675
2025-06-05 21:00:33,660 - INFO - Updated accuracy: 97.36%
2025-06-05 21:00:45,020 - INFO - Epoch 29: ce loss: 0.018, con loss: 0.067, ptd loss: 0.919, rep loss: 0.169
2025-06-05 21:00:45,021 - INFO - Stage 3, Epoch 29: Accuracy list: [1.    1.    1.    1.    1.    1.    1.    1.    1.    1.    1.    1.
 1.    1.    1.    0.977 1.    1.    1.    1.    1.    1.    1.    0.741
 1.    1.    1.    1.    1.    1.   ]
2025-06-05 21:00:45,021 - INFO - Stage 3, Epoch 29: Mean accuracy: 0.991
2025-06-05 21:00:45,021 - INFO - Stage 3, Epoch 29: Top ten classes mean accuracy: 100.000
2025-06-05 21:00:47,892 - INFO - Initial accuracy: 0.9675
2025-06-05 21:00:47,934 - INFO - Updated accuracy: 97.36%
2025-06-05 21:00:51,219 - INFO - Total mean accuracy: 98.966
2025-06-05 21:00:53,678 - INFO - Epoch 30/30
2025-06-05 21:00:56,517 - INFO - Initial accuracy: 0.9715
2025-06-05 21:00:56,556 - INFO - Updated accuracy: 97.56%
2025-06-05 21:01:07,739 - INFO - Epoch 30: ce loss: 0.020, con loss: 0.093, ptd loss: 0.918, rep loss: 0.280
2025-06-05 21:01:07,740 - INFO - Stage 3, Epoch 30: Accuracy list: [1.    1.    1.    1.    1.    1.    1.    1.    1.    1.    1.    1.
 1.    1.    1.    0.977 1.    1.    1.    1.    1.    1.    1.    0.741
 1.    1.    1.    1.    1.    1.   ]
2025-06-05 21:01:07,740 - INFO - Stage 3, Epoch 30: Mean accuracy: 0.991
2025-06-05 21:01:07,740 - INFO - Stage 3, Epoch 30: Top ten classes mean accuracy: 100.000
2025-06-05 21:01:10,578 - INFO - Initial accuracy: 0.9715
2025-06-05 21:01:10,618 - INFO - Updated accuracy: 97.56%
2025-06-05 21:01:13,951 - INFO - Total mean accuracy: 98.966
2025-06-05 21:01:20,386 - INFO - Stage 3 completed. Best accuracy: 98.966
2025-06-05 21:01:20,386 - INFO - From dslr to webcam, best accuracy of different stages:
2025-06-05 21:01:20,386 - INFO - [100.    100.     98.966]
2025-06-05 21:01:20,387 - INFO - From dslr to webcam, last accuracy of different stages:
2025-06-05 21:01:20,387 - INFO - [100.    100.     98.966]
2025-06-05 21:01:20,388 - INFO - From dslr to webcam, top_ten accuracy of different stages:
2025-06-05 21:01:20,388 - INFO - [100. 100. 100.]
2025-06-05 21:01:20,388 - INFO - Training completed!
