2025-06-05 18:25:27,943 - INFO - Logging initialized. Log file: office31_amazon_to_dslr.log
2025-06-05 18:25:27,995 - INFO - Using 1 GPU(s)
2025-06-05 18:25:27,995 - INFO - Source domain: amazon, Target domain: dslr
2025-06-05 18:25:29,047 - INFO - Starting incremental learning...
2025-06-05 18:25:29,047 - INFO - Starting incremental stage 1/3
2025-06-05 18:25:33,312 - INFO - Average relation matrix mean: 0.0323
2025-06-05 18:25:33,316 - INFO - Shared classes: [0, 1, 2, 3, 4, 5, 6, 7, 8, 9]
2025-06-05 18:25:33,316 - INFO - Classes meeting probability condition: [0, 1, 2, 3, 5, 6, 7, 8, 9]
2025-06-05 18:25:33,316 - INFO - Classes meeting similarity condition: [0, 1, 2, 3, 4, 5, 6, 7, 8, 9]
2025-06-05 18:25:34,395 - INFO - Starting training for stage 1
2025-06-05 18:25:34,395 - INFO - Epoch 1/30
2025-06-05 18:25:37,061 - INFO - Initial accuracy: 0.9610
2025-06-05 18:25:37,070 - INFO - Unique labels before 5th iteration: tensor([0, 1, 2, 3, 4, 5, 6, 7, 8, 9], device='cuda:0')
2025-06-05 18:25:37,083 - INFO - Updated accuracy: 99.03%
2025-06-05 18:25:42,766 - INFO - Epoch 1: ce loss: 3.112, con loss: 0.287, ptd loss: 1.000, rep loss: 0.000
2025-06-05 18:25:42,767 - INFO - Stage 1, Epoch 1: Accuracy list: [0.    0.429 0.542 0.333 0.375 0.083 0.308 0.    0.333 0.467]
2025-06-05 18:25:42,767 - INFO - Stage 1, Epoch 1: Mean accuracy: 0.287
2025-06-05 18:25:42,767 - INFO - Stage 1, Epoch 1: Top ten classes mean accuracy: 28.700
2025-06-05 18:25:45,367 - INFO - Initial accuracy: 0.3604
2025-06-05 18:25:45,374 - INFO - Unique labels before 5th iteration: tensor([0, 1, 2, 3, 4, 6, 7, 8, 9], device='cuda:0')
2025-06-05 18:25:45,385 - INFO - Updated accuracy: 59.09%
2025-06-05 18:25:47,244 - INFO - Total mean accuracy: 31.818
2025-06-05 18:25:52,305 - INFO - Epoch 2/30
2025-06-05 18:25:54,965 - INFO - Initial accuracy: 0.9643
2025-06-05 18:25:54,970 - INFO - Unique labels before 5th iteration: tensor([0, 1, 2, 3, 4, 5, 6, 7, 8, 9], device='cuda:0')
2025-06-05 18:25:54,983 - INFO - Updated accuracy: 99.03%
2025-06-05 18:26:00,725 - INFO - Epoch 2: ce loss: 2.084, con loss: 0.366, ptd loss: 0.998, rep loss: 0.000
2025-06-05 18:26:00,726 - INFO - Stage 1, Epoch 2: Accuracy list: [0.083 1.    1.    0.25  0.875 0.917 0.923 0.286 0.8   0.8  ]
2025-06-05 18:26:00,726 - INFO - Stage 1, Epoch 2: Mean accuracy: 0.693
2025-06-05 18:26:00,726 - INFO - Stage 1, Epoch 2: Top ten classes mean accuracy: 69.340
2025-06-05 18:26:03,556 - INFO - Initial accuracy: 0.7727
2025-06-05 18:26:03,561 - INFO - Unique labels before 5th iteration: tensor([0, 1, 2, 3, 4, 5, 6, 8, 9], device='cuda:0')
2025-06-05 18:26:03,573 - INFO - Updated accuracy: 87.99%
2025-06-05 18:26:05,486 - INFO - Total mean accuracy: 74.026
2025-06-05 18:26:10,298 - INFO - Epoch 3/30
2025-06-05 18:26:12,870 - INFO - Initial accuracy: 0.9610
2025-06-05 18:26:12,875 - INFO - Unique labels before 5th iteration: tensor([0, 1, 2, 3, 4, 5, 6, 7, 8, 9], device='cuda:0')
2025-06-05 18:26:12,891 - INFO - Updated accuracy: 99.35%
2025-06-05 18:26:18,537 - INFO - Epoch 3: ce loss: 1.123, con loss: 0.536, ptd loss: 0.995, rep loss: 0.000
2025-06-05 18:26:18,538 - INFO - Stage 1, Epoch 3: Accuracy list: [0.583 1.    1.    0.583 1.    1.    0.923 0.571 0.933 0.867]
2025-06-05 18:26:18,538 - INFO - Stage 1, Epoch 3: Mean accuracy: 0.846
2025-06-05 18:26:18,538 - INFO - Stage 1, Epoch 3: Top ten classes mean accuracy: 84.600
2025-06-05 18:26:21,235 - INFO - Initial accuracy: 0.9123
2025-06-05 18:26:21,241 - INFO - Unique labels before 5th iteration: tensor([0, 1, 2, 3, 4, 5, 6, 7, 8, 9], device='cuda:0')
2025-06-05 18:26:21,250 - INFO - Updated accuracy: 96.43%
2025-06-05 18:26:23,129 - INFO - Total mean accuracy: 87.013
2025-06-05 18:26:28,048 - INFO - Epoch 4/30
2025-06-05 18:26:30,735 - INFO - Initial accuracy: 0.9448
2025-06-05 18:26:30,741 - INFO - Unique labels before 5th iteration: tensor([0, 1, 2, 3, 4, 5, 6, 7, 8, 9], device='cuda:0')
2025-06-05 18:26:30,756 - INFO - Updated accuracy: 98.38%
2025-06-05 18:26:36,385 - INFO - Epoch 4: ce loss: 0.642, con loss: 0.531, ptd loss: 0.993, rep loss: 0.000
2025-06-05 18:26:36,385 - INFO - Stage 1, Epoch 4: Accuracy list: [1.    1.    1.    0.667 1.    1.    1.    1.    0.933 0.933]
2025-06-05 18:26:36,385 - INFO - Stage 1, Epoch 4: Mean accuracy: 0.953
2025-06-05 18:26:36,385 - INFO - Stage 1, Epoch 4: Top ten classes mean accuracy: 95.330
2025-06-05 18:26:39,034 - INFO - Initial accuracy: 0.9643
2025-06-05 18:26:39,040 - INFO - Unique labels before 5th iteration: tensor([0, 1, 2, 3, 4, 5, 6, 7, 8, 9], device='cuda:0')
2025-06-05 18:26:39,052 - INFO - Updated accuracy: 97.73%
2025-06-05 18:26:41,075 - INFO - Total mean accuracy: 96.104
2025-06-05 18:26:46,122 - INFO - Epoch 5/30
2025-06-05 18:26:48,722 - INFO - Initial accuracy: 0.9708
2025-06-05 18:26:48,727 - INFO - Unique labels before 5th iteration: tensor([0, 1, 2, 3, 4, 5, 6, 7, 8, 9], device='cuda:0')
2025-06-05 18:26:48,739 - INFO - Updated accuracy: 99.03%
2025-06-05 18:26:54,350 - INFO - Epoch 5: ce loss: 0.363, con loss: 0.699, ptd loss: 0.990, rep loss: 0.000
2025-06-05 18:26:54,351 - INFO - Stage 1, Epoch 5: Accuracy list: [1.    1.    1.    0.667 1.    1.    1.    1.    1.    1.   ]
2025-06-05 18:26:54,351 - INFO - Stage 1, Epoch 5: Mean accuracy: 0.967
2025-06-05 18:26:54,351 - INFO - Stage 1, Epoch 5: Top ten classes mean accuracy: 96.670
2025-06-05 18:26:57,104 - INFO - Initial accuracy: 0.9773
2025-06-05 18:26:57,110 - INFO - Unique labels before 5th iteration: tensor([0, 1, 2, 3, 4, 5, 6, 7, 8, 9], device='cuda:0')
2025-06-05 18:26:57,120 - INFO - Updated accuracy: 99.35%
2025-06-05 18:26:59,104 - INFO - Total mean accuracy: 97.403
2025-06-05 18:27:04,034 - INFO - Epoch 6/30
2025-06-05 18:27:06,603 - INFO - Initial accuracy: 0.9838
2025-06-05 18:27:06,620 - INFO - Updated accuracy: 97.40%
2025-06-05 18:27:10,472 - INFO - Historical prototype classes: []
2025-06-05 18:27:10,473 - INFO - Current prototype classes: [0, 1, 2, 3, 4, 5, 6, 7, 8, 9]
2025-06-05 18:27:12,052 - INFO - Constructing class 0 exemplar
2025-06-05 18:27:14,232 - INFO - Constructing class 1 exemplar
2025-06-05 18:27:16,321 - INFO - Constructing class 2 exemplar
2025-06-05 18:27:18,476 - INFO - Constructing class 3 exemplar
2025-06-05 18:27:20,601 - INFO - Constructing class 4 exemplar
2025-06-05 18:27:22,658 - INFO - Constructing class 5 exemplar
2025-06-05 18:27:25,175 - INFO - Constructing class 6 exemplar
2025-06-05 18:27:27,131 - INFO - Constructing class 7 exemplar
2025-06-05 18:27:29,094 - INFO - Constructing class 8 exemplar
2025-06-05 18:27:31,191 - INFO - Constructing class 9 exemplar
2025-06-05 18:27:31,550 - INFO - Updated prototype count: 10
2025-06-05 18:27:33,276 - INFO - Epoch 6: ce loss: 0.243, con loss: 0.410, ptd loss: 0.988, rep loss: 0.000
2025-06-05 18:27:33,277 - INFO - Stage 1, Epoch 6: Accuracy list: [1.    1.    1.    0.833 1.    1.    1.    1.    1.    1.   ]
2025-06-05 18:27:33,277 - INFO - Stage 1, Epoch 6: Mean accuracy: 0.983
2025-06-05 18:27:33,277 - INFO - Stage 1, Epoch 6: Top ten classes mean accuracy: 98.330
2025-06-05 18:27:35,779 - INFO - Initial accuracy: 0.9903
2025-06-05 18:27:35,802 - INFO - Updated accuracy: 99.35%
2025-06-05 18:27:37,745 - INFO - Total mean accuracy: 98.701
2025-06-05 18:27:43,833 - INFO - Epoch 7/30
2025-06-05 18:27:46,466 - INFO - Initial accuracy: 0.9773
2025-06-05 18:27:46,489 - INFO - Updated accuracy: 97.40%
2025-06-05 18:27:53,263 - INFO - Epoch 7: ce loss: 0.087, con loss: 0.590, ptd loss: 0.987, rep loss: 0.870
2025-06-05 18:27:53,264 - INFO - Stage 1, Epoch 7: Accuracy list: [1.    1.    1.    0.833 1.    1.    1.    1.    1.    1.   ]
2025-06-05 18:27:53,264 - INFO - Stage 1, Epoch 7: Mean accuracy: 0.983
2025-06-05 18:27:53,264 - INFO - Stage 1, Epoch 7: Top ten classes mean accuracy: 98.330
2025-06-05 18:27:55,861 - INFO - Initial accuracy: 0.9903
2025-06-05 18:27:55,881 - INFO - Updated accuracy: 99.03%
2025-06-05 18:27:57,924 - INFO - Total mean accuracy: 98.701
2025-06-05 18:28:04,053 - INFO - Epoch 8/30
2025-06-05 18:28:06,581 - INFO - Initial accuracy: 0.9870
2025-06-05 18:28:06,599 - INFO - Updated accuracy: 98.38%
2025-06-05 18:28:13,520 - INFO - Epoch 8: ce loss: 0.111, con loss: 0.259, ptd loss: 0.985, rep loss: 0.852
2025-06-05 18:28:13,521 - INFO - Stage 1, Epoch 8: Accuracy list: [1.    1.    1.    0.833 1.    1.    1.    1.    1.    1.   ]
2025-06-05 18:28:13,522 - INFO - Stage 1, Epoch 8: Mean accuracy: 0.983
2025-06-05 18:28:13,522 - INFO - Stage 1, Epoch 8: Top ten classes mean accuracy: 98.330
2025-06-05 18:28:16,062 - INFO - Initial accuracy: 0.9903
2025-06-05 18:28:16,081 - INFO - Updated accuracy: 98.05%
2025-06-05 18:28:17,945 - INFO - Total mean accuracy: 98.701
2025-06-05 18:28:23,095 - INFO - Epoch 9/30
2025-06-05 18:28:26,031 - INFO - Initial accuracy: 0.9935
2025-06-05 18:28:26,049 - INFO - Updated accuracy: 97.73%
2025-06-05 18:28:33,029 - INFO - Epoch 9: ce loss: 0.175, con loss: 0.614, ptd loss: 0.984, rep loss: 0.823
2025-06-05 18:28:33,030 - INFO - Stage 1, Epoch 9: Accuracy list: [1.    1.    1.    0.833 1.    1.    1.    1.    1.    1.   ]
2025-06-05 18:28:33,030 - INFO - Stage 1, Epoch 9: Mean accuracy: 0.983
2025-06-05 18:28:33,030 - INFO - Stage 1, Epoch 9: Top ten classes mean accuracy: 98.330
2025-06-05 18:28:35,725 - INFO - Initial accuracy: 0.9838
2025-06-05 18:28:35,748 - INFO - Updated accuracy: 97.40%
2025-06-05 18:28:37,609 - INFO - Total mean accuracy: 98.701
2025-06-05 18:28:42,842 - INFO - Epoch 10/30
2025-06-05 18:28:45,358 - INFO - Initial accuracy: 0.9935
2025-06-05 18:28:45,377 - INFO - Updated accuracy: 99.68%
2025-06-05 18:28:52,119 - INFO - Epoch 10: ce loss: 0.140, con loss: 0.374, ptd loss: 0.982, rep loss: 0.865
2025-06-05 18:28:52,120 - INFO - Stage 1, Epoch 10: Accuracy list: [1.    1.    1.    0.667 1.    1.    1.    1.    1.    1.   ]
2025-06-05 18:28:52,120 - INFO - Stage 1, Epoch 10: Mean accuracy: 0.967
2025-06-05 18:28:52,120 - INFO - Stage 1, Epoch 10: Top ten classes mean accuracy: 96.670
2025-06-05 18:28:54,774 - INFO - Initial accuracy: 0.9838
2025-06-05 18:28:54,800 - INFO - Updated accuracy: 98.05%
2025-06-05 18:28:56,678 - INFO - Total mean accuracy: 97.403
2025-06-05 18:29:01,623 - INFO - Epoch 11/30
2025-06-05 18:29:04,137 - INFO - Initial accuracy: 0.9838
2025-06-05 18:29:04,156 - INFO - Updated accuracy: 96.75%
2025-06-05 18:29:09,449 - INFO - Historical prototype classes: [0, 1, 2, 3, 4, 5, 6, 7, 8, 9]
2025-06-05 18:29:09,449 - INFO - Current prototype classes: [0, 1, 2, 3, 4, 5, 6, 7, 8, 9]
2025-06-05 18:29:11,029 - INFO - Constructing class 0 exemplar
2025-06-05 18:29:13,093 - INFO - Constructing class 2 exemplar
2025-06-05 18:29:15,144 - INFO - Constructing class 3 exemplar
2025-06-05 18:29:17,770 - INFO - Constructing class 4 exemplar
2025-06-05 18:29:19,876 - INFO - Constructing class 5 exemplar
2025-06-05 18:29:21,857 - INFO - Constructing class 6 exemplar
2025-06-05 18:29:23,923 - INFO - Constructing class 7 exemplar
2025-06-05 18:29:26,017 - INFO - Constructing class 8 exemplar
2025-06-05 18:29:28,155 - INFO - Constructing class 9 exemplar
2025-06-05 18:29:28,551 - INFO - Updated prototype count: 10
2025-06-05 18:29:30,515 - INFO - Epoch 11: ce loss: 0.155, con loss: 0.445, ptd loss: 0.981, rep loss: 0.944
2025-06-05 18:29:30,516 - INFO - Stage 1, Epoch 11: Accuracy list: [1.    1.    1.    0.583 1.    1.    1.    1.    1.    1.   ]
2025-06-05 18:29:30,516 - INFO - Stage 1, Epoch 11: Mean accuracy: 0.958
2025-06-05 18:29:30,516 - INFO - Stage 1, Epoch 11: Top ten classes mean accuracy: 95.830
2025-06-05 18:29:33,151 - INFO - Initial accuracy: 0.9838
2025-06-05 18:29:33,177 - INFO - Updated accuracy: 97.73%
2025-06-05 18:29:35,385 - INFO - Total mean accuracy: 96.753
2025-06-05 18:29:40,268 - INFO - Epoch 12/30
2025-06-05 18:29:42,895 - INFO - Initial accuracy: 0.9805
2025-06-05 18:29:42,920 - INFO - Updated accuracy: 99.03%
2025-06-05 18:29:49,907 - INFO - Epoch 12: ce loss: 0.150, con loss: 0.687, ptd loss: 0.980, rep loss: 0.503
2025-06-05 18:29:49,908 - INFO - Stage 1, Epoch 12: Accuracy list: [1.    1.    1.    0.583 1.    1.    1.    1.    1.    1.   ]
2025-06-05 18:29:49,909 - INFO - Stage 1, Epoch 12: Mean accuracy: 0.958
2025-06-05 18:29:49,909 - INFO - Stage 1, Epoch 12: Top ten classes mean accuracy: 95.830
2025-06-05 18:29:52,674 - INFO - Initial accuracy: 0.9870
2025-06-05 18:29:52,694 - INFO - Updated accuracy: 98.38%
2025-06-05 18:29:54,548 - INFO - Total mean accuracy: 96.753
2025-06-05 18:29:59,919 - INFO - Epoch 13/30
2025-06-05 18:30:02,642 - INFO - Initial accuracy: 0.9805
2025-06-05 18:30:02,661 - INFO - Updated accuracy: 96.75%
2025-06-05 18:30:09,575 - INFO - Epoch 13: ce loss: 0.074, con loss: 0.262, ptd loss: 0.979, rep loss: 0.573
2025-06-05 18:30:09,576 - INFO - Stage 1, Epoch 13: Accuracy list: [1.    1.    1.    0.667 1.    1.    1.    1.    1.    1.   ]
2025-06-05 18:30:09,576 - INFO - Stage 1, Epoch 13: Mean accuracy: 0.967
2025-06-05 18:30:09,576 - INFO - Stage 1, Epoch 13: Top ten classes mean accuracy: 96.670
2025-06-05 18:30:12,261 - INFO - Initial accuracy: 0.9805
2025-06-05 18:30:12,282 - INFO - Updated accuracy: 98.38%
2025-06-05 18:30:14,196 - INFO - Total mean accuracy: 97.403
2025-06-05 18:30:20,470 - INFO - Epoch 14/30
2025-06-05 18:30:23,036 - INFO - Initial accuracy: 0.9805
2025-06-05 18:30:23,055 - INFO - Updated accuracy: 98.05%
2025-06-05 18:30:30,060 - INFO - Epoch 14: ce loss: 0.115, con loss: 0.631, ptd loss: 0.978, rep loss: 0.555
2025-06-05 18:30:30,061 - INFO - Stage 1, Epoch 14: Accuracy list: [1.    1.    1.    0.667 1.    1.    1.    1.    1.    1.   ]
2025-06-05 18:30:30,061 - INFO - Stage 1, Epoch 14: Mean accuracy: 0.967
2025-06-05 18:30:30,061 - INFO - Stage 1, Epoch 14: Top ten classes mean accuracy: 96.670
2025-06-05 18:30:32,982 - INFO - Initial accuracy: 0.9838
2025-06-05 18:30:33,006 - INFO - Updated accuracy: 99.35%
2025-06-05 18:30:34,941 - INFO - Total mean accuracy: 97.403
2025-06-05 18:30:40,971 - INFO - Epoch 15/30
2025-06-05 18:30:43,620 - INFO - Initial accuracy: 0.9805
2025-06-05 18:30:43,641 - INFO - Updated accuracy: 98.05%
2025-06-05 18:30:50,758 - INFO - Epoch 15: ce loss: 0.106, con loss: 0.354, ptd loss: 0.977, rep loss: 0.445
2025-06-05 18:30:50,759 - INFO - Stage 1, Epoch 15: Accuracy list: [1.    1.    1.    0.667 1.    1.    1.    1.    1.    1.   ]
2025-06-05 18:30:50,759 - INFO - Stage 1, Epoch 15: Mean accuracy: 0.967
2025-06-05 18:30:50,759 - INFO - Stage 1, Epoch 15: Top ten classes mean accuracy: 96.670
2025-06-05 18:30:53,561 - INFO - Initial accuracy: 0.9838
2025-06-05 18:30:53,582 - INFO - Updated accuracy: 99.35%
2025-06-05 18:30:55,457 - INFO - Total mean accuracy: 97.403
2025-06-05 18:31:01,946 - INFO - Epoch 16/30
2025-06-05 18:31:04,520 - INFO - Initial accuracy: 0.9870
2025-06-05 18:31:04,541 - INFO - Updated accuracy: 99.03%
2025-06-05 18:31:11,965 - INFO - Epoch 16: ce loss: 0.122, con loss: 0.386, ptd loss: 0.976, rep loss: 0.585
2025-06-05 18:31:11,966 - INFO - Stage 1, Epoch 16: Accuracy list: [1.    1.    1.    0.667 1.    1.    1.    1.    1.    1.   ]
2025-06-05 18:31:11,966 - INFO - Stage 1, Epoch 16: Mean accuracy: 0.967
2025-06-05 18:31:11,966 - INFO - Stage 1, Epoch 16: Top ten classes mean accuracy: 96.670
2025-06-05 18:31:14,637 - INFO - Initial accuracy: 0.9935
2025-06-05 18:31:14,659 - INFO - Updated accuracy: 100.00%
2025-06-05 18:31:16,620 - INFO - Total mean accuracy: 97.403
2025-06-05 18:31:22,027 - INFO - Epoch 17/30
2025-06-05 18:31:24,586 - INFO - Initial accuracy: 0.9903
2025-06-05 18:31:24,606 - INFO - Updated accuracy: 98.70%
2025-06-05 18:31:31,607 - INFO - Epoch 17: ce loss: 0.242, con loss: 0.323, ptd loss: 0.975, rep loss: 0.573
2025-06-05 18:31:31,608 - INFO - Stage 1, Epoch 17: Accuracy list: [1.    1.    1.    0.833 1.    1.    1.    1.    1.    1.   ]
2025-06-05 18:31:31,608 - INFO - Stage 1, Epoch 17: Mean accuracy: 0.983
2025-06-05 18:31:31,608 - INFO - Stage 1, Epoch 17: Top ten classes mean accuracy: 98.330
2025-06-05 18:31:34,269 - INFO - Initial accuracy: 0.9968
2025-06-05 18:31:34,290 - INFO - Updated accuracy: 100.00%
2025-06-05 18:31:36,139 - INFO - Total mean accuracy: 98.701
2025-06-05 18:31:41,315 - INFO - Epoch 18/30
2025-06-05 18:31:44,010 - INFO - Initial accuracy: 0.9903
2025-06-05 18:31:44,030 - INFO - Updated accuracy: 99.68%
2025-06-05 18:31:51,012 - INFO - Epoch 18: ce loss: 0.071, con loss: 0.269, ptd loss: 0.973, rep loss: 0.608
2025-06-05 18:31:51,013 - INFO - Stage 1, Epoch 18: Accuracy list: [1. 1. 1. 1. 1. 1. 1. 1. 1. 1.]
2025-06-05 18:31:51,013 - INFO - Stage 1, Epoch 18: Mean accuracy: 1.000
2025-06-05 18:31:51,013 - INFO - Stage 1, Epoch 18: Top ten classes mean accuracy: 100.000
2025-06-05 18:31:54,061 - INFO - Initial accuracy: 0.9968
2025-06-05 18:31:54,080 - INFO - Updated accuracy: 99.35%
2025-06-05 18:31:56,013 - INFO - Total mean accuracy: 100.000
2025-06-05 18:32:01,321 - INFO - Epoch 19/30
2025-06-05 18:32:03,997 - INFO - Initial accuracy: 0.9968
2025-06-05 18:32:04,016 - INFO - Updated accuracy: 98.70%
2025-06-05 18:32:10,968 - INFO - Epoch 19: ce loss: 0.120, con loss: 0.269, ptd loss: 0.973, rep loss: 0.650
2025-06-05 18:32:10,969 - INFO - Stage 1, Epoch 19: Accuracy list: [1. 1. 1. 1. 1. 1. 1. 1. 1. 1.]
2025-06-05 18:32:10,970 - INFO - Stage 1, Epoch 19: Mean accuracy: 1.000
2025-06-05 18:32:10,970 - INFO - Stage 1, Epoch 19: Top ten classes mean accuracy: 100.000
2025-06-05 18:32:13,615 - INFO - Initial accuracy: 0.9968
2025-06-05 18:32:13,635 - INFO - Updated accuracy: 99.68%
2025-06-05 18:32:15,559 - INFO - Total mean accuracy: 100.000
2025-06-05 18:32:20,945 - INFO - Epoch 20/30
2025-06-05 18:32:23,478 - INFO - Initial accuracy: 1.0000
2025-06-05 18:32:23,498 - INFO - Updated accuracy: 99.68%
2025-06-05 18:32:30,516 - INFO - Epoch 20: ce loss: 0.040, con loss: 0.212, ptd loss: 0.971, rep loss: 0.485
2025-06-05 18:32:30,516 - INFO - Stage 1, Epoch 20: Accuracy list: [1. 1. 1. 1. 1. 1. 1. 1. 1. 1.]
2025-06-05 18:32:30,517 - INFO - Stage 1, Epoch 20: Mean accuracy: 1.000
2025-06-05 18:32:30,517 - INFO - Stage 1, Epoch 20: Top ten classes mean accuracy: 100.000
2025-06-05 18:32:33,159 - INFO - Initial accuracy: 1.0000
2025-06-05 18:32:33,179 - INFO - Updated accuracy: 100.00%
2025-06-05 18:32:35,126 - INFO - Total mean accuracy: 100.000
2025-06-05 18:32:40,310 - INFO - Epoch 21/30
2025-06-05 18:32:42,915 - INFO - Initial accuracy: 0.9968
2025-06-05 18:32:42,937 - INFO - Updated accuracy: 99.68%
2025-06-05 18:32:48,101 - INFO - Historical prototype classes: [0, 1, 2, 3, 4, 5, 6, 7, 8, 9]
2025-06-05 18:32:48,101 - INFO - Current prototype classes: [0, 1, 2, 3, 4, 5, 6, 7, 8, 9]
2025-06-05 18:32:49,690 - INFO - Constructing class 0 exemplar
2025-06-05 18:32:51,745 - INFO - Constructing class 2 exemplar
2025-06-05 18:32:53,883 - INFO - Constructing class 3 exemplar
2025-06-05 18:32:56,043 - INFO - Constructing class 4 exemplar
2025-06-05 18:32:58,185 - INFO - Constructing class 5 exemplar
2025-06-05 18:33:00,195 - INFO - Constructing class 6 exemplar
2025-06-05 18:33:02,781 - INFO - Constructing class 7 exemplar
2025-06-05 18:33:04,933 - INFO - Constructing class 8 exemplar
2025-06-05 18:33:05,386 - INFO - Updated prototype count: 10
2025-06-05 18:33:07,489 - INFO - Epoch 21: ce loss: 0.044, con loss: 0.279, ptd loss: 0.970, rep loss: 0.547
2025-06-05 18:33:07,490 - INFO - Stage 1, Epoch 21: Accuracy list: [1. 1. 1. 1. 1. 1. 1. 1. 1. 1.]
2025-06-05 18:33:07,490 - INFO - Stage 1, Epoch 21: Mean accuracy: 1.000
2025-06-05 18:33:07,490 - INFO - Stage 1, Epoch 21: Top ten classes mean accuracy: 100.000
2025-06-05 18:33:10,326 - INFO - Initial accuracy: 1.0000
2025-06-05 18:33:10,350 - INFO - Updated accuracy: 100.00%
2025-06-05 18:33:12,352 - INFO - Total mean accuracy: 100.000
2025-06-05 18:33:18,517 - INFO - Epoch 22/30
2025-06-05 18:33:21,250 - INFO - Initial accuracy: 1.0000
2025-06-05 18:33:21,272 - INFO - Updated accuracy: 100.00%
2025-06-05 18:33:28,283 - INFO - Epoch 22: ce loss: 0.055, con loss: 0.574, ptd loss: 0.969, rep loss: 0.383
2025-06-05 18:33:28,284 - INFO - Stage 1, Epoch 22: Accuracy list: [1. 1. 1. 1. 1. 1. 1. 1. 1. 1.]
2025-06-05 18:33:28,284 - INFO - Stage 1, Epoch 22: Mean accuracy: 1.000
2025-06-05 18:33:28,284 - INFO - Stage 1, Epoch 22: Top ten classes mean accuracy: 100.000
2025-06-05 18:33:30,987 - INFO - Initial accuracy: 1.0000
2025-06-05 18:33:31,005 - INFO - Updated accuracy: 99.03%
2025-06-05 18:33:32,942 - INFO - Total mean accuracy: 100.000
2025-06-05 18:33:39,457 - INFO - Epoch 23/30
2025-06-05 18:33:42,174 - INFO - Initial accuracy: 1.0000
2025-06-05 18:33:42,196 - INFO - Updated accuracy: 100.00%
2025-06-05 18:33:49,083 - INFO - Epoch 23: ce loss: 0.035, con loss: 0.120, ptd loss: 0.968, rep loss: 0.356
2025-06-05 18:33:49,084 - INFO - Stage 1, Epoch 23: Accuracy list: [1. 1. 1. 1. 1. 1. 1. 1. 1. 1.]
2025-06-05 18:33:49,084 - INFO - Stage 1, Epoch 23: Mean accuracy: 1.000
2025-06-05 18:33:49,084 - INFO - Stage 1, Epoch 23: Top ten classes mean accuracy: 100.000
2025-06-05 18:33:51,733 - INFO - Initial accuracy: 1.0000
2025-06-05 18:33:51,755 - INFO - Updated accuracy: 100.00%
2025-06-05 18:33:53,572 - INFO - Total mean accuracy: 100.000
2025-06-05 18:33:58,847 - INFO - Epoch 24/30
2025-06-05 18:34:01,599 - INFO - Initial accuracy: 1.0000
2025-06-05 18:34:01,618 - INFO - Updated accuracy: 100.00%
2025-06-05 18:34:08,552 - INFO - Epoch 24: ce loss: 0.069, con loss: 0.339, ptd loss: 0.967, rep loss: 0.316
2025-06-05 18:34:08,553 - INFO - Stage 1, Epoch 24: Accuracy list: [1. 1. 1. 1. 1. 1. 1. 1. 1. 1.]
2025-06-05 18:34:08,553 - INFO - Stage 1, Epoch 24: Mean accuracy: 1.000
2025-06-05 18:34:08,553 - INFO - Stage 1, Epoch 24: Top ten classes mean accuracy: 100.000
2025-06-05 18:34:11,235 - INFO - Initial accuracy: 1.0000
2025-06-05 18:34:11,254 - INFO - Updated accuracy: 99.68%
2025-06-05 18:34:13,136 - INFO - Total mean accuracy: 100.000
2025-06-05 18:34:18,527 - INFO - Epoch 25/30
2025-06-05 18:34:21,250 - INFO - Initial accuracy: 1.0000
2025-06-05 18:34:21,270 - INFO - Updated accuracy: 100.00%
2025-06-05 18:34:28,166 - INFO - Epoch 25: ce loss: 0.036, con loss: 0.381, ptd loss: 0.966, rep loss: 0.250
2025-06-05 18:34:28,167 - INFO - Stage 1, Epoch 25: Accuracy list: [1. 1. 1. 1. 1. 1. 1. 1. 1. 1.]
2025-06-05 18:34:28,167 - INFO - Stage 1, Epoch 25: Mean accuracy: 1.000
2025-06-05 18:34:28,167 - INFO - Stage 1, Epoch 25: Top ten classes mean accuracy: 100.000
2025-06-05 18:34:30,921 - INFO - Initial accuracy: 1.0000
2025-06-05 18:34:30,946 - INFO - Updated accuracy: 100.00%
2025-06-05 18:34:32,931 - INFO - Total mean accuracy: 100.000
2025-06-05 18:34:38,295 - INFO - Epoch 26/30
2025-06-05 18:34:40,908 - INFO - Initial accuracy: 0.9968
2025-06-05 18:34:40,929 - INFO - Updated accuracy: 99.68%
2025-06-05 18:34:47,653 - INFO - Epoch 26: ce loss: 0.062, con loss: 0.344, ptd loss: 0.965, rep loss: 0.470
2025-06-05 18:34:47,654 - INFO - Stage 1, Epoch 26: Accuracy list: [1. 1. 1. 1. 1. 1. 1. 1. 1. 1.]
2025-06-05 18:34:47,654 - INFO - Stage 1, Epoch 26: Mean accuracy: 1.000
2025-06-05 18:34:47,654 - INFO - Stage 1, Epoch 26: Top ten classes mean accuracy: 100.000
2025-06-05 18:34:50,410 - INFO - Initial accuracy: 1.0000
2025-06-05 18:34:50,432 - INFO - Updated accuracy: 99.68%
2025-06-05 18:34:52,394 - INFO - Total mean accuracy: 100.000
2025-06-05 18:34:57,920 - INFO - Epoch 27/30
2025-06-05 18:35:00,563 - INFO - Initial accuracy: 1.0000
2025-06-05 18:35:00,582 - INFO - Updated accuracy: 100.00%
2025-06-05 18:35:07,724 - INFO - Epoch 27: ce loss: 0.061, con loss: 0.356, ptd loss: 0.964, rep loss: 0.279
2025-06-05 18:35:07,725 - INFO - Stage 1, Epoch 27: Accuracy list: [1. 1. 1. 1. 1. 1. 1. 1. 1. 1.]
2025-06-05 18:35:07,725 - INFO - Stage 1, Epoch 27: Mean accuracy: 1.000
2025-06-05 18:35:07,725 - INFO - Stage 1, Epoch 27: Top ten classes mean accuracy: 100.000
2025-06-05 18:35:10,504 - INFO - Initial accuracy: 1.0000
2025-06-05 18:35:10,523 - INFO - Updated accuracy: 100.00%
2025-06-05 18:35:12,917 - INFO - Total mean accuracy: 100.000
2025-06-05 18:35:18,174 - INFO - Epoch 28/30
2025-06-05 18:35:20,658 - INFO - Initial accuracy: 1.0000
2025-06-05 18:35:20,680 - INFO - Updated accuracy: 100.00%
2025-06-05 18:35:27,576 - INFO - Epoch 28: ce loss: 0.053, con loss: 0.248, ptd loss: 0.963, rep loss: 0.331
2025-06-05 18:35:27,577 - INFO - Stage 1, Epoch 28: Accuracy list: [1. 1. 1. 1. 1. 1. 1. 1. 1. 1.]
2025-06-05 18:35:27,577 - INFO - Stage 1, Epoch 28: Mean accuracy: 1.000
2025-06-05 18:35:27,577 - INFO - Stage 1, Epoch 28: Top ten classes mean accuracy: 100.000
2025-06-05 18:35:30,624 - INFO - Initial accuracy: 1.0000
2025-06-05 18:35:30,644 - INFO - Updated accuracy: 100.00%
2025-06-05 18:35:32,555 - INFO - Total mean accuracy: 100.000
2025-06-05 18:35:38,522 - INFO - Epoch 29/30
2025-06-05 18:35:41,225 - INFO - Initial accuracy: 1.0000
2025-06-05 18:35:41,245 - INFO - Updated accuracy: 100.00%
2025-06-05 18:35:48,190 - INFO - Epoch 29: ce loss: 0.053, con loss: 0.141, ptd loss: 0.962, rep loss: 0.287
2025-06-05 18:35:48,191 - INFO - Stage 1, Epoch 29: Accuracy list: [1. 1. 1. 1. 1. 1. 1. 1. 1. 1.]
2025-06-05 18:35:48,191 - INFO - Stage 1, Epoch 29: Mean accuracy: 1.000
2025-06-05 18:35:48,192 - INFO - Stage 1, Epoch 29: Top ten classes mean accuracy: 100.000
2025-06-05 18:35:50,874 - INFO - Initial accuracy: 0.9968
2025-06-05 18:35:50,894 - INFO - Updated accuracy: 99.68%
2025-06-05 18:35:52,803 - INFO - Total mean accuracy: 100.000
2025-06-05 18:35:58,717 - INFO - Epoch 30/30
2025-06-05 18:36:01,337 - INFO - Initial accuracy: 1.0000
2025-06-05 18:36:01,358 - INFO - Updated accuracy: 100.00%
2025-06-05 18:36:08,166 - INFO - Epoch 30: ce loss: 0.068, con loss: 0.327, ptd loss: 0.961, rep loss: 0.333
2025-06-05 18:36:08,167 - INFO - Stage 1, Epoch 30: Accuracy list: [1. 1. 1. 1. 1. 1. 1. 1. 1. 1.]
2025-06-05 18:36:08,167 - INFO - Stage 1, Epoch 30: Mean accuracy: 1.000
2025-06-05 18:36:08,167 - INFO - Stage 1, Epoch 30: Top ten classes mean accuracy: 100.000
2025-06-05 18:36:10,589 - INFO - Initial accuracy: 1.0000
2025-06-05 18:36:10,610 - INFO - Updated accuracy: 99.68%
2025-06-05 18:36:12,386 - INFO - Total mean accuracy: 100.000
2025-06-05 18:36:19,195 - INFO - Stage 1 completed. Best accuracy: 100.000
2025-06-05 18:36:19,196 - INFO - Starting incremental stage 2/3
2025-06-05 18:36:21,400 - INFO - Average relation matrix mean: 0.0323
2025-06-05 18:36:21,404 - INFO - Shared classes: [8, 10, 11, 12, 13, 14, 15, 16, 17, 18, 19, 27]
2025-06-05 18:36:21,404 - INFO - Classes meeting probability condition: [8, 10, 11, 12, 13, 14, 15, 16, 17, 18, 19, 27]
2025-06-05 18:36:21,404 - INFO - Classes meeting similarity condition: [8, 10, 11, 12, 13, 14, 15, 16, 17, 18, 19]
2025-06-05 18:36:21,779 - INFO - Starting training for stage 2
2025-06-05 18:36:21,779 - INFO - Epoch 1/30
2025-06-05 18:36:24,276 - INFO - Initial accuracy: 0.8558
2025-06-05 18:36:24,286 - INFO - Unique labels before 5th iteration: tensor([ 8, 10, 11, 12, 13, 14, 15, 16, 17, 18, 19, 27], device='cuda:0')
2025-06-05 18:36:24,299 - INFO - Updated accuracy: 91.99%
2025-06-05 18:36:31,062 - INFO - Epoch 1: ce loss: 4.183, con loss: 0.268, ptd loss: 0.993, rep loss: 0.294
2025-06-05 18:36:31,062 - INFO - Stage 2, Epoch 1: Accuracy list: [1. 1. 1. 1. 1. 1. 1. 1. 1. 1. 0. 0. 0. 0. 0. 0. 0. 0. 0. 0.]
2025-06-05 18:36:31,063 - INFO - Stage 2, Epoch 1: Mean accuracy: 0.500
2025-06-05 18:36:31,063 - INFO - Stage 2, Epoch 1: Top ten classes mean accuracy: 100.000
2025-06-05 18:36:33,397 - INFO - Initial accuracy: 0.0833
2025-06-05 18:36:33,402 - INFO - Unique labels before 5th iteration: tensor([ 8, 10, 14, 16, 17, 18, 27], device='cuda:0')
2025-06-05 18:36:33,422 - INFO - Updated accuracy: 35.26%
2025-06-05 18:36:35,654 - INFO - Total mean accuracy: 49.677
2025-06-05 18:36:41,240 - INFO - Epoch 2/30
2025-06-05 18:36:43,664 - INFO - Initial accuracy: 0.8558
2025-06-05 18:36:43,670 - INFO - Unique labels before 5th iteration: tensor([ 8, 10, 11, 12, 13, 14, 15, 16, 17, 18, 19, 27], device='cuda:0')
2025-06-05 18:36:43,682 - INFO - Updated accuracy: 91.67%
2025-06-05 18:36:50,902 - INFO - Epoch 2: ce loss: 2.799, con loss: 0.229, ptd loss: 0.992, rep loss: 0.337
2025-06-05 18:36:50,903 - INFO - Stage 2, Epoch 2: Accuracy list: [1.    1.    1.    1.    1.    1.    1.    1.    1.    1.    0.385 0.
 0.167 0.    0.452 0.045 0.25  0.375 0.4   0.4  ]
2025-06-05 18:36:50,903 - INFO - Stage 2, Epoch 2: Mean accuracy: 0.624
2025-06-05 18:36:50,903 - INFO - Stage 2, Epoch 2: Top ten classes mean accuracy: 100.000
2025-06-05 18:36:53,382 - INFO - Initial accuracy: 0.5449
2025-06-05 18:36:53,387 - INFO - Unique labels before 5th iteration: tensor([ 8, 10, 12, 13, 14, 15, 16, 17, 19], device='cuda:0')
2025-06-05 18:36:53,397 - INFO - Updated accuracy: 75.96%
2025-06-05 18:36:55,452 - INFO - Total mean accuracy: 61.935
2025-06-05 18:37:00,107 - INFO - Epoch 3/30
2025-06-05 18:37:02,447 - INFO - Initial accuracy: 0.8526
2025-06-05 18:37:02,453 - INFO - Unique labels before 5th iteration: tensor([ 8, 10, 11, 12, 13, 14, 15, 16, 17, 18, 19, 27], device='cuda:0')
2025-06-05 18:37:02,466 - INFO - Updated accuracy: 93.59%
2025-06-05 18:37:10,057 - INFO - Epoch 3: ce loss: 1.579, con loss: 0.131, ptd loss: 0.990, rep loss: 0.400
2025-06-05 18:37:10,058 - INFO - Stage 2, Epoch 3: Accuracy list: [1.    1.    1.    1.    1.    1.    1.    1.    1.    1.    1.    0.
 0.917 0.438 1.    0.818 0.917 1.    1.    1.   ]
2025-06-05 18:37:10,059 - INFO - Stage 2, Epoch 3: Mean accuracy: 0.904
2025-06-05 18:37:10,059 - INFO - Stage 2, Epoch 3: Top ten classes mean accuracy: 100.000
2025-06-05 18:37:12,430 - INFO - Initial accuracy: 0.8622
2025-06-05 18:37:12,435 - INFO - Unique labels before 5th iteration: tensor([10, 12, 13, 14, 15, 16, 17, 18, 19], device='cuda:0')
2025-06-05 18:37:12,446 - INFO - Updated accuracy: 87.18%
2025-06-05 18:37:14,471 - INFO - Total mean accuracy: 91.613
2025-06-05 18:37:19,131 - INFO - Epoch 4/30
2025-06-05 18:37:21,611 - INFO - Initial accuracy: 0.8462
2025-06-05 18:37:21,616 - INFO - Unique labels before 5th iteration: tensor([ 8, 10, 11, 12, 13, 14, 15, 16, 17, 18, 19, 27], device='cuda:0')
2025-06-05 18:37:21,628 - INFO - Updated accuracy: 92.63%
2025-06-05 18:37:28,874 - INFO - Epoch 4: ce loss: 0.883, con loss: 0.304, ptd loss: 0.988, rep loss: 0.503
2025-06-05 18:37:28,874 - INFO - Stage 2, Epoch 4: Accuracy list: [1.    1.    1.    1.    1.    0.833 1.    1.    1.    1.    1.    0.1
 0.917 1.    1.    0.955 1.    1.    1.    1.   ]
2025-06-05 18:37:28,874 - INFO - Stage 2, Epoch 4: Mean accuracy: 0.940
2025-06-05 18:37:28,874 - INFO - Stage 2, Epoch 4: Top ten classes mean accuracy: 98.330
2025-06-05 18:37:31,228 - INFO - Initial accuracy: 0.9327
2025-06-05 18:37:31,234 - INFO - Unique labels before 5th iteration: tensor([10, 12, 13, 14, 15, 16, 17, 18, 19], device='cuda:0')
2025-06-05 18:37:31,247 - INFO - Updated accuracy: 90.38%
2025-06-05 18:37:33,348 - INFO - Total mean accuracy: 95.484
2025-06-05 18:37:38,177 - INFO - Epoch 5/30
2025-06-05 18:37:40,857 - INFO - Initial accuracy: 0.8590
2025-06-05 18:37:40,862 - INFO - Unique labels before 5th iteration: tensor([ 8, 10, 11, 12, 13, 14, 15, 16, 17, 18, 19, 27], device='cuda:0')
2025-06-05 18:37:40,874 - INFO - Updated accuracy: 91.35%
2025-06-05 18:37:48,105 - INFO - Epoch 5: ce loss: 0.756, con loss: 0.342, ptd loss: 0.987, rep loss: 0.430
2025-06-05 18:37:48,106 - INFO - Stage 2, Epoch 5: Accuracy list: [1.    1.    1.    1.    1.    0.917 1.    1.    1.    1.    1.    0.1
 0.958 1.    1.    1.    1.    1.    1.    1.   ]
2025-06-05 18:37:48,106 - INFO - Stage 2, Epoch 5: Mean accuracy: 0.949
2025-06-05 18:37:48,106 - INFO - Stage 2, Epoch 5: Top ten classes mean accuracy: 99.170
2025-06-05 18:37:50,555 - INFO - Initial accuracy: 0.9455
2025-06-05 18:37:50,560 - INFO - Unique labels before 5th iteration: tensor([10, 12, 13, 14, 15, 16, 17, 18, 19], device='cuda:0')
2025-06-05 18:37:50,575 - INFO - Updated accuracy: 91.67%
2025-06-05 18:37:52,747 - INFO - Total mean accuracy: 96.452
2025-06-05 18:37:57,382 - INFO - Epoch 6/30
2025-06-05 18:37:59,790 - INFO - Initial accuracy: 0.9359
2025-06-05 18:37:59,806 - INFO - Updated accuracy: 98.08%
2025-06-05 18:38:04,708 - INFO - Historical prototype classes: [0, 1, 2, 3, 4, 5, 6, 7, 8, 9]
2025-06-05 18:38:04,709 - INFO - Current prototype classes: [10, 11, 12, 13, 14, 15, 16, 17, 18, 19]
2025-06-05 18:38:06,180 - INFO - Constructing class 10 exemplar
2025-06-05 18:38:08,350 - INFO - Constructing class 11 exemplar
2025-06-05 18:38:10,195 - INFO - Constructing class 12 exemplar
2025-06-05 18:38:12,117 - INFO - Constructing class 13 exemplar
2025-06-05 18:38:13,936 - INFO - Constructing class 14 exemplar
2025-06-05 18:38:16,000 - INFO - Constructing class 15 exemplar
2025-06-05 18:38:17,888 - INFO - Constructing class 16 exemplar
2025-06-05 18:38:19,694 - INFO - Constructing class 17 exemplar
2025-06-05 18:38:21,439 - INFO - Constructing class 18 exemplar
2025-06-05 18:38:23,240 - INFO - Constructing class 19 exemplar
2025-06-05 18:38:24,020 - INFO - Updated prototype count: 20
2025-06-05 18:38:26,053 - INFO - Epoch 6: ce loss: 0.380, con loss: 0.372, ptd loss: 0.983, rep loss: 0.402
2025-06-05 18:38:26,054 - INFO - Stage 2, Epoch 6: Accuracy list: [1.  1.  1.  1.  1.  1.  1.  1.  1.  1.  1.  0.5 1.  1.  1.  1.  1.  1.
 1.  1. ]
2025-06-05 18:38:26,054 - INFO - Stage 2, Epoch 6: Mean accuracy: 0.975
2025-06-05 18:38:26,054 - INFO - Stage 2, Epoch 6: Top ten classes mean accuracy: 100.000
2025-06-05 18:38:28,481 - INFO - Initial accuracy: 0.9647
2025-06-05 18:38:28,506 - INFO - Updated accuracy: 98.40%
2025-06-05 18:38:30,899 - INFO - Total mean accuracy: 98.387
2025-06-05 18:38:36,000 - INFO - Epoch 7/30
2025-06-05 18:38:38,422 - INFO - Initial accuracy: 0.9712
2025-06-05 18:38:38,444 - INFO - Updated accuracy: 100.00%
2025-06-05 18:38:46,347 - INFO - Epoch 7: ce loss: 0.275, con loss: 0.349, ptd loss: 0.981, rep loss: 0.777
2025-06-05 18:38:46,348 - INFO - Stage 2, Epoch 7: Accuracy list: [1.  1.  1.  1.  1.  1.  1.  1.  1.  1.  1.  0.8 1.  1.  1.  1.  1.  1.
 1.  1. ]
2025-06-05 18:38:46,348 - INFO - Stage 2, Epoch 7: Mean accuracy: 0.990
2025-06-05 18:38:46,348 - INFO - Stage 2, Epoch 7: Top ten classes mean accuracy: 100.000
2025-06-05 18:38:49,023 - INFO - Initial accuracy: 0.9808
2025-06-05 18:38:49,043 - INFO - Updated accuracy: 99.36%
2025-06-05 18:38:51,131 - INFO - Total mean accuracy: 99.355
2025-06-05 18:38:56,158 - INFO - Epoch 8/30
2025-06-05 18:38:59,196 - INFO - Initial accuracy: 0.9872
2025-06-05 18:38:59,213 - INFO - Updated accuracy: 99.36%
2025-06-05 18:39:06,550 - INFO - Epoch 8: ce loss: 0.210, con loss: 0.190, ptd loss: 0.980, rep loss: 0.652
2025-06-05 18:39:06,551 - INFO - Stage 2, Epoch 8: Accuracy list: [1.  1.  1.  1.  1.  1.  1.  1.  1.  1.  1.  0.8 1.  1.  1.  1.  1.  1.
 1.  1. ]
2025-06-05 18:39:06,551 - INFO - Stage 2, Epoch 8: Mean accuracy: 0.990
2025-06-05 18:39:06,551 - INFO - Stage 2, Epoch 8: Top ten classes mean accuracy: 100.000
2025-06-05 18:39:09,025 - INFO - Initial accuracy: 0.9968
2025-06-05 18:39:09,044 - INFO - Updated accuracy: 99.68%
2025-06-05 18:39:11,066 - INFO - Total mean accuracy: 99.355
2025-06-05 18:39:16,501 - INFO - Epoch 9/30
2025-06-05 18:39:18,975 - INFO - Initial accuracy: 1.0000
2025-06-05 18:39:18,996 - INFO - Updated accuracy: 99.68%
2025-06-05 18:39:26,308 - INFO - Epoch 9: ce loss: 0.148, con loss: 0.308, ptd loss: 0.978, rep loss: 0.816
2025-06-05 18:39:26,309 - INFO - Stage 2, Epoch 9: Accuracy list: [1. 1. 1. 1. 1. 1. 1. 1. 1. 1. 1. 1. 1. 1. 1. 1. 1. 1. 1. 1.]
2025-06-05 18:39:26,309 - INFO - Stage 2, Epoch 9: Mean accuracy: 1.000
2025-06-05 18:39:26,309 - INFO - Stage 2, Epoch 9: Top ten classes mean accuracy: 100.000
2025-06-05 18:39:28,747 - INFO - Initial accuracy: 1.0000
2025-06-05 18:39:28,767 - INFO - Updated accuracy: 99.68%
2025-06-05 18:39:31,236 - INFO - Total mean accuracy: 100.000
2025-06-05 18:39:35,960 - INFO - Epoch 10/30
2025-06-05 18:39:38,369 - INFO - Initial accuracy: 1.0000
2025-06-05 18:39:38,386 - INFO - Updated accuracy: 100.00%
2025-06-05 18:39:45,925 - INFO - Epoch 10: ce loss: 0.125, con loss: 0.168, ptd loss: 0.977, rep loss: 0.846
2025-06-05 18:39:45,926 - INFO - Stage 2, Epoch 10: Accuracy list: [1. 1. 1. 1. 1. 1. 1. 1. 1. 1. 1. 1. 1. 1. 1. 1. 1. 1. 1. 1.]
2025-06-05 18:39:45,926 - INFO - Stage 2, Epoch 10: Mean accuracy: 1.000
2025-06-05 18:39:45,926 - INFO - Stage 2, Epoch 10: Top ten classes mean accuracy: 100.000
2025-06-05 18:39:48,666 - INFO - Initial accuracy: 1.0000
2025-06-05 18:39:48,685 - INFO - Updated accuracy: 100.00%
2025-06-05 18:39:50,742 - INFO - Total mean accuracy: 100.000
2025-06-05 18:39:55,359 - INFO - Epoch 11/30
2025-06-05 18:39:57,818 - INFO - Initial accuracy: 1.0000
2025-06-05 18:39:57,839 - INFO - Updated accuracy: 99.68%
2025-06-05 18:40:03,255 - INFO - Historical prototype classes: [0, 1, 2, 3, 4, 5, 6, 7, 8, 9, 10, 11, 12, 13, 14, 15, 16, 17, 18, 19]
2025-06-05 18:40:03,256 - INFO - Current prototype classes: [10, 11, 12, 13, 14, 15, 16, 17, 18, 19]
2025-06-05 18:40:04,738 - INFO - Constructing class 10 exemplar
2025-06-05 18:40:06,519 - INFO - Constructing class 11 exemplar
2025-06-05 18:40:08,783 - INFO - Constructing class 13 exemplar
2025-06-05 18:40:10,969 - INFO - Constructing class 14 exemplar
2025-06-05 18:40:12,929 - INFO - Constructing class 15 exemplar
2025-06-05 18:40:14,833 - INFO - Constructing class 16 exemplar
2025-06-05 18:40:16,858 - INFO - Constructing class 17 exemplar
2025-06-05 18:40:18,720 - INFO - Constructing class 18 exemplar
2025-06-05 18:40:20,917 - INFO - Constructing class 19 exemplar
2025-06-05 18:40:21,218 - INFO - Updated prototype count: 20
2025-06-05 18:40:23,282 - INFO - Epoch 11: ce loss: 0.114, con loss: 0.354, ptd loss: 0.975, rep loss: 0.736
2025-06-05 18:40:23,282 - INFO - Stage 2, Epoch 11: Accuracy list: [1. 1. 1. 1. 1. 1. 1. 1. 1. 1. 1. 1. 1. 1. 1. 1. 1. 1. 1. 1.]
2025-06-05 18:40:23,282 - INFO - Stage 2, Epoch 11: Mean accuracy: 1.000
2025-06-05 18:40:23,282 - INFO - Stage 2, Epoch 11: Top ten classes mean accuracy: 100.000
2025-06-05 18:40:26,187 - INFO - Initial accuracy: 1.0000
2025-06-05 18:40:26,214 - INFO - Updated accuracy: 100.00%
2025-06-05 18:40:28,596 - INFO - Total mean accuracy: 100.000
2025-06-05 18:40:33,090 - INFO - Epoch 12/30
2025-06-05 18:40:35,812 - INFO - Initial accuracy: 1.0000
2025-06-05 18:40:35,837 - INFO - Updated accuracy: 99.68%
2025-06-05 18:40:43,616 - INFO - Epoch 12: ce loss: 0.102, con loss: 0.171, ptd loss: 0.974, rep loss: 0.465
2025-06-05 18:40:43,617 - INFO - Stage 2, Epoch 12: Accuracy list: [1. 1. 1. 1. 1. 1. 1. 1. 1. 1. 1. 1. 1. 1. 1. 1. 1. 1. 1. 1.]
2025-06-05 18:40:43,617 - INFO - Stage 2, Epoch 12: Mean accuracy: 1.000
2025-06-05 18:40:43,617 - INFO - Stage 2, Epoch 12: Top ten classes mean accuracy: 100.000
2025-06-05 18:40:46,415 - INFO - Initial accuracy: 1.0000
2025-06-05 18:40:46,435 - INFO - Updated accuracy: 99.36%
2025-06-05 18:40:48,502 - INFO - Total mean accuracy: 100.000
2025-06-05 18:40:53,073 - INFO - Epoch 13/30
2025-06-05 18:40:55,475 - INFO - Initial accuracy: 1.0000
2025-06-05 18:40:55,495 - INFO - Updated accuracy: 99.68%
2025-06-05 18:41:02,815 - INFO - Epoch 13: ce loss: 0.093, con loss: 0.339, ptd loss: 0.973, rep loss: 0.491
2025-06-05 18:41:02,816 - INFO - Stage 2, Epoch 13: Accuracy list: [1. 1. 1. 1. 1. 1. 1. 1. 1. 1. 1. 1. 1. 1. 1. 1. 1. 1. 1. 1.]
2025-06-05 18:41:02,816 - INFO - Stage 2, Epoch 13: Mean accuracy: 1.000
2025-06-05 18:41:02,816 - INFO - Stage 2, Epoch 13: Top ten classes mean accuracy: 100.000
2025-06-05 18:41:05,312 - INFO - Initial accuracy: 1.0000
2025-06-05 18:41:05,331 - INFO - Updated accuracy: 100.00%
2025-06-05 18:41:07,819 - INFO - Total mean accuracy: 100.000
2025-06-05 18:41:12,953 - INFO - Epoch 14/30
2025-06-05 18:41:15,470 - INFO - Initial accuracy: 1.0000
2025-06-05 18:41:15,488 - INFO - Updated accuracy: 99.68%
2025-06-05 18:41:23,227 - INFO - Epoch 14: ce loss: 0.154, con loss: 0.297, ptd loss: 0.972, rep loss: 0.494
2025-06-05 18:41:23,228 - INFO - Stage 2, Epoch 14: Accuracy list: [1. 1. 1. 1. 1. 1. 1. 1. 1. 1. 1. 1. 1. 1. 1. 1. 1. 1. 1. 1.]
2025-06-05 18:41:23,229 - INFO - Stage 2, Epoch 14: Mean accuracy: 1.000
2025-06-05 18:41:23,229 - INFO - Stage 2, Epoch 14: Top ten classes mean accuracy: 100.000
2025-06-05 18:41:26,386 - INFO - Initial accuracy: 1.0000
2025-06-05 18:41:26,407 - INFO - Updated accuracy: 99.36%
2025-06-05 18:41:28,632 - INFO - Total mean accuracy: 100.000
2025-06-05 18:41:33,508 - INFO - Epoch 15/30
2025-06-05 18:41:36,166 - INFO - Initial accuracy: 1.0000
2025-06-05 18:41:36,187 - INFO - Updated accuracy: 99.68%
2025-06-05 18:41:43,970 - INFO - Epoch 15: ce loss: 0.059, con loss: 0.208, ptd loss: 0.970, rep loss: 0.464
2025-06-05 18:41:43,971 - INFO - Stage 2, Epoch 15: Accuracy list: [1. 1. 1. 1. 1. 1. 1. 1. 1. 1. 1. 1. 1. 1. 1. 1. 1. 1. 1. 1.]
2025-06-05 18:41:43,971 - INFO - Stage 2, Epoch 15: Mean accuracy: 1.000
2025-06-05 18:41:43,972 - INFO - Stage 2, Epoch 15: Top ten classes mean accuracy: 100.000
2025-06-05 18:41:46,425 - INFO - Initial accuracy: 1.0000
2025-06-05 18:41:46,442 - INFO - Updated accuracy: 100.00%
2025-06-05 18:41:48,592 - INFO - Total mean accuracy: 100.000
2025-06-05 18:41:53,215 - INFO - Epoch 16/30
2025-06-05 18:41:55,756 - INFO - Initial accuracy: 1.0000
2025-06-05 18:41:55,775 - INFO - Updated accuracy: 99.68%
2025-06-05 18:42:03,437 - INFO - Epoch 16: ce loss: 0.076, con loss: 0.252, ptd loss: 0.969, rep loss: 0.506
2025-06-05 18:42:03,438 - INFO - Stage 2, Epoch 16: Accuracy list: [1. 1. 1. 1. 1. 1. 1. 1. 1. 1. 1. 1. 1. 1. 1. 1. 1. 1. 1. 1.]
2025-06-05 18:42:03,438 - INFO - Stage 2, Epoch 16: Mean accuracy: 1.000
2025-06-05 18:42:03,438 - INFO - Stage 2, Epoch 16: Top ten classes mean accuracy: 100.000
2025-06-05 18:42:05,817 - INFO - Initial accuracy: 1.0000
2025-06-05 18:42:05,837 - INFO - Updated accuracy: 100.00%
2025-06-05 18:42:07,897 - INFO - Total mean accuracy: 100.000
2025-06-05 18:42:13,635 - INFO - Epoch 17/30
2025-06-05 18:42:16,033 - INFO - Initial accuracy: 1.0000
2025-06-05 18:42:16,054 - INFO - Updated accuracy: 100.00%
2025-06-05 18:42:23,858 - INFO - Epoch 17: ce loss: 0.051, con loss: 0.298, ptd loss: 0.968, rep loss: 0.389
2025-06-05 18:42:23,859 - INFO - Stage 2, Epoch 17: Accuracy list: [1. 1. 1. 1. 1. 1. 1. 1. 1. 1. 1. 1. 1. 1. 1. 1. 1. 1. 1. 1.]
2025-06-05 18:42:23,859 - INFO - Stage 2, Epoch 17: Mean accuracy: 1.000
2025-06-05 18:42:23,859 - INFO - Stage 2, Epoch 17: Top ten classes mean accuracy: 100.000
2025-06-05 18:42:26,973 - INFO - Initial accuracy: 1.0000
2025-06-05 18:42:26,993 - INFO - Updated accuracy: 99.68%
2025-06-05 18:42:29,343 - INFO - Total mean accuracy: 100.000
2025-06-05 18:42:33,830 - INFO - Epoch 18/30
2025-06-05 18:42:36,423 - INFO - Initial accuracy: 1.0000
2025-06-05 18:42:36,441 - INFO - Updated accuracy: 100.00%
2025-06-05 18:42:44,142 - INFO - Epoch 18: ce loss: 0.039, con loss: 0.340, ptd loss: 0.966, rep loss: 0.463
2025-06-05 18:42:44,143 - INFO - Stage 2, Epoch 18: Accuracy list: [1. 1. 1. 1. 1. 1. 1. 1. 1. 1. 1. 1. 1. 1. 1. 1. 1. 1. 1. 1.]
2025-06-05 18:42:44,143 - INFO - Stage 2, Epoch 18: Mean accuracy: 1.000
2025-06-05 18:42:44,143 - INFO - Stage 2, Epoch 18: Top ten classes mean accuracy: 100.000
2025-06-05 18:42:46,497 - INFO - Initial accuracy: 1.0000
2025-06-05 18:42:46,515 - INFO - Updated accuracy: 99.68%
2025-06-05 18:42:48,621 - INFO - Total mean accuracy: 100.000
2025-06-05 18:42:53,330 - INFO - Epoch 19/30
2025-06-05 18:42:55,909 - INFO - Initial accuracy: 1.0000
2025-06-05 18:42:55,927 - INFO - Updated accuracy: 100.00%
2025-06-05 18:43:03,725 - INFO - Epoch 19: ce loss: 0.044, con loss: 0.175, ptd loss: 0.965, rep loss: 0.391
2025-06-05 18:43:03,726 - INFO - Stage 2, Epoch 19: Accuracy list: [1. 1. 1. 1. 1. 1. 1. 1. 1. 1. 1. 1. 1. 1. 1. 1. 1. 1. 1. 1.]
2025-06-05 18:43:03,726 - INFO - Stage 2, Epoch 19: Mean accuracy: 1.000
2025-06-05 18:43:03,726 - INFO - Stage 2, Epoch 19: Top ten classes mean accuracy: 100.000
2025-06-05 18:43:06,088 - INFO - Initial accuracy: 1.0000
2025-06-05 18:43:06,106 - INFO - Updated accuracy: 99.68%
2025-06-05 18:43:08,162 - INFO - Total mean accuracy: 100.000
2025-06-05 18:43:12,815 - INFO - Epoch 20/30
2025-06-05 18:43:15,185 - INFO - Initial accuracy: 1.0000
2025-06-05 18:43:15,202 - INFO - Updated accuracy: 98.72%
2025-06-05 18:43:22,579 - INFO - Epoch 20: ce loss: 0.056, con loss: 0.248, ptd loss: 0.964, rep loss: 0.283
2025-06-05 18:43:22,580 - INFO - Stage 2, Epoch 20: Accuracy list: [1. 1. 1. 1. 1. 1. 1. 1. 1. 1. 1. 1. 1. 1. 1. 1. 1. 1. 1. 1.]
2025-06-05 18:43:22,580 - INFO - Stage 2, Epoch 20: Mean accuracy: 1.000
2025-06-05 18:43:22,580 - INFO - Stage 2, Epoch 20: Top ten classes mean accuracy: 100.000
2025-06-05 18:43:24,953 - INFO - Initial accuracy: 1.0000
2025-06-05 18:43:24,972 - INFO - Updated accuracy: 99.68%
2025-06-05 18:43:27,008 - INFO - Total mean accuracy: 100.000
2025-06-05 18:43:31,834 - INFO - Epoch 21/30
2025-06-05 18:43:34,581 - INFO - Initial accuracy: 1.0000
2025-06-05 18:43:34,601 - INFO - Updated accuracy: 99.68%
2025-06-05 18:43:40,259 - INFO - Historical prototype classes: [0, 1, 2, 3, 4, 5, 6, 7, 8, 9, 10, 11, 12, 13, 14, 15, 16, 17, 18, 19]
2025-06-05 18:43:40,260 - INFO - Current prototype classes: [10, 11, 12, 13, 14, 15, 16, 17, 18, 19]
2025-06-05 18:43:41,740 - INFO - Constructing class 10 exemplar
2025-06-05 18:43:43,523 - INFO - Constructing class 11 exemplar
2025-06-05 18:43:45,522 - INFO - Constructing class 13 exemplar
2025-06-05 18:43:47,379 - INFO - Constructing class 14 exemplar
2025-06-05 18:43:49,258 - INFO - Constructing class 15 exemplar
2025-06-05 18:43:51,211 - INFO - Constructing class 16 exemplar
2025-06-05 18:43:52,997 - INFO - Constructing class 17 exemplar
2025-06-05 18:43:55,231 - INFO - Constructing class 18 exemplar
2025-06-05 18:43:57,150 - INFO - Constructing class 19 exemplar
2025-06-05 18:43:57,503 - INFO - Updated prototype count: 20
2025-06-05 18:43:59,658 - INFO - Epoch 21: ce loss: 0.204, con loss: 0.243, ptd loss: 0.963, rep loss: 0.451
2025-06-05 18:43:59,659 - INFO - Stage 2, Epoch 21: Accuracy list: [1. 1. 1. 1. 1. 1. 1. 1. 1. 1. 1. 1. 1. 1. 1. 1. 1. 1. 1. 1.]
2025-06-05 18:43:59,659 - INFO - Stage 2, Epoch 21: Mean accuracy: 1.000
2025-06-05 18:43:59,659 - INFO - Stage 2, Epoch 21: Top ten classes mean accuracy: 100.000
2025-06-05 18:44:02,025 - INFO - Initial accuracy: 1.0000
2025-06-05 18:44:02,049 - INFO - Updated accuracy: 98.08%
2025-06-05 18:44:04,185 - INFO - Total mean accuracy: 100.000
2025-06-05 18:44:09,250 - INFO - Epoch 22/30
2025-06-05 18:44:11,627 - INFO - Initial accuracy: 1.0000
2025-06-05 18:44:11,650 - INFO - Updated accuracy: 100.00%
2025-06-05 18:44:19,033 - INFO - Epoch 22: ce loss: 0.057, con loss: 0.274, ptd loss: 0.962, rep loss: 0.436
2025-06-05 18:44:19,034 - INFO - Stage 2, Epoch 22: Accuracy list: [1. 1. 1. 1. 1. 1. 1. 1. 1. 1. 1. 1. 1. 1. 1. 1. 1. 1. 1. 1.]
2025-06-05 18:44:19,034 - INFO - Stage 2, Epoch 22: Mean accuracy: 1.000
2025-06-05 18:44:19,034 - INFO - Stage 2, Epoch 22: Top ten classes mean accuracy: 100.000
2025-06-05 18:44:21,611 - INFO - Initial accuracy: 1.0000
2025-06-05 18:44:21,628 - INFO - Updated accuracy: 98.72%
2025-06-05 18:44:23,991 - INFO - Total mean accuracy: 100.000
2025-06-05 18:44:28,673 - INFO - Epoch 23/30
2025-06-05 18:44:31,167 - INFO - Initial accuracy: 0.9968
2025-06-05 18:44:31,186 - INFO - Updated accuracy: 100.00%
2025-06-05 18:44:38,628 - INFO - Epoch 23: ce loss: 0.054, con loss: 0.339, ptd loss: 0.961, rep loss: 0.339
2025-06-05 18:44:38,629 - INFO - Stage 2, Epoch 23: Accuracy list: [1. 1. 1. 1. 1. 1. 1. 1. 1. 1. 1. 1. 1. 1. 1. 1. 1. 1. 1. 1.]
2025-06-05 18:44:38,630 - INFO - Stage 2, Epoch 23: Mean accuracy: 1.000
2025-06-05 18:44:38,630 - INFO - Stage 2, Epoch 23: Top ten classes mean accuracy: 100.000
2025-06-05 18:44:41,342 - INFO - Initial accuracy: 1.0000
2025-06-05 18:44:41,360 - INFO - Updated accuracy: 100.00%
2025-06-05 18:44:43,532 - INFO - Total mean accuracy: 100.000
2025-06-05 18:44:49,083 - INFO - Epoch 24/30
2025-06-05 18:44:51,547 - INFO - Initial accuracy: 1.0000
2025-06-05 18:44:51,566 - INFO - Updated accuracy: 99.36%
2025-06-05 18:44:58,943 - INFO - Epoch 24: ce loss: 0.047, con loss: 0.249, ptd loss: 0.960, rep loss: 0.264
2025-06-05 18:44:58,945 - INFO - Stage 2, Epoch 24: Accuracy list: [1. 1. 1. 1. 1. 1. 1. 1. 1. 1. 1. 1. 1. 1. 1. 1. 1. 1. 1. 1.]
2025-06-05 18:44:58,945 - INFO - Stage 2, Epoch 24: Mean accuracy: 1.000
2025-06-05 18:44:58,945 - INFO - Stage 2, Epoch 24: Top ten classes mean accuracy: 100.000
2025-06-05 18:45:01,271 - INFO - Initial accuracy: 1.0000
2025-06-05 18:45:01,289 - INFO - Updated accuracy: 100.00%
2025-06-05 18:45:03,397 - INFO - Total mean accuracy: 100.000
2025-06-05 18:45:08,369 - INFO - Epoch 25/30
2025-06-05 18:45:10,753 - INFO - Initial accuracy: 1.0000
2025-06-05 18:45:10,774 - INFO - Updated accuracy: 100.00%
2025-06-05 18:45:18,012 - INFO - Epoch 25: ce loss: 0.044, con loss: 0.261, ptd loss: 0.958, rep loss: 0.379
2025-06-05 18:45:18,013 - INFO - Stage 2, Epoch 25: Accuracy list: [1. 1. 1. 1. 1. 1. 1. 1. 1. 1. 1. 1. 1. 1. 1. 1. 1. 1. 1. 1.]
2025-06-05 18:45:18,013 - INFO - Stage 2, Epoch 25: Mean accuracy: 1.000
2025-06-05 18:45:18,014 - INFO - Stage 2, Epoch 25: Top ten classes mean accuracy: 100.000
2025-06-05 18:45:20,365 - INFO - Initial accuracy: 1.0000
2025-06-05 18:45:20,384 - INFO - Updated accuracy: 100.00%
2025-06-05 18:45:22,411 - INFO - Total mean accuracy: 100.000
2025-06-05 18:45:27,172 - INFO - Epoch 26/30
2025-06-05 18:45:29,568 - INFO - Initial accuracy: 1.0000
2025-06-05 18:45:29,585 - INFO - Updated accuracy: 100.00%
2025-06-05 18:45:36,766 - INFO - Epoch 26: ce loss: 0.061, con loss: 0.160, ptd loss: 0.957, rep loss: 0.296
2025-06-05 18:45:36,767 - INFO - Stage 2, Epoch 26: Accuracy list: [1. 1. 1. 1. 1. 1. 1. 1. 1. 1. 1. 1. 1. 1. 1. 1. 1. 1. 1. 1.]
2025-06-05 18:45:36,767 - INFO - Stage 2, Epoch 26: Mean accuracy: 1.000
2025-06-05 18:45:36,767 - INFO - Stage 2, Epoch 26: Top ten classes mean accuracy: 100.000
2025-06-05 18:45:39,209 - INFO - Initial accuracy: 1.0000
2025-06-05 18:45:39,227 - INFO - Updated accuracy: 100.00%
2025-06-05 18:45:41,382 - INFO - Total mean accuracy: 100.000
2025-06-05 18:45:46,780 - INFO - Epoch 27/30
2025-06-05 18:45:49,271 - INFO - Initial accuracy: 1.0000
2025-06-05 18:45:49,290 - INFO - Updated accuracy: 100.00%
2025-06-05 18:45:56,611 - INFO - Epoch 27: ce loss: 0.037, con loss: 0.280, ptd loss: 0.956, rep loss: 0.285
2025-06-05 18:45:56,612 - INFO - Stage 2, Epoch 27: Accuracy list: [1. 1. 1. 1. 1. 1. 1. 1. 1. 1. 1. 1. 1. 1. 1. 1. 1. 1. 1. 1.]
2025-06-05 18:45:56,612 - INFO - Stage 2, Epoch 27: Mean accuracy: 1.000
2025-06-05 18:45:56,612 - INFO - Stage 2, Epoch 27: Top ten classes mean accuracy: 100.000
2025-06-05 18:45:59,018 - INFO - Initial accuracy: 1.0000
2025-06-05 18:45:59,037 - INFO - Updated accuracy: 99.68%
2025-06-05 18:46:01,381 - INFO - Total mean accuracy: 100.000
2025-06-05 18:46:06,377 - INFO - Epoch 28/30
2025-06-05 18:46:08,717 - INFO - Initial accuracy: 1.0000
2025-06-05 18:46:08,735 - INFO - Updated accuracy: 99.36%
2025-06-05 18:46:16,563 - INFO - Epoch 28: ce loss: 0.045, con loss: 0.119, ptd loss: 0.955, rep loss: 0.346
2025-06-05 18:46:16,563 - INFO - Stage 2, Epoch 28: Accuracy list: [1. 1. 1. 1. 1. 1. 1. 1. 1. 1. 1. 1. 1. 1. 1. 1. 1. 1. 1. 1.]
2025-06-05 18:46:16,564 - INFO - Stage 2, Epoch 28: Mean accuracy: 1.000
2025-06-05 18:46:16,564 - INFO - Stage 2, Epoch 28: Top ten classes mean accuracy: 100.000
2025-06-05 18:46:18,947 - INFO - Initial accuracy: 1.0000
2025-06-05 18:46:18,967 - INFO - Updated accuracy: 100.00%
2025-06-05 18:46:21,226 - INFO - Total mean accuracy: 100.000
2025-06-05 18:46:25,951 - INFO - Epoch 29/30
2025-06-05 18:46:28,306 - INFO - Initial accuracy: 1.0000
2025-06-05 18:46:28,323 - INFO - Updated accuracy: 100.00%
2025-06-05 18:46:35,686 - INFO - Epoch 29: ce loss: 0.051, con loss: 0.071, ptd loss: 0.954, rep loss: 0.261
2025-06-05 18:46:35,687 - INFO - Stage 2, Epoch 29: Accuracy list: [1. 1. 1. 1. 1. 1. 1. 1. 1. 1. 1. 1. 1. 1. 1. 1. 1. 1. 1. 1.]
2025-06-05 18:46:35,687 - INFO - Stage 2, Epoch 29: Mean accuracy: 1.000
2025-06-05 18:46:35,687 - INFO - Stage 2, Epoch 29: Top ten classes mean accuracy: 100.000
2025-06-05 18:46:38,654 - INFO - Initial accuracy: 1.0000
2025-06-05 18:46:38,673 - INFO - Updated accuracy: 98.40%
2025-06-05 18:46:41,044 - INFO - Total mean accuracy: 100.000
2025-06-05 18:46:45,722 - INFO - Epoch 30/30
2025-06-05 18:46:48,221 - INFO - Initial accuracy: 1.0000
2025-06-05 18:46:48,240 - INFO - Updated accuracy: 100.00%
2025-06-05 18:46:55,690 - INFO - Epoch 30: ce loss: 0.037, con loss: 0.215, ptd loss: 0.953, rep loss: 0.343
2025-06-05 18:46:55,691 - INFO - Stage 2, Epoch 30: Accuracy list: [1. 1. 1. 1. 1. 1. 1. 1. 1. 1. 1. 1. 1. 1. 1. 1. 1. 1. 1. 1.]
2025-06-05 18:46:55,691 - INFO - Stage 2, Epoch 30: Mean accuracy: 1.000
2025-06-05 18:46:55,691 - INFO - Stage 2, Epoch 30: Top ten classes mean accuracy: 100.000
2025-06-05 18:46:58,196 - INFO - Initial accuracy: 1.0000
2025-06-05 18:46:58,217 - INFO - Updated accuracy: 99.36%
2025-06-05 18:47:00,570 - INFO - Total mean accuracy: 100.000
2025-06-05 18:47:08,334 - INFO - Stage 2 completed. Best accuracy: 100.000
2025-06-05 18:47:08,334 - INFO - Starting incremental stage 3/3
2025-06-05 18:47:10,833 - INFO - Average relation matrix mean: 0.0323
2025-06-05 18:47:10,836 - INFO - Shared classes: [16, 20, 21, 22, 23, 24, 25, 26, 27, 28, 29]
2025-06-05 18:47:10,836 - INFO - Classes meeting probability condition: [20, 21, 22, 23, 24, 25, 26, 27, 28, 29]
2025-06-05 18:47:10,837 - INFO - Classes meeting similarity condition: [16, 20, 21, 22, 24, 25, 26, 27, 28, 29]
2025-06-05 18:47:11,207 - INFO - Starting training for stage 3
2025-06-05 18:47:11,208 - INFO - Epoch 1/30
2025-06-05 18:47:13,800 - INFO - Initial accuracy: 0.9451
2025-06-05 18:47:13,809 - INFO - Unique labels before 5th iteration: tensor([20, 21, 22, 23, 24, 25, 26, 27, 28, 29], device='cuda:0')
2025-06-05 18:47:13,828 - INFO - Updated accuracy: 97.40%
2025-06-05 18:47:22,271 - INFO - Epoch 1: ce loss: 4.232, con loss: 0.106, ptd loss: 1.004, rep loss: 0.354
2025-06-05 18:47:22,272 - INFO - Stage 3, Epoch 1: Accuracy list: [1.    1.    1.    1.    1.    1.    1.    1.    1.    1.    1.    1.
 1.    1.    1.    1.    1.    1.    1.    1.    0.    0.    0.    0.
 0.    0.    0.    0.    0.095 0.   ]
2025-06-05 18:47:22,272 - INFO - Stage 3, Epoch 1: Mean accuracy: 0.670
2025-06-05 18:47:22,272 - INFO - Stage 3, Epoch 1: Top ten classes mean accuracy: 100.000
2025-06-05 18:47:25,031 - INFO - Initial accuracy: 0.3439
2025-06-05 18:47:25,037 - INFO - Unique labels before 5th iteration: tensor([20, 21, 26, 27, 28, 29], device='cuda:0')
2025-06-05 18:47:25,054 - INFO - Updated accuracy: 36.13%
2025-06-05 18:47:27,570 - INFO - Total mean accuracy: 64.596
2025-06-05 18:47:29,705 - INFO - Epoch 2/30
2025-06-05 18:47:32,265 - INFO - Initial accuracy: 0.9480
2025-06-05 18:47:32,271 - INFO - Unique labels before 5th iteration: tensor([20, 21, 22, 23, 24, 25, 26, 27, 28, 29], device='cuda:0')
2025-06-05 18:47:32,283 - INFO - Updated accuracy: 96.82%
2025-06-05 18:47:41,438 - INFO - Epoch 2: ce loss: 2.545, con loss: 0.070, ptd loss: 0.998, rep loss: 0.302
2025-06-05 18:47:41,438 - INFO - Stage 3, Epoch 2: Accuracy list: [1.    1.    1.    1.    1.    1.    1.    1.    1.    1.    1.    1.
 1.    1.    1.    1.    1.    1.    1.    1.    0.538 0.4   0.304 0.167
 0.    0.    1.    0.731 0.857 0.909]
2025-06-05 18:47:41,439 - INFO - Stage 3, Epoch 2: Mean accuracy: 0.830
2025-06-05 18:47:41,439 - INFO - Stage 3, Epoch 2: Top ten classes mean accuracy: 100.000
2025-06-05 18:47:43,982 - INFO - Initial accuracy: 0.8150
2025-06-05 18:47:43,988 - INFO - Unique labels before 5th iteration: tensor([20, 21, 22, 23, 24, 25, 26, 27, 28, 29], device='cuda:0')
2025-06-05 18:47:43,996 - INFO - Updated accuracy: 96.82%
2025-06-05 18:47:46,444 - INFO - Total mean accuracy: 84.472
2025-06-05 18:47:48,662 - INFO - Epoch 3/30
2025-06-05 18:47:51,256 - INFO - Initial accuracy: 0.9509
2025-06-05 18:47:51,262 - INFO - Unique labels before 5th iteration: tensor([20, 21, 22, 23, 24, 25, 26, 27, 28, 29], device='cuda:0')
2025-06-05 18:47:51,275 - INFO - Updated accuracy: 95.66%
2025-06-05 18:48:00,154 - INFO - Epoch 3: ce loss: 1.417, con loss: 0.084, ptd loss: 0.991, rep loss: 0.381
2025-06-05 18:48:00,154 - INFO - Stage 3, Epoch 3: Accuracy list: [1.    1.    1.    1.    1.    1.    1.    1.    1.    1.    1.    1.
 1.    1.    1.    1.    1.    1.    1.    1.    0.923 0.933 0.957 0.833
 0.1   0.    1.    1.    1.    0.955]
2025-06-05 18:48:00,155 - INFO - Stage 3, Epoch 3: Mean accuracy: 0.923
2025-06-05 18:48:00,155 - INFO - Stage 3, Epoch 3: Top ten classes mean accuracy: 100.000
2025-06-05 18:48:02,664 - INFO - Initial accuracy: 0.9335
2025-06-05 18:48:02,669 - INFO - Unique labels before 5th iteration: tensor([20, 21, 22, 23, 24, 25, 26, 27, 28, 29], device='cuda:0')
2025-06-05 18:48:02,678 - INFO - Updated accuracy: 95.09%
2025-06-05 18:48:05,587 - INFO - Total mean accuracy: 95.238
2025-06-05 18:48:07,942 - INFO - Epoch 4/30
2025-06-05 18:48:10,708 - INFO - Initial accuracy: 0.9306
2025-06-05 18:48:10,713 - INFO - Unique labels before 5th iteration: tensor([20, 21, 22, 23, 24, 25, 26, 27, 28, 29], device='cuda:0')
2025-06-05 18:48:10,725 - INFO - Updated accuracy: 95.66%
2025-06-05 18:48:19,222 - INFO - Epoch 4: ce loss: 0.620, con loss: 0.062, ptd loss: 0.986, rep loss: 0.527
2025-06-05 18:48:19,223 - INFO - Stage 3, Epoch 4: Accuracy list: [1.    1.    1.    1.    1.    1.    1.    1.    1.    1.    1.    1.
 1.    1.    1.    1.    1.    1.    1.    1.    0.923 1.    1.    0.944
 0.5   0.571 1.    1.    1.    0.955]
2025-06-05 18:48:19,224 - INFO - Stage 3, Epoch 4: Mean accuracy: 0.963
2025-06-05 18:48:19,224 - INFO - Stage 3, Epoch 4: Top ten classes mean accuracy: 100.000
2025-06-05 18:48:22,404 - INFO - Initial accuracy: 0.9595
2025-06-05 18:48:22,410 - INFO - Unique labels before 5th iteration: tensor([20, 21, 22, 23, 24, 25, 26, 27, 28, 29], device='cuda:0')
2025-06-05 18:48:22,421 - INFO - Updated accuracy: 95.95%
2025-06-05 18:48:24,998 - INFO - Total mean accuracy: 97.723
2025-06-05 18:48:26,937 - INFO - Epoch 5/30
2025-06-05 18:48:29,474 - INFO - Initial accuracy: 0.9422
2025-06-05 18:48:29,480 - INFO - Unique labels before 5th iteration: tensor([20, 21, 22, 23, 24, 25, 26, 27, 28, 29], device='cuda:0')
2025-06-05 18:48:29,489 - INFO - Updated accuracy: 93.64%
2025-06-05 18:48:38,173 - INFO - Epoch 5: ce loss: 0.228, con loss: 0.089, ptd loss: 0.982, rep loss: 0.511
2025-06-05 18:48:38,173 - INFO - Stage 3, Epoch 5: Accuracy list: [1.    1.    1.    1.    1.    1.    1.    1.    1.    1.    1.    1.
 1.    0.938 1.    1.    1.    1.    1.    1.    0.923 1.    1.    0.944
 0.9   0.714 1.    1.    1.    0.955]
2025-06-05 18:48:38,173 - INFO - Stage 3, Epoch 5: Mean accuracy: 0.979
2025-06-05 18:48:38,174 - INFO - Stage 3, Epoch 5: Top ten classes mean accuracy: 100.000
2025-06-05 18:48:41,072 - INFO - Initial accuracy: 0.9682
2025-06-05 18:48:41,077 - INFO - Unique labels before 5th iteration: tensor([20, 21, 22, 23, 24, 25, 26, 27, 28, 29], device='cuda:0')
2025-06-05 18:48:41,089 - INFO - Updated accuracy: 97.69%
2025-06-05 18:48:43,832 - INFO - Total mean accuracy: 98.551
2025-06-05 18:48:46,562 - INFO - Epoch 6/30
2025-06-05 18:48:49,079 - INFO - Initial accuracy: 0.9711
2025-06-05 18:48:49,102 - INFO - Updated accuracy: 96.82%
2025-06-05 18:48:55,164 - INFO - Historical prototype classes: [0, 1, 2, 3, 4, 5, 6, 7, 8, 9, 10, 11, 12, 13, 14, 15, 16, 17, 18, 19]
2025-06-05 18:48:55,165 - INFO - Current prototype classes: [20, 21, 22, 23, 24, 25, 26, 27, 28, 29]
2025-06-05 18:48:56,627 - INFO - Constructing class 20 exemplar
2025-06-05 18:48:58,506 - INFO - Constructing class 21 exemplar
2025-06-05 18:49:00,450 - INFO - Constructing class 22 exemplar
2025-06-05 18:49:02,518 - INFO - Constructing class 23 exemplar
2025-06-05 18:49:04,671 - INFO - Constructing class 24 exemplar
2025-06-05 18:49:06,907 - INFO - Constructing class 25 exemplar
2025-06-05 18:49:09,169 - INFO - Constructing class 26 exemplar
2025-06-05 18:49:11,303 - INFO - Constructing class 27 exemplar
2025-06-05 18:49:13,324 - INFO - Constructing class 28 exemplar
2025-06-05 18:49:15,633 - INFO - Constructing class 29 exemplar
2025-06-05 18:49:16,009 - INFO - Updated prototype count: 30
2025-06-05 18:49:18,549 - INFO - Epoch 6: ce loss: 0.213, con loss: 0.097, ptd loss: 0.980, rep loss: 0.386
2025-06-05 18:49:18,550 - INFO - Stage 3, Epoch 6: Accuracy list: [1.    1.    1.    1.    1.    1.    1.    1.    1.    1.    1.    1.
 1.    1.    1.    1.    1.    1.    1.    1.    0.923 1.    1.    0.889
 0.9   1.    1.    1.    1.    0.955]
2025-06-05 18:49:18,550 - INFO - Stage 3, Epoch 6: Mean accuracy: 0.989
2025-06-05 18:49:18,550 - INFO - Stage 3, Epoch 6: Top ten classes mean accuracy: 100.000
2025-06-05 18:49:21,137 - INFO - Initial accuracy: 0.9740
2025-06-05 18:49:21,165 - INFO - Updated accuracy: 97.40%
2025-06-05 18:49:24,052 - INFO - Total mean accuracy: 98.965
2025-06-05 18:49:26,143 - INFO - Epoch 7/30
2025-06-05 18:49:28,745 - INFO - Initial accuracy: 0.9769
2025-06-05 18:49:28,773 - INFO - Updated accuracy: 96.53%
2025-06-05 18:49:38,439 - INFO - Epoch 7: ce loss: 0.111, con loss: 0.103, ptd loss: 0.978, rep loss: 0.466
2025-06-05 18:49:38,440 - INFO - Stage 3, Epoch 7: Accuracy list: [1.    1.    1.    1.    1.    1.    1.    1.    1.    1.    1.    1.
 1.    1.    1.    1.    1.    1.    1.    1.    0.923 1.    1.    0.889
 1.    1.    1.    1.    1.    0.955]
2025-06-05 18:49:38,440 - INFO - Stage 3, Epoch 7: Mean accuracy: 0.992
2025-06-05 18:49:38,441 - INFO - Stage 3, Epoch 7: Top ten classes mean accuracy: 100.000
2025-06-05 18:49:41,121 - INFO - Initial accuracy: 0.9769
2025-06-05 18:49:41,145 - INFO - Updated accuracy: 97.40%
2025-06-05 18:49:43,687 - INFO - Total mean accuracy: 99.172
2025-06-05 18:49:45,830 - INFO - Epoch 8/30
2025-06-05 18:49:48,501 - INFO - Initial accuracy: 0.9740
2025-06-05 18:49:48,522 - INFO - Updated accuracy: 97.98%
2025-06-05 18:49:57,748 - INFO - Epoch 8: ce loss: 0.126, con loss: 0.146, ptd loss: 0.976, rep loss: 0.582
2025-06-05 18:49:57,749 - INFO - Stage 3, Epoch 8: Accuracy list: [1.    1.    1.    1.    1.    1.    1.    1.    1.    1.    1.    1.
 1.    1.    1.    1.    1.    1.    1.    1.    0.923 1.    1.    0.889
 1.    1.    1.    1.    1.    0.955]
2025-06-05 18:49:57,749 - INFO - Stage 3, Epoch 8: Mean accuracy: 0.992
2025-06-05 18:49:57,749 - INFO - Stage 3, Epoch 8: Top ten classes mean accuracy: 100.000
2025-06-05 18:50:00,368 - INFO - Initial accuracy: 0.9769
2025-06-05 18:50:00,393 - INFO - Updated accuracy: 92.77%
2025-06-05 18:50:03,236 - INFO - Total mean accuracy: 99.172
2025-06-05 18:50:05,308 - INFO - Epoch 9/30
2025-06-05 18:50:08,026 - INFO - Initial accuracy: 0.9740
2025-06-05 18:50:08,050 - INFO - Updated accuracy: 96.82%
2025-06-05 18:50:17,218 - INFO - Epoch 9: ce loss: 0.133, con loss: 0.034, ptd loss: 0.974, rep loss: 0.541
2025-06-05 18:50:17,219 - INFO - Stage 3, Epoch 9: Accuracy list: [1.    1.    1.    1.    1.    1.    1.    1.    1.    1.    1.    1.
 1.    1.    1.    1.    1.    1.    1.    1.    0.923 1.    1.    0.889
 1.    1.    1.    1.    1.    0.955]
2025-06-05 18:50:17,219 - INFO - Stage 3, Epoch 9: Mean accuracy: 0.992
2025-06-05 18:50:17,219 - INFO - Stage 3, Epoch 9: Top ten classes mean accuracy: 100.000
2025-06-05 18:50:20,035 - INFO - Initial accuracy: 0.9769
2025-06-05 18:50:20,058 - INFO - Updated accuracy: 97.98%
2025-06-05 18:50:23,019 - INFO - Total mean accuracy: 99.172
2025-06-05 18:50:25,027 - INFO - Epoch 10/30
2025-06-05 18:50:27,698 - INFO - Initial accuracy: 0.9769
2025-06-05 18:50:27,720 - INFO - Updated accuracy: 97.40%
2025-06-05 18:50:36,722 - INFO - Epoch 10: ce loss: 0.123, con loss: 0.310, ptd loss: 0.973, rep loss: 0.459
2025-06-05 18:50:36,723 - INFO - Stage 3, Epoch 10: Accuracy list: [1.    1.    1.    1.    1.    1.    1.    1.    1.    1.    1.    1.
 1.    1.    1.    1.    1.    1.    1.    1.    0.923 1.    1.    0.889
 1.    1.    1.    1.    1.    0.955]
2025-06-05 18:50:36,723 - INFO - Stage 3, Epoch 10: Mean accuracy: 0.992
2025-06-05 18:50:36,723 - INFO - Stage 3, Epoch 10: Top ten classes mean accuracy: 100.000
2025-06-05 18:50:39,508 - INFO - Initial accuracy: 0.9769
2025-06-05 18:50:39,532 - INFO - Updated accuracy: 98.27%
2025-06-05 18:50:42,387 - INFO - Total mean accuracy: 99.172
2025-06-05 18:50:44,434 - INFO - Epoch 11/30
2025-06-05 18:50:47,156 - INFO - Initial accuracy: 0.9769
2025-06-05 18:50:47,179 - INFO - Updated accuracy: 97.98%
2025-06-05 18:50:53,931 - INFO - Historical prototype classes: [0, 1, 2, 3, 4, 5, 6, 7, 8, 9, 10, 11, 12, 13, 14, 15, 16, 17, 18, 19, 20, 21, 22, 23, 24, 25, 26, 27, 28, 29]
2025-06-05 18:50:53,932 - INFO - Current prototype classes: [20, 21, 22, 23, 24, 25, 26, 27, 28, 29]
2025-06-05 18:50:55,438 - INFO - Constructing class 20 exemplar
2025-06-05 18:50:57,632 - INFO - Constructing class 21 exemplar
2025-06-05 18:50:59,567 - INFO - Constructing class 22 exemplar
2025-06-05 18:51:01,890 - INFO - Constructing class 23 exemplar
2025-06-05 18:51:04,134 - INFO - Constructing class 24 exemplar
2025-06-05 18:51:06,572 - INFO - Constructing class 25 exemplar
2025-06-05 18:51:08,837 - INFO - Constructing class 26 exemplar
2025-06-05 18:51:11,106 - INFO - Constructing class 27 exemplar
2025-06-05 18:51:13,305 - INFO - Constructing class 28 exemplar
2025-06-05 18:51:15,717 - INFO - Constructing class 29 exemplar
2025-06-05 18:51:16,142 - INFO - Updated prototype count: 30
2025-06-05 18:51:18,983 - INFO - Epoch 11: ce loss: 0.163, con loss: 0.130, ptd loss: 0.972, rep loss: 0.518
2025-06-05 18:51:18,984 - INFO - Stage 3, Epoch 11: Accuracy list: [1.    1.    1.    1.    1.    1.    1.    1.    1.    1.    1.    1.
 1.    1.    1.    1.    1.    1.    1.    1.    0.923 1.    1.    0.889
 1.    1.    1.    1.    1.    0.955]
2025-06-05 18:51:18,984 - INFO - Stage 3, Epoch 11: Mean accuracy: 0.992
2025-06-05 18:51:18,984 - INFO - Stage 3, Epoch 11: Top ten classes mean accuracy: 100.000
2025-06-05 18:51:21,620 - INFO - Initial accuracy: 0.9769
2025-06-05 18:51:21,648 - INFO - Updated accuracy: 98.27%
2025-06-05 18:51:24,498 - INFO - Total mean accuracy: 99.172
2025-06-05 18:51:26,549 - INFO - Epoch 12/30
2025-06-05 18:51:29,189 - INFO - Initial accuracy: 0.9769
2025-06-05 18:51:29,215 - INFO - Updated accuracy: 97.40%
2025-06-05 18:51:38,288 - INFO - Epoch 12: ce loss: 0.081, con loss: 0.077, ptd loss: 0.971, rep loss: 0.382
2025-06-05 18:51:38,289 - INFO - Stage 3, Epoch 12: Accuracy list: [1.    1.    1.    1.    1.    1.    1.    1.    1.    1.    1.    1.
 1.    1.    1.    1.    1.    1.    1.    1.    0.923 1.    1.    0.889
 1.    1.    1.    1.    1.    0.955]
2025-06-05 18:51:38,289 - INFO - Stage 3, Epoch 12: Mean accuracy: 0.992
2025-06-05 18:51:38,289 - INFO - Stage 3, Epoch 12: Top ten classes mean accuracy: 100.000
2025-06-05 18:51:40,935 - INFO - Initial accuracy: 0.9769
2025-06-05 18:51:40,960 - INFO - Updated accuracy: 97.98%
2025-06-05 18:51:43,862 - INFO - Total mean accuracy: 99.172
2025-06-05 18:51:45,919 - INFO - Epoch 13/30
2025-06-05 18:51:48,563 - INFO - Initial accuracy: 0.9740
2025-06-05 18:51:48,588 - INFO - Updated accuracy: 97.40%
2025-06-05 18:51:57,885 - INFO - Epoch 13: ce loss: 0.067, con loss: 0.193, ptd loss: 0.969, rep loss: 0.377
2025-06-05 18:51:57,886 - INFO - Stage 3, Epoch 13: Accuracy list: [1.    1.    1.    1.    1.    1.    1.    1.    1.    1.    1.    1.
 1.    1.    1.    1.    1.    1.    1.    1.    0.923 1.    1.    0.889
 1.    1.    1.    1.    1.    0.955]
2025-06-05 18:51:57,886 - INFO - Stage 3, Epoch 13: Mean accuracy: 0.992
2025-06-05 18:51:57,887 - INFO - Stage 3, Epoch 13: Top ten classes mean accuracy: 100.000
2025-06-05 18:52:00,918 - INFO - Initial accuracy: 0.9740
2025-06-05 18:52:00,942 - INFO - Updated accuracy: 93.93%
2025-06-05 18:52:03,802 - INFO - Total mean accuracy: 99.172
2025-06-05 18:52:05,891 - INFO - Epoch 14/30
2025-06-05 18:52:08,743 - INFO - Initial accuracy: 0.9711
2025-06-05 18:52:08,765 - INFO - Updated accuracy: 97.11%
2025-06-05 18:52:17,548 - INFO - Epoch 14: ce loss: 0.074, con loss: 0.062, ptd loss: 0.968, rep loss: 0.462
2025-06-05 18:52:17,549 - INFO - Stage 3, Epoch 14: Accuracy list: [1.    1.    1.    1.    1.    1.    1.    1.    1.    1.    1.    1.
 1.    1.    1.    1.    1.    1.    1.    1.    0.923 1.    1.    0.833
 1.    1.    1.    1.    1.    0.955]
2025-06-05 18:52:17,550 - INFO - Stage 3, Epoch 14: Mean accuracy: 0.990
2025-06-05 18:52:17,550 - INFO - Stage 3, Epoch 14: Top ten classes mean accuracy: 100.000
2025-06-05 18:52:20,593 - INFO - Initial accuracy: 0.9740
2025-06-05 18:52:20,617 - INFO - Updated accuracy: 98.27%
2025-06-05 18:52:23,478 - INFO - Total mean accuracy: 98.965
2025-06-05 18:52:25,858 - INFO - Epoch 15/30
2025-06-05 18:52:28,487 - INFO - Initial accuracy: 0.9769
2025-06-05 18:52:28,510 - INFO - Updated accuracy: 97.98%
2025-06-05 18:52:38,312 - INFO - Epoch 15: ce loss: 0.151, con loss: 0.089, ptd loss: 0.967, rep loss: 0.361
2025-06-05 18:52:38,313 - INFO - Stage 3, Epoch 15: Accuracy list: [1.    1.    1.    1.    1.    1.    1.    1.    1.    1.    1.    1.
 1.    1.    1.    1.    1.    1.    1.    1.    0.923 1.    1.    0.889
 1.    1.    1.    1.    1.    0.955]
2025-06-05 18:52:38,313 - INFO - Stage 3, Epoch 15: Mean accuracy: 0.992
2025-06-05 18:52:38,313 - INFO - Stage 3, Epoch 15: Top ten classes mean accuracy: 100.000
2025-06-05 18:52:41,244 - INFO - Initial accuracy: 0.9769
2025-06-05 18:52:41,269 - INFO - Updated accuracy: 97.69%
2025-06-05 18:52:43,863 - INFO - Total mean accuracy: 99.172
2025-06-05 18:52:46,134 - INFO - Epoch 16/30
2025-06-05 18:52:48,669 - INFO - Initial accuracy: 0.9769
2025-06-05 18:52:48,692 - INFO - Updated accuracy: 97.40%
2025-06-05 18:52:58,024 - INFO - Epoch 16: ce loss: 0.046, con loss: 0.076, ptd loss: 0.966, rep loss: 0.303
2025-06-05 18:52:58,025 - INFO - Stage 3, Epoch 16: Accuracy list: [1.    1.    1.    1.    1.    1.    1.    1.    1.    1.    1.    1.
 1.    1.    1.    1.    1.    1.    1.    1.    0.923 1.    1.    0.889
 1.    1.    1.    1.    1.    0.955]
2025-06-05 18:52:58,026 - INFO - Stage 3, Epoch 16: Mean accuracy: 0.992
2025-06-05 18:52:58,026 - INFO - Stage 3, Epoch 16: Top ten classes mean accuracy: 100.000
2025-06-05 18:53:00,797 - INFO - Initial accuracy: 0.9798
2025-06-05 18:53:00,821 - INFO - Updated accuracy: 97.69%
2025-06-05 18:53:03,766 - INFO - Total mean accuracy: 99.172
2025-06-05 18:53:06,161 - INFO - Epoch 17/30
2025-06-05 18:53:08,913 - INFO - Initial accuracy: 0.9769
2025-06-05 18:53:08,937 - INFO - Updated accuracy: 97.69%
2025-06-05 18:53:18,202 - INFO - Epoch 17: ce loss: 0.034, con loss: 0.047, ptd loss: 0.965, rep loss: 0.318
2025-06-05 18:53:18,203 - INFO - Stage 3, Epoch 17: Accuracy list: [1.    1.    1.    1.    1.    1.    1.    1.    1.    1.    1.    1.
 1.    1.    1.    1.    1.    1.    1.    1.    0.923 1.    1.    0.889
 1.    1.    1.    1.    1.    0.955]
2025-06-05 18:53:18,203 - INFO - Stage 3, Epoch 17: Mean accuracy: 0.992
2025-06-05 18:53:18,203 - INFO - Stage 3, Epoch 17: Top ten classes mean accuracy: 100.000
2025-06-05 18:53:21,218 - INFO - Initial accuracy: 0.9769
2025-06-05 18:53:21,244 - INFO - Updated accuracy: 97.40%
2025-06-05 18:53:24,195 - INFO - Total mean accuracy: 99.172
2025-06-05 18:53:26,199 - INFO - Epoch 18/30
2025-06-05 18:53:28,876 - INFO - Initial accuracy: 0.9769
2025-06-05 18:53:28,899 - INFO - Updated accuracy: 97.98%
2025-06-05 18:53:37,899 - INFO - Epoch 18: ce loss: 0.110, con loss: 0.021, ptd loss: 0.964, rep loss: 0.356
2025-06-05 18:53:37,900 - INFO - Stage 3, Epoch 18: Accuracy list: [1.    1.    1.    1.    1.    1.    1.    1.    1.    1.    1.    1.
 1.    1.    1.    1.    1.    1.    1.    1.    0.923 1.    1.    0.889
 1.    1.    1.    1.    1.    0.955]
2025-06-05 18:53:37,900 - INFO - Stage 3, Epoch 18: Mean accuracy: 0.992
2025-06-05 18:53:37,900 - INFO - Stage 3, Epoch 18: Top ten classes mean accuracy: 100.000
2025-06-05 18:53:40,488 - INFO - Initial accuracy: 0.9769
2025-06-05 18:53:40,512 - INFO - Updated accuracy: 97.98%
2025-06-05 18:53:43,276 - INFO - Total mean accuracy: 99.172
2025-06-05 18:53:45,346 - INFO - Epoch 19/30
2025-06-05 18:53:47,940 - INFO - Initial accuracy: 0.9769
2025-06-05 18:53:47,964 - INFO - Updated accuracy: 97.98%
2025-06-05 18:53:56,846 - INFO - Epoch 19: ce loss: 0.068, con loss: 0.023, ptd loss: 0.962, rep loss: 0.517
2025-06-05 18:53:56,847 - INFO - Stage 3, Epoch 19: Accuracy list: [1.    1.    1.    1.    1.    1.    1.    1.    1.    1.    1.    1.
 1.    1.    1.    1.    1.    1.    1.    1.    0.923 1.    1.    0.889
 1.    1.    1.    1.    1.    0.955]
2025-06-05 18:53:56,847 - INFO - Stage 3, Epoch 19: Mean accuracy: 0.992
2025-06-05 18:53:56,847 - INFO - Stage 3, Epoch 19: Top ten classes mean accuracy: 100.000
2025-06-05 18:53:59,422 - INFO - Initial accuracy: 0.9769
2025-06-05 18:53:59,448 - INFO - Updated accuracy: 97.69%
2025-06-05 18:54:02,274 - INFO - Total mean accuracy: 99.172
2025-06-05 18:54:04,618 - INFO - Epoch 20/30
2025-06-05 18:54:07,233 - INFO - Initial accuracy: 0.9769
2025-06-05 18:54:07,256 - INFO - Updated accuracy: 98.27%
2025-06-05 18:54:16,105 - INFO - Epoch 20: ce loss: 0.027, con loss: 0.049, ptd loss: 0.961, rep loss: 0.414
2025-06-05 18:54:16,107 - INFO - Stage 3, Epoch 20: Accuracy list: [1.    1.    1.    1.    1.    1.    1.    1.    1.    1.    1.    1.
 1.    1.    1.    1.    1.    1.    1.    1.    0.923 1.    1.    0.889
 1.    1.    1.    1.    1.    0.955]
2025-06-05 18:54:16,107 - INFO - Stage 3, Epoch 20: Mean accuracy: 0.992
2025-06-05 18:54:16,107 - INFO - Stage 3, Epoch 20: Top ten classes mean accuracy: 100.000
2025-06-05 18:54:18,904 - INFO - Initial accuracy: 0.9769
2025-06-05 18:54:18,926 - INFO - Updated accuracy: 97.98%
2025-06-05 18:54:21,722 - INFO - Total mean accuracy: 99.172
2025-06-05 18:54:23,845 - INFO - Epoch 21/30
2025-06-05 18:54:26,831 - INFO - Initial accuracy: 0.9769
2025-06-05 18:54:26,853 - INFO - Updated accuracy: 97.98%
2025-06-05 18:54:33,011 - INFO - Historical prototype classes: [0, 1, 2, 3, 4, 5, 6, 7, 8, 9, 10, 11, 12, 13, 14, 15, 16, 17, 18, 19, 20, 21, 22, 23, 24, 25, 26, 27, 28, 29]
2025-06-05 18:54:33,013 - INFO - Current prototype classes: [20, 21, 22, 23, 24, 25, 26, 27, 28, 29]
2025-06-05 18:54:35,002 - INFO - Constructing class 20 exemplar
2025-06-05 18:54:36,890 - INFO - Constructing class 21 exemplar
2025-06-05 18:54:38,806 - INFO - Constructing class 22 exemplar
2025-06-05 18:54:40,845 - INFO - Constructing class 23 exemplar
2025-06-05 18:54:43,265 - INFO - Constructing class 24 exemplar
2025-06-05 18:54:45,215 - INFO - Constructing class 25 exemplar
2025-06-05 18:54:47,473 - INFO - Constructing class 26 exemplar
2025-06-05 18:54:49,415 - INFO - Constructing class 27 exemplar
2025-06-05 18:54:51,954 - INFO - Constructing class 28 exemplar
2025-06-05 18:54:52,365 - INFO - Updated prototype count: 30
2025-06-05 18:54:54,956 - INFO - Epoch 21: ce loss: 0.054, con loss: 0.210, ptd loss: 0.960, rep loss: 0.479
2025-06-05 18:54:54,957 - INFO - Stage 3, Epoch 21: Accuracy list: [1.    1.    1.    1.    1.    1.    1.    1.    1.    1.    1.    1.
 1.    1.    1.    1.    1.    1.    1.    1.    0.923 1.    1.    0.889
 1.    1.    1.    1.    1.    0.955]
2025-06-05 18:54:54,957 - INFO - Stage 3, Epoch 21: Mean accuracy: 0.992
2025-06-05 18:54:54,957 - INFO - Stage 3, Epoch 21: Top ten classes mean accuracy: 100.000
2025-06-05 18:54:57,606 - INFO - Initial accuracy: 0.9798
2025-06-05 18:54:57,631 - INFO - Updated accuracy: 97.98%
2025-06-05 18:55:00,607 - INFO - Total mean accuracy: 99.172
2025-06-05 18:55:02,649 - INFO - Epoch 22/30
2025-06-05 18:55:05,328 - INFO - Initial accuracy: 0.9769
2025-06-05 18:55:05,354 - INFO - Updated accuracy: 97.98%
2025-06-05 18:55:14,344 - INFO - Epoch 22: ce loss: 0.055, con loss: 0.042, ptd loss: 0.959, rep loss: 0.267
2025-06-05 18:55:14,345 - INFO - Stage 3, Epoch 22: Accuracy list: [1.    1.    1.    1.    1.    1.    1.    1.    1.    1.    1.    1.
 1.    1.    1.    1.    1.    1.    1.    1.    0.923 1.    1.    0.889
 1.    1.    1.    1.    1.    0.955]
2025-06-05 18:55:14,345 - INFO - Stage 3, Epoch 22: Mean accuracy: 0.992
2025-06-05 18:55:14,345 - INFO - Stage 3, Epoch 22: Top ten classes mean accuracy: 100.000
2025-06-05 18:55:16,937 - INFO - Initial accuracy: 0.9769
2025-06-05 18:55:16,960 - INFO - Updated accuracy: 98.27%
2025-06-05 18:55:19,682 - INFO - Total mean accuracy: 99.172
2025-06-05 18:55:21,793 - INFO - Epoch 23/30
2025-06-05 18:55:24,373 - INFO - Initial accuracy: 0.9769
2025-06-05 18:55:24,396 - INFO - Updated accuracy: 98.27%
2025-06-05 18:55:33,512 - INFO - Epoch 23: ce loss: 0.047, con loss: 0.007, ptd loss: 0.958, rep loss: 0.352
2025-06-05 18:55:33,513 - INFO - Stage 3, Epoch 23: Accuracy list: [1.    1.    1.    1.    1.    1.    1.    1.    1.    1.    1.    1.
 1.    1.    1.    1.    1.    1.    1.    1.    0.923 1.    1.    0.889
 1.    1.    1.    1.    1.    0.955]
2025-06-05 18:55:33,513 - INFO - Stage 3, Epoch 23: Mean accuracy: 0.992
2025-06-05 18:55:33,513 - INFO - Stage 3, Epoch 23: Top ten classes mean accuracy: 100.000
2025-06-05 18:55:36,219 - INFO - Initial accuracy: 0.9798
2025-06-05 18:55:36,242 - INFO - Updated accuracy: 98.27%
2025-06-05 18:55:39,247 - INFO - Total mean accuracy: 99.172
2025-06-05 18:55:41,249 - INFO - Epoch 24/30
2025-06-05 18:55:44,063 - INFO - Initial accuracy: 0.9769
2025-06-05 18:55:44,091 - INFO - Updated accuracy: 98.27%
2025-06-05 18:55:53,292 - INFO - Epoch 24: ce loss: 0.026, con loss: 0.028, ptd loss: 0.957, rep loss: 0.365
2025-06-05 18:55:53,293 - INFO - Stage 3, Epoch 24: Accuracy list: [1.    1.    1.    1.    1.    1.    1.    1.    1.    1.    1.    1.
 1.    1.    1.    1.    1.    1.    1.    1.    0.923 1.    1.    0.889
 1.    1.    1.    1.    1.    0.955]
2025-06-05 18:55:53,293 - INFO - Stage 3, Epoch 24: Mean accuracy: 0.992
2025-06-05 18:55:53,293 - INFO - Stage 3, Epoch 24: Top ten classes mean accuracy: 100.000
2025-06-05 18:55:56,319 - INFO - Initial accuracy: 0.9798
2025-06-05 18:55:56,343 - INFO - Updated accuracy: 97.98%
2025-06-05 18:55:59,279 - INFO - Total mean accuracy: 99.172
2025-06-05 18:56:01,313 - INFO - Epoch 25/30
2025-06-05 18:56:03,948 - INFO - Initial accuracy: 0.9827
2025-06-05 18:56:03,969 - INFO - Updated accuracy: 97.69%
2025-06-05 18:56:13,006 - INFO - Epoch 25: ce loss: 0.030, con loss: 0.023, ptd loss: 0.956, rep loss: 0.363
2025-06-05 18:56:13,006 - INFO - Stage 3, Epoch 25: Accuracy list: [1.    1.    1.    1.    1.    1.    1.    1.    1.    1.    1.    1.
 1.    1.    1.    1.    1.    1.    1.    1.    0.923 1.    1.    0.889
 1.    1.    1.    1.    1.    0.955]
2025-06-05 18:56:13,007 - INFO - Stage 3, Epoch 25: Mean accuracy: 0.992
2025-06-05 18:56:13,007 - INFO - Stage 3, Epoch 25: Top ten classes mean accuracy: 100.000
2025-06-05 18:56:16,118 - INFO - Initial accuracy: 0.9827
2025-06-05 18:56:16,143 - INFO - Updated accuracy: 98.27%
2025-06-05 18:56:18,979 - INFO - Total mean accuracy: 99.172
2025-06-05 18:56:21,127 - INFO - Epoch 26/30
2025-06-05 18:56:23,779 - INFO - Initial accuracy: 0.9827
2025-06-05 18:56:23,801 - INFO - Updated accuracy: 98.27%
2025-06-05 18:56:33,067 - INFO - Epoch 26: ce loss: 0.019, con loss: 0.037, ptd loss: 0.955, rep loss: 0.361
2025-06-05 18:56:33,068 - INFO - Stage 3, Epoch 26: Accuracy list: [1.    1.    1.    1.    1.    1.    1.    1.    1.    1.    1.    1.
 1.    1.    1.    1.    1.    1.    1.    1.    0.923 1.    1.    0.889
 1.    1.    1.    1.    1.    0.955]
2025-06-05 18:56:33,069 - INFO - Stage 3, Epoch 26: Mean accuracy: 0.992
2025-06-05 18:56:33,069 - INFO - Stage 3, Epoch 26: Top ten classes mean accuracy: 100.000
2025-06-05 18:56:35,660 - INFO - Initial accuracy: 0.9827
2025-06-05 18:56:35,683 - INFO - Updated accuracy: 98.27%
2025-06-05 18:56:38,596 - INFO - Total mean accuracy: 99.172
2025-06-05 18:56:41,197 - INFO - Epoch 27/30
2025-06-05 18:56:44,009 - INFO - Initial accuracy: 0.9798
2025-06-05 18:56:44,031 - INFO - Updated accuracy: 97.98%
2025-06-05 18:56:52,787 - INFO - Epoch 27: ce loss: 0.012, con loss: 0.053, ptd loss: 0.954, rep loss: 0.257
2025-06-05 18:56:52,788 - INFO - Stage 3, Epoch 27: Accuracy list: [1.    1.    1.    1.    1.    1.    1.    1.    1.    1.    1.    1.
 1.    1.    1.    1.    1.    1.    1.    1.    1.    1.    1.    0.889
 1.    1.    1.    1.    1.    0.955]
2025-06-05 18:56:52,788 - INFO - Stage 3, Epoch 27: Mean accuracy: 0.995
2025-06-05 18:56:52,788 - INFO - Stage 3, Epoch 27: Top ten classes mean accuracy: 100.000
2025-06-05 18:56:55,470 - INFO - Initial accuracy: 0.9827
2025-06-05 18:56:55,493 - INFO - Updated accuracy: 97.98%
2025-06-05 18:56:58,476 - INFO - Total mean accuracy: 99.379
2025-06-05 18:57:00,818 - INFO - Epoch 28/30
2025-06-05 18:57:03,489 - INFO - Initial accuracy: 0.9827
2025-06-05 18:57:03,511 - INFO - Updated accuracy: 97.98%
2025-06-05 18:57:12,563 - INFO - Epoch 28: ce loss: 0.266, con loss: 0.266, ptd loss: 0.953, rep loss: 0.334
2025-06-05 18:57:12,563 - INFO - Stage 3, Epoch 28: Accuracy list: [1.    1.    1.    1.    1.    1.    1.    1.    1.    1.    1.    1.
 1.    1.    1.    1.    1.    1.    1.    1.    1.    1.    1.    0.889
 1.    1.    1.    1.    1.    0.955]
2025-06-05 18:57:12,563 - INFO - Stage 3, Epoch 28: Mean accuracy: 0.995
2025-06-05 18:57:12,564 - INFO - Stage 3, Epoch 28: Top ten classes mean accuracy: 100.000
2025-06-05 18:57:15,173 - INFO - Initial accuracy: 0.9827
2025-06-05 18:57:15,195 - INFO - Updated accuracy: 98.27%
2025-06-05 18:57:17,796 - INFO - Total mean accuracy: 99.379
2025-06-05 18:57:19,781 - INFO - Epoch 29/30
2025-06-05 18:57:22,380 - INFO - Initial accuracy: 0.9827
2025-06-05 18:57:22,401 - INFO - Updated accuracy: 98.27%
2025-06-05 18:57:31,245 - INFO - Epoch 29: ce loss: 0.025, con loss: 0.053, ptd loss: 0.952, rep loss: 0.237
2025-06-05 18:57:31,246 - INFO - Stage 3, Epoch 29: Accuracy list: [1.    1.    1.    1.    1.    1.    1.    1.    1.    1.    1.    1.
 1.    1.    1.    1.    1.    1.    1.    1.    1.    1.    1.    0.889
 1.    1.    1.    1.    1.    0.955]
2025-06-05 18:57:31,246 - INFO - Stage 3, Epoch 29: Mean accuracy: 0.995
2025-06-05 18:57:31,246 - INFO - Stage 3, Epoch 29: Top ten classes mean accuracy: 100.000
2025-06-05 18:57:33,836 - INFO - Initial accuracy: 0.9827
2025-06-05 18:57:33,862 - INFO - Updated accuracy: 98.27%
2025-06-05 18:57:36,520 - INFO - Total mean accuracy: 99.379
2025-06-05 18:57:38,530 - INFO - Epoch 30/30
2025-06-05 18:57:41,141 - INFO - Initial accuracy: 0.9827
2025-06-05 18:57:41,163 - INFO - Updated accuracy: 94.22%
2025-06-05 18:57:50,174 - INFO - Epoch 30: ce loss: 0.045, con loss: 0.035, ptd loss: 0.945, rep loss: 0.314
2025-06-05 18:57:50,175 - INFO - Stage 3, Epoch 30: Accuracy list: [1.    1.    1.    1.    1.    1.    1.    1.    1.    1.    1.    1.
 1.    1.    1.    1.    1.    1.    1.    1.    1.    1.    1.    0.889
 1.    1.    1.    1.    1.    0.955]
2025-06-05 18:57:50,175 - INFO - Stage 3, Epoch 30: Mean accuracy: 0.995
2025-06-05 18:57:50,175 - INFO - Stage 3, Epoch 30: Top ten classes mean accuracy: 100.000
2025-06-05 18:57:52,779 - INFO - Initial accuracy: 0.9422
2025-06-05 18:57:52,803 - INFO - Updated accuracy: 94.22%
2025-06-05 18:57:55,454 - INFO - Total mean accuracy: 99.379
2025-06-05 18:58:00,275 - INFO - Stage 3 completed. Best accuracy: 99.379
2025-06-05 18:58:00,275 - INFO - From amazon to dslr, best accuracy of different stages:
2025-06-05 18:58:00,276 - INFO - [100.    100.     99.379]
2025-06-05 18:58:00,276 - INFO - From amazon to dslr, last accuracy of different stages:
2025-06-05 18:58:00,277 - INFO - [100.    100.     99.379]
2025-06-05 18:58:00,277 - INFO - From amazon to dslr, top_ten accuracy of different stages:
2025-06-05 18:58:00,277 - INFO - [100. 100. 100.]
2025-06-05 18:58:00,278 - INFO - Training completed!
